This is pdfTeX, Version 3.141592653-2.6-1.40.22 (TeX Live 2021/Arch Linux) (preloaded format=pdflatex 2021.5.27)  6 OCT 2021 12:02
entering extended mode
 restricted \write18 enabled.
 %&-line parsing enabled.
**I_6_4.tex
(./I_6_4.tex
LaTeX2e <2020-10-01> patch level 4
L3 programming layer <2021-02-18>
! Undefined control sequence.
l.1 \subsubsection
                  *{I.6.4}
The control sequence at the end of the top line
of your error message was never \def'ed. If you have
misspelled it (e.g., `\hobx'), type `I' and the correct
spelling (e.g., `I\hbox'). Otherwise just continue,
and I'll forget about whatever was undefined.


! LaTeX Error: Missing \begin{document}.

See the LaTeX manual or LaTeX Companion for explanation.
Type  H <return>  for immediate help.
 ...                                              
                                                  
l.1 \subsubsection*
                   {I.6.4}
You're in trouble here.  Try typing  <return>  to proceed.
If that doesn't work, type  X <return>  to quit.

Missing character: There is no * in font nullfont!
Missing character: There is no I in font nullfont!
Missing character: There is no . in font nullfont!
Missing character: There is no 6 in font nullfont!
Missing character: There is no . in font nullfont!
Missing character: There is no 4 in font nullfont!

! Package inputenc Error: Unicode character –£ (U+0423)
(inputenc)                not set up for use with LaTeX.

See the inputenc package documentation for explanation.
Type  H <return>  for immediate help.
 ...                                              
                                                  
l.2 –£
       –Ω–∞—Å –µ—Å—Ç—å 2 —Ä—è–¥–∞:
You may provide a definition with
\DeclareUnicodeCharacter 


! Package inputenc Error: Unicode character –Ω (U+043D)
(inputenc)                not set up for use with LaTeX.

See the inputenc package documentation for explanation.
Type  H <return>  for immediate help.
 ...                                              
                                                  
l.2 –£ –Ω
         –∞—Å –µ—Å—Ç—å 2 —Ä—è–¥–∞:
You may provide a definition with
\DeclareUnicodeCharacter 


! Package inputenc Error: Unicode character –∞ (U+0430)
(inputenc)                not set up for use with LaTeX.

See the inputenc package documentation for explanation.
Type  H <return>  for immediate help.
 ...                                              
                                                  
l.2 –£ –Ω–∞
           —Å –µ—Å—Ç—å 2 —Ä—è–¥–∞:
You may provide a definition with
\DeclareUnicodeCharacter 


! Package inputenc Error: Unicode character —Å (U+0441)
(inputenc)                not set up for use with LaTeX.

See the inputenc package documentation for explanation.
Type  H <return>  for immediate help.
 ...                                              
                                                  
l.2 –£ –Ω–∞—Å
              –µ—Å—Ç—å 2 —Ä—è–¥–∞:
You may provide a definition with
\DeclareUnicodeCharacter 


! Package inputenc Error: Unicode character –µ (U+0435)
(inputenc)                not set up for use with LaTeX.

See the inputenc package documentation for explanation.
Type  H <return>  for immediate help.
 ...                                              
                                                  
l.2 –£ –Ω–∞—Å –µ
                —Å—Ç—å 2 —Ä—è–¥–∞:
You may provide a definition with
\DeclareUnicodeCharacter 


! Package inputenc Error: Unicode character —Å (U+0441)
(inputenc)                not set up for use with LaTeX.

See the inputenc package documentation for explanation.
Type  H <return>  for immediate help.
 ...                                              
                                                  
l.2 –£ –Ω–∞—Å –µ—Å
                  —Ç—å 2 —Ä—è–¥–∞:
You may provide a definition with
\DeclareUnicodeCharacter 


! Package inputenc Error: Unicode character —Ç (U+0442)
(inputenc)                not set up for use with LaTeX.

See the inputenc package documentation for explanation.
Type  H <return>  for immediate help.
 ...                                              
                                                  
l.2 –£ –Ω–∞—Å –µ—Å—Ç
                    —å 2 —Ä—è–¥–∞:
You may provide a definition with
\DeclareUnicodeCharacter 


! Package inputenc Error: Unicode character —å (U+044C)
(inputenc)                not set up for use with LaTeX.

See the inputenc package documentation for explanation.
Type  H <return>  for immediate help.
 ...                                              
                                                  
l.2 –£ –Ω–∞—Å –µ—Å—Ç—å
                       2 —Ä—è–¥–∞:
You may provide a definition with
\DeclareUnicodeCharacter 

Missing character: There is no 2 in font nullfont!

! Package inputenc Error: Unicode character —Ä (U+0440)
(inputenc)                not set up for use with LaTeX.

See the inputenc package documentation for explanation.
Type  H <return>  for immediate help.
 ...                                              
                                                  
l.2 –£ –Ω–∞—Å –µ—Å—Ç—å 2 —Ä
                           —è–¥–∞:
You may provide a definition with
\DeclareUnicodeCharacter 


! Package inputenc Error: Unicode character —è (U+044F)
(inputenc)                not set up for use with LaTeX.

See the inputenc package documentation for explanation.
Type  H <return>  for immediate help.
 ...                                              
                                                  
l.2 –£ –Ω–∞—Å –µ—Å—Ç—å 2 —Ä—è
                             –¥–∞:
You may provide a definition with
\DeclareUnicodeCharacter 


! Package inputenc Error: Unicode character –¥ (U+0434)
(inputenc)                not set up for use with LaTeX.

See the inputenc package documentation for explanation.
Type  H <return>  for immediate help.
 ...                                              
                                                  
l.2 –£ –Ω–∞—Å –µ—Å—Ç—å 2 —Ä—è–¥
                               –∞:
You may provide a definition with
\DeclareUnicodeCharacter 


! Package inputenc Error: Unicode character –∞ (U+0430)
(inputenc)                not set up for use with LaTeX.

See the inputenc package documentation for explanation.
Type  H <return>  for immediate help.
 ...                                              
                                                  
l.2 –£ –Ω–∞—Å –µ—Å—Ç—å 2 —Ä—è–¥–∞
                                 :
You may provide a definition with
\DeclareUnicodeCharacter 

Missing character: There is no : in font nullfont!

Overfull \hbox (20.0pt too wide) in paragraph at lines 1--3
[]
 []

LaTeX Font Info:    External font `cmex10' loaded for size
(Font)              <7> on input line 3.
LaTeX Font Info:    External font `cmex10' loaded for size
(Font)              <5> on input line 3.

Overfull \hbox (190.6488pt too wide) detected at line 3
[]\OT1/cmr/m/n/10 (1 + \OML/cmm/m/it/10 x\OT1/cmr/m/n/10 ) = \OML/cmm/m/it/10 x
 \OMS/cmsy/m/n/10 ^^@ [] \OT1/cmr/m/n/10 + [] \OMS/cmsy/m/n/10 ^^@ [] \OT1/cmr/
m/n/10 + [] + (\OMS/cmsy/m/n/10 ^^@\OT1/cmr/m/n/10 1)[][]
 []


Overfull \hbox (222.32506pt too wide) detected at line 4
[]\OT1/cmr/m/n/10 (1 + \OML/cmm/m/it/10 x\OT1/cmr/m/n/10 ) = \OML/cmm/m/it/10 m
 [] \OT1/cmr/m/n/10 2 \OMS/cmsy/m/n/10 ^^@ \OT1/cmr/m/n/10 2 []
 []


! Package inputenc Error: Unicode character –≥ (U+0433)
(inputenc)                not set up for use with LaTeX.

See the inputenc package documentation for explanation.
Type  H <return>  for immediate help.
 ...                                              
                                                  
l.5 –≥
      –¥–µ $1 + x = 2^m z$ –∏ $z \in \left[0,5; 1\right]$, –∞ $y = \frac{1 -...

You may provide a definition with
\DeclareUnicodeCharacter 


! Package inputenc Error: Unicode character –¥ (U+0434)
(inputenc)                not set up for use with LaTeX.

See the inputenc package documentation for explanation.
Type  H <return>  for immediate help.
 ...                                              
                                                  
l.5 –≥–¥
        –µ $1 + x = 2^m z$ –∏ $z \in \left[0,5; 1\right]$, –∞ $y = \frac{1 -...

You may provide a definition with
\DeclareUnicodeCharacter 


! Package inputenc Error: Unicode character –µ (U+0435)
(inputenc)                not set up for use with LaTeX.

See the inputenc package documentation for explanation.
Type  H <return>  for immediate help.
 ...                                              
                                                  
l.5 –≥–¥–µ
           $1 + x = 2^m z$ –∏ $z \in \left[0,5; 1\right]$, –∞ $y = \frac{1 -...

You may provide a definition with
\DeclareUnicodeCharacter 


! Package inputenc Error: Unicode character –∏ (U+0438)
(inputenc)                not set up for use with LaTeX.

See the inputenc package documentation for explanation.
Type  H <return>  for immediate help.
 ...                                              
                                                  
l.5 –≥–¥–µ $1 + x = 2^m z$ –∏
                              $z \in \left[0,5; 1\right]$, –∞ $y = \frac{1 -...

You may provide a definition with
\DeclareUnicodeCharacter 

Missing character: There is no , in font nullfont!

! Package inputenc Error: Unicode character –∞ (U+0430)
(inputenc)                not set up for use with LaTeX.

See the inputenc package documentation for explanation.
Type  H <return>  for immediate help.
 ...                                              
                                                  
l.5 ...= 2^m z$ –∏ $z \in \left[0,5; 1\right]$, –∞
                                                   $y = \frac{1 - z}{1 + z}$\\
You may provide a definition with
\DeclareUnicodeCharacter 


! Package inputenc Error: Unicode character –í (U+0412)
(inputenc)                not set up for use with LaTeX.

See the inputenc package documentation for explanation.
Type  H <return>  for immediate help.
 ...                                              
                                                  
l.6 –í
      —Ç–æ—Ä–æ–π —Ä—è–¥ –∏–º–µ–µ—Ç –ø—Ä–µ–∏–º—É—â–µ—Å—Ç–≤–∞ –∏ –Ω–µ–¥–æ—Å—Ç–...

You may provide a definition with
\DeclareUnicodeCharacter 


! Package inputenc Error: Unicode character —Ç (U+0442)
(inputenc)                not set up for use with LaTeX.

See the inputenc package documentation for explanation.
Type  H <return>  for immediate help.
 ...                                              
                                                  
l.6 –í—Ç
        –æ—Ä–æ–π —Ä—è–¥ –∏–º–µ–µ—Ç –ø—Ä–µ–∏–º—É—â–µ—Å—Ç–≤–∞ –∏ –Ω–µ–¥–æ—Å—Ç–...

You may provide a definition with
\DeclareUnicodeCharacter 


! Package inputenc Error: Unicode character –æ (U+043E)
(inputenc)                not set up for use with LaTeX.

See the inputenc package documentation for explanation.
Type  H <return>  for immediate help.
 ...                                              
                                                  
l.6 –í—Ç–æ
          —Ä–æ–π —Ä—è–¥ –∏–º–µ–µ—Ç –ø—Ä–µ–∏–º—É—â–µ—Å—Ç–≤–∞ –∏ –Ω–µ–¥–æ—Å—Ç–...

You may provide a definition with
\DeclareUnicodeCharacter 


! Package inputenc Error: Unicode character —Ä (U+0440)
(inputenc)                not set up for use with LaTeX.

See the inputenc package documentation for explanation.
Type  H <return>  for immediate help.
 ...                                              
                                                  
l.6 –í—Ç–æ—Ä
            –æ–π —Ä—è–¥ –∏–º–µ–µ—Ç –ø—Ä–µ–∏–º—É—â–µ—Å—Ç–≤–∞ –∏ –Ω–µ–¥–æ—Å—Ç–...

You may provide a definition with
\DeclareUnicodeCharacter 


! Package inputenc Error: Unicode character –æ (U+043E)
(inputenc)                not set up for use with LaTeX.

See the inputenc package documentation for explanation.
Type  H <return>  for immediate help.
 ...                                              
                                                  
l.6 –í—Ç–æ—Ä–æ
              –π —Ä—è–¥ –∏–º–µ–µ—Ç –ø—Ä–µ–∏–º—É—â–µ—Å—Ç–≤–∞ –∏ –Ω–µ–¥–æ—Å—Ç–...

You may provide a definition with
\DeclareUnicodeCharacter 


! Package inputenc Error: Unicode character –π (U+0439)
(inputenc)                not set up for use with LaTeX.

See the inputenc package documentation for explanation.
Type  H <return>  for immediate help.
 ...                                              
                                                  
l.6 –í—Ç–æ—Ä–æ–π
                 —Ä—è–¥ –∏–º–µ–µ—Ç –ø—Ä–µ–∏–º—É—â–µ—Å—Ç–≤–∞ –∏ –Ω–µ–¥–æ—Å—Ç–...

You may provide a definition with
\DeclareUnicodeCharacter 


! Package inputenc Error: Unicode character —Ä (U+0440)
(inputenc)                not set up for use with LaTeX.

See the inputenc package documentation for explanation.
Type  H <return>  for immediate help.
 ...                                              
                                                  
l.6 –í—Ç–æ—Ä–æ–π —Ä
                   —è–¥ –∏–º–µ–µ—Ç –ø—Ä–µ–∏–º—É—â–µ—Å—Ç–≤–∞ –∏ –Ω–µ–¥–æ—Å—Ç–...

You may provide a definition with
\DeclareUnicodeCharacter 


! Package inputenc Error: Unicode character —è (U+044F)
(inputenc)                not set up for use with LaTeX.

See the inputenc package documentation for explanation.
Type  H <return>  for immediate help.
 ...                                              
                                                  
l.6 –í—Ç–æ—Ä–æ–π —Ä—è
                     –¥ –∏–º–µ–µ—Ç –ø—Ä–µ–∏–º—É—â–µ—Å—Ç–≤–∞ –∏ –Ω–µ–¥–æ—Å—Ç–...

You may provide a definition with
\DeclareUnicodeCharacter 


! Package inputenc Error: Unicode character –¥ (U+0434)
(inputenc)                not set up for use with LaTeX.

See the inputenc package documentation for explanation.
Type  H <return>  for immediate help.
 ...                                              
                                                  
l.6 –í—Ç–æ—Ä–æ–π —Ä—è–¥
                        –∏–º–µ–µ—Ç –ø—Ä–µ–∏–º—É—â–µ—Å—Ç–≤–∞ –∏ –Ω–µ–¥–æ—Å—Ç–...

You may provide a definition with
\DeclareUnicodeCharacter 


! Package inputenc Error: Unicode character –∏ (U+0438)
(inputenc)                not set up for use with LaTeX.

See the inputenc package documentation for explanation.
Type  H <return>  for immediate help.
 ...                                              
                                                  
l.6 –í—Ç–æ—Ä–æ–π —Ä—è–¥ –∏
                          –º–µ–µ—Ç –ø—Ä–µ–∏–º—É—â–µ—Å—Ç–≤–∞ –∏ –Ω–µ–¥–æ—Å—Ç–...

You may provide a definition with
\DeclareUnicodeCharacter 


! Package inputenc Error: Unicode character –º (U+043C)
(inputenc)                not set up for use with LaTeX.

See the inputenc package documentation for explanation.
Type  H <return>  for immediate help.
 ...                                              
                                                  
l.6 –í—Ç–æ—Ä–æ–π —Ä—è–¥ –∏–º
                            –µ–µ—Ç –ø—Ä–µ–∏–º—É—â–µ—Å—Ç–≤–∞ –∏ –Ω–µ–¥–æ—Å—Ç–...

You may provide a definition with
\DeclareUnicodeCharacter 


! Package inputenc Error: Unicode character –µ (U+0435)
(inputenc)                not set up for use with LaTeX.

See the inputenc package documentation for explanation.
Type  H <return>  for immediate help.
 ...                                              
                                                  
l.6 –í—Ç–æ—Ä–æ–π —Ä—è–¥ –∏–º–µ
                              –µ—Ç –ø—Ä–µ–∏–º—É—â–µ—Å—Ç–≤–∞ –∏ –Ω–µ–¥–æ—Å—Ç–...

You may provide a definition with
\DeclareUnicodeCharacter 


! Package inputenc Error: Unicode character –µ (U+0435)
(inputenc)                not set up for use with LaTeX.

See the inputenc package documentation for explanation.
Type  H <return>  for immediate help.
 ...                                              
                                                  
l.6 –í—Ç–æ—Ä–æ–π —Ä—è–¥ –∏–º–µ–µ
                                —Ç –ø—Ä–µ–∏–º—É—â–µ—Å—Ç–≤–∞ –∏ –Ω–µ–¥–æ—Å—Ç–...

You may provide a definition with
\DeclareUnicodeCharacter 


! Package inputenc Error: Unicode character —Ç (U+0442)
(inputenc)                not set up for use with LaTeX.

See the inputenc package documentation for explanation.
Type  H <return>  for immediate help.
 ...                                              
                                                  
l.6 –í—Ç–æ—Ä–æ–π —Ä—è–¥ –∏–º–µ–µ—Ç
                                   –ø—Ä–µ–∏–º—É—â–µ—Å—Ç–≤–∞ –∏ –Ω–µ–¥–æ—Å—Ç–...

You may provide a definition with
\DeclareUnicodeCharacter 


! Package inputenc Error: Unicode character –ø (U+043F)
(inputenc)                not set up for use with LaTeX.

See the inputenc package documentation for explanation.
Type  H <return>  for immediate help.
 ...                                              
                                                  
l.6 –í—Ç–æ—Ä–æ–π —Ä—è–¥ –∏–º–µ–µ—Ç –ø
                                     —Ä–µ–∏–º—É—â–µ—Å—Ç–≤–∞ –∏ –Ω–µ–¥–æ—Å—Ç–...

You may provide a definition with
\DeclareUnicodeCharacter 


! Package inputenc Error: Unicode character —Ä (U+0440)
(inputenc)                not set up for use with LaTeX.

See the inputenc package documentation for explanation.
Type  H <return>  for immediate help.
 ...                                              
                                                  
l.6 –í—Ç–æ—Ä–æ–π —Ä—è–¥ –∏–º–µ–µ—Ç –ø—Ä
                                       –µ–∏–º—É—â–µ—Å—Ç–≤–∞ –∏ –Ω–µ–¥–æ—Å—Ç–...

You may provide a definition with
\DeclareUnicodeCharacter 


! Package inputenc Error: Unicode character –µ (U+0435)
(inputenc)                not set up for use with LaTeX.

See the inputenc package documentation for explanation.
Type  H <return>  for immediate help.
 ...                                              
                                                  
l.6 –í—Ç–æ—Ä–æ–π —Ä—è–¥ –∏–º–µ–µ—Ç –ø—Ä–µ
                                         –∏–º—É—â–µ—Å—Ç–≤–∞ –∏ –Ω–µ–¥–æ—Å—Ç–...

You may provide a definition with
\DeclareUnicodeCharacter 


! Package inputenc Error: Unicode character –∏ (U+0438)
(inputenc)                not set up for use with LaTeX.

See the inputenc package documentation for explanation.
Type  H <return>  for immediate help.
 ...                                              
                                                  
l.6 –í—Ç–æ—Ä–æ–π —Ä—è–¥ –∏–º–µ–µ—Ç –ø—Ä–µ–∏
                                           –º—É—â–µ—Å—Ç–≤–∞ –∏ –Ω–µ–¥–æ—Å—Ç–...

You may provide a definition with
\DeclareUnicodeCharacter 


! Package inputenc Error: Unicode character –º (U+043C)
(inputenc)                not set up for use with LaTeX.

See the inputenc package documentation for explanation.
Type  H <return>  for immediate help.
 ...                                              
                                                  
l.6 –í—Ç–æ—Ä–æ–π —Ä—è–¥ –∏–º–µ–µ—Ç –ø—Ä–µ–∏–º
                                             —É—â–µ—Å—Ç–≤–∞ –∏ –Ω–µ–¥–æ—Å—Ç–...

You may provide a definition with
\DeclareUnicodeCharacter 


! Package inputenc Error: Unicode character —É (U+0443)
(inputenc)                not set up for use with LaTeX.

See the inputenc package documentation for explanation.
Type  H <return>  for immediate help.
 ...                                              
                                                  
l.6 –í—Ç–æ—Ä–æ–π —Ä—è–¥ –∏–º–µ–µ—Ç –ø—Ä–µ–∏–º—É
                                               —â–µ—Å—Ç–≤–∞ –∏ –Ω–µ–¥–æ—Å—Ç–...

You may provide a definition with
\DeclareUnicodeCharacter 


! Package inputenc Error: Unicode character —â (U+0449)
(inputenc)                not set up for use with LaTeX.

See the inputenc package documentation for explanation.
Type  H <return>  for immediate help.
 ...                                              
                                                  
l.6 –í—Ç–æ—Ä–æ–π —Ä—è–¥ –∏–º–µ–µ—Ç –ø—Ä–µ–∏–º—É—â
                                                 –µ—Å—Ç–≤–∞ –∏ –Ω–µ–¥–æ—Å—Ç–...

You may provide a definition with
\DeclareUnicodeCharacter 


! Package inputenc Error: Unicode character –µ (U+0435)
(inputenc)                not set up for use with LaTeX.

See the inputenc package documentation for explanation.
Type  H <return>  for immediate help.
 ...                                              
                                                  
l.6 ...–æ—Ä–æ–π —Ä—è–¥ –∏–º–µ–µ—Ç –ø—Ä–µ–∏–º—É—â–µ
                                                  —Å—Ç–≤–∞ –∏ –Ω–µ–¥–æ—Å—Ç–∞...

You may provide a definition with
\DeclareUnicodeCharacter 


! Package inputenc Error: Unicode character —Å (U+0441)
(inputenc)                not set up for use with LaTeX.

See the inputenc package documentation for explanation.
Type  H <return>  for immediate help.
 ...                                              
                                                  
l.6 ...—Ä–æ–π —Ä—è–¥ –∏–º–µ–µ—Ç –ø—Ä–µ–∏–º—É—â–µ—Å
                                                  —Ç–≤–∞ –∏ –Ω–µ–¥–æ—Å—Ç–∞—Ç...

You may provide a definition with
\DeclareUnicodeCharacter 


! Package inputenc Error: Unicode character —Ç (U+0442)
(inputenc)                not set up for use with LaTeX.

See the inputenc package documentation for explanation.
Type  H <return>  for immediate help.
 ...                                              
                                                  
l.6 ...–æ–π —Ä—è–¥ –∏–º–µ–µ—Ç –ø—Ä–µ–∏–º—É—â–µ—Å—Ç
                                                  –≤–∞ –∏ –Ω–µ–¥–æ—Å—Ç–∞—Ç–∫...

You may provide a definition with
\DeclareUnicodeCharacter 


! Package inputenc Error: Unicode character –≤ (U+0432)
(inputenc)                not set up for use with LaTeX.

See the inputenc package documentation for explanation.
Type  H <return>  for immediate help.
 ...                                              
                                                  
l.6 ...–π —Ä—è–¥ –∏–º–µ–µ—Ç –ø—Ä–µ–∏–º—É—â–µ—Å—Ç–≤
                                                  –∞ –∏ –Ω–µ–¥–æ—Å—Ç–∞—Ç–∫–∏...

You may provide a definition with
\DeclareUnicodeCharacter 


! Package inputenc Error: Unicode character –∞ (U+0430)
(inputenc)                not set up for use with LaTeX.

See the inputenc package documentation for explanation.
Type  H <return>  for immediate help.
 ...                                              
                                                  
l.6 ... —Ä—è–¥ –∏–º–µ–µ—Ç –ø—Ä–µ–∏–º—É—â–µ—Å—Ç–≤–∞
                                                   –∏ –Ω–µ–¥–æ—Å—Ç–∞—Ç–∫–∏. ...

You may provide a definition with
\DeclareUnicodeCharacter 


! Package inputenc Error: Unicode character –∏ (U+0438)
(inputenc)                not set up for use with LaTeX.

See the inputenc package documentation for explanation.
Type  H <return>  for immediate help.
 ...                                              
                                                  
l.6 ...—è–¥ –∏–º–µ–µ—Ç –ø—Ä–µ–∏–º—É—â–µ—Å—Ç–≤–∞ –∏
                                                   –Ω–µ–¥–æ—Å—Ç–∞—Ç–∫–∏. –í–...

You may provide a definition with
\DeclareUnicodeCharacter 


! Package inputenc Error: Unicode character –Ω (U+043D)
(inputenc)                not set up for use with LaTeX.

See the inputenc package documentation for explanation.
Type  H <return>  for immediate help.
 ...                                              
                                                  
l.6 ...¥ –∏–º–µ–µ—Ç –ø—Ä–µ–∏–º—É—â–µ—Å—Ç–≤–∞ –∏ –Ω
                                                  –µ–¥–æ—Å—Ç–∞—Ç–∫–∏. –í–æ-–...

You may provide a definition with
\DeclareUnicodeCharacter 


! Package inputenc Error: Unicode character –µ (U+0435)
(inputenc)                not set up for use with LaTeX.

See the inputenc package documentation for explanation.
Type  H <return>  for immediate help.
 ...                                              
                                                  
l.6 ...–∏–º–µ–µ—Ç –ø—Ä–µ–∏–º—É—â–µ—Å—Ç–≤–∞ –∏ –Ω–µ
                                                  –¥–æ—Å—Ç–∞—Ç–∫–∏. –í–æ-–ø–...

You may provide a definition with
\DeclareUnicodeCharacter 


! Package inputenc Error: Unicode character –¥ (U+0434)
(inputenc)                not set up for use with LaTeX.

See the inputenc package documentation for explanation.
Type  H <return>  for immediate help.
 ...                                              
                                                  
l.6 ...–º–µ–µ—Ç –ø—Ä–µ–∏–º—É—â–µ—Å—Ç–≤–∞ –∏ –Ω–µ–¥
                                                  –æ—Å—Ç–∞—Ç–∫–∏. –í–æ-–ø–µ—...

You may provide a definition with
\DeclareUnicodeCharacter 


! Package inputenc Error: Unicode character –æ (U+043E)
(inputenc)                not set up for use with LaTeX.

See the inputenc package documentation for explanation.
Type  H <return>  for immediate help.
 ...                                              
                                                  
l.6 ...–µ–µ—Ç –ø—Ä–µ–∏–º—É—â–µ—Å—Ç–≤–∞ –∏ –Ω–µ–¥–æ
                                                  —Å—Ç–∞—Ç–∫–∏. –í–æ-–ø–µ—Ä–...

You may provide a definition with
\DeclareUnicodeCharacter 


! Package inputenc Error: Unicode character —Å (U+0441)
(inputenc)                not set up for use with LaTeX.

See the inputenc package documentation for explanation.
Type  H <return>  for immediate help.
 ...                                              
                                                  
l.6 ...–µ—Ç –ø—Ä–µ–∏–º—É—â–µ—Å—Ç–≤–∞ –∏ –Ω–µ–¥–æ—Å
                                                  —Ç–∞—Ç–∫–∏. –í–æ-–ø–µ—Ä–≤—...

You may provide a definition with
\DeclareUnicodeCharacter 


! Package inputenc Error: Unicode character —Ç (U+0442)
(inputenc)                not set up for use with LaTeX.

See the inputenc package documentation for explanation.
Type  H <return>  for immediate help.
 ...                                              
                                                  
l.6 ...—Ç –ø—Ä–µ–∏–º—É—â–µ—Å—Ç–≤–∞ –∏ –Ω–µ–¥–æ—Å—Ç
                                                  –∞—Ç–∫–∏. –í–æ-–ø–µ—Ä–≤—ã—...

You may provide a definition with
\DeclareUnicodeCharacter 


! Package inputenc Error: Unicode character –∞ (U+0430)
(inputenc)                not set up for use with LaTeX.

See the inputenc package documentation for explanation.
Type  H <return>  for immediate help.
 ...                                              
                                                  
l.6 ... –ø—Ä–µ–∏–º—É—â–µ—Å—Ç–≤–∞ –∏ –Ω–µ–¥–æ—Å—Ç–∞
                                                  —Ç–∫–∏. –í–æ-–ø–µ—Ä–≤—ã—Ö:...

You may provide a definition with
\DeclareUnicodeCharacter 


! Package inputenc Error: Unicode character —Ç (U+0442)
(inputenc)                not set up for use with LaTeX.

See the inputenc package documentation for explanation.
Type  H <return>  for immediate help.
 ...                                              
                                                  
l.6 ...ø—Ä–µ–∏–º—É—â–µ—Å—Ç–≤–∞ –∏ –Ω–µ–¥–æ—Å—Ç–∞—Ç
                                                  –∫–∏. –í–æ-–ø–µ—Ä–≤—ã—Ö: –...

You may provide a definition with
\DeclareUnicodeCharacter 


! Package inputenc Error: Unicode character –∫ (U+043A)
(inputenc)                not set up for use with LaTeX.

See the inputenc package documentation for explanation.
Type  H <return>  for immediate help.
 ...                                              
                                                  
l.6 ...Ä–µ–∏–º—É—â–µ—Å—Ç–≤–∞ –∏ –Ω–µ–¥–æ—Å—Ç–∞—Ç–∫
                                                  –∏. –í–æ-–ø–µ—Ä–≤—ã—Ö: –≤ ...

You may provide a definition with
\DeclareUnicodeCharacter 


! Package inputenc Error: Unicode character –∏ (U+0438)
(inputenc)                not set up for use with LaTeX.

See the inputenc package documentation for explanation.
Type  H <return>  for immediate help.
 ...                                              
                                                  
l.6 ...µ–∏–º—É—â–µ—Å—Ç–≤–∞ –∏ –Ω–µ–¥–æ—Å—Ç–∞—Ç–∫–∏
                                                  . –í–æ-–ø–µ—Ä–≤—ã—Ö: –≤ —Ç...

You may provide a definition with
\DeclareUnicodeCharacter 

Missing character: There is no . in font nullfont!

! Package inputenc Error: Unicode character –í (U+0412)
(inputenc)                not set up for use with LaTeX.

See the inputenc package documentation for explanation.
Type  H <return>  for immediate help.
 ...                                              
                                                  
l.6 ...º—É—â–µ—Å—Ç–≤–∞ –∏ –Ω–µ–¥–æ—Å—Ç–∞—Ç–∫–∏. –í
                                                  –æ-–ø–µ—Ä–≤—ã—Ö: –≤ —Ç–∞–∫...

You may provide a definition with
\DeclareUnicodeCharacter 


! Package inputenc Error: Unicode character –æ (U+043E)
(inputenc)                not set up for use with LaTeX.

See the inputenc package documentation for explanation.
Type  H <return>  for immediate help.
 ...                                              
                                                  
l.6 ...É—â–µ—Å—Ç–≤–∞ –∏ –Ω–µ–¥–æ—Å—Ç–∞—Ç–∫–∏. –í–æ
                                                  -–ø–µ—Ä–≤—ã—Ö: –≤ —Ç–∞–∫–æ...

You may provide a definition with
\DeclareUnicodeCharacter 

Missing character: There is no - in font nullfont!

! Package inputenc Error: Unicode character –ø (U+043F)
(inputenc)                not set up for use with LaTeX.

See the inputenc package documentation for explanation.
Type  H <return>  for immediate help.
 ...                                              
                                                  
l.6 ...–µ—Å—Ç–≤–∞ –∏ –Ω–µ–¥–æ—Å—Ç–∞—Ç–∫–∏. –í–æ-–ø
                                                  –µ—Ä–≤—ã—Ö: –≤ —Ç–∞–∫–æ–º ...

You may provide a definition with
\DeclareUnicodeCharacter 


! Package inputenc Error: Unicode character –µ (U+0435)
(inputenc)                not set up for use with LaTeX.

See the inputenc package documentation for explanation.
Type  H <return>  for immediate help.
 ...                                              
                                                  
l.6 ...—Å—Ç–≤–∞ –∏ –Ω–µ–¥–æ—Å—Ç–∞—Ç–∫–∏. –í–æ-–ø–µ
                                                  —Ä–≤—ã—Ö: –≤ —Ç–∞–∫–æ–º —Å...

You may provide a definition with
\DeclareUnicodeCharacter 


! Package inputenc Error: Unicode character —Ä (U+0440)
(inputenc)                not set up for use with LaTeX.

See the inputenc package documentation for explanation.
Type  H <return>  for immediate help.
 ...                                              
                                                  
l.6 ...—Ç–≤–∞ –∏ –Ω–µ–¥–æ—Å—Ç–∞—Ç–∫–∏. –í–æ-–ø–µ—Ä
                                                  –≤—ã—Ö: –≤ —Ç–∞–∫–æ–º —Å–ª...

You may provide a definition with
\DeclareUnicodeCharacter 


! Package inputenc Error: Unicode character –≤ (U+0432)
(inputenc)                not set up for use with LaTeX.

See the inputenc package documentation for explanation.
Type  H <return>  for immediate help.
 ...                                              
                                                  
l.6 ...–≤–∞ –∏ –Ω–µ–¥–æ—Å—Ç–∞—Ç–∫–∏. –í–æ-–ø–µ—Ä–≤
                                                  —ã—Ö: –≤ —Ç–∞–∫–æ–º —Å–ª—É...

You may provide a definition with
\DeclareUnicodeCharacter 


! Package inputenc Error: Unicode character —ã (U+044B)
(inputenc)                not set up for use with LaTeX.

See the inputenc package documentation for explanation.
Type  H <return>  for immediate help.
 ...                                              
                                                  
l.6 ...–∞ –∏ –Ω–µ–¥–æ—Å—Ç–∞—Ç–∫–∏. –í–æ-–ø–µ—Ä–≤—ã
                                                  —Ö: –≤ —Ç–∞–∫–æ–º —Å–ª—É—á...

You may provide a definition with
\DeclareUnicodeCharacter 


! Package inputenc Error: Unicode character —Ö (U+0445)
(inputenc)                not set up for use with LaTeX.

See the inputenc package documentation for explanation.
Type  H <return>  for immediate help.
 ...                                              
                                                  
l.6 ... –∏ –Ω–µ–¥–æ—Å—Ç–∞—Ç–∫–∏. –í–æ-–ø–µ—Ä–≤—ã—Ö
                                                  : –≤ —Ç–∞–∫–æ–º —Å–ª—É—á–∞...

You may provide a definition with
\DeclareUnicodeCharacter 

Missing character: There is no : in font nullfont!

! Package inputenc Error: Unicode character –≤ (U+0432)
(inputenc)                not set up for use with LaTeX.

See the inputenc package documentation for explanation.
Type  H <return>  for immediate help.
 ...                                              
                                                  
l.6 ...–Ω–µ–¥–æ—Å—Ç–∞—Ç–∫–∏. –í–æ-–ø–µ—Ä–≤—ã—Ö: –≤
                                                   —Ç–∞–∫–æ–º —Å–ª—É—á–∞–µ —...

You may provide a definition with
\DeclareUnicodeCharacter 


! Package inputenc Error: Unicode character —Ç (U+0442)
(inputenc)                not set up for use with LaTeX.

See the inputenc package documentation for explanation.
Type  H <return>  for immediate help.
 ...                                              
                                                  
l.6 ...µ–¥–æ—Å—Ç–∞—Ç–∫–∏. –í–æ-–ø–µ—Ä–≤—ã—Ö: –≤ —Ç
                                                  –∞–∫–æ–º —Å–ª—É—á–∞–µ —É –...

You may provide a definition with
\DeclareUnicodeCharacter 


! Package inputenc Error: Unicode character –∞ (U+0430)
(inputenc)                not set up for use with LaTeX.

See the inputenc package documentation for explanation.
Type  H <return>  for immediate help.
 ...                                              
                                                  
l.6 ...¥–æ—Å—Ç–∞—Ç–∫–∏. –í–æ-–ø–µ—Ä–≤—ã—Ö: –≤ —Ç–∞
                                                  –∫–æ–º —Å–ª—É—á–∞–µ —É –Ω–...

You may provide a definition with
\DeclareUnicodeCharacter 


! Package inputenc Error: Unicode character –∫ (U+043A)
(inputenc)                not set up for use with LaTeX.

See the inputenc package documentation for explanation.
Type  H <return>  for immediate help.
 ...                                              
                                                  
l.6 ...æ—Å—Ç–∞—Ç–∫–∏. –í–æ-–ø–µ—Ä–≤—ã—Ö: –≤ —Ç–∞–∫
                                                  –æ–º —Å–ª—É—á–∞–µ —É –Ω–∞—...

You may provide a definition with
\DeclareUnicodeCharacter 


! Package inputenc Error: Unicode character –æ (U+043E)
(inputenc)                not set up for use with LaTeX.

See the inputenc package documentation for explanation.
Type  H <return>  for immediate help.
 ...                                              
                                                  
l.6 ...Å—Ç–∞—Ç–∫–∏. –í–æ-–ø–µ—Ä–≤—ã—Ö: –≤ —Ç–∞–∫–æ
                                                  –º —Å–ª—É—á–∞–µ —É –Ω–∞—Å ...

You may provide a definition with
\DeclareUnicodeCharacter 


! Package inputenc Error: Unicode character –º (U+043C)
(inputenc)                not set up for use with LaTeX.

See the inputenc package documentation for explanation.
Type  H <return>  for immediate help.
 ...                                              
                                                  
l.6 ...Ç–∞—Ç–∫–∏. –í–æ-–ø–µ—Ä–≤—ã—Ö: –≤ —Ç–∞–∫–æ–º
                                                   —Å–ª—É—á–∞–µ —É –Ω–∞—Å $y...

You may provide a definition with
\DeclareUnicodeCharacter 


! Package inputenc Error: Unicode character —Å (U+0441)
(inputenc)                not set up for use with LaTeX.

See the inputenc package documentation for explanation.
Type  H <return>  for immediate help.
 ...                                              
                                                  
l.6 ...—Ç–∫–∏. –í–æ-–ø–µ—Ä–≤—ã—Ö: –≤ —Ç–∞–∫–æ–º —Å
                                                  –ª—É—á–∞–µ —É –Ω–∞—Å $y \i...

You may provide a definition with
\DeclareUnicodeCharacter 


! Package inputenc Error: Unicode character –ª (U+043B)
(inputenc)                not set up for use with LaTeX.

See the inputenc package documentation for explanation.
Type  H <return>  for immediate help.
 ...                                              
                                                  
l.6 ...–∫–∏. –í–æ-–ø–µ—Ä–≤—ã—Ö: –≤ —Ç–∞–∫–æ–º —Å–ª
                                                  —É—á–∞–µ —É –Ω–∞—Å $y \in ...

You may provide a definition with
\DeclareUnicodeCharacter 


! Package inputenc Error: Unicode character —É (U+0443)
(inputenc)                not set up for use with LaTeX.

See the inputenc package documentation for explanation.
Type  H <return>  for immediate help.
 ...                                              
                                                  
l.6 ...–∏. –í–æ-–ø–µ—Ä–≤—ã—Ö: –≤ —Ç–∞–∫–æ–º —Å–ª—É
                                                  —á–∞–µ —É –Ω–∞—Å $y \in \l...

You may provide a definition with
\DeclareUnicodeCharacter 


! Package inputenc Error: Unicode character —á (U+0447)
(inputenc)                not set up for use with LaTeX.

See the inputenc package documentation for explanation.
Type  H <return>  for immediate help.
 ...                                              
                                                  
l.6 .... –í–æ-–ø–µ—Ä–≤—ã—Ö: –≤ —Ç–∞–∫–æ–º —Å–ª—É—á
                                                  –∞–µ —É –Ω–∞—Å $y \in \lef...

You may provide a definition with
\DeclareUnicodeCharacter 


! Package inputenc Error: Unicode character –∞ (U+0430)
(inputenc)                not set up for use with LaTeX.

See the inputenc package documentation for explanation.
Type  H <return>  for immediate help.
 ...                                              
                                                  
l.6 ...–í–æ-–ø–µ—Ä–≤—ã—Ö: –≤ —Ç–∞–∫–æ–º —Å–ª—É—á–∞
                                                  –µ —É –Ω–∞—Å $y \in \left[...

You may provide a definition with
\DeclareUnicodeCharacter 


! Package inputenc Error: Unicode character –µ (U+0435)
(inputenc)                not set up for use with LaTeX.

See the inputenc package documentation for explanation.
Type  H <return>  for immediate help.
 ...                                              
                                                  
l.6 ...–æ-–ø–µ—Ä–≤—ã—Ö: –≤ —Ç–∞–∫–æ–º —Å–ª—É—á–∞–µ
                                                   —É –Ω–∞—Å $y \in \left[0;...

You may provide a definition with
\DeclareUnicodeCharacter 


! Package inputenc Error: Unicode character —É (U+0443)
(inputenc)                not set up for use with LaTeX.

See the inputenc package documentation for explanation.
Type  H <return>  for immediate help.
 ...                                              
                                                  
l.6 ...–ø–µ—Ä–≤—ã—Ö: –≤ —Ç–∞–∫–æ–º —Å–ª—É—á–∞–µ —É
                                                   –Ω–∞—Å $y \in \left[0; \f...

You may provide a definition with
\DeclareUnicodeCharacter 


! Package inputenc Error: Unicode character –Ω (U+043D)
(inputenc)                not set up for use with LaTeX.

See the inputenc package documentation for explanation.
Type  H <return>  for immediate help.
 ...                                              
                                                  
l.6 ...µ—Ä–≤—ã—Ö: –≤ —Ç–∞–∫–æ–º —Å–ª—É—á–∞–µ —É –Ω
                                                  –∞—Å $y \in \left[0; \frac...

You may provide a definition with
\DeclareUnicodeCharacter 


! Package inputenc Error: Unicode character –∞ (U+0430)
(inputenc)                not set up for use with LaTeX.

See the inputenc package documentation for explanation.
Type  H <return>  for immediate help.
 ...                                              
                                                  
l.6 ...Ä–≤—ã—Ö: –≤ —Ç–∞–∫–æ–º —Å–ª—É—á–∞–µ —É –Ω–∞
                                                  —Å $y \in \left[0; \frac{1...

You may provide a definition with
\DeclareUnicodeCharacter 


! Package inputenc Error: Unicode character —Å (U+0441)
(inputenc)                not set up for use with LaTeX.

See the inputenc package documentation for explanation.
Type  H <return>  for immediate help.
 ...                                              
                                                  
l.6 ...≤—ã—Ö: –≤ —Ç–∞–∫–æ–º —Å–ª—É—á–∞–µ —É –Ω–∞—Å
                                                   $y \in \left[0; \frac{1}{...

You may provide a definition with
\DeclareUnicodeCharacter 

Missing character: There is no , in font nullfont!

! Package inputenc Error: Unicode character —Ç (U+0442)
(inputenc)                not set up for use with LaTeX.

See the inputenc package documentation for explanation.
Type  H <return>  for immediate help.
 ...                                              
                                                  
l.6 ...∞—Å $y \in \left[0; \frac{1}{3}\right]$, —Ç
                                                  –∞–∫–∏–º –æ–±—Ä–∞–∑–æ–º, –...

You may provide a definition with
\DeclareUnicodeCharacter 


! Package inputenc Error: Unicode character –∞ (U+0430)
(inputenc)                not set up for use with LaTeX.

See the inputenc package documentation for explanation.
Type  H <return>  for immediate help.
 ...                                              
                                                  
l.6 ...Å $y \in \left[0; \frac{1}{3}\right]$, —Ç–∞
                                                  –∫–∏–º –æ–±—Ä–∞–∑–æ–º, –∫–...

You may provide a definition with
\DeclareUnicodeCharacter 


! Package inputenc Error: Unicode character –∫ (U+043A)
(inputenc)                not set up for use with LaTeX.

See the inputenc package documentation for explanation.
Type  H <return>  for immediate help.
 ...                                              
                                                  
l.6 ...$y \in \left[0; \frac{1}{3}\right]$, —Ç–∞–∫
                                                  –∏–º –æ–±—Ä–∞–∑–æ–º, –∫–∞–...

You may provide a definition with
\DeclareUnicodeCharacter 


! Package inputenc Error: Unicode character –∏ (U+0438)
(inputenc)                not set up for use with LaTeX.

See the inputenc package documentation for explanation.
Type  H <return>  for immediate help.
 ...                                              
                                                  
l.6 ... \in \left[0; \frac{1}{3}\right]$, —Ç–∞–∫–∏
                                                  –º –æ–±—Ä–∞–∑–æ–º, –∫–∞–∫–...

You may provide a definition with
\DeclareUnicodeCharacter 


! Package inputenc Error: Unicode character –º (U+043C)
(inputenc)                not set up for use with LaTeX.

See the inputenc package documentation for explanation.
Type  H <return>  for immediate help.
 ...                                              
                                                  
l.6 ...in \left[0; \frac{1}{3}\right]$, —Ç–∞–∫–∏–º
                                                   –æ–±—Ä–∞–∑–æ–º, –∫–∞–∫–∏–...

You may provide a definition with
\DeclareUnicodeCharacter 


! Package inputenc Error: Unicode character –æ (U+043E)
(inputenc)                not set up for use with LaTeX.

See the inputenc package documentation for explanation.
Type  H <return>  for immediate help.
 ...                                              
                                                  
l.6 ...\left[0; \frac{1}{3}\right]$, —Ç–∞–∫–∏–º –æ
                                                  –±—Ä–∞–∑–æ–º, –∫–∞–∫–∏–º –...

You may provide a definition with
\DeclareUnicodeCharacter 


! Package inputenc Error: Unicode character –± (U+0431)
(inputenc)                not set up for use with LaTeX.

See the inputenc package documentation for explanation.
Type  H <return>  for immediate help.
 ...                                              
                                                  
l.6 ...eft[0; \frac{1}{3}\right]$, —Ç–∞–∫–∏–º –æ–±
                                                  —Ä–∞–∑–æ–º, –∫–∞–∫–∏–º –±—...

You may provide a definition with
\DeclareUnicodeCharacter 


! Package inputenc Error: Unicode character —Ä (U+0440)
(inputenc)                not set up for use with LaTeX.

See the inputenc package documentation for explanation.
Type  H <return>  for immediate help.
 ...                                              
                                                  
l.6 ...t[0; \frac{1}{3}\right]$, —Ç–∞–∫–∏–º –æ–±—Ä
                                                  –∞–∑–æ–º, –∫–∞–∫–∏–º –±—ã ...

You may provide a definition with
\DeclareUnicodeCharacter 


! Package inputenc Error: Unicode character –∞ (U+0430)
(inputenc)                not set up for use with LaTeX.

See the inputenc package documentation for explanation.
Type  H <return>  for immediate help.
 ...                                              
                                                  
l.6 ...0; \frac{1}{3}\right]$, —Ç–∞–∫–∏–º –æ–±—Ä–∞
                                                  –∑–æ–º, –∫–∞–∫–∏–º –±—ã –±...

You may provide a definition with
\DeclareUnicodeCharacter 


! Package inputenc Error: Unicode character –∑ (U+0437)
(inputenc)                not set up for use with LaTeX.

See the inputenc package documentation for explanation.
Type  H <return>  for immediate help.
 ...                                              
                                                  
l.6 ... \frac{1}{3}\right]$, —Ç–∞–∫–∏–º –æ–±—Ä–∞–∑
                                                  –æ–º, –∫–∞–∫–∏–º –±—ã –±–æ...

You may provide a definition with
\DeclareUnicodeCharacter 


! Package inputenc Error: Unicode character –æ (U+043E)
(inputenc)                not set up for use with LaTeX.

See the inputenc package documentation for explanation.
Type  H <return>  for immediate help.
 ...                                              
                                                  
l.6 ...frac{1}{3}\right]$, —Ç–∞–∫–∏–º –æ–±—Ä–∞–∑–æ
                                                  –º, –∫–∞–∫–∏–º –±—ã –±–æ–ª...

You may provide a definition with
\DeclareUnicodeCharacter 


! Package inputenc Error: Unicode character –º (U+043C)
(inputenc)                not set up for use with LaTeX.

See the inputenc package documentation for explanation.
Type  H <return>  for immediate help.
 ...                                              
                                                  
l.6 ...ac{1}{3}\right]$, —Ç–∞–∫–∏–º –æ–±—Ä–∞–∑–æ–º
                                                  , –∫–∞–∫–∏–º –±—ã –±–æ–ª—å...

You may provide a definition with
\DeclareUnicodeCharacter 

Missing character: There is no , in font nullfont!

! Package inputenc Error: Unicode character –∫ (U+043A)
(inputenc)                not set up for use with LaTeX.

See the inputenc package documentation for explanation.
Type  H <return>  for immediate help.
 ...                                              
                                                  
l.6 ...}{3}\right]$, —Ç–∞–∫–∏–º –æ–±—Ä–∞–∑–æ–º, –∫
                                                  –∞–∫–∏–º –±—ã –±–æ–ª—å—à–∏...

You may provide a definition with
\DeclareUnicodeCharacter 


! Package inputenc Error: Unicode character –∞ (U+0430)
(inputenc)                not set up for use with LaTeX.

See the inputenc package documentation for explanation.
Type  H <return>  for immediate help.
 ...                                              
                                                  
l.6 ...3}\right]$, —Ç–∞–∫–∏–º –æ–±—Ä–∞–∑–æ–º, –∫–∞
                                                  –∫–∏–º –±—ã –±–æ–ª—å—à–∏–º...

You may provide a definition with
\DeclareUnicodeCharacter 


! Package inputenc Error: Unicode character –∫ (U+043A)
(inputenc)                not set up for use with LaTeX.

See the inputenc package documentation for explanation.
Type  H <return>  for immediate help.
 ...                                              
                                                  
l.6 ...\right]$, —Ç–∞–∫–∏–º –æ–±—Ä–∞–∑–æ–º, –∫–∞–∫
                                                  –∏–º –±—ã –±–æ–ª—å—à–∏–º —...

You may provide a definition with
\DeclareUnicodeCharacter 


! Package inputenc Error: Unicode character –∏ (U+0438)
(inputenc)                not set up for use with LaTeX.

See the inputenc package documentation for explanation.
Type  H <return>  for immediate help.
 ...                                              
                                                  
l.6 ...ight]$, —Ç–∞–∫–∏–º –æ–±—Ä–∞–∑–æ–º, –∫–∞–∫–∏
                                                  –º –±—ã –±–æ–ª—å—à–∏–º —É ...

You may provide a definition with
\DeclareUnicodeCharacter 


! Package inputenc Error: Unicode character –º (U+043C)
(inputenc)                not set up for use with LaTeX.

See the inputenc package documentation for explanation.
Type  H <return>  for immediate help.
 ...                                              
                                                  
l.6 ...ht]$, —Ç–∞–∫–∏–º –æ–±—Ä–∞–∑–æ–º, –∫–∞–∫–∏–º
                                                   –±—ã –±–æ–ª—å—à–∏–º —É –Ω...

You may provide a definition with
\DeclareUnicodeCharacter 


! Package inputenc Error: Unicode character –± (U+0431)
(inputenc)                not set up for use with LaTeX.

See the inputenc package documentation for explanation.
Type  H <return>  for immediate help.
 ...                                              
                                                  
l.6 ...$, —Ç–∞–∫–∏–º –æ–±—Ä–∞–∑–æ–º, –∫–∞–∫–∏–º –±
                                                  —ã –±–æ–ª—å—à–∏–º —É –Ω–∞—...

You may provide a definition with
\DeclareUnicodeCharacter 


! Package inputenc Error: Unicode character —ã (U+044B)
(inputenc)                not set up for use with LaTeX.

See the inputenc package documentation for explanation.
Type  H <return>  for immediate help.
 ...                                              
                                                  
l.6 ... —Ç–∞–∫–∏–º –æ–±—Ä–∞–∑–æ–º, –∫–∞–∫–∏–º –±—ã
                                                   –±–æ–ª—å—à–∏–º —É –Ω–∞—Å ...

You may provide a definition with
\DeclareUnicodeCharacter 


! Package inputenc Error: Unicode character –± (U+0431)
(inputenc)                not set up for use with LaTeX.

See the inputenc package documentation for explanation.
Type  H <return>  for immediate help.
 ...                                              
                                                  
l.6 ...–∞–∫–∏–º –æ–±—Ä–∞–∑–æ–º, –∫–∞–∫–∏–º –±—ã –±
                                                  –æ–ª—å—à–∏–º —É –Ω–∞—Å –Ω–...
(That makes 100 errors; please try again.) 
Here is how much of TeX's memory you used:
 46 strings out of 478994
 753 string characters out of 5864751
 284044 words of memory out of 5000000
 17631 multiletter control sequences out of 15000+600000
 403430 words of font info for 27 fonts, out of 8000000 for 9000
 1141 hyphenation exceptions out of 8191
 17i,3n,15p,1451b,58s stack positions out of 5000i,500n,10000p,200000b,80000s

!  ==> Fatal error occurred, no output PDF file produced!
