This is pdfTeX, Version 3.141592653-2.6-1.40.22 (TeX Live 2021/Arch Linux) (preloaded format=pdflatex 2021.5.27)  26 SEP 2021 18:01
entering extended mode
 restricted \write18 enabled.
 %&-line parsing enabled.
**I_8_28.tex
(./I_8_28.tex
LaTeX2e <2020-10-01> patch level 4
L3 programming layer <2021-02-18>
! Undefined control sequence.
l.1 \subsubsection
                  *{I.8.28}
The control sequence at the end of the top line
of your error message was never \def'ed. If you have
misspelled it (e.g., `\hobx'), type `I' and the correct
spelling (e.g., `I\hbox'). Otherwise just continue,
and I'll forget about whatever was undefined.


! LaTeX Error: Missing \begin{document}.

See the LaTeX manual or LaTeX Companion for explanation.
Type  H <return>  for immediate help.
 ...                                              
                                                  
l.1 \subsubsection*
                   {I.8.28}
You're in trouble here.  Try typing  <return>  to proceed.
If that doesn't work, type  X <return>  to quit.

Missing character: There is no * in font nullfont!
Missing character: There is no I in font nullfont!
Missing character: There is no . in font nullfont!
Missing character: There is no 8 in font nullfont!
Missing character: There is no . in font nullfont!
Missing character: There is no 2 in font nullfont!
Missing character: There is no 8 in font nullfont!

Overfull \hbox (20.0pt too wide) in paragraph at lines 1--2
[] 
 []

LaTeX Font Info:    External font `cmex10' loaded for size
(Font)              <7> on input line 2.
LaTeX Font Info:    External font `cmex10' loaded for size
(Font)              <5> on input line 2.

Overfull \hbox (198.97118pt too wide) detected at line 2
[] \OMS/cmsy/m/n/10 ^^T []
 []


! Package inputenc Error: Unicode character –≥ (U+0433)
(inputenc)                not set up for use with LaTeX.

See the inputenc package documentation for explanation.
Type  H <return>  for immediate help.
 ...                                              
                                                  
l.3 –≥
      –¥–µ $|f''(\xi)|\leq M$, $h$ --- —à–∞–≥. –¢–æ –µ—Å—Ç—å —É —Ñ–æ—Ä–º—É–ª...

You may provide a definition with
\DeclareUnicodeCharacter 


! Package inputenc Error: Unicode character –¥ (U+0434)
(inputenc)                not set up for use with LaTeX.

See the inputenc package documentation for explanation.
Type  H <return>  for immediate help.
 ...                                              
                                                  
l.3 –≥–¥
        –µ $|f''(\xi)|\leq M$, $h$ --- —à–∞–≥. –¢–æ –µ—Å—Ç—å —É —Ñ–æ—Ä–º—É–ª...

You may provide a definition with
\DeclareUnicodeCharacter 


! Package inputenc Error: Unicode character –µ (U+0435)
(inputenc)                not set up for use with LaTeX.

See the inputenc package documentation for explanation.
Type  H <return>  for immediate help.
 ...                                              
                                                  
l.3 –≥–¥–µ
           $|f''(\xi)|\leq M$, $h$ --- —à–∞–≥. –¢–æ –µ—Å—Ç—å —É —Ñ–æ—Ä–º—É–ª...

You may provide a definition with
\DeclareUnicodeCharacter 

Missing character: There is no , in font nullfont!
Missing character: There is no - in font nullfont!
Missing character: There is no - in font nullfont!
Missing character: There is no - in font nullfont!

! Package inputenc Error: Unicode character —à (U+0448)
(inputenc)                not set up for use with LaTeX.

See the inputenc package documentation for explanation.
Type  H <return>  for immediate help.
 ...                                              
                                                  
l.3 –≥–¥–µ $|f''(\xi)|\leq M$, $h$ --- —à
                                         –∞–≥. –¢–æ –µ—Å—Ç—å —É —Ñ–æ—Ä–º—É–ª...

You may provide a definition with
\DeclareUnicodeCharacter 


! Package inputenc Error: Unicode character –∞ (U+0430)
(inputenc)                not set up for use with LaTeX.

See the inputenc package documentation for explanation.
Type  H <return>  for immediate help.
 ...                                              
                                                  
l.3 –≥–¥–µ $|f''(\xi)|\leq M$, $h$ --- —à–∞
                                           –≥. –¢–æ –µ—Å—Ç—å —É —Ñ–æ—Ä–º—É–ª...

You may provide a definition with
\DeclareUnicodeCharacter 


! Package inputenc Error: Unicode character –≥ (U+0433)
(inputenc)                not set up for use with LaTeX.

See the inputenc package documentation for explanation.
Type  H <return>  for immediate help.
 ...                                              
                                                  
l.3 –≥–¥–µ $|f''(\xi)|\leq M$, $h$ --- —à–∞–≥
                                             . –¢–æ –µ—Å—Ç—å —É —Ñ–æ—Ä–º—É–ª...

You may provide a definition with
\DeclareUnicodeCharacter 

Missing character: There is no . in font nullfont!

! Package inputenc Error: Unicode character –¢ (U+0422)
(inputenc)                not set up for use with LaTeX.

See the inputenc package documentation for explanation.
Type  H <return>  for immediate help.
 ...                                              
                                                  
l.3 –≥–¥–µ $|f''(\xi)|\leq M$, $h$ --- —à–∞–≥. –¢
                                                 –æ –µ—Å—Ç—å —É —Ñ–æ—Ä–º—É–ª...

You may provide a definition with
\DeclareUnicodeCharacter 


! Package inputenc Error: Unicode character –æ (U+043E)
(inputenc)                not set up for use with LaTeX.

See the inputenc package documentation for explanation.
Type  H <return>  for immediate help.
 ...                                              
                                                  
l.3 ...–µ $|f''(\xi)|\leq M$, $h$ --- —à–∞–≥. –¢–æ
                                                   –µ—Å—Ç—å —É —Ñ–æ—Ä–º—É–ª—...

You may provide a definition with
\DeclareUnicodeCharacter 


! Package inputenc Error: Unicode character –µ (U+0435)
(inputenc)                not set up for use with LaTeX.

See the inputenc package documentation for explanation.
Type  H <return>  for immediate help.
 ...                                              
                                                  
l.3 ...$|f''(\xi)|\leq M$, $h$ --- —à–∞–≥. –¢–æ –µ
                                                  —Å—Ç—å —É —Ñ–æ—Ä–º—É–ª—ã –...

You may provide a definition with
\DeclareUnicodeCharacter 


! Package inputenc Error: Unicode character —Å (U+0441)
(inputenc)                not set up for use with LaTeX.

See the inputenc package documentation for explanation.
Type  H <return>  for immediate help.
 ...                                              
                                                  
l.3 ...f''(\xi)|\leq M$, $h$ --- —à–∞–≥. –¢–æ –µ—Å
                                                  —Ç—å —É —Ñ–æ—Ä–º—É–ª—ã –ø–...

You may provide a definition with
\DeclareUnicodeCharacter 


! Package inputenc Error: Unicode character —Ç (U+0442)
(inputenc)                not set up for use with LaTeX.

See the inputenc package documentation for explanation.
Type  H <return>  for immediate help.
 ...                                              
                                                  
l.3 ...'(\xi)|\leq M$, $h$ --- —à–∞–≥. –¢–æ –µ—Å—Ç
                                                  —å —É —Ñ–æ—Ä–º—É–ª—ã –ø–µ—...

You may provide a definition with
\DeclareUnicodeCharacter 


! Package inputenc Error: Unicode character —å (U+044C)
(inputenc)                not set up for use with LaTeX.

See the inputenc package documentation for explanation.
Type  H <return>  for immediate help.
 ...                                              
                                                  
l.3 ...\xi)|\leq M$, $h$ --- —à–∞–≥. –¢–æ –µ—Å—Ç—å
                                                   —É —Ñ–æ—Ä–º—É–ª—ã –ø–µ—Ä–...

You may provide a definition with
\DeclareUnicodeCharacter 


! Package inputenc Error: Unicode character —É (U+0443)
(inputenc)                not set up for use with LaTeX.

See the inputenc package documentation for explanation.
Type  H <return>  for immediate help.
 ...                                              
                                                  
l.3 ...)|\leq M$, $h$ --- —à–∞–≥. –¢–æ –µ—Å—Ç—å —É
                                                   —Ñ–æ—Ä–º—É–ª—ã –ø–µ—Ä–≤—ã...

You may provide a definition with
\DeclareUnicodeCharacter 


! Package inputenc Error: Unicode character —Ñ (U+0444)
(inputenc)                not set up for use with LaTeX.

See the inputenc package documentation for explanation.
Type  H <return>  for immediate help.
 ...                                              
                                                  
l.3 ...leq M$, $h$ --- —à–∞–≥. –¢–æ –µ—Å—Ç—å —É —Ñ
                                                  –æ—Ä–º—É–ª—ã –ø–µ—Ä–≤—ã–π ...

You may provide a definition with
\DeclareUnicodeCharacter 


! Package inputenc Error: Unicode character –æ (U+043E)
(inputenc)                not set up for use with LaTeX.

See the inputenc package documentation for explanation.
Type  H <return>  for immediate help.
 ...                                              
                                                  
l.3 ...q M$, $h$ --- —à–∞–≥. –¢–æ –µ—Å—Ç—å —É —Ñ–æ
                                                  —Ä–º—É–ª—ã –ø–µ—Ä–≤—ã–π –ø...

You may provide a definition with
\DeclareUnicodeCharacter 


! Package inputenc Error: Unicode character —Ä (U+0440)
(inputenc)                not set up for use with LaTeX.

See the inputenc package documentation for explanation.
Type  H <return>  for immediate help.
 ...                                              
                                                  
l.3 ...M$, $h$ --- —à–∞–≥. –¢–æ –µ—Å—Ç—å —É —Ñ–æ—Ä
                                                  –º—É–ª—ã –ø–µ—Ä–≤—ã–π –ø–æ...

You may provide a definition with
\DeclareUnicodeCharacter 


! Package inputenc Error: Unicode character –º (U+043C)
(inputenc)                not set up for use with LaTeX.

See the inputenc package documentation for explanation.
Type  H <return>  for immediate help.
 ...                                              
                                                  
l.3 ..., $h$ --- —à–∞–≥. –¢–æ –µ—Å—Ç—å —É —Ñ–æ—Ä–º
                                                  —É–ª—ã –ø–µ—Ä–≤—ã–π –ø–æ—Ä...

You may provide a definition with
\DeclareUnicodeCharacter 


! Package inputenc Error: Unicode character —É (U+0443)
(inputenc)                not set up for use with LaTeX.

See the inputenc package documentation for explanation.
Type  H <return>  for immediate help.
 ...                                              
                                                  
l.3 ...$h$ --- —à–∞–≥. –¢–æ –µ—Å—Ç—å —É —Ñ–æ—Ä–º—É
                                                  –ª—ã –ø–µ—Ä–≤—ã–π –ø–æ—Ä—è...

You may provide a definition with
\DeclareUnicodeCharacter 


! Package inputenc Error: Unicode character –ª (U+043B)
(inputenc)                not set up for use with LaTeX.

See the inputenc package documentation for explanation.
Type  H <return>  for immediate help.
 ...                                              
                                                  
l.3 ...$ --- —à–∞–≥. –¢–æ –µ—Å—Ç—å —É —Ñ–æ—Ä–º—É–ª
                                                  —ã –ø–µ—Ä–≤—ã–π –ø–æ—Ä—è–¥...

You may provide a definition with
\DeclareUnicodeCharacter 


! Package inputenc Error: Unicode character —ã (U+044B)
(inputenc)                not set up for use with LaTeX.

See the inputenc package documentation for explanation.
Type  H <return>  for immediate help.
 ...                                              
                                                  
l.3 ...--- —à–∞–≥. –¢–æ –µ—Å—Ç—å —É —Ñ–æ—Ä–º—É–ª—ã
                                                   –ø–µ—Ä–≤—ã–π –ø–æ—Ä—è–¥–æ...

You may provide a definition with
\DeclareUnicodeCharacter 


! Package inputenc Error: Unicode character –ø (U+043F)
(inputenc)                not set up for use with LaTeX.

See the inputenc package documentation for explanation.
Type  H <return>  for immediate help.
 ...                                              
                                                  
l.3 ... —à–∞–≥. –¢–æ –µ—Å—Ç—å —É —Ñ–æ—Ä–º—É–ª—ã –ø
                                                  –µ—Ä–≤—ã–π –ø–æ—Ä—è–¥–æ–∫ ...

You may provide a definition with
\DeclareUnicodeCharacter 


! Package inputenc Error: Unicode character –µ (U+0435)
(inputenc)                not set up for use with LaTeX.

See the inputenc package documentation for explanation.
Type  H <return>  for immediate help.
 ...                                              
                                                  
l.3 ...à–∞–≥. –¢–æ –µ—Å—Ç—å —É —Ñ–æ—Ä–º—É–ª—ã –ø–µ
                                                  —Ä–≤—ã–π –ø–æ—Ä—è–¥–æ–∫ –∞...

You may provide a definition with
\DeclareUnicodeCharacter 


! Package inputenc Error: Unicode character —Ä (U+0440)
(inputenc)                not set up for use with LaTeX.

See the inputenc package documentation for explanation.
Type  H <return>  for immediate help.
 ...                                              
                                                  
l.3 ...∞–≥. –¢–æ –µ—Å—Ç—å —É —Ñ–æ—Ä–º—É–ª—ã –ø–µ—Ä
                                                  –≤—ã–π –ø–æ—Ä—è–¥–æ–∫ –∞–ø...

You may provide a definition with
\DeclareUnicodeCharacter 


! Package inputenc Error: Unicode character –≤ (U+0432)
(inputenc)                not set up for use with LaTeX.

See the inputenc package documentation for explanation.
Type  H <return>  for immediate help.
 ...                                              
                                                  
l.3 ...≥. –¢–æ –µ—Å—Ç—å —É —Ñ–æ—Ä–º—É–ª—ã –ø–µ—Ä–≤
                                                  —ã–π –ø–æ—Ä—è–¥–æ–∫ –∞–ø–ø...

You may provide a definition with
\DeclareUnicodeCharacter 


! Package inputenc Error: Unicode character —ã (U+044B)
(inputenc)                not set up for use with LaTeX.

See the inputenc package documentation for explanation.
Type  H <return>  for immediate help.
 ...                                              
                                                  
l.3 ... –¢–æ –µ—Å—Ç—å —É —Ñ–æ—Ä–º—É–ª—ã –ø–µ—Ä–≤—ã
                                                  –π –ø–æ—Ä—è–¥–æ–∫ –∞–ø–ø—Ä...

You may provide a definition with
\DeclareUnicodeCharacter 


! Package inputenc Error: Unicode character –π (U+0439)
(inputenc)                not set up for use with LaTeX.

See the inputenc package documentation for explanation.
Type  H <return>  for immediate help.
 ...                                              
                                                  
l.3 ...¢–æ –µ—Å—Ç—å —É —Ñ–æ—Ä–º—É–ª—ã –ø–µ—Ä–≤—ã–π
                                                   –ø–æ—Ä—è–¥–æ–∫ –∞–ø–ø—Ä–æ...

You may provide a definition with
\DeclareUnicodeCharacter 


! Package inputenc Error: Unicode character –ø (U+043F)
(inputenc)                not set up for use with LaTeX.

See the inputenc package documentation for explanation.
Type  H <return>  for immediate help.
 ...                                              
                                                  
l.3 ... –µ—Å—Ç—å —É —Ñ–æ—Ä–º—É–ª—ã –ø–µ—Ä–≤—ã–π –ø
                                                  –æ—Ä—è–¥–æ–∫ –∞–ø–ø—Ä–æ–∫—...

You may provide a definition with
\DeclareUnicodeCharacter 


! Package inputenc Error: Unicode character –æ (U+043E)
(inputenc)                not set up for use with LaTeX.

See the inputenc package documentation for explanation.
Type  H <return>  for immediate help.
 ...                                              
                                                  
l.3 ...µ—Å—Ç—å —É —Ñ–æ—Ä–º—É–ª—ã –ø–µ—Ä–≤—ã–π –ø–æ
                                                  —Ä—è–¥–æ–∫ –∞–ø–ø—Ä–æ–∫—Å–...

You may provide a definition with
\DeclareUnicodeCharacter 


! Package inputenc Error: Unicode character —Ä (U+0440)
(inputenc)                not set up for use with LaTeX.

See the inputenc package documentation for explanation.
Type  H <return>  for immediate help.
 ...                                              
                                                  
l.3 ...Å—Ç—å —É —Ñ–æ—Ä–º—É–ª—ã –ø–µ—Ä–≤—ã–π –ø–æ—Ä
                                                  —è–¥–æ–∫ –∞–ø–ø—Ä–æ–∫—Å–∏–...

You may provide a definition with
\DeclareUnicodeCharacter 


! Package inputenc Error: Unicode character —è (U+044F)
(inputenc)                not set up for use with LaTeX.

See the inputenc package documentation for explanation.
Type  H <return>  for immediate help.
 ...                                              
                                                  
l.3 ...Ç—å —É —Ñ–æ—Ä–º—É–ª—ã –ø–µ—Ä–≤—ã–π –ø–æ—Ä—è
                                                  –¥–æ–∫ –∞–ø–ø—Ä–æ–∫—Å–∏–º–...

You may provide a definition with
\DeclareUnicodeCharacter 


! Package inputenc Error: Unicode character –¥ (U+0434)
(inputenc)                not set up for use with LaTeX.

See the inputenc package documentation for explanation.
Type  H <return>  for immediate help.
 ...                                              
                                                  
l.3 ...å —É —Ñ–æ—Ä–º—É–ª—ã –ø–µ—Ä–≤—ã–π –ø–æ—Ä—è–¥
                                                  –æ–∫ –∞–ø–ø—Ä–æ–∫—Å–∏–º–∞—...

You may provide a definition with
\DeclareUnicodeCharacter 


! Package inputenc Error: Unicode character –æ (U+043E)
(inputenc)                not set up for use with LaTeX.

See the inputenc package documentation for explanation.
Type  H <return>  for immediate help.
 ...                                              
                                                  
l.3 ...—É —Ñ–æ—Ä–º—É–ª—ã –ø–µ—Ä–≤—ã–π –ø–æ—Ä—è–¥–æ
                                                  –∫ –∞–ø–ø—Ä–æ–∫—Å–∏–º–∞—Ü–...

You may provide a definition with
\DeclareUnicodeCharacter 


! Package inputenc Error: Unicode character –∫ (U+043A)
(inputenc)                not set up for use with LaTeX.

See the inputenc package documentation for explanation.
Type  H <return>  for immediate help.
 ...                                              
                                                  
l.3 ... —Ñ–æ—Ä–º—É–ª—ã –ø–µ—Ä–≤—ã–π –ø–æ—Ä—è–¥–æ–∫
                                                   –∞–ø–ø—Ä–æ–∫—Å–∏–º–∞—Ü–∏–∏.
You may provide a definition with
\DeclareUnicodeCharacter 


! Package inputenc Error: Unicode character –∞ (U+0430)
(inputenc)                not set up for use with LaTeX.

See the inputenc package documentation for explanation.
Type  H <return>  for immediate help.
 ...                                              
                                                  
l.3 ...–æ—Ä–º—É–ª—ã –ø–µ—Ä–≤—ã–π –ø–æ—Ä—è–¥–æ–∫ –∞
                                                  –ø–ø—Ä–æ–∫—Å–∏–º–∞—Ü–∏–∏.
You may provide a definition with
\DeclareUnicodeCharacter 


! Package inputenc Error: Unicode character –ø (U+043F)
(inputenc)                not set up for use with LaTeX.

See the inputenc package documentation for explanation.
Type  H <return>  for immediate help.
 ...                                              
                                                  
l.3 ...—Ä–º—É–ª—ã –ø–µ—Ä–≤—ã–π –ø–æ—Ä—è–¥–æ–∫ –∞–ø
                                                  –ø—Ä–æ–∫—Å–∏–º–∞—Ü–∏–∏.
You may provide a definition with
\DeclareUnicodeCharacter 


! Package inputenc Error: Unicode character –ø (U+043F)
(inputenc)                not set up for use with LaTeX.

See the inputenc package documentation for explanation.
Type  H <return>  for immediate help.
 ...                                              
                                                  
l.3 ...–º—É–ª—ã –ø–µ—Ä–≤—ã–π –ø–æ—Ä—è–¥–æ–∫ –∞–ø–ø
                                                  —Ä–æ–∫—Å–∏–º–∞—Ü–∏–∏.
You may provide a definition with
\DeclareUnicodeCharacter 


! Package inputenc Error: Unicode character —Ä (U+0440)
(inputenc)                not set up for use with LaTeX.

See the inputenc package documentation for explanation.
Type  H <return>  for immediate help.
 ...                                              
                                                  
l.3 ...—É–ª—ã –ø–µ—Ä–≤—ã–π –ø–æ—Ä—è–¥–æ–∫ –∞–ø–ø—Ä
                                                  –æ–∫—Å–∏–º–∞—Ü–∏–∏.
You may provide a definition with
\DeclareUnicodeCharacter 


! Package inputenc Error: Unicode character –æ (U+043E)
(inputenc)                not set up for use with LaTeX.

See the inputenc package documentation for explanation.
Type  H <return>  for immediate help.
 ...                                              
                                                  
l.3 ...–ª—ã –ø–µ—Ä–≤—ã–π –ø–æ—Ä—è–¥–æ–∫ –∞–ø–ø—Ä–æ
                                                  –∫—Å–∏–º–∞—Ü–∏–∏.
You may provide a definition with
\DeclareUnicodeCharacter 


! Package inputenc Error: Unicode character –∫ (U+043A)
(inputenc)                not set up for use with LaTeX.

See the inputenc package documentation for explanation.
Type  H <return>  for immediate help.
 ...                                              
                                                  
l.3 ...—ã –ø–µ—Ä–≤—ã–π –ø–æ—Ä—è–¥–æ–∫ –∞–ø–ø—Ä–æ–∫
                                                  —Å–∏–º–∞—Ü–∏–∏.
You may provide a definition with
\DeclareUnicodeCharacter 


! Package inputenc Error: Unicode character —Å (U+0441)
(inputenc)                not set up for use with LaTeX.

See the inputenc package documentation for explanation.
Type  H <return>  for immediate help.
 ...                                              
                                                  
l.3 ... –ø–µ—Ä–≤—ã–π –ø–æ—Ä—è–¥–æ–∫ –∞–ø–ø—Ä–æ–∫—Å
                                                  –∏–º–∞—Ü–∏–∏.
You may provide a definition with
\DeclareUnicodeCharacter 


! Package inputenc Error: Unicode character –∏ (U+0438)
(inputenc)                not set up for use with LaTeX.

See the inputenc package documentation for explanation.
Type  H <return>  for immediate help.
 ...                                              
                                                  
l.3 ...ø–µ—Ä–≤—ã–π –ø–æ—Ä—è–¥–æ–∫ –∞–ø–ø—Ä–æ–∫—Å–∏
                                                  –º–∞—Ü–∏–∏.
You may provide a definition with
\DeclareUnicodeCharacter 


! Package inputenc Error: Unicode character –º (U+043C)
(inputenc)                not set up for use with LaTeX.

See the inputenc package documentation for explanation.
Type  H <return>  for immediate help.
 ...                                              
                                                  
l.3 ...µ—Ä–≤—ã–π –ø–æ—Ä—è–¥–æ–∫ –∞–ø–ø—Ä–æ–∫—Å–∏–º
                                                  –∞—Ü–∏–∏.
You may provide a definition with
\DeclareUnicodeCharacter 


! Package inputenc Error: Unicode character –∞ (U+0430)
(inputenc)                not set up for use with LaTeX.

See the inputenc package documentation for explanation.
Type  H <return>  for immediate help.
 ...                                              
                                                  
l.3 ...Ä–≤—ã–π –ø–æ—Ä—è–¥–æ–∫ –∞–ø–ø—Ä–æ–∫—Å–∏–º–∞
                                                  —Ü–∏–∏.
You may provide a definition with
\DeclareUnicodeCharacter 


! Package inputenc Error: Unicode character —Ü (U+0446)
(inputenc)                not set up for use with LaTeX.

See the inputenc package documentation for explanation.
Type  H <return>  for immediate help.
 ...                                              
                                                  
l.3 ...≤—ã–π –ø–æ—Ä—è–¥–æ–∫ –∞–ø–ø—Ä–æ–∫—Å–∏–º–∞—Ü
                                                  –∏–∏.
You may provide a definition with
\DeclareUnicodeCharacter 


! Package inputenc Error: Unicode character –∏ (U+0438)
(inputenc)                not set up for use with LaTeX.

See the inputenc package documentation for explanation.
Type  H <return>  for immediate help.
 ...                                              
                                                  
l.3 ...ã–π –ø–æ—Ä—è–¥–æ–∫ –∞–ø–ø—Ä–æ–∫—Å–∏–º–∞—Ü–∏
                                                  –∏.
You may provide a definition with
\DeclareUnicodeCharacter 


! Package inputenc Error: Unicode character –∏ (U+0438)
(inputenc)                not set up for use with LaTeX.

See the inputenc package documentation for explanation.
Type  H <return>  for immediate help.
 ...                                              
                                                  
l.3 ...π –ø–æ—Ä—è–¥–æ–∫ –∞–ø–ø—Ä–æ–∫—Å–∏–º–∞—Ü–∏–∏
                                                  .
You may provide a definition with
\DeclareUnicodeCharacter 

Missing character: There is no . in font nullfont!

! Package inputenc Error: Unicode character –ø (U+043F)
(inputenc)                not set up for use with LaTeX.

See the inputenc package documentation for explanation.
Type  H <return>  for immediate help.
 ...                                              
                                                  
l.4 –ø
      —Ä–µ–¥–ø–æ–ª–æ–∂–∏–º, —á—Ç–æ $|\varepsilon_{–º–∞—à}| \leq E$, —Ç–æ–≥–¥–∞
You may provide a definition with
\DeclareUnicodeCharacter 


! Package inputenc Error: Unicode character —Ä (U+0440)
(inputenc)                not set up for use with LaTeX.

See the inputenc package documentation for explanation.
Type  H <return>  for immediate help.
 ...                                              
                                                  
l.4 –ø—Ä
        –µ–¥–ø–æ–ª–æ–∂–∏–º, —á—Ç–æ $|\varepsilon_{–º–∞—à}| \leq E$, —Ç–æ–≥–¥–∞
You may provide a definition with
\DeclareUnicodeCharacter 


! Package inputenc Error: Unicode character –µ (U+0435)
(inputenc)                not set up for use with LaTeX.

See the inputenc package documentation for explanation.
Type  H <return>  for immediate help.
 ...                                              
                                                  
l.4 –ø—Ä–µ
          –¥–ø–æ–ª–æ–∂–∏–º, —á—Ç–æ $|\varepsilon_{–º–∞—à}| \leq E$, —Ç–æ–≥–¥–∞
You may provide a definition with
\DeclareUnicodeCharacter 


! Package inputenc Error: Unicode character –¥ (U+0434)
(inputenc)                not set up for use with LaTeX.

See the inputenc package documentation for explanation.
Type  H <return>  for immediate help.
 ...                                              
                                                  
l.4 –ø—Ä–µ–¥
            –ø–æ–ª–æ–∂–∏–º, —á—Ç–æ $|\varepsilon_{–º–∞—à}| \leq E$, —Ç–æ–≥–¥–∞
You may provide a definition with
\DeclareUnicodeCharacter 


! Package inputenc Error: Unicode character –ø (U+043F)
(inputenc)                not set up for use with LaTeX.

See the inputenc package documentation for explanation.
Type  H <return>  for immediate help.
 ...                                              
                                                  
l.4 –ø—Ä–µ–¥–ø
              –æ–ª–æ–∂–∏–º, —á—Ç–æ $|\varepsilon_{–º–∞—à}| \leq E$, —Ç–æ–≥–¥–∞
You may provide a definition with
\DeclareUnicodeCharacter 


! Package inputenc Error: Unicode character –æ (U+043E)
(inputenc)                not set up for use with LaTeX.

See the inputenc package documentation for explanation.
Type  H <return>  for immediate help.
 ...                                              
                                                  
l.4 –ø—Ä–µ–¥–ø–æ
                –ª–æ–∂–∏–º, —á—Ç–æ $|\varepsilon_{–º–∞—à}| \leq E$, —Ç–æ–≥–¥–∞
You may provide a definition with
\DeclareUnicodeCharacter 


! Package inputenc Error: Unicode character –ª (U+043B)
(inputenc)                not set up for use with LaTeX.

See the inputenc package documentation for explanation.
Type  H <return>  for immediate help.
 ...                                              
                                                  
l.4 –ø—Ä–µ–¥–ø–æ–ª
                  –æ–∂–∏–º, —á—Ç–æ $|\varepsilon_{–º–∞—à}| \leq E$, —Ç–æ–≥–¥–∞
You may provide a definition with
\DeclareUnicodeCharacter 


! Package inputenc Error: Unicode character –æ (U+043E)
(inputenc)                not set up for use with LaTeX.

See the inputenc package documentation for explanation.
Type  H <return>  for immediate help.
 ...                                              
                                                  
l.4 –ø—Ä–µ–¥–ø–æ–ª–æ
                    –∂–∏–º, —á—Ç–æ $|\varepsilon_{–º–∞—à}| \leq E$, —Ç–æ–≥–¥–∞
You may provide a definition with
\DeclareUnicodeCharacter 


! Package inputenc Error: Unicode character –∂ (U+0436)
(inputenc)                not set up for use with LaTeX.

See the inputenc package documentation for explanation.
Type  H <return>  for immediate help.
 ...                                              
                                                  
l.4 –ø—Ä–µ–¥–ø–æ–ª–æ–∂
                      –∏–º, —á—Ç–æ $|\varepsilon_{–º–∞—à}| \leq E$, —Ç–æ–≥–¥–∞
You may provide a definition with
\DeclareUnicodeCharacter 


! Package inputenc Error: Unicode character –∏ (U+0438)
(inputenc)                not set up for use with LaTeX.

See the inputenc package documentation for explanation.
Type  H <return>  for immediate help.
 ...                                              
                                                  
l.4 –ø—Ä–µ–¥–ø–æ–ª–æ–∂–∏
                        –º, —á—Ç–æ $|\varepsilon_{–º–∞—à}| \leq E$, —Ç–æ–≥–¥–∞
You may provide a definition with
\DeclareUnicodeCharacter 


! Package inputenc Error: Unicode character –º (U+043C)
(inputenc)                not set up for use with LaTeX.

See the inputenc package documentation for explanation.
Type  H <return>  for immediate help.
 ...                                              
                                                  
l.4 –ø—Ä–µ–¥–ø–æ–ª–æ–∂–∏–º
                          , —á—Ç–æ $|\varepsilon_{–º–∞—à}| \leq E$, —Ç–æ–≥–¥–∞
You may provide a definition with
\DeclareUnicodeCharacter 

Missing character: There is no , in font nullfont!

! Package inputenc Error: Unicode character —á (U+0447)
(inputenc)                not set up for use with LaTeX.

See the inputenc package documentation for explanation.
Type  H <return>  for immediate help.
 ...                                              
                                                  
l.4 –ø—Ä–µ–¥–ø–æ–ª–æ–∂–∏–º, —á
                              —Ç–æ $|\varepsilon_{–º–∞—à}| \leq E$, —Ç–æ–≥–¥–∞
You may provide a definition with
\DeclareUnicodeCharacter 


! Package inputenc Error: Unicode character —Ç (U+0442)
(inputenc)                not set up for use with LaTeX.

See the inputenc package documentation for explanation.
Type  H <return>  for immediate help.
 ...                                              
                                                  
l.4 –ø—Ä–µ–¥–ø–æ–ª–æ–∂–∏–º, —á—Ç
                                –æ $|\varepsilon_{–º–∞—à}| \leq E$, —Ç–æ–≥–¥–∞
You may provide a definition with
\DeclareUnicodeCharacter 


! Package inputenc Error: Unicode character –æ (U+043E)
(inputenc)                not set up for use with LaTeX.

See the inputenc package documentation for explanation.
Type  H <return>  for immediate help.
 ...                                              
                                                  
l.4 –ø—Ä–µ–¥–ø–æ–ª–æ–∂–∏–º, —á—Ç–æ
                                   $|\varepsilon_{–º–∞—à}| \leq E$, —Ç–æ–≥–¥–∞
You may provide a definition with
\DeclareUnicodeCharacter 


! Package inputenc Error: Unicode character –º (U+043C)
(inputenc)                not set up for use with LaTeX.

See the inputenc package documentation for explanation.
Type  H <return>  for immediate help.
 ...                                              
                                                  
l.4 ...µ–¥–ø–æ–ª–æ–∂–∏–º, —á—Ç–æ $|\varepsilon_{–º
                                                  –∞—à}| \leq E$, —Ç–æ–≥–¥–∞
You may provide a definition with
\DeclareUnicodeCharacter 


! Package inputenc Error: Unicode character –∞ (U+0430)
(inputenc)                not set up for use with LaTeX.

See the inputenc package documentation for explanation.
Type  H <return>  for immediate help.
 ...                                              
                                                  
l.4 ...¥–ø–æ–ª–æ–∂–∏–º, —á—Ç–æ $|\varepsilon_{–º–∞
                                                  —à}| \leq E$, —Ç–æ–≥–¥–∞
You may provide a definition with
\DeclareUnicodeCharacter 


! Package inputenc Error: Unicode character —à (U+0448)
(inputenc)                not set up for use with LaTeX.

See the inputenc package documentation for explanation.
Type  H <return>  for immediate help.
 ...                                              
                                                  
l.4 ...ø–æ–ª–æ–∂–∏–º, —á—Ç–æ $|\varepsilon_{–º–∞—à
                                                  }| \leq E$, —Ç–æ–≥–¥–∞
You may provide a definition with
\DeclareUnicodeCharacter 

Missing character: There is no , in font nullfont!

! Package inputenc Error: Unicode character —Ç (U+0442)
(inputenc)                not set up for use with LaTeX.

See the inputenc package documentation for explanation.
Type  H <return>  for immediate help.
 ...                                              
                                                  
l.4 ... —á—Ç–æ $|\varepsilon_{–º–∞—à}| \leq E$, —Ç
                                                  –æ–≥–¥–∞
You may provide a definition with
\DeclareUnicodeCharacter 


! Package inputenc Error: Unicode character –æ (U+043E)
(inputenc)                not set up for use with LaTeX.

See the inputenc package documentation for explanation.
Type  H <return>  for immediate help.
 ...                                              
                                                  
l.4 ...á—Ç–æ $|\varepsilon_{–º–∞—à}| \leq E$, —Ç–æ
                                                  –≥–¥–∞
You may provide a definition with
\DeclareUnicodeCharacter 


! Package inputenc Error: Unicode character –≥ (U+0433)
(inputenc)                not set up for use with LaTeX.

See the inputenc package documentation for explanation.
Type  H <return>  for immediate help.
 ...                                              
                                                  
l.4 ...Ç–æ $|\varepsilon_{–º–∞—à}| \leq E$, —Ç–æ–≥
                                                  –¥–∞
You may provide a definition with
\DeclareUnicodeCharacter 


! Package inputenc Error: Unicode character –¥ (U+0434)
(inputenc)                not set up for use with LaTeX.

See the inputenc package documentation for explanation.
Type  H <return>  for immediate help.
 ...                                              
                                                  
l.4 ...æ $|\varepsilon_{–º–∞—à}| \leq E$, —Ç–æ–≥–¥
                                                  –∞
You may provide a definition with
\DeclareUnicodeCharacter 


! Package inputenc Error: Unicode character –∞ (U+0430)
(inputenc)                not set up for use with LaTeX.

See the inputenc package documentation for explanation.
Type  H <return>  for immediate help.
 ...                                              
                                                  
l.4 ...$|\varepsilon_{–º–∞—à}| \leq E$, —Ç–æ–≥–¥–∞
                                                  
You may provide a definition with
\DeclareUnicodeCharacter 


Overfull \hbox (39.80734pt too wide) in paragraph at lines 2--5
 $\OMS/cmsy/m/n/10 j\OML/cmm/m/it/10 f[]\OT1/cmr/m/n/10 (\OML/cmm/m/it/10 ^^X\O
T1/cmr/m/n/10 )\OMS/cmsy/m/n/10 j ^^T
 []


Overfull \hbox (10.79166pt too wide) in paragraph at lines 2--5
\OML/cmm/m/it/10 M$
 []


Overfull \hbox (5.76158pt too wide) in paragraph at lines 2--5
\OML/cmm/m/it/10 h$
 []


Overfull \hbox (21.27426pt too wide) in paragraph at lines 2--5
\OMS/cmsy/m/n/10 j\OML/cmm/m/it/10 "[]\OMS/cmsy/m/n/10 j ^^T
 []


Overfull \hbox (7.95831pt too wide) in paragraph at lines 2--5
\OML/cmm/m/it/10 E$
 []


Overfull \hbox (140.8251pt too wide) detected at line 5
\OML/cmm/m/it/10 r[] \OT1/cmr/m/n/10 = [] = []
 []


Overfull \hbox (104.3184pt too wide) detected at line 6
\OML/cmm/m/it/10 r \OT1/cmr/m/n/10 = \OML/cmm/m/it/10 r[] \OT1/cmr/m/n/10 + \OM
L/cmm/m/it/10 r[] \OT1/cmr/m/n/10 = [] + []
 []


! Package inputenc Error: Unicode character –æ (U+043E)
(inputenc)                not set up for use with LaTeX.

See the inputenc package documentation for explanation.
Type  H <return>  for immediate help.
 ...                                              
                                                  
l.7 $$h_{–æ
           –ø—Ç}  = \sqrt{\frac{40E}{3M}}$$
You may provide a definition with
\DeclareUnicodeCharacter 


! Package inputenc Error: Unicode character –ø (U+043F)
(inputenc)                not set up for use with LaTeX.

See the inputenc package documentation for explanation.
Type  H <return>  for immediate help.
 ...                                              
                                                  
l.7 $$h_{–æ–ø
             —Ç}  = \sqrt{\frac{40E}{3M}}$$
You may provide a definition with
\DeclareUnicodeCharacter 


! Package inputenc Error: Unicode character —Ç (U+0442)
(inputenc)                not set up for use with LaTeX.

See the inputenc package documentation for explanation.
Type  H <return>  for immediate help.
 ...                                              
                                                  
l.7 $$h_{–æ–ø—Ç
               }  = \sqrt{\frac{40E}{3M}}$$
You may provide a definition with
\DeclareUnicodeCharacter 


Overfull \hbox (49.95316pt too wide) detected at line 7
\OML/cmm/m/it/10 h[] \OT1/cmr/m/n/10 = []
 []


Overfull \hbox (63.86983pt too wide) detected at line 8
\OML/cmm/m/it/10 r[] \OT1/cmr/m/n/10 = []
 []


! Package inputenc Error: Unicode character –≥ (U+0433)
(inputenc)                not set up for use with LaTeX.

See the inputenc package documentation for explanation.
Type  H <return>  for immediate help.
 ...                                              
                                                  
l.9 –≥
      –¥–µ $h_{–æ–ø—Ç}$ --- –æ–ø—Ç–∏–º–∞–ª—å–Ω—ã–π —à–∞–≥ —á–∏—Å–ª–µ–Ω–Ω–æ–≥...

You may provide a definition with
\DeclareUnicodeCharacter 


! Package inputenc Error: Unicode character –¥ (U+0434)
(inputenc)                not set up for use with LaTeX.

See the inputenc package documentation for explanation.
Type  H <return>  for immediate help.
 ...                                              
                                                  
l.9 –≥–¥
        –µ $h_{–æ–ø—Ç}$ --- –æ–ø—Ç–∏–º–∞–ª—å–Ω—ã–π —à–∞–≥ —á–∏—Å–ª–µ–Ω–Ω–æ–≥...

You may provide a definition with
\DeclareUnicodeCharacter 


! Package inputenc Error: Unicode character –µ (U+0435)
(inputenc)                not set up for use with LaTeX.

See the inputenc package documentation for explanation.
Type  H <return>  for immediate help.
 ...                                              
                                                  
l.9 –≥–¥–µ
           $h_{–æ–ø—Ç}$ --- –æ–ø—Ç–∏–º–∞–ª—å–Ω—ã–π —à–∞–≥ —á–∏—Å–ª–µ–Ω–Ω–æ–≥...

You may provide a definition with
\DeclareUnicodeCharacter 


! Package inputenc Error: Unicode character –æ (U+043E)
(inputenc)                not set up for use with LaTeX.

See the inputenc package documentation for explanation.
Type  H <return>  for immediate help.
 ...                                              
                                                  
l.9 –≥–¥–µ $h_{–æ
                 –ø—Ç}$ --- –æ–ø—Ç–∏–º–∞–ª—å–Ω—ã–π —à–∞–≥ —á–∏—Å–ª–µ–Ω–Ω–æ–≥...

You may provide a definition with
\DeclareUnicodeCharacter 


! Package inputenc Error: Unicode character –ø (U+043F)
(inputenc)                not set up for use with LaTeX.

See the inputenc package documentation for explanation.
Type  H <return>  for immediate help.
 ...                                              
                                                  
l.9 –≥–¥–µ $h_{–æ–ø
                   —Ç}$ --- –æ–ø—Ç–∏–º–∞–ª—å–Ω—ã–π —à–∞–≥ —á–∏—Å–ª–µ–Ω–Ω–æ–≥...

You may provide a definition with
\DeclareUnicodeCharacter 


! Package inputenc Error: Unicode character —Ç (U+0442)
(inputenc)                not set up for use with LaTeX.

See the inputenc package documentation for explanation.
Type  H <return>  for immediate help.
 ...                                              
                                                  
l.9 –≥–¥–µ $h_{–æ–ø—Ç
                     }$ --- –æ–ø—Ç–∏–º–∞–ª—å–Ω—ã–π —à–∞–≥ —á–∏—Å–ª–µ–Ω–Ω–æ–≥...

You may provide a definition with
\DeclareUnicodeCharacter 

Missing character: There is no - in font nullfont!
Missing character: There is no - in font nullfont!
Missing character: There is no - in font nullfont!

! Package inputenc Error: Unicode character –æ (U+043E)
(inputenc)                not set up for use with LaTeX.

See the inputenc package documentation for explanation.
Type  H <return>  for immediate help.
 ...                                              
                                                  
l.9 –≥–¥–µ $h_{–æ–ø—Ç}$ --- –æ
                              –ø—Ç–∏–º–∞–ª—å–Ω—ã–π —à–∞–≥ —á–∏—Å–ª–µ–Ω–Ω–æ–≥...

You may provide a definition with
\DeclareUnicodeCharacter 


! Package inputenc Error: Unicode character –ø (U+043F)
(inputenc)                not set up for use with LaTeX.

See the inputenc package documentation for explanation.
Type  H <return>  for immediate help.
 ...                                              
                                                  
l.9 –≥–¥–µ $h_{–æ–ø—Ç}$ --- –æ–ø
                                —Ç–∏–º–∞–ª—å–Ω—ã–π —à–∞–≥ —á–∏—Å–ª–µ–Ω–Ω–æ–≥...

You may provide a definition with
\DeclareUnicodeCharacter 


! Package inputenc Error: Unicode character —Ç (U+0442)
(inputenc)                not set up for use with LaTeX.

See the inputenc package documentation for explanation.
Type  H <return>  for immediate help.
 ...                                              
                                                  
l.9 –≥–¥–µ $h_{–æ–ø—Ç}$ --- –æ–ø—Ç
                                  –∏–º–∞–ª—å–Ω—ã–π —à–∞–≥ —á–∏—Å–ª–µ–Ω–Ω–æ–≥...

You may provide a definition with
\DeclareUnicodeCharacter 


! Package inputenc Error: Unicode character –∏ (U+0438)
(inputenc)                not set up for use with LaTeX.

See the inputenc package documentation for explanation.
Type  H <return>  for immediate help.
 ...                                              
                                                  
l.9 –≥–¥–µ $h_{–æ–ø—Ç}$ --- –æ–ø—Ç–∏
                                    –º–∞–ª—å–Ω—ã–π —à–∞–≥ —á–∏—Å–ª–µ–Ω–Ω–æ–≥...

You may provide a definition with
\DeclareUnicodeCharacter 


! Package inputenc Error: Unicode character –º (U+043C)
(inputenc)                not set up for use with LaTeX.

See the inputenc package documentation for explanation.
Type  H <return>  for immediate help.
 ...                                              
                                                  
l.9 –≥–¥–µ $h_{–æ–ø—Ç}$ --- –æ–ø—Ç–∏–º
                                      –∞–ª—å–Ω—ã–π —à–∞–≥ —á–∏—Å–ª–µ–Ω–Ω–æ–≥...

You may provide a definition with
\DeclareUnicodeCharacter 


! Package inputenc Error: Unicode character –∞ (U+0430)
(inputenc)                not set up for use with LaTeX.

See the inputenc package documentation for explanation.
Type  H <return>  for immediate help.
 ...                                              
                                                  
l.9 –≥–¥–µ $h_{–æ–ø—Ç}$ --- –æ–ø—Ç–∏–º–∞
                                        –ª—å–Ω—ã–π —à–∞–≥ —á–∏—Å–ª–µ–Ω–Ω–æ–≥...

You may provide a definition with
\DeclareUnicodeCharacter 


! Package inputenc Error: Unicode character –ª (U+043B)
(inputenc)                not set up for use with LaTeX.

See the inputenc package documentation for explanation.
Type  H <return>  for immediate help.
 ...                                              
                                                  
l.9 –≥–¥–µ $h_{–æ–ø—Ç}$ --- –æ–ø—Ç–∏–º–∞–ª
                                          —å–Ω—ã–π —à–∞–≥ —á–∏—Å–ª–µ–Ω–Ω–æ–≥...

You may provide a definition with
\DeclareUnicodeCharacter 


! Package inputenc Error: Unicode character —å (U+044C)
(inputenc)                not set up for use with LaTeX.

See the inputenc package documentation for explanation.
Type  H <return>  for immediate help.
 ...                                              
                                                  
l.9 –≥–¥–µ $h_{–æ–ø—Ç}$ --- –æ–ø—Ç–∏–º–∞–ª—å
                                            –Ω—ã–π —à–∞–≥ —á–∏—Å–ª–µ–Ω–Ω–æ–≥...

You may provide a definition with
\DeclareUnicodeCharacter 


! Package inputenc Error: Unicode character –Ω (U+043D)
(inputenc)                not set up for use with LaTeX.

See the inputenc package documentation for explanation.
Type  H <return>  for immediate help.
 ...                                              
                                                  
l.9 –≥–¥–µ $h_{–æ–ø—Ç}$ --- –æ–ø—Ç–∏–º–∞–ª—å–Ω
                                              —ã–π —à–∞–≥ —á–∏—Å–ª–µ–Ω–Ω–æ–≥...

You may provide a definition with
\DeclareUnicodeCharacter 


! Package inputenc Error: Unicode character —ã (U+044B)
(inputenc)                not set up for use with LaTeX.

See the inputenc package documentation for explanation.
Type  H <return>  for immediate help.
 ...                                              
                                                  
l.9 –≥–¥–µ $h_{–æ–ø—Ç}$ --- –æ–ø—Ç–∏–º–∞–ª—å–Ω—ã
                                                –π —à–∞–≥ —á–∏—Å–ª–µ–Ω–Ω–æ–≥...

You may provide a definition with
\DeclareUnicodeCharacter 


! Package inputenc Error: Unicode character –π (U+0439)
(inputenc)                not set up for use with LaTeX.

See the inputenc package documentation for explanation.
Type  H <return>  for immediate help.
 ...                                              
                                                  
l.9 –≥–¥–µ $h_{–æ–ø—Ç}$ --- –æ–ø—Ç–∏–º–∞–ª—å–Ω—ã–π
                                                   —à–∞–≥ —á–∏—Å–ª–µ–Ω–Ω–æ–≥...

You may provide a definition with
\DeclareUnicodeCharacter 


! Package inputenc Error: Unicode character —à (U+0448)
(inputenc)                not set up for use with LaTeX.

See the inputenc package documentation for explanation.
Type  H <return>  for immediate help.
 ...                                              
                                                  
l.9 ... $h_{–æ–ø—Ç}$ --- –æ–ø—Ç–∏–º–∞–ª—å–Ω—ã–π —à
                                                  –∞–≥ —á–∏—Å–ª–µ–Ω–Ω–æ–≥–æ ...

You may provide a definition with
\DeclareUnicodeCharacter 


! Package inputenc Error: Unicode character –∞ (U+0430)
(inputenc)                not set up for use with LaTeX.

See the inputenc package documentation for explanation.
Type  H <return>  for immediate help.
 ...                                              
                                                  
l.9 ...h_{–æ–ø—Ç}$ --- –æ–ø—Ç–∏–º–∞–ª—å–Ω—ã–π —à–∞
                                                  –≥ —á–∏—Å–ª–µ–Ω–Ω–æ–≥–æ –¥...

You may provide a definition with
\DeclareUnicodeCharacter 


! Package inputenc Error: Unicode character –≥ (U+0433)
(inputenc)                not set up for use with LaTeX.

See the inputenc package documentation for explanation.
Type  H <return>  for immediate help.
 ...                                              
                                                  
l.9 ...{–æ–ø—Ç}$ --- –æ–ø—Ç–∏–º–∞–ª—å–Ω—ã–π —à–∞–≥
                                                   —á–∏—Å–ª–µ–Ω–Ω–æ–≥–æ –¥–∏...

You may provide a definition with
\DeclareUnicodeCharacter 


! Package inputenc Error: Unicode character —á (U+0447)
(inputenc)                not set up for use with LaTeX.

See the inputenc package documentation for explanation.
Type  H <return>  for immediate help.
 ...                                              
                                                  
l.9 ...–ø—Ç}$ --- –æ–ø—Ç–∏–º–∞–ª—å–Ω—ã–π —à–∞–≥ —á
                                                  –∏—Å–ª–µ–Ω–Ω–æ–≥–æ –¥–∏—Ñ—...

You may provide a definition with
\DeclareUnicodeCharacter 


! Package inputenc Error: Unicode character –∏ (U+0438)
(inputenc)                not set up for use with LaTeX.

See the inputenc package documentation for explanation.
Type  H <return>  for immediate help.
 ...                                              
                                                  
l.9 ...—Ç}$ --- –æ–ø—Ç–∏–º–∞–ª—å–Ω—ã–π —à–∞–≥ —á–∏
                                                  —Å–ª–µ–Ω–Ω–æ–≥–æ –¥–∏—Ñ—Ñ–...

You may provide a definition with
\DeclareUnicodeCharacter 


! Package inputenc Error: Unicode character —Å (U+0441)
(inputenc)                not set up for use with LaTeX.

See the inputenc package documentation for explanation.
Type  H <return>  for immediate help.
 ...                                              
                                                  
l.9 ...}$ --- –æ–ø—Ç–∏–º–∞–ª—å–Ω—ã–π —à–∞–≥ —á–∏—Å
                                                  –ª–µ–Ω–Ω–æ–≥–æ –¥–∏—Ñ—Ñ–µ—...

You may provide a definition with
\DeclareUnicodeCharacter 


! Package inputenc Error: Unicode character –ª (U+043B)
(inputenc)                not set up for use with LaTeX.

See the inputenc package documentation for explanation.
Type  H <return>  for immediate help.
 ...                                              
                                                  
l.9 ... --- –æ–ø—Ç–∏–º–∞–ª—å–Ω—ã–π —à–∞–≥ —á–∏—Å–ª
                                                  –µ–Ω–Ω–æ–≥–æ –¥–∏—Ñ—Ñ–µ—Ä–...

You may provide a definition with
\DeclareUnicodeCharacter 


! Package inputenc Error: Unicode character –µ (U+0435)
(inputenc)                not set up for use with LaTeX.

See the inputenc package documentation for explanation.
Type  H <return>  for immediate help.
 ...                                              
                                                  
l.9 ...-- –æ–ø—Ç–∏–º–∞–ª—å–Ω—ã–π —à–∞–≥ —á–∏—Å–ª–µ
                                                  –Ω–Ω–æ–≥–æ –¥–∏—Ñ—Ñ–µ—Ä–µ–...

You may provide a definition with
\DeclareUnicodeCharacter 


! Package inputenc Error: Unicode character –Ω (U+043D)
(inputenc)                not set up for use with LaTeX.

See the inputenc package documentation for explanation.
Type  H <return>  for immediate help.
 ...                                              
                                                  
l.9 ... –æ–ø—Ç–∏–º–∞–ª—å–Ω—ã–π —à–∞–≥ —á–∏—Å–ª–µ–Ω
                                                  –Ω–æ–≥–æ –¥–∏—Ñ—Ñ–µ—Ä–µ–Ω—...

You may provide a definition with
\DeclareUnicodeCharacter 


! Package inputenc Error: Unicode character –Ω (U+043D)
(inputenc)                not set up for use with LaTeX.

See the inputenc package documentation for explanation.
Type  H <return>  for immediate help.
 ...                                              
                                                  
l.9 ...æ–ø—Ç–∏–º–∞–ª—å–Ω—ã–π —à–∞–≥ —á–∏—Å–ª–µ–Ω–Ω
                                                  –æ–≥–æ –¥–∏—Ñ—Ñ–µ—Ä–µ–Ω—Ü–...
(That makes 100 errors; please try again.) 
Here is how much of TeX's memory you used:
 45 strings out of 478994
 752 string characters out of 5864751
 284044 words of memory out of 5000000
 17630 multiletter control sequences out of 15000+600000
 403430 words of font info for 27 fonts, out of 8000000 for 9000
 1141 hyphenation exceptions out of 8191
 17i,2n,15p,185b,58s stack positions out of 5000i,500n,10000p,200000b,80000s

!  ==> Fatal error occurred, no output PDF file produced!
