This is pdfTeX, Version 3.141592653-2.6-1.40.22 (TeX Live 2021/Arch Linux) (preloaded format=pdflatex 2021.5.27)  26 SEP 2021 19:09
entering extended mode
 restricted \write18 enabled.
 %&-line parsing enabled.
**I_8_5.tex
(./I_8_5.tex
LaTeX2e <2020-10-01> patch level 4
L3 programming layer <2021-02-18>
! Undefined control sequence.
l.1 \subsubsection
                  *{I.8.5}
The control sequence at the end of the top line
of your error message was never \def'ed. If you have
misspelled it (e.g., `\hobx'), type `I' and the correct
spelling (e.g., `I\hbox'). Otherwise just continue,
and I'll forget about whatever was undefined.


! LaTeX Error: Missing \begin{document}.

See the LaTeX manual or LaTeX Companion for explanation.
Type  H <return>  for immediate help.
 ...                                              
                                                  
l.1 \subsubsection*
                   {I.8.5}
You're in trouble here.  Try typing  <return>  to proceed.
If that doesn't work, type  X <return>  to quit.

Missing character: There is no * in font nullfont!
Missing character: There is no I in font nullfont!
Missing character: There is no . in font nullfont!
Missing character: There is no 8 in font nullfont!
Missing character: There is no . in font nullfont!
Missing character: There is no 5 in font nullfont!

! Package inputenc Error: Unicode character –ù (U+041D)
(inputenc)                not set up for use with LaTeX.

See the inputenc package documentation for explanation.
Type  H <return>  for immediate help.
 ...                                              
                                                  
l.2 –ù
      –∞–π—Ç–∏ –ø–æ–≥—Ä–µ—à–Ω–æ—Å—Ç—å –ø–æ –ø—Ä–æ–∏–∑–≤–æ–¥–Ω–æ–π –¥–ª—è —Ñ—...

You may provide a definition with
\DeclareUnicodeCharacter 


! Package inputenc Error: Unicode character –∞ (U+0430)
(inputenc)                not set up for use with LaTeX.

See the inputenc package documentation for explanation.
Type  H <return>  for immediate help.
 ...                                              
                                                  
l.2 –ù–∞
        –π—Ç–∏ –ø–æ–≥—Ä–µ—à–Ω–æ—Å—Ç—å –ø–æ –ø—Ä–æ–∏–∑–≤–æ–¥–Ω–æ–π –¥–ª—è —Ñ—...

You may provide a definition with
\DeclareUnicodeCharacter 


! Package inputenc Error: Unicode character –π (U+0439)
(inputenc)                not set up for use with LaTeX.

See the inputenc package documentation for explanation.
Type  H <return>  for immediate help.
 ...                                              
                                                  
l.2 –ù–∞–π
          —Ç–∏ –ø–æ–≥—Ä–µ—à–Ω–æ—Å—Ç—å –ø–æ –ø—Ä–æ–∏–∑–≤–æ–¥–Ω–æ–π –¥–ª—è —Ñ—...

You may provide a definition with
\DeclareUnicodeCharacter 


! Package inputenc Error: Unicode character —Ç (U+0442)
(inputenc)                not set up for use with LaTeX.

See the inputenc package documentation for explanation.
Type  H <return>  for immediate help.
 ...                                              
                                                  
l.2 –ù–∞–π—Ç
            –∏ –ø–æ–≥—Ä–µ—à–Ω–æ—Å—Ç—å –ø–æ –ø—Ä–æ–∏–∑–≤–æ–¥–Ω–æ–π –¥–ª—è —Ñ—...

You may provide a definition with
\DeclareUnicodeCharacter 


! Package inputenc Error: Unicode character –∏ (U+0438)
(inputenc)                not set up for use with LaTeX.

See the inputenc package documentation for explanation.
Type  H <return>  for immediate help.
 ...                                              
                                                  
l.2 –ù–∞–π—Ç–∏
               –ø–æ–≥—Ä–µ—à–Ω–æ—Å—Ç—å –ø–æ –ø—Ä–æ–∏–∑–≤–æ–¥–Ω–æ–π –¥–ª—è —Ñ—...

You may provide a definition with
\DeclareUnicodeCharacter 


! Package inputenc Error: Unicode character –ø (U+043F)
(inputenc)                not set up for use with LaTeX.

See the inputenc package documentation for explanation.
Type  H <return>  for immediate help.
 ...                                              
                                                  
l.2 –ù–∞–π—Ç–∏ –ø
                 –æ–≥—Ä–µ—à–Ω–æ—Å—Ç—å –ø–æ –ø—Ä–æ–∏–∑–≤–æ–¥–Ω–æ–π –¥–ª—è —Ñ—...

You may provide a definition with
\DeclareUnicodeCharacter 


! Package inputenc Error: Unicode character –æ (U+043E)
(inputenc)                not set up for use with LaTeX.

See the inputenc package documentation for explanation.
Type  H <return>  for immediate help.
 ...                                              
                                                  
l.2 –ù–∞–π—Ç–∏ –ø–æ
                   –≥—Ä–µ—à–Ω–æ—Å—Ç—å –ø–æ –ø—Ä–æ–∏–∑–≤–æ–¥–Ω–æ–π –¥–ª—è —Ñ—...

You may provide a definition with
\DeclareUnicodeCharacter 


! Package inputenc Error: Unicode character –≥ (U+0433)
(inputenc)                not set up for use with LaTeX.

See the inputenc package documentation for explanation.
Type  H <return>  for immediate help.
 ...                                              
                                                  
l.2 –ù–∞–π—Ç–∏ –ø–æ–≥
                     —Ä–µ—à–Ω–æ—Å—Ç—å –ø–æ –ø—Ä–æ–∏–∑–≤–æ–¥–Ω–æ–π –¥–ª—è —Ñ—...

You may provide a definition with
\DeclareUnicodeCharacter 


! Package inputenc Error: Unicode character —Ä (U+0440)
(inputenc)                not set up for use with LaTeX.

See the inputenc package documentation for explanation.
Type  H <return>  for immediate help.
 ...                                              
                                                  
l.2 –ù–∞–π—Ç–∏ –ø–æ–≥—Ä
                       –µ—à–Ω–æ—Å—Ç—å –ø–æ –ø—Ä–æ–∏–∑–≤–æ–¥–Ω–æ–π –¥–ª—è —Ñ—...

You may provide a definition with
\DeclareUnicodeCharacter 


! Package inputenc Error: Unicode character –µ (U+0435)
(inputenc)                not set up for use with LaTeX.

See the inputenc package documentation for explanation.
Type  H <return>  for immediate help.
 ...                                              
                                                  
l.2 –ù–∞–π—Ç–∏ –ø–æ–≥—Ä–µ
                         —à–Ω–æ—Å—Ç—å –ø–æ –ø—Ä–æ–∏–∑–≤–æ–¥–Ω–æ–π –¥–ª—è —Ñ—...

You may provide a definition with
\DeclareUnicodeCharacter 


! Package inputenc Error: Unicode character —à (U+0448)
(inputenc)                not set up for use with LaTeX.

See the inputenc package documentation for explanation.
Type  H <return>  for immediate help.
 ...                                              
                                                  
l.2 –ù–∞–π—Ç–∏ –ø–æ–≥—Ä–µ—à
                           –Ω–æ—Å—Ç—å –ø–æ –ø—Ä–æ–∏–∑–≤–æ–¥–Ω–æ–π –¥–ª—è —Ñ—...

You may provide a definition with
\DeclareUnicodeCharacter 


! Package inputenc Error: Unicode character –Ω (U+043D)
(inputenc)                not set up for use with LaTeX.

See the inputenc package documentation for explanation.
Type  H <return>  for immediate help.
 ...                                              
                                                  
l.2 –ù–∞–π—Ç–∏ –ø–æ–≥—Ä–µ—à–Ω
                             –æ—Å—Ç—å –ø–æ –ø—Ä–æ–∏–∑–≤–æ–¥–Ω–æ–π –¥–ª—è —Ñ—...

You may provide a definition with
\DeclareUnicodeCharacter 


! Package inputenc Error: Unicode character –æ (U+043E)
(inputenc)                not set up for use with LaTeX.

See the inputenc package documentation for explanation.
Type  H <return>  for immediate help.
 ...                                              
                                                  
l.2 –ù–∞–π—Ç–∏ –ø–æ–≥—Ä–µ—à–Ω–æ
                               —Å—Ç—å –ø–æ –ø—Ä–æ–∏–∑–≤–æ–¥–Ω–æ–π –¥–ª—è —Ñ—...

You may provide a definition with
\DeclareUnicodeCharacter 


! Package inputenc Error: Unicode character —Å (U+0441)
(inputenc)                not set up for use with LaTeX.

See the inputenc package documentation for explanation.
Type  H <return>  for immediate help.
 ...                                              
                                                  
l.2 –ù–∞–π—Ç–∏ –ø–æ–≥—Ä–µ—à–Ω–æ—Å
                                 —Ç—å –ø–æ –ø—Ä–æ–∏–∑–≤–æ–¥–Ω–æ–π –¥–ª—è —Ñ—...

You may provide a definition with
\DeclareUnicodeCharacter 


! Package inputenc Error: Unicode character —Ç (U+0442)
(inputenc)                not set up for use with LaTeX.

See the inputenc package documentation for explanation.
Type  H <return>  for immediate help.
 ...                                              
                                                  
l.2 –ù–∞–π—Ç–∏ –ø–æ–≥—Ä–µ—à–Ω–æ—Å—Ç
                                   —å –ø–æ –ø—Ä–æ–∏–∑–≤–æ–¥–Ω–æ–π –¥–ª—è —Ñ—...

You may provide a definition with
\DeclareUnicodeCharacter 


! Package inputenc Error: Unicode character —å (U+044C)
(inputenc)                not set up for use with LaTeX.

See the inputenc package documentation for explanation.
Type  H <return>  for immediate help.
 ...                                              
                                                  
l.2 –ù–∞–π—Ç–∏ –ø–æ–≥—Ä–µ—à–Ω–æ—Å—Ç—å
                                      –ø–æ –ø—Ä–æ–∏–∑–≤–æ–¥–Ω–æ–π –¥–ª—è —Ñ—...

You may provide a definition with
\DeclareUnicodeCharacter 


! Package inputenc Error: Unicode character –ø (U+043F)
(inputenc)                not set up for use with LaTeX.

See the inputenc package documentation for explanation.
Type  H <return>  for immediate help.
 ...                                              
                                                  
l.2 –ù–∞–π—Ç–∏ –ø–æ–≥—Ä–µ—à–Ω–æ—Å—Ç—å –ø
                                        –æ –ø—Ä–æ–∏–∑–≤–æ–¥–Ω–æ–π –¥–ª—è —Ñ—...

You may provide a definition with
\DeclareUnicodeCharacter 


! Package inputenc Error: Unicode character –æ (U+043E)
(inputenc)                not set up for use with LaTeX.

See the inputenc package documentation for explanation.
Type  H <return>  for immediate help.
 ...                                              
                                                  
l.2 –ù–∞–π—Ç–∏ –ø–æ–≥—Ä–µ—à–Ω–æ—Å—Ç—å –ø–æ
                                           –ø—Ä–æ–∏–∑–≤–æ–¥–Ω–æ–π –¥–ª—è —Ñ—...

You may provide a definition with
\DeclareUnicodeCharacter 


! Package inputenc Error: Unicode character –ø (U+043F)
(inputenc)                not set up for use with LaTeX.

See the inputenc package documentation for explanation.
Type  H <return>  for immediate help.
 ...                                              
                                                  
l.2 –ù–∞–π—Ç–∏ –ø–æ–≥—Ä–µ—à–Ω–æ—Å—Ç—å –ø–æ –ø
                                             —Ä–æ–∏–∑–≤–æ–¥–Ω–æ–π –¥–ª—è —Ñ—...

You may provide a definition with
\DeclareUnicodeCharacter 


! Package inputenc Error: Unicode character —Ä (U+0440)
(inputenc)                not set up for use with LaTeX.

See the inputenc package documentation for explanation.
Type  H <return>  for immediate help.
 ...                                              
                                                  
l.2 –ù–∞–π—Ç–∏ –ø–æ–≥—Ä–µ—à–Ω–æ—Å—Ç—å –ø–æ –ø—Ä
                                               –æ–∏–∑–≤–æ–¥–Ω–æ–π –¥–ª—è —Ñ—...

You may provide a definition with
\DeclareUnicodeCharacter 


! Package inputenc Error: Unicode character –æ (U+043E)
(inputenc)                not set up for use with LaTeX.

See the inputenc package documentation for explanation.
Type  H <return>  for immediate help.
 ...                                              
                                                  
l.2 –ù–∞–π—Ç–∏ –ø–æ–≥—Ä–µ—à–Ω–æ—Å—Ç—å –ø–æ –ø—Ä–æ
                                                 –∏–∑–≤–æ–¥–Ω–æ–π –¥–ª—è —Ñ—...

You may provide a definition with
\DeclareUnicodeCharacter 


! Package inputenc Error: Unicode character –∏ (U+0438)
(inputenc)                not set up for use with LaTeX.

See the inputenc package documentation for explanation.
Type  H <return>  for immediate help.
 ...                                              
                                                  
l.2 ...–π—Ç–∏ –ø–æ–≥—Ä–µ—à–Ω–æ—Å—Ç—å –ø–æ –ø—Ä–æ–∏
                                                  –∑–≤–æ–¥–Ω–æ–π –¥–ª—è —Ñ—É...

You may provide a definition with
\DeclareUnicodeCharacter 


! Package inputenc Error: Unicode character –∑ (U+0437)
(inputenc)                not set up for use with LaTeX.

See the inputenc package documentation for explanation.
Type  H <return>  for immediate help.
 ...                                              
                                                  
l.2 ...—Ç–∏ –ø–æ–≥—Ä–µ—à–Ω–æ—Å—Ç—å –ø–æ –ø—Ä–æ–∏–∑
                                                  –≤–æ–¥–Ω–æ–π –¥–ª—è —Ñ—É–Ω...

You may provide a definition with
\DeclareUnicodeCharacter 


! Package inputenc Error: Unicode character –≤ (U+0432)
(inputenc)                not set up for use with LaTeX.

See the inputenc package documentation for explanation.
Type  H <return>  for immediate help.
 ...                                              
                                                  
l.2 ...–∏ –ø–æ–≥—Ä–µ—à–Ω–æ—Å—Ç—å –ø–æ –ø—Ä–æ–∏–∑–≤
                                                  –æ–¥–Ω–æ–π –¥–ª—è —Ñ—É–Ω–∫...

You may provide a definition with
\DeclareUnicodeCharacter 


! Package inputenc Error: Unicode character –æ (U+043E)
(inputenc)                not set up for use with LaTeX.

See the inputenc package documentation for explanation.
Type  H <return>  for immediate help.
 ...                                              
                                                  
l.2 ... –ø–æ–≥—Ä–µ—à–Ω–æ—Å—Ç—å –ø–æ –ø—Ä–æ–∏–∑–≤–æ
                                                  –¥–Ω–æ–π –¥–ª—è —Ñ—É–Ω–∫—Ü...

You may provide a definition with
\DeclareUnicodeCharacter 


! Package inputenc Error: Unicode character –¥ (U+0434)
(inputenc)                not set up for use with LaTeX.

See the inputenc package documentation for explanation.
Type  H <return>  for immediate help.
 ...                                              
                                                  
l.2 ...ø–æ–≥—Ä–µ—à–Ω–æ—Å—Ç—å –ø–æ –ø—Ä–æ–∏–∑–≤–æ–¥
                                                  –Ω–æ–π –¥–ª—è —Ñ—É–Ω–∫—Ü–∏...

You may provide a definition with
\DeclareUnicodeCharacter 


! Package inputenc Error: Unicode character –Ω (U+043D)
(inputenc)                not set up for use with LaTeX.

See the inputenc package documentation for explanation.
Type  H <return>  for immediate help.
 ...                                              
                                                  
l.2 ...æ–≥—Ä–µ—à–Ω–æ—Å—Ç—å –ø–æ –ø—Ä–æ–∏–∑–≤–æ–¥–Ω
                                                  –æ–π –¥–ª—è —Ñ—É–Ω–∫—Ü–∏–∏...

You may provide a definition with
\DeclareUnicodeCharacter 


! Package inputenc Error: Unicode character –æ (U+043E)
(inputenc)                not set up for use with LaTeX.

See the inputenc package documentation for explanation.
Type  H <return>  for immediate help.
 ...                                              
                                                  
l.2 ...≥—Ä–µ—à–Ω–æ—Å—Ç—å –ø–æ –ø—Ä–æ–∏–∑–≤–æ–¥–Ω–æ
                                                  –π –¥–ª—è —Ñ—É–Ω–∫—Ü–∏–∏ $...

You may provide a definition with
\DeclareUnicodeCharacter 


! Package inputenc Error: Unicode character –π (U+0439)
(inputenc)                not set up for use with LaTeX.

See the inputenc package documentation for explanation.
Type  H <return>  for immediate help.
 ...                                              
                                                  
l.2 ...Ä–µ—à–Ω–æ—Å—Ç—å –ø–æ –ø—Ä–æ–∏–∑–≤–æ–¥–Ω–æ–π
                                                   –¥–ª—è —Ñ—É–Ω–∫—Ü–∏–∏ $u=...

You may provide a definition with
\DeclareUnicodeCharacter 


! Package inputenc Error: Unicode character –¥ (U+0434)
(inputenc)                not set up for use with LaTeX.

See the inputenc package documentation for explanation.
Type  H <return>  for immediate help.
 ...                                              
                                                  
l.2 ...—à–Ω–æ—Å—Ç—å –ø–æ –ø—Ä–æ–∏–∑–≤–æ–¥–Ω–æ–π –¥
                                                  –ª—è —Ñ—É–Ω–∫—Ü–∏–∏ $u=\sq...

You may provide a definition with
\DeclareUnicodeCharacter 


! Package inputenc Error: Unicode character –ª (U+043B)
(inputenc)                not set up for use with LaTeX.

See the inputenc package documentation for explanation.
Type  H <return>  for immediate help.
 ...                                              
                                                  
l.2 ...–Ω–æ—Å—Ç—å –ø–æ –ø—Ä–æ–∏–∑–≤–æ–¥–Ω–æ–π –¥–ª
                                                  —è —Ñ—É–Ω–∫—Ü–∏–∏ $u=\sqrt...

You may provide a definition with
\DeclareUnicodeCharacter 


! Package inputenc Error: Unicode character —è (U+044F)
(inputenc)                not set up for use with LaTeX.

See the inputenc package documentation for explanation.
Type  H <return>  for immediate help.
 ...                                              
                                                  
l.2 ...–æ—Å—Ç—å –ø–æ –ø—Ä–æ–∏–∑–≤–æ–¥–Ω–æ–π –¥–ª—è
                                                   —Ñ—É–Ω–∫—Ü–∏–∏ $u=\sqrt{t...

You may provide a definition with
\DeclareUnicodeCharacter 


! Package inputenc Error: Unicode character —Ñ (U+0444)
(inputenc)                not set up for use with LaTeX.

See the inputenc package documentation for explanation.
Type  H <return>  for immediate help.
 ...                                              
                                                  
l.2 ...Å—Ç—å –ø–æ –ø—Ä–æ–∏–∑–≤–æ–¥–Ω–æ–π –¥–ª—è —Ñ
                                                  —É–Ω–∫—Ü–∏–∏ $u=\sqrt{t}$ ...

You may provide a definition with
\DeclareUnicodeCharacter 


! Package inputenc Error: Unicode character —É (U+0443)
(inputenc)                not set up for use with LaTeX.

See the inputenc package documentation for explanation.
Type  H <return>  for immediate help.
 ...                                              
                                                  
l.2 ...Ç—å –ø–æ –ø—Ä–æ–∏–∑–≤–æ–¥–Ω–æ–π –¥–ª—è —Ñ—É
                                                  –Ω–∫—Ü–∏–∏ $u=\sqrt{t}$ , ...

You may provide a definition with
\DeclareUnicodeCharacter 


! Package inputenc Error: Unicode character –Ω (U+043D)
(inputenc)                not set up for use with LaTeX.

See the inputenc package documentation for explanation.
Type  H <return>  for immediate help.
 ...                                              
                                                  
l.2 ...å –ø–æ –ø—Ä–æ–∏–∑–≤–æ–¥–Ω–æ–π –¥–ª—è —Ñ—É–Ω
                                                  –∫—Ü–∏–∏ $u=\sqrt{t}$ , –µ...

You may provide a definition with
\DeclareUnicodeCharacter 


! Package inputenc Error: Unicode character –∫ (U+043A)
(inputenc)                not set up for use with LaTeX.

See the inputenc package documentation for explanation.
Type  H <return>  for immediate help.
 ...                                              
                                                  
l.2 ...–ø–æ –ø—Ä–æ–∏–∑–≤–æ–¥–Ω–æ–π –¥–ª—è —Ñ—É–Ω–∫
                                                  —Ü–∏–∏ $u=\sqrt{t}$ , –µ—Å...

You may provide a definition with
\DeclareUnicodeCharacter 


! Package inputenc Error: Unicode character —Ü (U+0446)
(inputenc)                not set up for use with LaTeX.

See the inputenc package documentation for explanation.
Type  H <return>  for immediate help.
 ...                                              
                                                  
l.2 ...–æ –ø—Ä–æ–∏–∑–≤–æ–¥–Ω–æ–π –¥–ª—è —Ñ—É–Ω–∫—Ü
                                                  –∏–∏ $u=\sqrt{t}$ , –µ—Å–ª...

You may provide a definition with
\DeclareUnicodeCharacter 


! Package inputenc Error: Unicode character –∏ (U+0438)
(inputenc)                not set up for use with LaTeX.

See the inputenc package documentation for explanation.
Type  H <return>  for immediate help.
 ...                                              
                                                  
l.2 ... –ø—Ä–æ–∏–∑–≤–æ–¥–Ω–æ–π –¥–ª—è —Ñ—É–Ω–∫—Ü–∏
                                                  –∏ $u=\sqrt{t}$ , –µ—Å–ª–∏...

You may provide a definition with
\DeclareUnicodeCharacter 


! Package inputenc Error: Unicode character –∏ (U+0438)
(inputenc)                not set up for use with LaTeX.

See the inputenc package documentation for explanation.
Type  H <return>  for immediate help.
 ...                                              
                                                  
l.2 ...ø—Ä–æ–∏–∑–≤–æ–¥–Ω–æ–π –¥–ª—è —Ñ—É–Ω–∫—Ü–∏–∏
                                                   $u=\sqrt{t}$ , –µ—Å–ª–∏ –...

You may provide a definition with
\DeclareUnicodeCharacter 

LaTeX Font Info:    External font `cmex10' loaded for size
(Font)              <7> on input line 2.
LaTeX Font Info:    External font `cmex10' loaded for size
(Font)              <5> on input line 2.
Missing character: There is no , in font nullfont!

! Package inputenc Error: Unicode character –µ (U+0435)
(inputenc)                not set up for use with LaTeX.

See the inputenc package documentation for explanation.
Type  H <return>  for immediate help.
 ...                                              
                                                  
l.2 ...æ–π –¥–ª—è —Ñ—É–Ω–∫—Ü–∏–∏ $u=\sqrt{t}$ , –µ
                                                  —Å–ª–∏ –∑–∞–¥–∞–Ω—ã —Ç–æ—á...

You may provide a definition with
\DeclareUnicodeCharacter 


! Package inputenc Error: Unicode character —Å (U+0441)
(inputenc)                not set up for use with LaTeX.

See the inputenc package documentation for explanation.
Type  H <return>  for immediate help.
 ...                                              
                                                  
l.2 ...π –¥–ª—è —Ñ—É–Ω–∫—Ü–∏–∏ $u=\sqrt{t}$ , –µ—Å
                                                  –ª–∏ –∑–∞–¥–∞–Ω—ã —Ç–æ—á–∫...

You may provide a definition with
\DeclareUnicodeCharacter 


! Package inputenc Error: Unicode character –ª (U+043B)
(inputenc)                not set up for use with LaTeX.

See the inputenc package documentation for explanation.
Type  H <return>  for immediate help.
 ...                                              
                                                  
l.2 ...–¥–ª—è —Ñ—É–Ω–∫—Ü–∏–∏ $u=\sqrt{t}$ , –µ—Å–ª
                                                  –∏ –∑–∞–¥–∞–Ω—ã —Ç–æ—á–∫–∞...

You may provide a definition with
\DeclareUnicodeCharacter 


! Package inputenc Error: Unicode character –∏ (U+0438)
(inputenc)                not set up for use with LaTeX.

See the inputenc package documentation for explanation.
Type  H <return>  for immediate help.
 ...                                              
                                                  
l.2 ...–ª—è —Ñ—É–Ω–∫—Ü–∏–∏ $u=\sqrt{t}$ , –µ—Å–ª–∏
                                                   –∑–∞–¥–∞–Ω—ã —Ç–æ—á–∫–∞ –...

You may provide a definition with
\DeclareUnicodeCharacter 


! Package inputenc Error: Unicode character –∑ (U+0437)
(inputenc)                not set up for use with LaTeX.

See the inputenc package documentation for explanation.
Type  H <return>  for immediate help.
 ...                                              
                                                  
l.2 ...è —Ñ—É–Ω–∫—Ü–∏–∏ $u=\sqrt{t}$ , –µ—Å–ª–∏ –∑
                                                  –∞–¥–∞–Ω—ã —Ç–æ—á–∫–∞ –ø—Ä...

You may provide a definition with
\DeclareUnicodeCharacter 


! Package inputenc Error: Unicode character –∞ (U+0430)
(inputenc)                not set up for use with LaTeX.

See the inputenc package documentation for explanation.
Type  H <return>  for immediate help.
 ...                                              
                                                  
l.2 ...—Ñ—É–Ω–∫—Ü–∏–∏ $u=\sqrt{t}$ , –µ—Å–ª–∏ –∑–∞
                                                  –¥–∞–Ω—ã —Ç–æ—á–∫–∞ –ø—Ä–∏...

You may provide a definition with
\DeclareUnicodeCharacter 


! Package inputenc Error: Unicode character –¥ (U+0434)
(inputenc)                not set up for use with LaTeX.

See the inputenc package documentation for explanation.
Type  H <return>  for immediate help.
 ...                                              
                                                  
l.2 ...—É–Ω–∫—Ü–∏–∏ $u=\sqrt{t}$ , –µ—Å–ª–∏ –∑–∞–¥
                                                  –∞–Ω—ã —Ç–æ—á–∫–∞ –ø—Ä–∏–±...

You may provide a definition with
\DeclareUnicodeCharacter 


! Package inputenc Error: Unicode character –∞ (U+0430)
(inputenc)                not set up for use with LaTeX.

See the inputenc package documentation for explanation.
Type  H <return>  for immediate help.
 ...                                              
                                                  
l.2 ...–Ω–∫—Ü–∏–∏ $u=\sqrt{t}$ , –µ—Å–ª–∏ –∑–∞–¥–∞
                                                  –Ω—ã —Ç–æ—á–∫–∞ –ø—Ä–∏–±–ª...

You may provide a definition with
\DeclareUnicodeCharacter 


! Package inputenc Error: Unicode character –Ω (U+043D)
(inputenc)                not set up for use with LaTeX.

See the inputenc package documentation for explanation.
Type  H <return>  for immediate help.
 ...                                              
                                                  
l.2 ...–∫—Ü–∏–∏ $u=\sqrt{t}$ , –µ—Å–ª–∏ –∑–∞–¥–∞–Ω
                                                  —ã —Ç–æ—á–∫–∞ –ø—Ä–∏–±–ª–∏...

You may provide a definition with
\DeclareUnicodeCharacter 


! Package inputenc Error: Unicode character —ã (U+044B)
(inputenc)                not set up for use with LaTeX.

See the inputenc package documentation for explanation.
Type  H <return>  for immediate help.
 ...                                              
                                                  
l.2 ...—Ü–∏–∏ $u=\sqrt{t}$ , –µ—Å–ª–∏ –∑–∞–¥–∞–Ω—ã
                                                   —Ç–æ—á–∫–∞ –ø—Ä–∏–±–ª–∏–∂...

You may provide a definition with
\DeclareUnicodeCharacter 


! Package inputenc Error: Unicode character —Ç (U+0442)
(inputenc)                not set up for use with LaTeX.

See the inputenc package documentation for explanation.
Type  H <return>  for immediate help.
 ...                                              
                                                  
l.2 ...∏–∏ $u=\sqrt{t}$ , –µ—Å–ª–∏ –∑–∞–¥–∞–Ω—ã —Ç
                                                  –æ—á–∫–∞ –ø—Ä–∏–±–ª–∏–∂–µ–...

You may provide a definition with
\DeclareUnicodeCharacter 


! Package inputenc Error: Unicode character –æ (U+043E)
(inputenc)                not set up for use with LaTeX.

See the inputenc package documentation for explanation.
Type  H <return>  for immediate help.
 ...                                              
                                                  
l.2 ...∏ $u=\sqrt{t}$ , –µ—Å–ª–∏ –∑–∞–¥–∞–Ω—ã —Ç–æ
                                                  —á–∫–∞ –ø—Ä–∏–±–ª–∏–∂–µ–Ω–...

You may provide a definition with
\DeclareUnicodeCharacter 


! Package inputenc Error: Unicode character —á (U+0447)
(inputenc)                not set up for use with LaTeX.

See the inputenc package documentation for explanation.
Type  H <return>  for immediate help.
 ...                                              
                                                  
l.2 ...$u=\sqrt{t}$ , –µ—Å–ª–∏ –∑–∞–¥–∞–Ω—ã —Ç–æ—á
                                                  –∫–∞ –ø—Ä–∏–±–ª–∏–∂–µ–Ω–∏—...

You may provide a definition with
\DeclareUnicodeCharacter 


! Package inputenc Error: Unicode character –∫ (U+043A)
(inputenc)                not set up for use with LaTeX.

See the inputenc package documentation for explanation.
Type  H <return>  for immediate help.
 ...                                              
                                                  
l.2 ...=\sqrt{t}$ , –µ—Å–ª–∏ –∑–∞–¥–∞–Ω—ã —Ç–æ—á–∫
                                                  –∞ –ø—Ä–∏–±–ª–∏–∂–µ–Ω–∏—è ...

You may provide a definition with
\DeclareUnicodeCharacter 


! Package inputenc Error: Unicode character –∞ (U+0430)
(inputenc)                not set up for use with LaTeX.

See the inputenc package documentation for explanation.
Type  H <return>  for immediate help.
 ...                                              
                                                  
l.2 ...sqrt{t}$ , –µ—Å–ª–∏ –∑–∞–¥–∞–Ω—ã —Ç–æ—á–∫–∞
                                                   –ø—Ä–∏–±–ª–∏–∂–µ–Ω–∏—è $t...

You may provide a definition with
\DeclareUnicodeCharacter 


! Package inputenc Error: Unicode character –ø (U+043F)
(inputenc)                not set up for use with LaTeX.

See the inputenc package documentation for explanation.
Type  H <return>  for immediate help.
 ...                                              
                                                  
l.2 ...t{t}$ , –µ—Å–ª–∏ –∑–∞–¥–∞–Ω—ã —Ç–æ—á–∫–∞ –ø
                                                  —Ä–∏–±–ª–∏–∂–µ–Ω–∏—è $t^* ...

You may provide a definition with
\DeclareUnicodeCharacter 


! Package inputenc Error: Unicode character —Ä (U+0440)
(inputenc)                not set up for use with LaTeX.

See the inputenc package documentation for explanation.
Type  H <return>  for immediate help.
 ...                                              
                                                  
l.2 ...t}$ , –µ—Å–ª–∏ –∑–∞–¥–∞–Ω—ã —Ç–æ—á–∫–∞ –ø—Ä
                                                  –∏–±–ª–∏–∂–µ–Ω–∏—è $t^* = ...

You may provide a definition with
\DeclareUnicodeCharacter 


! Package inputenc Error: Unicode character –∏ (U+0438)
(inputenc)                not set up for use with LaTeX.

See the inputenc package documentation for explanation.
Type  H <return>  for immediate help.
 ...                                              
                                                  
l.2 ...$ , –µ—Å–ª–∏ –∑–∞–¥–∞–Ω—ã —Ç–æ—á–∫–∞ –ø—Ä–∏
                                                  –±–ª–∏–∂–µ–Ω–∏—è $t^* = 4$...

You may provide a definition with
\DeclareUnicodeCharacter 


! Package inputenc Error: Unicode character –± (U+0431)
(inputenc)                not set up for use with LaTeX.

See the inputenc package documentation for explanation.
Type  H <return>  for immediate help.
 ...                                              
                                                  
l.2 ..., –µ—Å–ª–∏ –∑–∞–¥–∞–Ω—ã —Ç–æ—á–∫–∞ –ø—Ä–∏–±
                                                  –ª–∏–∂–µ–Ω–∏—è $t^* = 4$, ...

You may provide a definition with
\DeclareUnicodeCharacter 


! Package inputenc Error: Unicode character –ª (U+043B)
(inputenc)                not set up for use with LaTeX.

See the inputenc package documentation for explanation.
Type  H <return>  for immediate help.
 ...                                              
                                                  
l.2 ...–µ—Å–ª–∏ –∑–∞–¥–∞–Ω—ã —Ç–æ—á–∫–∞ –ø—Ä–∏–±–ª
                                                  –∏–∂–µ–Ω–∏—è $t^* = 4$, –∑...

You may provide a definition with
\DeclareUnicodeCharacter 


! Package inputenc Error: Unicode character –∏ (U+0438)
(inputenc)                not set up for use with LaTeX.

See the inputenc package documentation for explanation.
Type  H <return>  for immediate help.
 ...                                              
                                                  
l.2 ...—Å–ª–∏ –∑–∞–¥–∞–Ω—ã —Ç–æ—á–∫–∞ –ø—Ä–∏–±–ª–∏
                                                  –∂–µ–Ω–∏—è $t^* = 4$, –∑–Ω...

You may provide a definition with
\DeclareUnicodeCharacter 


! Package inputenc Error: Unicode character –∂ (U+0436)
(inputenc)                not set up for use with LaTeX.

See the inputenc package documentation for explanation.
Type  H <return>  for immediate help.
 ...                                              
                                                  
l.2 ...–ª–∏ –∑–∞–¥–∞–Ω—ã —Ç–æ—á–∫–∞ –ø—Ä–∏–±–ª–∏–∂
                                                  –µ–Ω–∏—è $t^* = 4$, –∑–Ω–∞...

You may provide a definition with
\DeclareUnicodeCharacter 


! Package inputenc Error: Unicode character –µ (U+0435)
(inputenc)                not set up for use with LaTeX.

See the inputenc package documentation for explanation.
Type  H <return>  for immediate help.
 ...                                              
                                                  
l.2 ...–∏ –∑–∞–¥–∞–Ω—ã —Ç–æ—á–∫–∞ –ø—Ä–∏–±–ª–∏–∂–µ
                                                  –Ω–∏—è $t^* = 4$, –∑–Ω–∞—á...

You may provide a definition with
\DeclareUnicodeCharacter 


! Package inputenc Error: Unicode character –Ω (U+043D)
(inputenc)                not set up for use with LaTeX.

See the inputenc package documentation for explanation.
Type  H <return>  for immediate help.
 ...                                              
                                                  
l.2 ... –∑–∞–¥–∞–Ω—ã —Ç–æ—á–∫–∞ –ø—Ä–∏–±–ª–∏–∂–µ–Ω
                                                  –∏—è $t^* = 4$, –∑–Ω–∞—á–µ...

You may provide a definition with
\DeclareUnicodeCharacter 


! Package inputenc Error: Unicode character –∏ (U+0438)
(inputenc)                not set up for use with LaTeX.

See the inputenc package documentation for explanation.
Type  H <return>  for immediate help.
 ...                                              
                                                  
l.2 ...∑–∞–¥–∞–Ω—ã —Ç–æ—á–∫–∞ –ø—Ä–∏–±–ª–∏–∂–µ–Ω–∏
                                                  —è $t^* = 4$, –∑–Ω–∞—á–µ–Ω...

You may provide a definition with
\DeclareUnicodeCharacter 


! Package inputenc Error: Unicode character —è (U+044F)
(inputenc)                not set up for use with LaTeX.

See the inputenc package documentation for explanation.
Type  H <return>  for immediate help.
 ...                                              
                                                  
l.2 ...∞–¥–∞–Ω—ã —Ç–æ—á–∫–∞ –ø—Ä–∏–±–ª–∏–∂–µ–Ω–∏—è
                                                   $t^* = 4$, –∑–Ω–∞—á–µ–Ω–∏...

You may provide a definition with
\DeclareUnicodeCharacter 

Missing character: There is no , in font nullfont!

! Package inputenc Error: Unicode character –∑ (U+0437)
(inputenc)                not set up for use with LaTeX.

See the inputenc package documentation for explanation.
Type  H <return>  for immediate help.
 ...                                              
                                                  
l.2 ...—á–∫–∞ –ø—Ä–∏–±–ª–∏–∂–µ–Ω–∏—è $t^* = 4$, –∑
                                                  –Ω–∞—á–µ–Ω–∏–µ —Ñ—É–Ω–∫—Ü–...

You may provide a definition with
\DeclareUnicodeCharacter 


! Package inputenc Error: Unicode character –Ω (U+043D)
(inputenc)                not set up for use with LaTeX.

See the inputenc package documentation for explanation.
Type  H <return>  for immediate help.
 ...                                              
                                                  
l.2 ...–∫–∞ –ø—Ä–∏–±–ª–∏–∂–µ–Ω–∏—è $t^* = 4$, –∑–Ω
                                                  –∞—á–µ–Ω–∏–µ —Ñ—É–Ω–∫—Ü–∏–...

You may provide a definition with
\DeclareUnicodeCharacter 


! Package inputenc Error: Unicode character –∞ (U+0430)
(inputenc)                not set up for use with LaTeX.

See the inputenc package documentation for explanation.
Type  H <return>  for immediate help.
 ...                                              
                                                  
l.2 ...–∞ –ø—Ä–∏–±–ª–∏–∂–µ–Ω–∏—è $t^* = 4$, –∑–Ω–∞
                                                  —á–µ–Ω–∏–µ —Ñ—É–Ω–∫—Ü–∏–∏ ...

You may provide a definition with
\DeclareUnicodeCharacter 


! Package inputenc Error: Unicode character —á (U+0447)
(inputenc)                not set up for use with LaTeX.

See the inputenc package documentation for explanation.
Type  H <return>  for immediate help.
 ...                                              
                                                  
l.2 ... –ø—Ä–∏–±–ª–∏–∂–µ–Ω–∏—è $t^* = 4$, –∑–Ω–∞—á
                                                  –µ–Ω–∏–µ —Ñ—É–Ω–∫—Ü–∏–∏ $u...

You may provide a definition with
\DeclareUnicodeCharacter 


! Package inputenc Error: Unicode character –µ (U+0435)
(inputenc)                not set up for use with LaTeX.

See the inputenc package documentation for explanation.
Type  H <return>  for immediate help.
 ...                                              
                                                  
l.2 ...ø—Ä–∏–±–ª–∏–∂–µ–Ω–∏—è $t^* = 4$, –∑–Ω–∞—á–µ
                                                  –Ω–∏–µ —Ñ—É–Ω–∫—Ü–∏–∏ $u^*...

You may provide a definition with
\DeclareUnicodeCharacter 


! Package inputenc Error: Unicode character –Ω (U+043D)
(inputenc)                not set up for use with LaTeX.

See the inputenc package documentation for explanation.
Type  H <return>  for immediate help.
 ...                                              
                                                  
l.2 ...Ä–∏–±–ª–∏–∂–µ–Ω–∏—è $t^* = 4$, –∑–Ω–∞—á–µ–Ω
                                                  –∏–µ —Ñ—É–Ω–∫—Ü–∏–∏ $u^*$ ...

You may provide a definition with
\DeclareUnicodeCharacter 


! Package inputenc Error: Unicode character –∏ (U+0438)
(inputenc)                not set up for use with LaTeX.

See the inputenc package documentation for explanation.
Type  H <return>  for immediate help.
 ...                                              
                                                  
l.2 ...∏–±–ª–∏–∂–µ–Ω–∏—è $t^* = 4$, –∑–Ω–∞—á–µ–Ω–∏
                                                  –µ —Ñ—É–Ω–∫—Ü–∏–∏ $u^*$ –≤...

You may provide a definition with
\DeclareUnicodeCharacter 


! Package inputenc Error: Unicode character –µ (U+0435)
(inputenc)                not set up for use with LaTeX.

See the inputenc package documentation for explanation.
Type  H <return>  for immediate help.
 ...                                              
                                                  
l.2 ...±–ª–∏–∂–µ–Ω–∏—è $t^* = 4$, –∑–Ω–∞—á–µ–Ω–∏–µ
                                                   —Ñ—É–Ω–∫—Ü–∏–∏ $u^*$ –≤ —...

You may provide a definition with
\DeclareUnicodeCharacter 


! Package inputenc Error: Unicode character —Ñ (U+0444)
(inputenc)                not set up for use with LaTeX.

See the inputenc package documentation for explanation.
Type  H <return>  for immediate help.
 ...                                              
                                                  
l.2 ...–∏–∂–µ–Ω–∏—è $t^* = 4$, –∑–Ω–∞—á–µ–Ω–∏–µ —Ñ
                                                  —É–Ω–∫—Ü–∏–∏ $u^*$ –≤ —ç—Ç...

You may provide a definition with
\DeclareUnicodeCharacter 


! Package inputenc Error: Unicode character —É (U+0443)
(inputenc)                not set up for use with LaTeX.

See the inputenc package documentation for explanation.
Type  H <return>  for immediate help.
 ...                                              
                                                  
l.2 ...–∂–µ–Ω–∏—è $t^* = 4$, –∑–Ω–∞—á–µ–Ω–∏–µ —Ñ—É
                                                  –Ω–∫—Ü–∏–∏ $u^*$ –≤ —ç—Ç–æ...

You may provide a definition with
\DeclareUnicodeCharacter 


! Package inputenc Error: Unicode character –Ω (U+043D)
(inputenc)                not set up for use with LaTeX.

See the inputenc package documentation for explanation.
Type  H <return>  for immediate help.
 ...                                              
                                                  
l.2 ...–µ–Ω–∏—è $t^* = 4$, –∑–Ω–∞—á–µ–Ω–∏–µ —Ñ—É–Ω
                                                  –∫—Ü–∏–∏ $u^*$ –≤ —ç—Ç–æ–π...

You may provide a definition with
\DeclareUnicodeCharacter 


! Package inputenc Error: Unicode character –∫ (U+043A)
(inputenc)                not set up for use with LaTeX.

See the inputenc package documentation for explanation.
Type  H <return>  for immediate help.
 ...                                              
                                                  
l.2 ...–Ω–∏—è $t^* = 4$, –∑–Ω–∞—á–µ–Ω–∏–µ —Ñ—É–Ω–∫
                                                  —Ü–∏–∏ $u^*$ –≤ —ç—Ç–æ–π —...

You may provide a definition with
\DeclareUnicodeCharacter 


! Package inputenc Error: Unicode character —Ü (U+0446)
(inputenc)                not set up for use with LaTeX.

See the inputenc package documentation for explanation.
Type  H <return>  for immediate help.
 ...                                              
                                                  
l.2 ...–∏—è $t^* = 4$, –∑–Ω–∞—á–µ–Ω–∏–µ —Ñ—É–Ω–∫—Ü
                                                  –∏–∏ $u^*$ –≤ —ç—Ç–æ–π —Ç–...

You may provide a definition with
\DeclareUnicodeCharacter 


! Package inputenc Error: Unicode character –∏ (U+0438)
(inputenc)                not set up for use with LaTeX.

See the inputenc package documentation for explanation.
Type  H <return>  for immediate help.
 ...                                              
                                                  
l.2 ...—è $t^* = 4$, –∑–Ω–∞—á–µ–Ω–∏–µ —Ñ—É–Ω–∫—Ü–∏
                                                  –∏ $u^*$ –≤ —ç—Ç–æ–π —Ç–æ—...

You may provide a definition with
\DeclareUnicodeCharacter 


! Package inputenc Error: Unicode character –∏ (U+0438)
(inputenc)                not set up for use with LaTeX.

See the inputenc package documentation for explanation.
Type  H <return>  for immediate help.
 ...                                              
                                                  
l.2 ... $t^* = 4$, –∑–Ω–∞—á–µ–Ω–∏–µ —Ñ—É–Ω–∫—Ü–∏–∏
                                                   $u^*$ –≤ —ç—Ç–æ–π —Ç–æ—á–...

You may provide a definition with
\DeclareUnicodeCharacter 


! Package inputenc Error: Unicode character –≤ (U+0432)
(inputenc)                not set up for use with LaTeX.

See the inputenc package documentation for explanation.
Type  H <return>  for immediate help.
 ...                                              
                                                  
l.2 ...$, –∑–Ω–∞—á–µ–Ω–∏–µ —Ñ—É–Ω–∫—Ü–∏–∏ $u^*$ –≤
                                                   —ç—Ç–æ–π —Ç–æ—á–∫–µ –∏ –ø...

You may provide a definition with
\DeclareUnicodeCharacter 


! Package inputenc Error: Unicode character —ç (U+044D)
(inputenc)                not set up for use with LaTeX.

See the inputenc package documentation for explanation.
Type  H <return>  for immediate help.
 ...                                              
                                                  
l.2 ...–∑–Ω–∞—á–µ–Ω–∏–µ —Ñ—É–Ω–∫—Ü–∏–∏ $u^*$ –≤ —ç
                                                  —Ç–æ–π —Ç–æ—á–∫–µ –∏ –ø–æ–...

You may provide a definition with
\DeclareUnicodeCharacter 


! Package inputenc Error: Unicode character —Ç (U+0442)
(inputenc)                not set up for use with LaTeX.

See the inputenc package documentation for explanation.
Type  H <return>  for immediate help.
 ...                                              
                                                  
l.2 ...–Ω–∞—á–µ–Ω–∏–µ —Ñ—É–Ω–∫—Ü–∏–∏ $u^*$ –≤ —ç—Ç
                                                  –æ–π —Ç–æ—á–∫–µ –∏ –ø–æ–≥—...

You may provide a definition with
\DeclareUnicodeCharacter 


! Package inputenc Error: Unicode character –æ (U+043E)
(inputenc)                not set up for use with LaTeX.

See the inputenc package documentation for explanation.
Type  H <return>  for immediate help.
 ...                                              
                                                  
l.2 ...–∞—á–µ–Ω–∏–µ —Ñ—É–Ω–∫—Ü–∏–∏ $u^*$ –≤ —ç—Ç–æ
                                                  –π —Ç–æ—á–∫–µ –∏ –ø–æ–≥—Ä–...

You may provide a definition with
\DeclareUnicodeCharacter 


! Package inputenc Error: Unicode character –π (U+0439)
(inputenc)                not set up for use with LaTeX.

See the inputenc package documentation for explanation.
Type  H <return>  for immediate help.
 ...                                              
                                                  
l.2 ...—á–µ–Ω–∏–µ —Ñ—É–Ω–∫—Ü–∏–∏ $u^*$ –≤ —ç—Ç–æ–π
                                                   —Ç–æ—á–∫–µ –∏ –ø–æ–≥—Ä–µ—...

You may provide a definition with
\DeclareUnicodeCharacter 


! Package inputenc Error: Unicode character —Ç (U+0442)
(inputenc)                not set up for use with LaTeX.

See the inputenc package documentation for explanation.
Type  H <return>  for immediate help.
 ...                                              
                                                  
l.2 ...µ–Ω–∏–µ —Ñ—É–Ω–∫—Ü–∏–∏ $u^*$ –≤ —ç—Ç–æ–π —Ç
                                                  –æ—á–∫–µ –∏ –ø–æ–≥—Ä–µ—à–Ω...

You may provide a definition with
\DeclareUnicodeCharacter 


! Package inputenc Error: Unicode character –æ (U+043E)
(inputenc)                not set up for use with LaTeX.

See the inputenc package documentation for explanation.
Type  H <return>  for immediate help.
 ...                                              
                                                  
l.2 ...Ω–∏–µ —Ñ—É–Ω–∫—Ü–∏–∏ $u^*$ –≤ —ç—Ç–æ–π —Ç–æ
                                                  —á–∫–µ –∏ –ø–æ–≥—Ä–µ—à–Ω–æ...

You may provide a definition with
\DeclareUnicodeCharacter 


! Package inputenc Error: Unicode character —á (U+0447)
(inputenc)                not set up for use with LaTeX.

See the inputenc package documentation for explanation.
Type  H <return>  for immediate help.
 ...                                              
                                                  
l.2 ...∏–µ —Ñ—É–Ω–∫—Ü–∏–∏ $u^*$ –≤ —ç—Ç–æ–π —Ç–æ—á
                                                  –∫–µ –∏ –ø–æ–≥—Ä–µ—à–Ω–æ—Å...

You may provide a definition with
\DeclareUnicodeCharacter 


! Package inputenc Error: Unicode character –∫ (U+043A)
(inputenc)                not set up for use with LaTeX.

See the inputenc package documentation for explanation.
Type  H <return>  for immediate help.
 ...                                              
                                                  
l.2 ...µ —Ñ—É–Ω–∫—Ü–∏–∏ $u^*$ –≤ —ç—Ç–æ–π —Ç–æ—á–∫
                                                  –µ –∏ –ø–æ–≥—Ä–µ—à–Ω–æ—Å—Ç...

You may provide a definition with
\DeclareUnicodeCharacter 


! Package inputenc Error: Unicode character –µ (U+0435)
(inputenc)                not set up for use with LaTeX.

See the inputenc package documentation for explanation.
Type  H <return>  for immediate help.
 ...                                              
                                                  
l.2 ...—Ñ—É–Ω–∫—Ü–∏–∏ $u^*$ –≤ —ç—Ç–æ–π —Ç–æ—á–∫–µ
                                                   –∏ –ø–æ–≥—Ä–µ—à–Ω–æ—Å—Ç—å...

You may provide a definition with
\DeclareUnicodeCharacter 


! Package inputenc Error: Unicode character –∏ (U+0438)
(inputenc)                not set up for use with LaTeX.

See the inputenc package documentation for explanation.
Type  H <return>  for immediate help.
 ...                                              
                                                  
l.2 ...É–Ω–∫—Ü–∏–∏ $u^*$ –≤ —ç—Ç–æ–π —Ç–æ—á–∫–µ –∏
                                                   –ø–æ–≥—Ä–µ—à–Ω–æ—Å—Ç—å $\...

You may provide a definition with
\DeclareUnicodeCharacter 


! Package inputenc Error: Unicode character –ø (U+043F)
(inputenc)                not set up for use with LaTeX.

See the inputenc package documentation for explanation.
Type  H <return>  for immediate help.
 ...                                              
                                                  
l.2 ...–∫—Ü–∏–∏ $u^*$ –≤ —ç—Ç–æ–π —Ç–æ—á–∫–µ –∏ –ø
                                                  –æ–≥—Ä–µ—à–Ω–æ—Å—Ç—å $\Del...

You may provide a definition with
\DeclareUnicodeCharacter 


! Package inputenc Error: Unicode character –æ (U+043E)
(inputenc)                not set up for use with LaTeX.

See the inputenc package documentation for explanation.
Type  H <return>  for immediate help.
 ...                                              
                                                  
l.2 ...—Ü–∏–∏ $u^*$ –≤ —ç—Ç–æ–π —Ç–æ—á–∫–µ –∏ –ø–æ
                                                  –≥—Ä–µ—à–Ω–æ—Å—Ç—å $\Delta...

You may provide a definition with
\DeclareUnicodeCharacter 


! Package inputenc Error: Unicode character –≥ (U+0433)
(inputenc)                not set up for use with LaTeX.

See the inputenc package documentation for explanation.
Type  H <return>  for immediate help.
 ...                                              
                                                  
l.2 ...–∏–∏ $u^*$ –≤ —ç—Ç–æ–π —Ç–æ—á–∫–µ –∏ –ø–æ–≥
                                                  —Ä–µ—à–Ω–æ—Å—Ç—å $\Delta t...

You may provide a definition with
\DeclareUnicodeCharacter 


! Package inputenc Error: Unicode character —Ä (U+0440)
(inputenc)                not set up for use with LaTeX.

See the inputenc package documentation for explanation.
Type  H <return>  for immediate help.
 ...                                              
                                                  
l.2 ...–∏ $u^*$ –≤ —ç—Ç–æ–π —Ç–æ—á–∫–µ –∏ –ø–æ–≥—Ä
                                                  –µ—à–Ω–æ—Å—Ç—å $\Delta t^*...

You may provide a definition with
\DeclareUnicodeCharacter 


! Package inputenc Error: Unicode character –µ (U+0435)
(inputenc)                not set up for use with LaTeX.

See the inputenc package documentation for explanation.
Type  H <return>  for immediate help.
 ...                                              
                                                  
l.2 ... $u^*$ –≤ —ç—Ç–æ–π —Ç–æ—á–∫–µ –∏ –ø–æ–≥—Ä–µ
                                                  —à–Ω–æ—Å—Ç—å $\Delta t^* =...

You may provide a definition with
\DeclareUnicodeCharacter 


! Package inputenc Error: Unicode character —à (U+0448)
(inputenc)                not set up for use with LaTeX.

See the inputenc package documentation for explanation.
Type  H <return>  for immediate help.
 ...                                              
                                                  
l.2 ...u^*$ –≤ —ç—Ç–æ–π —Ç–æ—á–∫–µ –∏ –ø–æ–≥—Ä–µ—à
                                                  –Ω–æ—Å—Ç—å $\Delta t^* = 0...

You may provide a definition with
\DeclareUnicodeCharacter 


! Package inputenc Error: Unicode character –Ω (U+043D)
(inputenc)                not set up for use with LaTeX.

See the inputenc package documentation for explanation.
Type  H <return>  for immediate help.
 ...                                              
                                                  
l.2 ...*$ –≤ —ç—Ç–æ–π —Ç–æ—á–∫–µ –∏ –ø–æ–≥—Ä–µ—à–Ω
                                                  –æ—Å—Ç—å $\Delta t^* = 0,1...
(That makes 100 errors; please try again.) 
Here is how much of TeX's memory you used:
 47 strings out of 478994
 758 string characters out of 5864751
 283044 words of memory out of 5000000
 17632 multiletter control sequences out of 15000+600000
 403430 words of font info for 27 fonts, out of 8000000 for 9000
 1141 hyphenation exceptions out of 8191
 18i,2n,15p,302b,56s stack positions out of 5000i,500n,10000p,200000b,80000s

!  ==> Fatal error occurred, no output PDF file produced!
