This is pdfTeX, Version 3.14159265-2.6-1.40.21 (TeX Live 2020/Arch Linux) (preloaded format=pdflatex 2021.4.19)  25 MAY 2021 17:07
entering extended mode
 restricted \write18 enabled.
 %&-line parsing enabled.
**9_40.tex
(./9_40.tex
LaTeX2e <2020-10-01> patch level 2
L3 programming layer <2020-12-03> xparse <2020-03-03>
! Undefined control sequence.
l.1 \subsection
               *{9.40}
The control sequence at the end of the top line
of your error message was never \def'ed. If you have
misspelled it (e.g., `\hobx'), type `I' and the correct
spelling (e.g., `I\hbox'). Otherwise just continue,
and I'll forget about whatever was undefined.


! LaTeX Error: Missing \begin{document}.

See the LaTeX manual or LaTeX Companion for explanation.
Type  H <return>  for immediate help.
 ...                                              
                                                  
l.1 \subsection*
                {9.40}
You're in trouble here.  Try typing  <return>  to proceed.
If that doesn't work, type  X <return>  to quit.

Missing character: There is no * in font nullfont!
Missing character: There is no 9 in font nullfont!
Missing character: There is no . in font nullfont!
Missing character: There is no 4 in font nullfont!
Missing character: There is no 0 in font nullfont!

! Package inputenc Error: Unicode character –î (U+0414)
(inputenc)                not set up for use with LaTeX.

See the inputenc package documentation for explanation.
Type  H <return>  for immediate help.
 ...                                              
                                                  
l.2 –î
      –æ–ø—É—Å–∫–∞–µ–º–∞—è –Ω–µ–º–æ–Ω–æ—Ö—Ä–æ–º–∞—Ç–∏—á–Ω–æ—Å—Ç—å: $\Delta_{...

You may provide a definition with
\DeclareUnicodeCharacter 


! Package inputenc Error: Unicode character –æ (U+043E)
(inputenc)                not set up for use with LaTeX.

See the inputenc package documentation for explanation.
Type  H <return>  for immediate help.
 ...                                              
                                                  
l.2 –î–æ
        –ø—É—Å–∫–∞–µ–º–∞—è –Ω–µ–º–æ–Ω–æ—Ö—Ä–æ–º–∞—Ç–∏—á–Ω–æ—Å—Ç—å: $\Delta_{...

You may provide a definition with
\DeclareUnicodeCharacter 


! Package inputenc Error: Unicode character –ø (U+043F)
(inputenc)                not set up for use with LaTeX.

See the inputenc package documentation for explanation.
Type  H <return>  for immediate help.
 ...                                              
                                                  
l.2 –î–æ–ø
          —É—Å–∫–∞–µ–º–∞—è –Ω–µ–º–æ–Ω–æ—Ö—Ä–æ–º–∞—Ç–∏—á–Ω–æ—Å—Ç—å: $\Delta_{...

You may provide a definition with
\DeclareUnicodeCharacter 


! Package inputenc Error: Unicode character —É (U+0443)
(inputenc)                not set up for use with LaTeX.

See the inputenc package documentation for explanation.
Type  H <return>  for immediate help.
 ...                                              
                                                  
l.2 –î–æ–ø—É
            —Å–∫–∞–µ–º–∞—è –Ω–µ–º–æ–Ω–æ—Ö—Ä–æ–º–∞—Ç–∏—á–Ω–æ—Å—Ç—å: $\Delta_{...

You may provide a definition with
\DeclareUnicodeCharacter 


! Package inputenc Error: Unicode character —Å (U+0441)
(inputenc)                not set up for use with LaTeX.

See the inputenc package documentation for explanation.
Type  H <return>  for immediate help.
 ...                                              
                                                  
l.2 –î–æ–ø—É—Å
              –∫–∞–µ–º–∞—è –Ω–µ–º–æ–Ω–æ—Ö—Ä–æ–º–∞—Ç–∏—á–Ω–æ—Å—Ç—å: $\Delta_{...

You may provide a definition with
\DeclareUnicodeCharacter 


! Package inputenc Error: Unicode character –∫ (U+043A)
(inputenc)                not set up for use with LaTeX.

See the inputenc package documentation for explanation.
Type  H <return>  for immediate help.
 ...                                              
                                                  
l.2 –î–æ–ø—É—Å–∫
                –∞–µ–º–∞—è –Ω–µ–º–æ–Ω–æ—Ö—Ä–æ–º–∞—Ç–∏—á–Ω–æ—Å—Ç—å: $\Delta_{...

You may provide a definition with
\DeclareUnicodeCharacter 


! Package inputenc Error: Unicode character –∞ (U+0430)
(inputenc)                not set up for use with LaTeX.

See the inputenc package documentation for explanation.
Type  H <return>  for immediate help.
 ...                                              
                                                  
l.2 –î–æ–ø—É—Å–∫–∞
                  –µ–º–∞—è –Ω–µ–º–æ–Ω–æ—Ö—Ä–æ–º–∞—Ç–∏—á–Ω–æ—Å—Ç—å: $\Delta_{...

You may provide a definition with
\DeclareUnicodeCharacter 


! Package inputenc Error: Unicode character –µ (U+0435)
(inputenc)                not set up for use with LaTeX.

See the inputenc package documentation for explanation.
Type  H <return>  for immediate help.
 ...                                              
                                                  
l.2 –î–æ–ø—É—Å–∫–∞–µ
                    –º–∞—è –Ω–µ–º–æ–Ω–æ—Ö—Ä–æ–º–∞—Ç–∏—á–Ω–æ—Å—Ç—å: $\Delta_{...

You may provide a definition with
\DeclareUnicodeCharacter 


! Package inputenc Error: Unicode character –º (U+043C)
(inputenc)                not set up for use with LaTeX.

See the inputenc package documentation for explanation.
Type  H <return>  for immediate help.
 ...                                              
                                                  
l.2 –î–æ–ø—É—Å–∫–∞–µ–º
                      –∞—è –Ω–µ–º–æ–Ω–æ—Ö—Ä–æ–º–∞—Ç–∏—á–Ω–æ—Å—Ç—å: $\Delta_{...

You may provide a definition with
\DeclareUnicodeCharacter 


! Package inputenc Error: Unicode character –∞ (U+0430)
(inputenc)                not set up for use with LaTeX.

See the inputenc package documentation for explanation.
Type  H <return>  for immediate help.
 ...                                              
                                                  
l.2 –î–æ–ø—É—Å–∫–∞–µ–º–∞
                        —è –Ω–µ–º–æ–Ω–æ—Ö—Ä–æ–º–∞—Ç–∏—á–Ω–æ—Å—Ç—å: $\Delta_{...

You may provide a definition with
\DeclareUnicodeCharacter 


! Package inputenc Error: Unicode character —è (U+044F)
(inputenc)                not set up for use with LaTeX.

See the inputenc package documentation for explanation.
Type  H <return>  for immediate help.
 ...                                              
                                                  
l.2 –î–æ–ø—É—Å–∫–∞–µ–º–∞—è
                           –Ω–µ–º–æ–Ω–æ—Ö—Ä–æ–º–∞—Ç–∏—á–Ω–æ—Å—Ç—å: $\Delta_{...

You may provide a definition with
\DeclareUnicodeCharacter 


! Package inputenc Error: Unicode character –Ω (U+043D)
(inputenc)                not set up for use with LaTeX.

See the inputenc package documentation for explanation.
Type  H <return>  for immediate help.
 ...                                              
                                                  
l.2 –î–æ–ø—É—Å–∫–∞–µ–º–∞—è –Ω
                             –µ–º–æ–Ω–æ—Ö—Ä–æ–º–∞—Ç–∏—á–Ω–æ—Å—Ç—å: $\Delta_{...

You may provide a definition with
\DeclareUnicodeCharacter 


! Package inputenc Error: Unicode character –µ (U+0435)
(inputenc)                not set up for use with LaTeX.

See the inputenc package documentation for explanation.
Type  H <return>  for immediate help.
 ...                                              
                                                  
l.2 –î–æ–ø—É—Å–∫–∞–µ–º–∞—è –Ω–µ
                               –º–æ–Ω–æ—Ö—Ä–æ–º–∞—Ç–∏—á–Ω–æ—Å—Ç—å: $\Delta_{...

You may provide a definition with
\DeclareUnicodeCharacter 


! Package inputenc Error: Unicode character –º (U+043C)
(inputenc)                not set up for use with LaTeX.

See the inputenc package documentation for explanation.
Type  H <return>  for immediate help.
 ...                                              
                                                  
l.2 –î–æ–ø—É—Å–∫–∞–µ–º–∞—è –Ω–µ–º
                                 –æ–Ω–æ—Ö—Ä–æ–º–∞—Ç–∏—á–Ω–æ—Å—Ç—å: $\Delta_{...

You may provide a definition with
\DeclareUnicodeCharacter 


! Package inputenc Error: Unicode character –æ (U+043E)
(inputenc)                not set up for use with LaTeX.

See the inputenc package documentation for explanation.
Type  H <return>  for immediate help.
 ...                                              
                                                  
l.2 –î–æ–ø—É—Å–∫–∞–µ–º–∞—è –Ω–µ–º–æ
                                   –Ω–æ—Ö—Ä–æ–º–∞—Ç–∏—á–Ω–æ—Å—Ç—å: $\Delta_{...

You may provide a definition with
\DeclareUnicodeCharacter 


! Package inputenc Error: Unicode character –Ω (U+043D)
(inputenc)                not set up for use with LaTeX.

See the inputenc package documentation for explanation.
Type  H <return>  for immediate help.
 ...                                              
                                                  
l.2 –î–æ–ø—É—Å–∫–∞–µ–º–∞—è –Ω–µ–º–æ–Ω
                                     –æ—Ö—Ä–æ–º–∞—Ç–∏—á–Ω–æ—Å—Ç—å: $\Delta_{...

You may provide a definition with
\DeclareUnicodeCharacter 


! Package inputenc Error: Unicode character –æ (U+043E)
(inputenc)                not set up for use with LaTeX.

See the inputenc package documentation for explanation.
Type  H <return>  for immediate help.
 ...                                              
                                                  
l.2 –î–æ–ø—É—Å–∫–∞–µ–º–∞—è –Ω–µ–º–æ–Ω–æ
                                       —Ö—Ä–æ–º–∞—Ç–∏—á–Ω–æ—Å—Ç—å: $\Delta_{...

You may provide a definition with
\DeclareUnicodeCharacter 


! Package inputenc Error: Unicode character —Ö (U+0445)
(inputenc)                not set up for use with LaTeX.

See the inputenc package documentation for explanation.
Type  H <return>  for immediate help.
 ...                                              
                                                  
l.2 –î–æ–ø—É—Å–∫–∞–µ–º–∞—è –Ω–µ–º–æ–Ω–æ—Ö
                                         —Ä–æ–º–∞—Ç–∏—á–Ω–æ—Å—Ç—å: $\Delta_{...

You may provide a definition with
\DeclareUnicodeCharacter 


! Package inputenc Error: Unicode character —Ä (U+0440)
(inputenc)                not set up for use with LaTeX.

See the inputenc package documentation for explanation.
Type  H <return>  for immediate help.
 ...                                              
                                                  
l.2 –î–æ–ø—É—Å–∫–∞–µ–º–∞—è –Ω–µ–º–æ–Ω–æ—Ö—Ä
                                           –æ–º–∞—Ç–∏—á–Ω–æ—Å—Ç—å: $\Delta_{...

You may provide a definition with
\DeclareUnicodeCharacter 


! Package inputenc Error: Unicode character –æ (U+043E)
(inputenc)                not set up for use with LaTeX.

See the inputenc package documentation for explanation.
Type  H <return>  for immediate help.
 ...                                              
                                                  
l.2 –î–æ–ø—É—Å–∫–∞–µ–º–∞—è –Ω–µ–º–æ–Ω–æ—Ö—Ä–æ
                                             –º–∞—Ç–∏—á–Ω–æ—Å—Ç—å: $\Delta_{...

You may provide a definition with
\DeclareUnicodeCharacter 


! Package inputenc Error: Unicode character –º (U+043C)
(inputenc)                not set up for use with LaTeX.

See the inputenc package documentation for explanation.
Type  H <return>  for immediate help.
 ...                                              
                                                  
l.2 –î–æ–ø—É—Å–∫–∞–µ–º–∞—è –Ω–µ–º–æ–Ω–æ—Ö—Ä–æ–º
                                               –∞—Ç–∏—á–Ω–æ—Å—Ç—å: $\Delta_{...

You may provide a definition with
\DeclareUnicodeCharacter 


! Package inputenc Error: Unicode character –∞ (U+0430)
(inputenc)                not set up for use with LaTeX.

See the inputenc package documentation for explanation.
Type  H <return>  for immediate help.
 ...                                              
                                                  
l.2 –î–æ–ø—É—Å–∫–∞–µ–º–∞—è –Ω–µ–º–æ–Ω–æ—Ö—Ä–æ–º–∞
                                                 —Ç–∏—á–Ω–æ—Å—Ç—å: $\Delta_{...

You may provide a definition with
\DeclareUnicodeCharacter 


! Package inputenc Error: Unicode character —Ç (U+0442)
(inputenc)                not set up for use with LaTeX.

See the inputenc package documentation for explanation.
Type  H <return>  for immediate help.
 ...                                              
                                                  
l.2 ...–ø—É—Å–∫–∞–µ–º–∞—è –Ω–µ–º–æ–Ω–æ—Ö—Ä–æ–º–∞—Ç
                                                  –∏—á–Ω–æ—Å—Ç—å: $\Delta_{m...

You may provide a definition with
\DeclareUnicodeCharacter 


! Package inputenc Error: Unicode character –∏ (U+0438)
(inputenc)                not set up for use with LaTeX.

See the inputenc package documentation for explanation.
Type  H <return>  for immediate help.
 ...                                              
                                                  
l.2 ...—É—Å–∫–∞–µ–º–∞—è –Ω–µ–º–æ–Ω–æ—Ö—Ä–æ–º–∞—Ç–∏
                                                  —á–Ω–æ—Å—Ç—å: $\Delta_{max...

You may provide a definition with
\DeclareUnicodeCharacter 


! Package inputenc Error: Unicode character —á (U+0447)
(inputenc)                not set up for use with LaTeX.

See the inputenc package documentation for explanation.
Type  H <return>  for immediate help.
 ...                                              
                                                  
l.2 ...—Å–∫–∞–µ–º–∞—è –Ω–µ–º–æ–Ω–æ—Ö—Ä–æ–º–∞—Ç–∏—á
                                                  –Ω–æ—Å—Ç—å: $\Delta_{max} ...

You may provide a definition with
\DeclareUnicodeCharacter 


! Package inputenc Error: Unicode character –Ω (U+043D)
(inputenc)                not set up for use with LaTeX.

See the inputenc package documentation for explanation.
Type  H <return>  for immediate help.
 ...                                              
                                                  
l.2 ...–∫–∞–µ–º–∞—è –Ω–µ–º–æ–Ω–æ—Ö—Ä–æ–º–∞—Ç–∏—á–Ω
                                                  –æ—Å—Ç—å: $\Delta_{max} \l...

You may provide a definition with
\DeclareUnicodeCharacter 


! Package inputenc Error: Unicode character –æ (U+043E)
(inputenc)                not set up for use with LaTeX.

See the inputenc package documentation for explanation.
Type  H <return>  for immediate help.
 ...                                              
                                                  
l.2 ...–∞–µ–º–∞—è –Ω–µ–º–æ–Ω–æ—Ö—Ä–æ–º–∞—Ç–∏—á–Ω–æ
                                                  —Å—Ç—å: $\Delta_{max} \leq...

You may provide a definition with
\DeclareUnicodeCharacter 


! Package inputenc Error: Unicode character —Å (U+0441)
(inputenc)                not set up for use with LaTeX.

See the inputenc package documentation for explanation.
Type  H <return>  for immediate help.
 ...                                              
                                                  
l.2 ...–µ–º–∞—è –Ω–µ–º–æ–Ω–æ—Ö—Ä–æ–º–∞—Ç–∏—á–Ω–æ—Å
                                                  —Ç—å: $\Delta_{max} \leq \...

You may provide a definition with
\DeclareUnicodeCharacter 


! Package inputenc Error: Unicode character —Ç (U+0442)
(inputenc)                not set up for use with LaTeX.

See the inputenc package documentation for explanation.
Type  H <return>  for immediate help.
 ...                                              
                                                  
l.2 ...–º–∞—è –Ω–µ–º–æ–Ω–æ—Ö—Ä–æ–º–∞—Ç–∏—á–Ω–æ—Å—Ç
                                                  —å: $\Delta_{max} \leq \fr...

You may provide a definition with
\DeclareUnicodeCharacter 


! Package inputenc Error: Unicode character —å (U+044C)
(inputenc)                not set up for use with LaTeX.

See the inputenc package documentation for explanation.
Type  H <return>  for immediate help.
 ...                                              
                                                  
l.2 ...–∞—è –Ω–µ–º–æ–Ω–æ—Ö—Ä–æ–º–∞—Ç–∏—á–Ω–æ—Å—Ç—å
                                                  : $\Delta_{max} \leq \frac...

You may provide a definition with
\DeclareUnicodeCharacter 

Missing character: There is no : in font nullfont!
LaTeX Font Info:    External font `cmex10' loaded for size
(Font)              <7> on input line 2.
LaTeX Font Info:    External font `cmex10' loaded for size
(Font)              <5> on input line 2.
Missing character: There is no . in font nullfont!

Overfull \hbox (20.0pt too wide) in paragraph at lines 1--3
[]
 []


Overfull \hbox (35.35736pt too wide) in paragraph at lines 1--3
\OT1/cmr/m/n/10 ^^A[] \OMS/cmsy/m/n/10 ^^T
 []


Overfull \hbox (13.71254pt too wide) in paragraph at lines 1--3
[]$ 
 []


Overfull \hbox (123.0466pt too wide) detected at line 3
\OT1/cmr/m/n/10 ^^A[] = [] \OMS/cmsy/m/n/10 ^^@ \OML/cmm/m/it/10 L \OMS/cmsy/m/
n/10 ^^Y []
 []


Overfull \hbox (52.02501pt too wide) detected at line 4
\OT1/cmr/m/n/10 ^^A\OML/cmm/m/it/10 ^^U \OT1/cmr/m/n/10 = []2\OML/cmm/m/it/10 L

 []


! Package inputenc Error: Unicode character –µ (U+0435)
(inputenc)                not set up for use with LaTeX.

See the inputenc package documentation for explanation.
Type  H <return>  for immediate help.
 ...                                              
                                                  
l.5 –µ
      —Å–ª–∏ –∏–∑–ª—É—á. –ø–æ–¥ —É–≥–ª–æ–º $\theta$, —Ç–æ –∏–∑–æ–±—Ä–∞–∂–µ–Ω...

You may provide a definition with
\DeclareUnicodeCharacter 


! Package inputenc Error: Unicode character —Å (U+0441)
(inputenc)                not set up for use with LaTeX.

See the inputenc package documentation for explanation.
Type  H <return>  for immediate help.
 ...                                              
                                                  
l.5 –µ—Å
        –ª–∏ –∏–∑–ª—É—á. –ø–æ–¥ —É–≥–ª–æ–º $\theta$, —Ç–æ –∏–∑–æ–±—Ä–∞–∂–µ–Ω...

You may provide a definition with
\DeclareUnicodeCharacter 


! Package inputenc Error: Unicode character –ª (U+043B)
(inputenc)                not set up for use with LaTeX.

See the inputenc package documentation for explanation.
Type  H <return>  for immediate help.
 ...                                              
                                                  
l.5 –µ—Å–ª
          –∏ –∏–∑–ª—É—á. –ø–æ–¥ —É–≥–ª–æ–º $\theta$, —Ç–æ –∏–∑–æ–±—Ä–∞–∂–µ–Ω...

You may provide a definition with
\DeclareUnicodeCharacter 


! Package inputenc Error: Unicode character –∏ (U+0438)
(inputenc)                not set up for use with LaTeX.

See the inputenc package documentation for explanation.
Type  H <return>  for immediate help.
 ...                                              
                                                  
l.5 –µ—Å–ª–∏
             –∏–∑–ª—É—á. –ø–æ–¥ —É–≥–ª–æ–º $\theta$, —Ç–æ –∏–∑–æ–±—Ä–∞–∂–µ–Ω...

You may provide a definition with
\DeclareUnicodeCharacter 


! Package inputenc Error: Unicode character –∏ (U+0438)
(inputenc)                not set up for use with LaTeX.

See the inputenc package documentation for explanation.
Type  H <return>  for immediate help.
 ...                                              
                                                  
l.5 –µ—Å–ª–∏ –∏
               –∑–ª—É—á. –ø–æ–¥ —É–≥–ª–æ–º $\theta$, —Ç–æ –∏–∑–æ–±—Ä–∞–∂–µ–Ω...

You may provide a definition with
\DeclareUnicodeCharacter 


! Package inputenc Error: Unicode character –∑ (U+0437)
(inputenc)                not set up for use with LaTeX.

See the inputenc package documentation for explanation.
Type  H <return>  for immediate help.
 ...                                              
                                                  
l.5 –µ—Å–ª–∏ –∏–∑
                 –ª—É—á. –ø–æ–¥ —É–≥–ª–æ–º $\theta$, —Ç–æ –∏–∑–æ–±—Ä–∞–∂–µ–Ω...

You may provide a definition with
\DeclareUnicodeCharacter 


! Package inputenc Error: Unicode character –ª (U+043B)
(inputenc)                not set up for use with LaTeX.

See the inputenc package documentation for explanation.
Type  H <return>  for immediate help.
 ...                                              
                                                  
l.5 –µ—Å–ª–∏ –∏–∑–ª
                   —É—á. –ø–æ–¥ —É–≥–ª–æ–º $\theta$, —Ç–æ –∏–∑–æ–±—Ä–∞–∂–µ–Ω...

You may provide a definition with
\DeclareUnicodeCharacter 


! Package inputenc Error: Unicode character —É (U+0443)
(inputenc)                not set up for use with LaTeX.

See the inputenc package documentation for explanation.
Type  H <return>  for immediate help.
 ...                                              
                                                  
l.5 –µ—Å–ª–∏ –∏–∑–ª—É
                     —á. –ø–æ–¥ —É–≥–ª–æ–º $\theta$, —Ç–æ –∏–∑–æ–±—Ä–∞–∂–µ–Ω...

You may provide a definition with
\DeclareUnicodeCharacter 


! Package inputenc Error: Unicode character —á (U+0447)
(inputenc)                not set up for use with LaTeX.

See the inputenc package documentation for explanation.
Type  H <return>  for immediate help.
 ...                                              
                                                  
l.5 –µ—Å–ª–∏ –∏–∑–ª—É—á
                       . –ø–æ–¥ —É–≥–ª–æ–º $\theta$, —Ç–æ –∏–∑–æ–±—Ä–∞–∂–µ–Ω...

You may provide a definition with
\DeclareUnicodeCharacter 

Missing character: There is no . in font nullfont!

! Package inputenc Error: Unicode character –ø (U+043F)
(inputenc)                not set up for use with LaTeX.

See the inputenc package documentation for explanation.
Type  H <return>  for immediate help.
 ...                                              
                                                  
l.5 –µ—Å–ª–∏ –∏–∑–ª—É—á. –ø
                           –æ–¥ —É–≥–ª–æ–º $\theta$, —Ç–æ –∏–∑–æ–±—Ä–∞–∂–µ–Ω...

You may provide a definition with
\DeclareUnicodeCharacter 


! Package inputenc Error: Unicode character –æ (U+043E)
(inputenc)                not set up for use with LaTeX.

See the inputenc package documentation for explanation.
Type  H <return>  for immediate help.
 ...                                              
                                                  
l.5 –µ—Å–ª–∏ –∏–∑–ª—É—á. –ø–æ
                             –¥ —É–≥–ª–æ–º $\theta$, —Ç–æ –∏–∑–æ–±—Ä–∞–∂–µ–Ω...

You may provide a definition with
\DeclareUnicodeCharacter 


! Package inputenc Error: Unicode character –¥ (U+0434)
(inputenc)                not set up for use with LaTeX.

See the inputenc package documentation for explanation.
Type  H <return>  for immediate help.
 ...                                              
                                                  
l.5 –µ—Å–ª–∏ –∏–∑–ª—É—á. –ø–æ–¥
                                —É–≥–ª–æ–º $\theta$, —Ç–æ –∏–∑–æ–±—Ä–∞–∂–µ–Ω...

You may provide a definition with
\DeclareUnicodeCharacter 


! Package inputenc Error: Unicode character —É (U+0443)
(inputenc)                not set up for use with LaTeX.

See the inputenc package documentation for explanation.
Type  H <return>  for immediate help.
 ...                                              
                                                  
l.5 –µ—Å–ª–∏ –∏–∑–ª—É—á. –ø–æ–¥ —É
                                  –≥–ª–æ–º $\theta$, —Ç–æ –∏–∑–æ–±—Ä–∞–∂–µ–Ω...

You may provide a definition with
\DeclareUnicodeCharacter 


! Package inputenc Error: Unicode character –≥ (U+0433)
(inputenc)                not set up for use with LaTeX.

See the inputenc package documentation for explanation.
Type  H <return>  for immediate help.
 ...                                              
                                                  
l.5 –µ—Å–ª–∏ –∏–∑–ª—É—á. –ø–æ–¥ —É–≥
                                    –ª–æ–º $\theta$, —Ç–æ –∏–∑–æ–±—Ä–∞–∂–µ–Ω...

You may provide a definition with
\DeclareUnicodeCharacter 


! Package inputenc Error: Unicode character –ª (U+043B)
(inputenc)                not set up for use with LaTeX.

See the inputenc package documentation for explanation.
Type  H <return>  for immediate help.
 ...                                              
                                                  
l.5 –µ—Å–ª–∏ –∏–∑–ª—É—á. –ø–æ–¥ —É–≥–ª
                                      –æ–º $\theta$, —Ç–æ –∏–∑–æ–±—Ä–∞–∂–µ–Ω...

You may provide a definition with
\DeclareUnicodeCharacter 


! Package inputenc Error: Unicode character –æ (U+043E)
(inputenc)                not set up for use with LaTeX.

See the inputenc package documentation for explanation.
Type  H <return>  for immediate help.
 ...                                              
                                                  
l.5 –µ—Å–ª–∏ –∏–∑–ª—É—á. –ø–æ–¥ —É–≥–ª–æ
                                        –º $\theta$, —Ç–æ –∏–∑–æ–±—Ä–∞–∂–µ–Ω...

You may provide a definition with
\DeclareUnicodeCharacter 


! Package inputenc Error: Unicode character –º (U+043C)
(inputenc)                not set up for use with LaTeX.

See the inputenc package documentation for explanation.
Type  H <return>  for immediate help.
 ...                                              
                                                  
l.5 –µ—Å–ª–∏ –∏–∑–ª—É—á. –ø–æ–¥ —É–≥–ª–æ–º
                                           $\theta$, —Ç–æ –∏–∑–æ–±—Ä–∞–∂–µ–Ω...

You may provide a definition with
\DeclareUnicodeCharacter 

Missing character: There is no , in font nullfont!

! Package inputenc Error: Unicode character —Ç (U+0442)
(inputenc)                not set up for use with LaTeX.

See the inputenc package documentation for explanation.
Type  H <return>  for immediate help.
 ...                                              
                                                  
l.5 ... –∏–∑–ª—É—á. –ø–æ–¥ —É–≥–ª–æ–º $\theta$, —Ç
                                                  –æ –∏–∑–æ–±—Ä–∞–∂–µ–Ω–∏–µ ...

You may provide a definition with
\DeclareUnicodeCharacter 


! Package inputenc Error: Unicode character –æ (U+043E)
(inputenc)                not set up for use with LaTeX.

See the inputenc package documentation for explanation.
Type  H <return>  for immediate help.
 ...                                              
                                                  
l.5 ...∏–∑–ª—É—á. –ø–æ–¥ —É–≥–ª–æ–º $\theta$, —Ç–æ
                                                   –∏–∑–æ–±—Ä–∞–∂–µ–Ω–∏–µ —Å...

You may provide a definition with
\DeclareUnicodeCharacter 


! Package inputenc Error: Unicode character –∏ (U+0438)
(inputenc)                not set up for use with LaTeX.

See the inputenc package documentation for explanation.
Type  H <return>  for immediate help.
 ...                                              
                                                  
l.5 ...–ª—É—á. –ø–æ–¥ —É–≥–ª–æ–º $\theta$, —Ç–æ –∏
                                                  –∑–æ–±—Ä–∞–∂–µ–Ω–∏–µ —Å–º–...

You may provide a definition with
\DeclareUnicodeCharacter 


! Package inputenc Error: Unicode character –∑ (U+0437)
(inputenc)                not set up for use with LaTeX.

See the inputenc package documentation for explanation.
Type  H <return>  for immediate help.
 ...                                              
                                                  
l.5 ...—É—á. –ø–æ–¥ —É–≥–ª–æ–º $\theta$, —Ç–æ –∏–∑
                                                  –æ–±—Ä–∞–∂–µ–Ω–∏–µ —Å–º–µ—...

You may provide a definition with
\DeclareUnicodeCharacter 


! Package inputenc Error: Unicode character –æ (U+043E)
(inputenc)                not set up for use with LaTeX.

See the inputenc package documentation for explanation.
Type  H <return>  for immediate help.
 ...                                              
                                                  
l.5 ...—á. –ø–æ–¥ —É–≥–ª–æ–º $\theta$, —Ç–æ –∏–∑–æ
                                                  –±—Ä–∞–∂–µ–Ω–∏–µ —Å–º–µ—â–...

You may provide a definition with
\DeclareUnicodeCharacter 


! Package inputenc Error: Unicode character –± (U+0431)
(inputenc)                not set up for use with LaTeX.

See the inputenc package documentation for explanation.
Type  H <return>  for immediate help.
 ...                                              
                                                  
l.5 .... –ø–æ–¥ —É–≥–ª–æ–º $\theta$, —Ç–æ –∏–∑–æ–±
                                                  —Ä–∞–∂–µ–Ω–∏–µ —Å–º–µ—â–∞–...

You may provide a definition with
\DeclareUnicodeCharacter 


! Package inputenc Error: Unicode character —Ä (U+0440)
(inputenc)                not set up for use with LaTeX.

See the inputenc package documentation for explanation.
Type  H <return>  for immediate help.
 ...                                              
                                                  
l.5 ...–ø–æ–¥ —É–≥–ª–æ–º $\theta$, —Ç–æ –∏–∑–æ–±—Ä
                                                  –∞–∂–µ–Ω–∏–µ —Å–º–µ—â–∞–µ—...

You may provide a definition with
\DeclareUnicodeCharacter 


! Package inputenc Error: Unicode character –∞ (U+0430)
(inputenc)                not set up for use with LaTeX.

See the inputenc package documentation for explanation.
Type  H <return>  for immediate help.
 ...                                              
                                                  
l.5 ...–æ–¥ —É–≥–ª–æ–º $\theta$, —Ç–æ –∏–∑–æ–±—Ä–∞
                                                  –∂–µ–Ω–∏–µ —Å–º–µ—â–∞–µ—Ç—...

You may provide a definition with
\DeclareUnicodeCharacter 


! Package inputenc Error: Unicode character –∂ (U+0436)
(inputenc)                not set up for use with LaTeX.

See the inputenc package documentation for explanation.
Type  H <return>  for immediate help.
 ...                                              
                                                  
l.5 ...–¥ —É–≥–ª–æ–º $\theta$, —Ç–æ –∏–∑–æ–±—Ä–∞–∂
                                                  –µ–Ω–∏–µ —Å–º–µ—â–∞–µ—Ç—Å—...

You may provide a definition with
\DeclareUnicodeCharacter 


! Package inputenc Error: Unicode character –µ (U+0435)
(inputenc)                not set up for use with LaTeX.

See the inputenc package documentation for explanation.
Type  H <return>  for immediate help.
 ...                                              
                                                  
l.5 ... —É–≥–ª–æ–º $\theta$, —Ç–æ –∏–∑–æ–±—Ä–∞–∂–µ
                                                  –Ω–∏–µ —Å–º–µ—â–∞–µ—Ç—Å—è ...

You may provide a definition with
\DeclareUnicodeCharacter 


! Package inputenc Error: Unicode character –Ω (U+043D)
(inputenc)                not set up for use with LaTeX.

See the inputenc package documentation for explanation.
Type  H <return>  for immediate help.
 ...                                              
                                                  
l.5 ...É–≥–ª–æ–º $\theta$, —Ç–æ –∏–∑–æ–±—Ä–∞–∂–µ–Ω
                                                  –∏–µ —Å–º–µ—â–∞–µ—Ç—Å—è –Ω–∞
You may provide a definition with
\DeclareUnicodeCharacter 


! Package inputenc Error: Unicode character –∏ (U+0438)
(inputenc)                not set up for use with LaTeX.

See the inputenc package documentation for explanation.
Type  H <return>  for immediate help.
 ...                                              
                                                  
l.5 ...≥–ª–æ–º $\theta$, —Ç–æ –∏–∑–æ–±—Ä–∞–∂–µ–Ω–∏
                                                  –µ —Å–º–µ—â–∞–µ—Ç—Å—è –Ω–∞
You may provide a definition with
\DeclareUnicodeCharacter 


! Package inputenc Error: Unicode character –µ (U+0435)
(inputenc)                not set up for use with LaTeX.

See the inputenc package documentation for explanation.
Type  H <return>  for immediate help.
 ...                                              
                                                  
l.5 ...ª–æ–º $\theta$, —Ç–æ –∏–∑–æ–±—Ä–∞–∂–µ–Ω–∏–µ
                                                   —Å–º–µ—â–∞–µ—Ç—Å—è –Ω–∞
You may provide a definition with
\DeclareUnicodeCharacter 


! Package inputenc Error: Unicode character —Å (U+0441)
(inputenc)                not set up for use with LaTeX.

See the inputenc package documentation for explanation.
Type  H <return>  for immediate help.
 ...                                              
                                                  
l.5 ...–º $\theta$, —Ç–æ –∏–∑–æ–±—Ä–∞–∂–µ–Ω–∏–µ —Å
                                                  –º–µ—â–∞–µ—Ç—Å—è –Ω–∞
You may provide a definition with
\DeclareUnicodeCharacter 


! Package inputenc Error: Unicode character –º (U+043C)
(inputenc)                not set up for use with LaTeX.

See the inputenc package documentation for explanation.
Type  H <return>  for immediate help.
 ...                                              
                                                  
l.5 ... $\theta$, —Ç–æ –∏–∑–æ–±—Ä–∞–∂–µ–Ω–∏–µ —Å–º
                                                  –µ—â–∞–µ—Ç—Å—è –Ω–∞
You may provide a definition with
\DeclareUnicodeCharacter 


! Package inputenc Error: Unicode character –µ (U+0435)
(inputenc)                not set up for use with LaTeX.

See the inputenc package documentation for explanation.
Type  H <return>  for immediate help.
 ...                                              
                                                  
l.5 ...\theta$, —Ç–æ –∏–∑–æ–±—Ä–∞–∂–µ–Ω–∏–µ —Å–º–µ
                                                  —â–∞–µ—Ç—Å—è –Ω–∞
You may provide a definition with
\DeclareUnicodeCharacter 


! Package inputenc Error: Unicode character —â (U+0449)
(inputenc)                not set up for use with LaTeX.

See the inputenc package documentation for explanation.
Type  H <return>  for immediate help.
 ...                                              
                                                  
l.5 ...heta$, —Ç–æ –∏–∑–æ–±—Ä–∞–∂–µ–Ω–∏–µ —Å–º–µ—â
                                                  –∞–µ—Ç—Å—è –Ω–∞
You may provide a definition with
\DeclareUnicodeCharacter 


! Package inputenc Error: Unicode character –∞ (U+0430)
(inputenc)                not set up for use with LaTeX.

See the inputenc package documentation for explanation.
Type  H <return>  for immediate help.
 ...                                              
                                                  
l.5 ...ta$, —Ç–æ –∏–∑–æ–±—Ä–∞–∂–µ–Ω–∏–µ —Å–º–µ—â–∞
                                                  –µ—Ç—Å—è –Ω–∞
You may provide a definition with
\DeclareUnicodeCharacter 


! Package inputenc Error: Unicode character –µ (U+0435)
(inputenc)                not set up for use with LaTeX.

See the inputenc package documentation for explanation.
Type  H <return>  for immediate help.
 ...                                              
                                                  
l.5 ...$, —Ç–æ –∏–∑–æ–±—Ä–∞–∂–µ–Ω–∏–µ —Å–º–µ—â–∞–µ
                                                  —Ç—Å—è –Ω–∞
You may provide a definition with
\DeclareUnicodeCharacter 


! Package inputenc Error: Unicode character —Ç (U+0442)
(inputenc)                not set up for use with LaTeX.

See the inputenc package documentation for explanation.
Type  H <return>  for immediate help.
 ...                                              
                                                  
l.5 ... —Ç–æ –∏–∑–æ–±—Ä–∞–∂–µ–Ω–∏–µ —Å–º–µ—â–∞–µ—Ç
                                                  —Å—è –Ω–∞
You may provide a definition with
\DeclareUnicodeCharacter 


! Package inputenc Error: Unicode character —Å (U+0441)
(inputenc)                not set up for use with LaTeX.

See the inputenc package documentation for explanation.
Type  H <return>  for immediate help.
 ...                                              
                                                  
l.5 ...Ç–æ –∏–∑–æ–±—Ä–∞–∂–µ–Ω–∏–µ —Å–º–µ—â–∞–µ—Ç—Å
                                                  —è –Ω–∞
You may provide a definition with
\DeclareUnicodeCharacter 


! Package inputenc Error: Unicode character —è (U+044F)
(inputenc)                not set up for use with LaTeX.

See the inputenc package documentation for explanation.
Type  H <return>  for immediate help.
 ...                                              
                                                  
l.5 ...æ –∏–∑–æ–±—Ä–∞–∂–µ–Ω–∏–µ —Å–º–µ—â–∞–µ—Ç—Å—è
                                                   –Ω–∞
You may provide a definition with
\DeclareUnicodeCharacter 


! Package inputenc Error: Unicode character –Ω (U+043D)
(inputenc)                not set up for use with LaTeX.

See the inputenc package documentation for explanation.
Type  H <return>  for immediate help.
 ...                                              
                                                  
l.5 ...∏–∑–æ–±—Ä–∞–∂–µ–Ω–∏–µ —Å–º–µ—â–∞–µ—Ç—Å—è –Ω
                                                  –∞
You may provide a definition with
\DeclareUnicodeCharacter 


! Package inputenc Error: Unicode character –∞ (U+0430)
(inputenc)                not set up for use with LaTeX.

See the inputenc package documentation for explanation.
Type  H <return>  for immediate help.
 ...                                              
                                                  
l.5 ...∑–æ–±—Ä–∞–∂–µ–Ω–∏–µ —Å–º–µ—â–∞–µ—Ç—Å—è –Ω–∞
                                                  
You may provide a definition with
\DeclareUnicodeCharacter 


Overfull \hbox (4.97223pt too wide) in paragraph at lines 4--6
    $\OML/cmm/m/it/10 ^^R$
 []


Overfull \hbox (54.7707pt too wide) detected at line 6
\OT1/cmr/m/n/10 ^^A\OML/cmm/m/it/10 x \OT1/cmr/m/n/10 = \OML/cmm/m/it/10 L [] ^
^R
 []


Overfull \hbox (82.80534pt too wide) detected at line 7
\OT1/cmr/m/n/10 ^^A\OML/cmm/m/it/10 x \OT1/cmr/m/n/10 = \OML/cmm/m/it/10 L [] 
 \OMS/cmsy/m/n/10 ^^Y \OML/cmm/m/it/10 L
 []


! Package inputenc Error: Unicode character –º (U+043C)
(inputenc)                not set up for use with LaTeX.

See the inputenc package documentation for explanation.
Type  H <return>  for immediate help.
 ...                                              
                                                  
l.8 ... = \frac{\lambda}{D} L = \alpha L = 10 \ –º
                                                  –∫–º$$
You may provide a definition with
\DeclareUnicodeCharacter 


! Package inputenc Error: Unicode character –∫ (U+043A)
(inputenc)                not set up for use with LaTeX.

See the inputenc package documentation for explanation.
Type  H <return>  for immediate help.
 ...                                              
                                                  
l.8 ... \frac{\lambda}{D} L = \alpha L = 10 \ –º–∫
                                                  –º$$
You may provide a definition with
\DeclareUnicodeCharacter 


! Package inputenc Error: Unicode character –º (U+043C)
(inputenc)                not set up for use with LaTeX.

See the inputenc package documentation for explanation.
Type  H <return>  for immediate help.
 ...                                              
                                                  
l.8 ...frac{\lambda}{D} L = \alpha L = 10 \ –º–∫–º
                                                  $$
You may provide a definition with
\DeclareUnicodeCharacter 


Overfull \hbox (100.6622pt too wide) detected at line 8
\OML/cmm/m/it/10 b[] \OT1/cmr/m/n/10 = []\OML/cmm/m/it/10 L \OT1/cmr/m/n/10 = \
OML/cmm/m/it/10 L \OT1/cmr/m/n/10 = 10 
 []


Overfull \hbox (31.95663pt too wide) detected at line 9
\OML/cmm/m/it/10  \OT1/cmr/m/n/10 = []
 []


! Package inputenc Error: Unicode character –Ω (U+043D)
(inputenc)                not set up for use with LaTeX.

See the inputenc package documentation for explanation.
Type  H <return>  for immediate help.
 ...                                              
                                                  
l.10 $$\Delta \lambda  = 8 \alpha^2 L = 80 \ –Ω
                                               –º$$
You may provide a definition with
\DeclareUnicodeCharacter 


! Package inputenc Error: Unicode character –º (U+043C)
(inputenc)                not set up for use with LaTeX.

See the inputenc package documentation for explanation.
Type  H <return>  for immediate help.
 ...                                              
                                                  
l.10 $$\Delta \lambda  = 8 \alpha^2 L = 80 \ –Ω–º
                                                 $$
You may provide a definition with
\DeclareUnicodeCharacter 


Overfull \hbox (73.55894pt too wide) detected at line 10
\OT1/cmr/m/n/10 ^^A\OML/cmm/m/it/10 ^^U \OT1/cmr/m/n/10 = 8\OML/cmm/m/it/10 []
L \OT1/cmr/m/n/10 = 80 
 []

)
! Emergency stop.
<*> 9_40.tex
            
*** (job aborted, no legal \end found)

 
Here is how much of TeX's memory you used:
 42 strings out of 479383
 529 string characters out of 5875830
 268160 words of memory out of 5000000
 17255 multiletter control sequences out of 15000+600000
 403430 words of font info for 27 fonts, out of 8000000 for 9000
 1141 hyphenation exceptions out of 8191
 18i,2n,15p,143b,56s stack positions out of 5000i,500n,10000p,200000b,80000s
!  ==> Fatal error occurred, no output PDF file produced!
