This is pdfTeX, Version 3.14159265-2.6-1.40.21 (TeX Live 2020/Arch Linux) (preloaded format=pdflatex 2021.4.19)  25 MAY 2021 13:41
entering extended mode
 restricted \write18 enabled.
 %&-line parsing enabled.
**7.10.tex
(./7.10.tex
LaTeX2e <2020-10-01> patch level 2
L3 programming layer <2020-12-03> xparse <2020-03-03>
! Undefined control sequence.
l.1 \subsubsection
                  *{7.10}
The control sequence at the end of the top line
of your error message was never \def'ed. If you have
misspelled it (e.g., `\hobx'), type `I' and the correct
spelling (e.g., `I\hbox'). Otherwise just continue,
and I'll forget about whatever was undefined.


! LaTeX Error: Missing \begin{document}.

See the LaTeX manual or LaTeX Companion for explanation.
Type  H <return>  for immediate help.
 ...                                              
                                                  
l.1 \subsubsection*
                   {7.10}
You're in trouble here.  Try typing  <return>  to proceed.
If that doesn't work, type  X <return>  to quit.

Missing character: There is no * in font nullfont!
Missing character: There is no 7 in font nullfont!
Missing character: There is no . in font nullfont!
Missing character: There is no 1 in font nullfont!
Missing character: There is no 0 in font nullfont!

! Package inputenc Error: Unicode character –î (U+0414)
(inputenc)                not set up for use with LaTeX.

See the inputenc package documentation for explanation.
Type  H <return>  for immediate help.
 ...                                              
                                                  
l.2 –î
      –ª—è –º–∞–ª—ã—Ö —É–≥–ª–æ–≤ —É–≥–ª–æ–≤–æ–π —Ä–∞–¥–∏—É—Å
You may provide a definition with
\DeclareUnicodeCharacter 


! Package inputenc Error: Unicode character –ª (U+043B)
(inputenc)                not set up for use with LaTeX.

See the inputenc package documentation for explanation.
Type  H <return>  for immediate help.
 ...                                              
                                                  
l.2 –î–ª
        —è –º–∞–ª—ã—Ö —É–≥–ª–æ–≤ —É–≥–ª–æ–≤–æ–π —Ä–∞–¥–∏—É—Å
You may provide a definition with
\DeclareUnicodeCharacter 


! Package inputenc Error: Unicode character —è (U+044F)
(inputenc)                not set up for use with LaTeX.

See the inputenc package documentation for explanation.
Type  H <return>  for immediate help.
 ...                                              
                                                  
l.2 –î–ª—è
           –º–∞–ª—ã—Ö —É–≥–ª–æ–≤ —É–≥–ª–æ–≤–æ–π —Ä–∞–¥–∏—É—Å
You may provide a definition with
\DeclareUnicodeCharacter 


! Package inputenc Error: Unicode character –º (U+043C)
(inputenc)                not set up for use with LaTeX.

See the inputenc package documentation for explanation.
Type  H <return>  for immediate help.
 ...                                              
                                                  
l.2 –î–ª—è –º
             –∞–ª—ã—Ö —É–≥–ª–æ–≤ —É–≥–ª–æ–≤–æ–π —Ä–∞–¥–∏—É—Å
You may provide a definition with
\DeclareUnicodeCharacter 


! Package inputenc Error: Unicode character –∞ (U+0430)
(inputenc)                not set up for use with LaTeX.

See the inputenc package documentation for explanation.
Type  H <return>  for immediate help.
 ...                                              
                                                  
l.2 –î–ª—è –º–∞
               –ª—ã—Ö —É–≥–ª–æ–≤ —É–≥–ª–æ–≤–æ–π —Ä–∞–¥–∏—É—Å
You may provide a definition with
\DeclareUnicodeCharacter 


! Package inputenc Error: Unicode character –ª (U+043B)
(inputenc)                not set up for use with LaTeX.

See the inputenc package documentation for explanation.
Type  H <return>  for immediate help.
 ...                                              
                                                  
l.2 –î–ª—è –º–∞–ª
                 —ã—Ö —É–≥–ª–æ–≤ —É–≥–ª–æ–≤–æ–π —Ä–∞–¥–∏—É—Å
You may provide a definition with
\DeclareUnicodeCharacter 


! Package inputenc Error: Unicode character —ã (U+044B)
(inputenc)                not set up for use with LaTeX.

See the inputenc package documentation for explanation.
Type  H <return>  for immediate help.
 ...                                              
                                                  
l.2 –î–ª—è –º–∞–ª—ã
                   —Ö —É–≥–ª–æ–≤ —É–≥–ª–æ–≤–æ–π —Ä–∞–¥–∏—É—Å
You may provide a definition with
\DeclareUnicodeCharacter 


! Package inputenc Error: Unicode character —Ö (U+0445)
(inputenc)                not set up for use with LaTeX.

See the inputenc package documentation for explanation.
Type  H <return>  for immediate help.
 ...                                              
                                                  
l.2 –î–ª—è –º–∞–ª—ã—Ö
                      —É–≥–ª–æ–≤ —É–≥–ª–æ–≤–æ–π —Ä–∞–¥–∏—É—Å
You may provide a definition with
\DeclareUnicodeCharacter 


! Package inputenc Error: Unicode character —É (U+0443)
(inputenc)                not set up for use with LaTeX.

See the inputenc package documentation for explanation.
Type  H <return>  for immediate help.
 ...                                              
                                                  
l.2 –î–ª—è –º–∞–ª—ã—Ö —É
                        –≥–ª–æ–≤ —É–≥–ª–æ–≤–æ–π —Ä–∞–¥–∏—É—Å
You may provide a definition with
\DeclareUnicodeCharacter 


! Package inputenc Error: Unicode character –≥ (U+0433)
(inputenc)                not set up for use with LaTeX.

See the inputenc package documentation for explanation.
Type  H <return>  for immediate help.
 ...                                              
                                                  
l.2 –î–ª—è –º–∞–ª—ã—Ö —É–≥
                          –ª–æ–≤ —É–≥–ª–æ–≤–æ–π —Ä–∞–¥–∏—É—Å
You may provide a definition with
\DeclareUnicodeCharacter 


! Package inputenc Error: Unicode character –ª (U+043B)
(inputenc)                not set up for use with LaTeX.

See the inputenc package documentation for explanation.
Type  H <return>  for immediate help.
 ...                                              
                                                  
l.2 –î–ª—è –º–∞–ª—ã—Ö —É–≥–ª
                            –æ–≤ —É–≥–ª–æ–≤–æ–π —Ä–∞–¥–∏—É—Å
You may provide a definition with
\DeclareUnicodeCharacter 


! Package inputenc Error: Unicode character –æ (U+043E)
(inputenc)                not set up for use with LaTeX.

See the inputenc package documentation for explanation.
Type  H <return>  for immediate help.
 ...                                              
                                                  
l.2 –î–ª—è –º–∞–ª—ã—Ö —É–≥–ª–æ
                              –≤ —É–≥–ª–æ–≤–æ–π —Ä–∞–¥–∏—É—Å
You may provide a definition with
\DeclareUnicodeCharacter 


! Package inputenc Error: Unicode character –≤ (U+0432)
(inputenc)                not set up for use with LaTeX.

See the inputenc package documentation for explanation.
Type  H <return>  for immediate help.
 ...                                              
                                                  
l.2 –î–ª—è –º–∞–ª—ã—Ö —É–≥–ª–æ–≤
                                 —É–≥–ª–æ–≤–æ–π —Ä–∞–¥–∏—É—Å
You may provide a definition with
\DeclareUnicodeCharacter 


! Package inputenc Error: Unicode character —É (U+0443)
(inputenc)                not set up for use with LaTeX.

See the inputenc package documentation for explanation.
Type  H <return>  for immediate help.
 ...                                              
                                                  
l.2 –î–ª—è –º–∞–ª—ã—Ö —É–≥–ª–æ–≤ —É
                                   –≥–ª–æ–≤–æ–π —Ä–∞–¥–∏—É—Å
You may provide a definition with
\DeclareUnicodeCharacter 


! Package inputenc Error: Unicode character –≥ (U+0433)
(inputenc)                not set up for use with LaTeX.

See the inputenc package documentation for explanation.
Type  H <return>  for immediate help.
 ...                                              
                                                  
l.2 –î–ª—è –º–∞–ª—ã—Ö —É–≥–ª–æ–≤ —É–≥
                                     –ª–æ–≤–æ–π —Ä–∞–¥–∏—É—Å
You may provide a definition with
\DeclareUnicodeCharacter 


! Package inputenc Error: Unicode character –ª (U+043B)
(inputenc)                not set up for use with LaTeX.

See the inputenc package documentation for explanation.
Type  H <return>  for immediate help.
 ...                                              
                                                  
l.2 –î–ª—è –º–∞–ª—ã—Ö —É–≥–ª–æ–≤ —É–≥–ª
                                       –æ–≤–æ–π —Ä–∞–¥–∏—É—Å
You may provide a definition with
\DeclareUnicodeCharacter 


! Package inputenc Error: Unicode character –æ (U+043E)
(inputenc)                not set up for use with LaTeX.

See the inputenc package documentation for explanation.
Type  H <return>  for immediate help.
 ...                                              
                                                  
l.2 –î–ª—è –º–∞–ª—ã—Ö —É–≥–ª–æ–≤ —É–≥–ª–æ
                                         –≤–æ–π —Ä–∞–¥–∏—É—Å
You may provide a definition with
\DeclareUnicodeCharacter 


! Package inputenc Error: Unicode character –≤ (U+0432)
(inputenc)                not set up for use with LaTeX.

See the inputenc package documentation for explanation.
Type  H <return>  for immediate help.
 ...                                              
                                                  
l.2 –î–ª—è –º–∞–ª—ã—Ö —É–≥–ª–æ–≤ —É–≥–ª–æ–≤
                                           –æ–π —Ä–∞–¥–∏—É—Å
You may provide a definition with
\DeclareUnicodeCharacter 


! Package inputenc Error: Unicode character –æ (U+043E)
(inputenc)                not set up for use with LaTeX.

See the inputenc package documentation for explanation.
Type  H <return>  for immediate help.
 ...                                              
                                                  
l.2 –î–ª—è –º–∞–ª—ã—Ö —É–≥–ª–æ–≤ —É–≥–ª–æ–≤–æ
                                             –π —Ä–∞–¥–∏—É—Å
You may provide a definition with
\DeclareUnicodeCharacter 


! Package inputenc Error: Unicode character –π (U+0439)
(inputenc)                not set up for use with LaTeX.

See the inputenc package documentation for explanation.
Type  H <return>  for immediate help.
 ...                                              
                                                  
l.2 –î–ª—è –º–∞–ª—ã—Ö —É–≥–ª–æ–≤ —É–≥–ª–æ–≤–æ–π
                                                —Ä–∞–¥–∏—É—Å
You may provide a definition with
\DeclareUnicodeCharacter 


! Package inputenc Error: Unicode character —Ä (U+0440)
(inputenc)                not set up for use with LaTeX.

See the inputenc package documentation for explanation.
Type  H <return>  for immediate help.
 ...                                              
                                                  
l.2 –î–ª—è –º–∞–ª—ã—Ö —É–≥–ª–æ–≤ —É–≥–ª–æ–≤–æ–π —Ä
                                                  –∞–¥–∏—É—Å
You may provide a definition with
\DeclareUnicodeCharacter 


! Package inputenc Error: Unicode character –∞ (U+0430)
(inputenc)                not set up for use with LaTeX.

See the inputenc package documentation for explanation.
Type  H <return>  for immediate help.
 ...                                              
                                                  
l.2 ...è –º–∞–ª—ã—Ö —É–≥–ª–æ–≤ —É–≥–ª–æ–≤–æ–π —Ä–∞
                                                  –¥–∏—É—Å
You may provide a definition with
\DeclareUnicodeCharacter 


! Package inputenc Error: Unicode character –¥ (U+0434)
(inputenc)                not set up for use with LaTeX.

See the inputenc package documentation for explanation.
Type  H <return>  for immediate help.
 ...                                              
                                                  
l.2 ...–º–∞–ª—ã—Ö —É–≥–ª–æ–≤ —É–≥–ª–æ–≤–æ–π —Ä–∞–¥
                                                  –∏—É—Å
You may provide a definition with
\DeclareUnicodeCharacter 


! Package inputenc Error: Unicode character –∏ (U+0438)
(inputenc)                not set up for use with LaTeX.

See the inputenc package documentation for explanation.
Type  H <return>  for immediate help.
 ...                                              
                                                  
l.2 ...–∞–ª—ã—Ö —É–≥–ª–æ–≤ —É–≥–ª–æ–≤–æ–π —Ä–∞–¥–∏
                                                  —É—Å
You may provide a definition with
\DeclareUnicodeCharacter 


! Package inputenc Error: Unicode character —É (U+0443)
(inputenc)                not set up for use with LaTeX.

See the inputenc package documentation for explanation.
Type  H <return>  for immediate help.
 ...                                              
                                                  
l.2 ...–ª—ã—Ö —É–≥–ª–æ–≤ —É–≥–ª–æ–≤–æ–π —Ä–∞–¥–∏—É
                                                  —Å
You may provide a definition with
\DeclareUnicodeCharacter 


! Package inputenc Error: Unicode character —Å (U+0441)
(inputenc)                not set up for use with LaTeX.

See the inputenc package documentation for explanation.
Type  H <return>  for immediate help.
 ...                                              
                                                  
l.2 ...—ã—Ö —É–≥–ª–æ–≤ —É–≥–ª–æ–≤–æ–π —Ä–∞–¥–∏—É—Å
                                                  
You may provide a definition with
\DeclareUnicodeCharacter 


! LaTeX Error: Environment equation* undefined.

See the LaTeX manual or LaTeX Companion for explanation.
Type  H <return>  for immediate help.
 ...                                              
                                                  
l.3 \begin{equation*}
                     
Your command was ignored.
Type  I <command> <return>  to replace it with another command,
or  <return>  to continue without it.

! Missing $ inserted.
<inserted text> 
                $
l.4 	\theta
           
I've inserted a begin-math/end-math symbol since I think
you left one out. Proceed, with fingers crossed.

LaTeX Font Info:    External font `cmex10' loaded for size
(Font)              <7> on input line 4.
LaTeX Font Info:    External font `cmex10' loaded for size
(Font)              <5> on input line 4.

! LaTeX Error: \begin{document} ended by \end{equation*}.

See the LaTeX manual or LaTeX Companion for explanation.
Type  H <return>  for immediate help.
 ...                                              
                                                  
l.5 \end{equation*}
                   
Your command was ignored.
Type  I <command> <return>  to replace it with another command,
or  <return>  to continue without it.

! Missing $ inserted.
<inserted text> 
                $
l.5 \end{equation*}
                   
I've inserted something that you may have forgotten.
(See the <inserted text> above.)
With luck, this will get me unwedged. But if you
really didn't forget anything, try typing `2' now; then
my insertion and my current dilemma will both disappear.

)
! Emergency stop.
<*> 7.10.tex
            
*** (job aborted, no legal \end found)

 
Here is how much of TeX's memory you used:
 35 strings out of 479383
 501 string characters out of 5875830
 267160 words of memory out of 5000000
 17248 multiletter control sequences out of 15000+600000
 403430 words of font info for 27 fonts, out of 8000000 for 9000
 1141 hyphenation exceptions out of 8191
 18i,1n,15p,73b,58s stack positions out of 5000i,500n,10000p,200000b,80000s
!  ==> Fatal error occurred, no output PDF file produced!
