1631457035089	geckodriver	INFO	Listening on 127.0.0.1:54325
1631457035092	mozrunner::runner	INFO	Running command: "/usr/bin/firefox" "--marionette" "-foreground" "-no-remote" "-profile" "/tmp/rust_mozprofile9i9hRW"
Gtk-Message: 17:30:36.460: Failed to load module "appmenu-gtk-module"
1631457039415	Marionette	INFO	Marionette enabled
Gtk-Message: 17:30:43.440: Failed to load module "appmenu-gtk-module"
Gtk-Message: 17:30:45.828: Failed to load module "appmenu-gtk-module"
console.warn: SearchSettings: "get: No settings file exists, new profile?" (new NotFoundError("Could not open the file at /tmp/rust_mozprofile9i9hRW/search.json.mozlz4", (void 0)))
Gtk-Message: 17:30:50.549: Failed to load module "appmenu-gtk-module"
1631457050566	Marionette	INFO	Listening on port 38679
1631457050846	Marionette	WARN	TLS certificate errors will be ignored for this session
1631457077638	Marionette	INFO	Stopped listening on port 38679

###!!! [Parent][RunMessage] Error: Channel closing: too late to send/recv, messages will be lost

1631457165244	geckodriver	INFO	Listening on 127.0.0.1:45947
1631457166121	mozrunner::runner	INFO	Running command: "/usr/bin/firefox" "--marionette" "-foreground" "-no-remote" "-profile" "/tmp/rust_mozprofilep1dHrO"
Gtk-Message: 17:32:46.240: Failed to load module "appmenu-gtk-module"
1631457166966	Marionette	INFO	Marionette enabled
Gtk-Message: 17:32:47.865: Failed to load module "appmenu-gtk-module"
Gtk-Message: 17:32:48.082: Failed to load module "appmenu-gtk-module"
console.warn: SearchSettings: "get: No settings file exists, new profile?" (new NotFoundError("Could not open the file at /tmp/rust_mozprofilep1dHrO/search.json.mozlz4", (void 0)))
1631457169824	Marionette	INFO	Listening on port 36087
1631457169875	Marionette	WARN	TLS certificate errors will be ignored for this session
Gtk-Message: 17:32:50.036: Failed to load module "appmenu-gtk-module"
1631457211951	Marionette	INFO	Stopped listening on port 36087

###!!! [Parent][RunMessage] Error: Channel closing: too late to send/recv, messages will be lost

1631457250942	geckodriver	INFO	Listening on 127.0.0.1:44219
1631457250945	mozrunner::runner	INFO	Running command: "/usr/bin/firefox" "--marionette" "-foreground" "-no-remote" "-profile" "/tmp/rust_mozprofilej9q47A"
Gtk-Message: 17:34:11.062: Failed to load module "appmenu-gtk-module"
1631457251605	Marionette	INFO	Marionette enabled
Gtk-Message: 17:34:12.488: Failed to load module "appmenu-gtk-module"
Gtk-Message: 17:34:12.602: Failed to load module "appmenu-gtk-module"
console.warn: SearchSettings: "get: No settings file exists, new profile?" (new NotFoundError("Could not open the file at /tmp/rust_mozprofilej9q47A/search.json.mozlz4", (void 0)))
1631457253317	Marionette	INFO	Listening on port 41273
1631457253374	Marionette	WARN	TLS certificate errors will be ignored for this session
Gtk-Message: 17:34:13.964: Failed to load module "appmenu-gtk-module"
JavaScript error: resource://devtools/server/actors/network-monitor/network-event-actor.js, line 108: Error: Got a request https://style.sndcdn.com/css/interstate-a86f07cf94ae5a496b24.css without a browsingContextID set
JavaScript error: resource://devtools/server/actors/network-monitor/network-event-actor.js, line 108: Error: Got a request https://a-v2.sndcdn.com/assets/css/app-1ef58cd5e2fd6e170cb1.css without a browsingContextID set
1631457361224	Marionette	INFO	Stopped listening on port 41273

###!!! [Parent][RunMessage] Error: Channel closing: too late to send/recv, messages will be lost

1631457384203	geckodriver	INFO	Listening on 127.0.0.1:53803
1631457385182	mozrunner::runner	INFO	Running command: "/usr/bin/firefox" "--marionette" "-foreground" "-no-remote" "-profile" "/tmp/rust_mozprofileMnSkfH"
Gtk-Message: 17:36:25.738: Failed to load module "appmenu-gtk-module"
1631457387055	Marionette	INFO	Marionette enabled
Gtk-Message: 17:36:28.102: Failed to load module "appmenu-gtk-module"
Gtk-Message: 17:36:28.247: Failed to load module "appmenu-gtk-module"
console.warn: SearchSettings: "get: No settings file exists, new profile?" (new NotFoundError("Could not open the file at /tmp/rust_mozprofileMnSkfH/search.json.mozlz4", (void 0)))
1631457389279	Marionette	INFO	Listening on port 40175
1631457389313	Marionette	WARN	TLS certificate errors will be ignored for this session
Gtk-Message: 17:36:29.371: Failed to load module "appmenu-gtk-module"
1631457402747	Marionette	INFO	Stopped listening on port 40175

###!!! [Parent][RunMessage] Error: Channel closing: too late to send/recv, messages will be lost

1631457727225	geckodriver	INFO	Listening on 127.0.0.1:46505
1631457728155	mozrunner::runner	INFO	Running command: "/usr/bin/firefox" "--marionette" "-foreground" "-no-remote" "-profile" "/tmp/rust_mozprofilenh5VF6"
Gtk-Message: 17:42:09.334: Failed to load module "appmenu-gtk-module"
1631457733266	Marionette	INFO	Marionette enabled
Gtk-Message: 17:42:18.976: Failed to load module "appmenu-gtk-module"
Gtk-Message: 17:42:19.125: Failed to load module "appmenu-gtk-module"
Gtk-Message: 17:42:20.152: Failed to load module "appmenu-gtk-module"
console.warn: SearchSettings: "get: No settings file exists, new profile?" (new NotFoundError("Could not open the file at /tmp/rust_mozprofilenh5VF6/search.json.mozlz4", (void 0)))
1631457745002	Marionette	INFO	Listening on port 39655
1631457745292	Marionette	WARN	TLS certificate errors will be ignored for this session
1631457802264	geckodriver	INFO	Listening on 127.0.0.1:34619
1631457803156	mozrunner::runner	INFO	Running command: "/usr/bin/firefox" "--marionette" "-foreground" "-no-remote" "-profile" "/tmp/rust_mozprofileGiGiCx"
Gtk-Message: 17:43:23.972: Failed to load module "appmenu-gtk-module"
1631457805694	Marionette	INFO	Marionette enabled
Gtk-Message: 17:43:28.119: Failed to load module "appmenu-gtk-module"
Gtk-Message: 17:43:28.480: Failed to load module "appmenu-gtk-module"
Gtk-Message: 17:43:31.561: Failed to load module "appmenu-gtk-module"
1631457812586	Marionette	INFO	Stopped listening on port 39655

###!!! [Parent][RunMessage] Error: Channel closing: too late to send/recv, messages will be lost

console.warn: SearchSettings: "get: No settings file exists, new profile?" (new NotFoundError("Could not open the file at /tmp/rust_mozprofileGiGiCx/search.json.mozlz4", (void 0)))
1631457814371	Marionette	INFO	Listening on port 39463
1631457814470	Marionette	WARN	TLS certificate errors will be ignored for this session
1631457845637	geckodriver	INFO	Listening on 127.0.0.1:47453
1631457846563	mozrunner::runner	INFO	Running command: "/usr/bin/firefox" "--marionette" "-foreground" "-no-remote" "-profile" "/tmp/rust_mozprofile0dPmjD"
Gtk-Message: 17:44:07.323: Failed to load module "appmenu-gtk-module"
1631457847348	Marionette	INFO	Stopped listening on port 39463

###!!! [Parent][RunMessage] Error: Channel closing: too late to send/recv, messages will be lost

1631457847943	Marionette	INFO	Marionette enabled
Gtk-Message: 17:44:09.557: Failed to load module "appmenu-gtk-module"
Gtk-Message: 17:44:09.669: Failed to load module "appmenu-gtk-module"
console.warn: SearchSettings: "get: No settings file exists, new profile?" (new NotFoundError("Could not open the file at /tmp/rust_mozprofile0dPmjD/search.json.mozlz4", (void 0)))
1631457850391	Marionette	INFO	Listening on port 46417
1631457850491	Marionette	WARN	TLS certificate errors will be ignored for this session
Gtk-Message: 17:44:10.574: Failed to load module "appmenu-gtk-module"
1631457869009	Marionette	INFO	Stopped listening on port 46417

###!!! [Parent][RunMessage] Error: Channel closing: too late to send/recv, messages will be lost

1631457872350	geckodriver	INFO	Listening on 127.0.0.1:33891
1631457872354	mozrunner::runner	INFO	Running command: "/usr/bin/firefox" "--marionette" "-foreground" "-no-remote" "-profile" "/tmp/rust_mozprofileKJ9qvy"
Gtk-Message: 17:44:32.454: Failed to load module "appmenu-gtk-module"
1631457872843	Marionette	INFO	Marionette enabled
Gtk-Message: 17:44:33.511: Failed to load module "appmenu-gtk-module"
Gtk-Message: 17:44:33.624: Failed to load module "appmenu-gtk-module"
console.warn: SearchSettings: "get: No settings file exists, new profile?" (new NotFoundError("Could not open the file at /tmp/rust_mozprofileKJ9qvy/search.json.mozlz4", (void 0)))
1631457874256	Marionette	INFO	Listening on port 45113
1631457874276	Marionette	WARN	TLS certificate errors will be ignored for this session
Gtk-Message: 17:44:34.845: Failed to load module "appmenu-gtk-module"
1631457943911	Marionette	INFO	Stopped listening on port 45113
1631457963306	geckodriver	INFO	Listening on 127.0.0.1:48265
1631457964212	mozrunner::runner	INFO	Running command: "/usr/bin/firefox" "--marionette" "-foreground" "-no-remote" "-profile" "/tmp/rust_mozprofileB4UnfG"
Gtk-Message: 17:46:04.981: Failed to load module "appmenu-gtk-module"
1631457966089	Marionette	INFO	Marionette enabled
Gtk-Message: 17:46:07.282: Failed to load module "appmenu-gtk-module"
Gtk-Message: 17:46:07.427: Failed to load module "appmenu-gtk-module"
console.warn: SearchSettings: "get: No settings file exists, new profile?" (new NotFoundError("Could not open the file at /tmp/rust_mozprofileB4UnfG/search.json.mozlz4", (void 0)))
Gtk-Message: 17:46:09.226: Failed to load module "appmenu-gtk-module"
1631457969760	Marionette	INFO	Listening on port 39597
1631457969844	Marionette	WARN	TLS certificate errors will be ignored for this session
1631457980895	Marionette	INFO	Stopped listening on port 39597

###!!! [Parent][RunMessage] Error: Channel closing: too late to send/recv, messages will be lost

1631458012623	geckodriver	INFO	Listening on 127.0.0.1:41069
1631458013527	mozrunner::runner	INFO	Running command: "/usr/bin/firefox" "--marionette" "-foreground" "-no-remote" "-profile" "/tmp/rust_mozprofileGJwqPi"
Gtk-Message: 17:46:53.662: Failed to load module "appmenu-gtk-module"
1631458014161	Marionette	INFO	Marionette enabled
Gtk-Message: 17:46:54.861: Failed to load module "appmenu-gtk-module"
Gtk-Message: 17:46:54.976: Failed to load module "appmenu-gtk-module"
console.warn: SearchSettings: "get: No settings file exists, new profile?" (new NotFoundError("Could not open the file at /tmp/rust_mozprofileGJwqPi/search.json.mozlz4", (void 0)))
1631458015728	Marionette	INFO	Listening on port 39559
1631458015750	Marionette	WARN	TLS certificate errors will be ignored for this session
Gtk-Message: 17:46:55.986: Failed to load module "appmenu-gtk-module"
1631458047251	Marionette	INFO	Stopped listening on port 39559

###!!! [Parent][RunMessage] Error: Channel closing: too late to send/recv, messages will be lost

1631458097758	geckodriver	INFO	Listening on 127.0.0.1:53507
1631458098737	mozrunner::runner	INFO	Running command: "/usr/bin/firefox" "--marionette" "-foreground" "-no-remote" "-profile" "/tmp/rust_mozprofileKDGUEQ"
Gtk-Message: 17:48:18.962: Failed to load module "appmenu-gtk-module"
1631458099378	Marionette	INFO	Marionette enabled
Gtk-Message: 17:48:20.094: Failed to load module "appmenu-gtk-module"
Gtk-Message: 17:48:20.201: Failed to load module "appmenu-gtk-module"
console.warn: SearchSettings: "get: No settings file exists, new profile?" (new NotFoundError("Could not open the file at /tmp/rust_mozprofileKDGUEQ/search.json.mozlz4", (void 0)))
1631458100951	Marionette	INFO	Listening on port 42951
1631458101062	Marionette	WARN	TLS certificate errors will be ignored for this session
Gtk-Message: 17:48:21.084: Failed to load module "appmenu-gtk-module"
1631458111818	Marionette	INFO	Stopped listening on port 42951
1631458322373	geckodriver	INFO	Listening on 127.0.0.1:50491
1631458323377	mozrunner::runner	INFO	Running command: "/usr/bin/firefox" "--marionette" "-foreground" "-no-remote" "-profile" "/tmp/rust_mozprofile1h5ap7"
Gtk-Message: 17:52:04.890: Failed to load module "appmenu-gtk-module"
1631458326081	Marionette	INFO	Marionette enabled
Gtk-Message: 17:52:10.312: Failed to load module "appmenu-gtk-module"
Gtk-Message: 17:52:10.313: Failed to load module "appmenu-gtk-module"
console.warn: SearchSettings: "get: No settings file exists, new profile?" (new NotFoundError("Could not open the file at /tmp/rust_mozprofile1h5ap7/search.json.mozlz4", (void 0)))
1631458333279	Marionette	INFO	Listening on port 37121
1631458333325	Marionette	WARN	TLS certificate errors will be ignored for this session
Gtk-Message: 17:52:15.075: Failed to load module "appmenu-gtk-module"
1631458343217	Marionette	INFO	Stopped listening on port 37121

###!!! [Parent][RunMessage] Error: Channel closing: too late to send/recv, messages will be lost

1631458433755	geckodriver	INFO	Listening on 127.0.0.1:59129
1631458434654	mozrunner::runner	INFO	Running command: "/usr/bin/firefox" "--marionette" "-foreground" "-no-remote" "-profile" "/tmp/rust_mozprofilesTa0zL"
Gtk-Message: 17:53:54.969: Failed to load module "appmenu-gtk-module"
1631458436980	Marionette	INFO	Marionette enabled
Gtk-Message: 17:54:00.115: Failed to load module "appmenu-gtk-module"
Gtk-Message: 17:54:00.116: Failed to load module "appmenu-gtk-module"
console.warn: SearchSettings: "get: No settings file exists, new profile?" (new NotFoundError("Could not open the file at /tmp/rust_mozprofilesTa0zL/search.json.mozlz4", (void 0)))
1631458443038	Marionette	INFO	Listening on port 39445
Gtk-Message: 17:54:03.889: Failed to load module "appmenu-gtk-module"
1631458443919	Marionette	WARN	TLS certificate errors will be ignored for this session
1631458449683	Marionette	INFO	Stopped listening on port 39445
1631458498932	geckodriver	INFO	Listening on 127.0.0.1:41819
1631458499824	mozrunner::runner	INFO	Running command: "/usr/bin/firefox" "--marionette" "-foreground" "-no-remote" "-profile" "/tmp/rust_mozprofiledbwIE8"
Gtk-Message: 17:55:00.526: Failed to load module "appmenu-gtk-module"
1631458504360	Marionette	INFO	Marionette enabled
Gtk-Message: 17:55:10.784: Failed to load module "appmenu-gtk-module"
Gtk-Message: 17:55:10.784: Failed to load module "appmenu-gtk-module"
console.warn: SearchSettings: "get: No settings file exists, new profile?" (new NotFoundError("Could not open the file at /tmp/rust_mozprofiledbwIE8/search.json.mozlz4", (void 0)))
Gtk-Message: 17:55:13.801: Failed to load module "appmenu-gtk-module"
1631458514298	Marionette	INFO	Listening on port 43961
1631458514381	Marionette	WARN	TLS certificate errors will be ignored for this session
1631458517387	Marionette	INFO	Stopped listening on port 43961
JavaScript error: https://a-v2.sndcdn.com/assets/0-5a73e54c.js, line 1: NS_ERROR_NOT_INITIALIZED: 
JavaScript error: https://a-v2.sndcdn.com/assets/0-5a73e54c.js, line 1: NS_ERROR_NOT_INITIALIZED: 

###!!! [Parent][RunMessage] Error: Channel closing: too late to send/recv, messages will be lost

1631459116188	geckodriver	INFO	Listening on 127.0.0.1:58543
1631459116720	mozrunner::runner	INFO	Running command: "/usr/bin/firefox" "--marionette" "-foreground" "-no-remote" "-profile" "/tmp/rust_mozprofileFsvd3j"
Gtk-Message: 18:05:19.821: Failed to load module "appmenu-gtk-module"
1631459124458	Marionette	INFO	Marionette enabled
Gtk-Message: 18:05:27.442: Failed to load module "appmenu-gtk-module"
Gtk-Message: 18:05:28.124: Failed to load module "appmenu-gtk-module"
Gtk-Message: 18:05:33.668: Failed to load module "appmenu-gtk-module"
console.warn: SearchSettings: "get: No settings file exists, new profile?" (new NotFoundError("Could not open the file at /tmp/rust_mozprofileFsvd3j/search.json.mozlz4", (void 0)))
1631459137531	Marionette	INFO	Listening on port 33515
1631459137730	Marionette	WARN	TLS certificate errors will be ignored for this session
1631459143390	Marionette	INFO	Stopped listening on port 33515

###!!! [Parent][RunMessage] Error: Channel closing: too late to send/recv, messages will be lost

1631459433731	geckodriver	INFO	Listening on 127.0.0.1:50551
1631459434520	mozrunner::runner	INFO	Running command: "/usr/bin/firefox" "--marionette" "-foreground" "-no-remote" "-profile" "/tmp/rust_mozprofileFp4ysJ"
Gtk-Message: 18:10:35.878: Failed to load module "appmenu-gtk-module"
1631459440505	Marionette	INFO	Marionette enabled
Gtk-Message: 18:10:43.669: Failed to load module "appmenu-gtk-module"
Gtk-Message: 18:10:46.137: Failed to load module "appmenu-gtk-module"
console.warn: SearchSettings: "get: No settings file exists, new profile?" (new NotFoundError("Could not open the file at /tmp/rust_mozprofileFp4ysJ/search.json.mozlz4", (void 0)))
Gtk-Message: 18:10:54.807: Failed to load module "appmenu-gtk-module"
1631459456304	Marionette	INFO	Listening on port 32965
1631459456413	Marionette	WARN	TLS certificate errors will be ignored for this session
1631517184658	geckodriver	INFO	Listening on 127.0.0.1:37045
1631517184662	mozrunner::runner	INFO	Running command: "/usr/bin/firefox" "--marionette" "-foreground" "-no-remote" "-profile" "/tmp/rust_mozprofilewVLNC5"
Gtk-Message: 10:13:04.856: Failed to load module "appmenu-gtk-module"
1631517185589	Marionette	INFO	Marionette enabled
Gtk-Message: 10:13:07.263: Failed to load module "appmenu-gtk-module"
Gtk-Message: 10:13:07.955: Failed to load module "appmenu-gtk-module"
console.warn: SearchSettings: "get: No settings file exists, new profile?" (new NotFoundError("Could not open the file at /tmp/rust_mozprofilewVLNC5/search.json.mozlz4", (void 0)))
Gtk-Message: 10:13:09.164: Failed to load module "appmenu-gtk-module"
1631517189402	Marionette	INFO	Listening on port 35327
1631517189528	Marionette	WARN	TLS certificate errors will be ignored for this session
1631517209052	Marionette	INFO	Stopped listening on port 35327

###!!! [Parent][RunMessage] Error: Channel closing: too late to send/recv, messages will be lost

1631517251817	geckodriver	INFO	Listening on 127.0.0.1:34351
1631517251822	mozrunner::runner	INFO	Running command: "/usr/bin/firefox" "--marionette" "-foreground" "-no-remote" "-profile" "/tmp/rust_mozprofilenZcAW8"
Gtk-Message: 10:14:11.957: Failed to load module "appmenu-gtk-module"
1631517252340	Marionette	INFO	Marionette enabled
Gtk-Message: 10:14:12.956: Failed to load module "appmenu-gtk-module"
Gtk-Message: 10:14:13.073: Failed to load module "appmenu-gtk-module"
console.warn: SearchSettings: "get: No settings file exists, new profile?" (new NotFoundError("Could not open the file at /tmp/rust_mozprofilenZcAW8/search.json.mozlz4", (void 0)))
1631517253899	Marionette	INFO	Listening on port 38047
1631517253949	Marionette	WARN	TLS certificate errors will be ignored for this session
Gtk-Message: 10:14:13.994: Failed to load module "appmenu-gtk-module"
1631517266345	Marionette	INFO	Stopped listening on port 38047

###!!! [Parent][RunMessage] Error: Channel closing: too late to send/recv, messages will be lost

1631517302520	geckodriver	INFO	Listening on 127.0.0.1:39655
1631517302523	mozrunner::runner	INFO	Running command: "/usr/bin/firefox" "--marionette" "-foreground" "-no-remote" "-profile" "/tmp/rust_mozprofilegTN16u"
Gtk-Message: 10:15:02.648: Failed to load module "appmenu-gtk-module"
1631517302990	Marionette	INFO	Marionette enabled
Gtk-Message: 10:15:03.613: Failed to load module "appmenu-gtk-module"
Gtk-Message: 10:15:03.710: Failed to load module "appmenu-gtk-module"
console.warn: SearchSettings: "get: No settings file exists, new profile?" (new NotFoundError("Could not open the file at /tmp/rust_mozprofilegTN16u/search.json.mozlz4", (void 0)))
1631517304442	Marionette	INFO	Listening on port 33335
1631517304571	Marionette	WARN	TLS certificate errors will be ignored for this session
Gtk-Message: 10:15:04.668: Failed to load module "appmenu-gtk-module"
1631517316944	Marionette	INFO	Stopped listening on port 33335

###!!! [Parent][RunMessage] Error: Channel closing: too late to send/recv, messages will be lost

1631517370090	geckodriver	INFO	Listening on 127.0.0.1:42269
1631517370093	mozrunner::runner	INFO	Running command: "/usr/bin/firefox" "--marionette" "-foreground" "-no-remote" "-profile" "/tmp/rust_mozprofileCyT2h6"
Gtk-Message: 10:16:10.203: Failed to load module "appmenu-gtk-module"
1631517370637	Marionette	INFO	Marionette enabled
Gtk-Message: 10:16:11.372: Failed to load module "appmenu-gtk-module"
Gtk-Message: 10:16:11.508: Failed to load module "appmenu-gtk-module"
console.warn: SearchSettings: "get: No settings file exists, new profile?" (new NotFoundError("Could not open the file at /tmp/rust_mozprofileCyT2h6/search.json.mozlz4", (void 0)))
1631517372243	Marionette	INFO	Listening on port 41585
1631517372337	Marionette	WARN	TLS certificate errors will be ignored for this session
Gtk-Message: 10:16:12.374: Failed to load module "appmenu-gtk-module"
1631517384780	Marionette	INFO	Stopped listening on port 41585

###!!! [Parent][RunMessage] Error: Channel closing: too late to send/recv, messages will be lost

1631517662661	geckodriver	INFO	Listening on 127.0.0.1:46761
1631517662664	mozrunner::runner	INFO	Running command: "/usr/bin/firefox" "--marionette" "-foreground" "-no-remote" "-profile" "/tmp/rust_mozprofilewzhUjR"
Gtk-Message: 10:21:02.770: Failed to load module "appmenu-gtk-module"
1631517663142	Marionette	INFO	Marionette enabled
Gtk-Message: 10:21:03.776: Failed to load module "appmenu-gtk-module"
Gtk-Message: 10:21:03.862: Failed to load module "appmenu-gtk-module"
console.warn: SearchSettings: "get: No settings file exists, new profile?" (new NotFoundError("Could not open the file at /tmp/rust_mozprofilewzhUjR/search.json.mozlz4", (void 0)))
1631517664570	Marionette	INFO	Listening on port 34327
1631517664701	Marionette	WARN	TLS certificate errors will be ignored for this session
Gtk-Message: 10:21:04.775: Failed to load module "appmenu-gtk-module"
1631517701400	Marionette	INFO	Stopped listening on port 34327

###!!! [Parent][RunMessage] Error: Channel closing: too late to send/recv, messages will be lost

1631517705042	geckodriver	INFO	Listening on 127.0.0.1:51339
1631517705046	mozrunner::runner	INFO	Running command: "/usr/bin/firefox" "--marionette" "-foreground" "-no-remote" "-profile" "/tmp/rust_mozprofiled0ok6a"
Gtk-Message: 10:21:45.151: Failed to load module "appmenu-gtk-module"
1631517705519	Marionette	INFO	Marionette enabled
Gtk-Message: 10:21:46.172: Failed to load module "appmenu-gtk-module"
Gtk-Message: 10:21:46.273: Failed to load module "appmenu-gtk-module"
console.warn: SearchSettings: "get: No settings file exists, new profile?" (new NotFoundError("Could not open the file at /tmp/rust_mozprofiled0ok6a/search.json.mozlz4", (void 0)))
1631517706984	Marionette	INFO	Listening on port 36781
1631517707078	Marionette	WARN	TLS certificate errors will be ignored for this session
Gtk-Message: 10:21:47.256: Failed to load module "appmenu-gtk-module"
1631517709665	Marionette	INFO	Stopped listening on port 36781

###!!! [Parent][RunMessage] Error: Channel closing: too late to send/recv, messages will be lost

1631517740479	geckodriver	INFO	Listening on 127.0.0.1:51201
1631517740482	mozrunner::runner	INFO	Running command: "/usr/bin/firefox" "--marionette" "-foreground" "-no-remote" "-profile" "/tmp/rust_mozprofiley7jSsu"
Gtk-Message: 10:22:20.585: Failed to load module "appmenu-gtk-module"
1631517740943	Marionette	INFO	Marionette enabled
Gtk-Message: 10:22:21.558: Failed to load module "appmenu-gtk-module"
Gtk-Message: 10:22:21.658: Failed to load module "appmenu-gtk-module"
console.warn: SearchSettings: "get: No settings file exists, new profile?" (new NotFoundError("Could not open the file at /tmp/rust_mozprofiley7jSsu/search.json.mozlz4", (void 0)))
1631517742286	Marionette	INFO	Listening on port 44339
1631517742305	Marionette	WARN	TLS certificate errors will be ignored for this session
Gtk-Message: 10:22:22.549: Failed to load module "appmenu-gtk-module"
1631517756480	Marionette	INFO	Stopped listening on port 44339

###!!! [Parent][RunMessage] Error: Channel closing: too late to send/recv, messages will be lost

1631517758969	geckodriver	INFO	Listening on 127.0.0.1:53073
1631517758973	mozrunner::runner	INFO	Running command: "/usr/bin/firefox" "--marionette" "-foreground" "-no-remote" "-profile" "/tmp/rust_mozprofilelP3UXw"
Gtk-Message: 10:22:39.072: Failed to load module "appmenu-gtk-module"
1631517759439	Marionette	INFO	Marionette enabled
Gtk-Message: 10:22:40.052: Failed to load module "appmenu-gtk-module"
Gtk-Message: 10:22:40.172: Failed to load module "appmenu-gtk-module"
console.warn: SearchSettings: "get: No settings file exists, new profile?" (new NotFoundError("Could not open the file at /tmp/rust_mozprofilelP3UXw/search.json.mozlz4", (void 0)))
1631517760720	Marionette	INFO	Listening on port 34385
1631517760799	Marionette	WARN	TLS certificate errors will be ignored for this session
Gtk-Message: 10:22:41.057: Failed to load module "appmenu-gtk-module"
1631517763406	Marionette	INFO	Stopped listening on port 34385

###!!! [Parent][RunMessage] Error: Channel closing: too late to send/recv, messages will be lost

1631518277530	geckodriver	INFO	Listening on 127.0.0.1:34919
1631518277534	mozrunner::runner	INFO	Running command: "/usr/bin/firefox" "--marionette" "-foreground" "-no-remote" "-profile" "/tmp/rust_mozprofilefhKxwy"
Gtk-Message: 10:31:17.797: Failed to load module "appmenu-gtk-module"
1631518278371	Marionette	INFO	Marionette enabled
Gtk-Message: 10:31:19.650: Failed to load module "appmenu-gtk-module"
Gtk-Message: 10:31:19.658: Failed to load module "appmenu-gtk-module"
console.warn: SearchSettings: "get: No settings file exists, new profile?" (new NotFoundError("Could not open the file at /tmp/rust_mozprofilefhKxwy/search.json.mozlz4", (void 0)))
Gtk-Message: 10:31:23.449: Failed to load module "appmenu-gtk-module"
1631518283810	Marionette	INFO	Listening on port 33371
1631518283866	Marionette	WARN	TLS certificate errors will be ignored for this session
1631518286764	Marionette	INFO	Stopped listening on port 33371

###!!! [Parent][RunMessage] Error: Channel closing: too late to send/recv, messages will be lost

1631518340277	geckodriver	INFO	Listening on 127.0.0.1:35251
1631518341272	mozrunner::runner	INFO	Running command: "/usr/bin/firefox" "--marionette" "-foreground" "-no-remote" "-profile" "/tmp/rust_mozprofile3txHE0"
Gtk-Message: 10:32:21.387: Failed to load module "appmenu-gtk-module"
1631518341976	Marionette	INFO	Marionette enabled
Gtk-Message: 10:32:22.616: Failed to load module "appmenu-gtk-module"
Gtk-Message: 10:32:22.734: Failed to load module "appmenu-gtk-module"
console.warn: SearchSettings: "get: No settings file exists, new profile?" (new NotFoundError("Could not open the file at /tmp/rust_mozprofile3txHE0/search.json.mozlz4", (void 0)))
1631518343402	Marionette	INFO	Listening on port 36843
1631518343506	Marionette	WARN	TLS certificate errors will be ignored for this session
Gtk-Message: 10:32:23.669: Failed to load module "appmenu-gtk-module"
1631518346363	Marionette	INFO	Stopped listening on port 36843

###!!! [Parent][RunMessage] Error: Channel closing: too late to send/recv, messages will be lost

1631518475243	geckodriver	INFO	Listening on 127.0.0.1:58465
1631518475247	mozrunner::runner	INFO	Running command: "/usr/bin/firefox" "--marionette" "-foreground" "-no-remote" "-profile" "/tmp/rust_mozprofilePX3OJh"
Gtk-Message: 10:34:35.341: Failed to load module "appmenu-gtk-module"
1631518475716	Marionette	INFO	Marionette enabled
Gtk-Message: 10:34:36.363: Failed to load module "appmenu-gtk-module"
Gtk-Message: 10:34:36.463: Failed to load module "appmenu-gtk-module"
console.warn: SearchSettings: "get: No settings file exists, new profile?" (new NotFoundError("Could not open the file at /tmp/rust_mozprofilePX3OJh/search.json.mozlz4", (void 0)))
1631518477192	Marionette	INFO	Listening on port 36453
1631518477276	Marionette	WARN	TLS certificate errors will be ignored for this session
Gtk-Message: 10:34:37.402: Failed to load module "appmenu-gtk-module"
1631518480870	Marionette	INFO	Stopped listening on port 36453
1631518533446	geckodriver	INFO	Listening on 127.0.0.1:54643
1631518533451	mozrunner::runner	INFO	Running command: "/usr/bin/firefox" "--marionette" "-foreground" "-no-remote" "-profile" "/tmp/rust_mozprofile9nb2V5"
Gtk-Message: 10:35:33.576: Failed to load module "appmenu-gtk-module"
1631518533936	Marionette	INFO	Marionette enabled
Gtk-Message: 10:35:34.609: Failed to load module "appmenu-gtk-module"
Gtk-Message: 10:35:34.694: Failed to load module "appmenu-gtk-module"
console.warn: SearchSettings: "get: No settings file exists, new profile?" (new NotFoundError("Could not open the file at /tmp/rust_mozprofile9nb2V5/search.json.mozlz4", (void 0)))
1631518535398	Marionette	INFO	Listening on port 44863
1631518535484	Marionette	WARN	TLS certificate errors will be ignored for this session
Gtk-Message: 10:35:35.623: Failed to load module "appmenu-gtk-module"
1631518537548	Marionette	INFO	Stopped listening on port 44863

###!!! [Parent][RunMessage] Error: Channel closing: too late to send/recv, messages will be lost

1631519365755	geckodriver	INFO	Listening on 127.0.0.1:52211
1631519365758	mozrunner::runner	INFO	Running command: "/usr/bin/firefox" "--marionette" "-foreground" "-no-remote" "-profile" "/tmp/rust_mozprofile5lOSZZ"
Gtk-Message: 10:49:25.865: Failed to load module "appmenu-gtk-module"
1631519366233	Marionette	INFO	Marionette enabled
console.warn: SearchSettings: "get: No settings file exists, new profile?" (new NotFoundError("Could not open the file at /tmp/rust_mozprofile5lOSZZ/search.json.mozlz4", (void 0)))
Gtk-Message: 10:49:27.427: Failed to load module "appmenu-gtk-module"
Gtk-Message: 10:49:27.436: Failed to load module "appmenu-gtk-module"
1631519367494	Marionette	INFO	Listening on port 39465
1631519367585	Marionette	WARN	TLS certificate errors will be ignored for this session
Gtk-Message: 10:49:27.879: Failed to load module "appmenu-gtk-module"
1631519376037	Marionette	INFO	Stopped listening on port 39465

###!!! [Parent][RunMessage] Error: Channel closing: too late to send/recv, messages will be lost

1631519406961	geckodriver	INFO	Listening on 127.0.0.1:34933
1631519406965	mozrunner::runner	INFO	Running command: "/usr/bin/firefox" "--marionette" "-foreground" "-no-remote" "-profile" "/tmp/rust_mozprofileb3kIRl"
Gtk-Message: 10:50:07.069: Failed to load module "appmenu-gtk-module"
1631519407912	Marionette	INFO	Marionette enabled
Gtk-Message: 10:50:08.521: Failed to load module "appmenu-gtk-module"
Gtk-Message: 10:50:08.631: Failed to load module "appmenu-gtk-module"
console.warn: SearchSettings: "get: No settings file exists, new profile?" (new NotFoundError("Could not open the file at /tmp/rust_mozprofileb3kIRl/search.json.mozlz4", (void 0)))
1631519409673	Marionette	INFO	Listening on port 40649
Gtk-Message: 10:50:09.771: Failed to load module "appmenu-gtk-module"
1631519409794	Marionette	WARN	TLS certificate errors will be ignored for this session
1631519412942	Marionette	INFO	Stopped listening on port 40649
JavaScript error: resource://gre/modules/AsyncShutdown.jsm, line 718: Error: Phase "Sqlite.jsm: wait until all connections are closed" is finished, it is too late to register completion condition "protections.sqlite#0: waiting for shutdown"

###!!! [Parent][RunMessage] Error: Channel closing: too late to send/recv, messages will be lost

1631519495229	geckodriver	INFO	Listening on 127.0.0.1:38357
1631519495233	mozrunner::runner	INFO	Running command: "/usr/bin/firefox" "--marionette" "-foreground" "-no-remote" "-profile" "/tmp/rust_mozprofileTFMwmc"
Gtk-Message: 10:51:35.345: Failed to load module "appmenu-gtk-module"
1631519495705	Marionette	INFO	Marionette enabled
Gtk-Message: 10:51:36.354: Failed to load module "appmenu-gtk-module"
Gtk-Message: 10:51:36.462: Failed to load module "appmenu-gtk-module"
console.warn: SearchSettings: "get: No settings file exists, new profile?" (new NotFoundError("Could not open the file at /tmp/rust_mozprofileTFMwmc/search.json.mozlz4", (void 0)))
1631519497321	Marionette	INFO	Listening on port 40489
1631519497360	Marionette	WARN	TLS certificate errors will be ignored for this session
Gtk-Message: 10:51:37.407: Failed to load module "appmenu-gtk-module"
1631519500288	Marionette	INFO	Stopped listening on port 40489
1631519508344	geckodriver	INFO	Listening on 127.0.0.1:47711
1631519508349	mozrunner::runner	INFO	Running command: "/usr/bin/firefox" "--marionette" "-foreground" "-no-remote" "-profile" "/tmp/rust_mozprofileE1tbaj"
Gtk-Message: 10:51:48.468: Failed to load module "appmenu-gtk-module"
1631519508844	Marionette	INFO	Marionette enabled
Gtk-Message: 10:51:49.498: Failed to load module "appmenu-gtk-module"
Gtk-Message: 10:51:49.597: Failed to load module "appmenu-gtk-module"
console.warn: SearchSettings: "get: No settings file exists, new profile?" (new NotFoundError("Could not open the file at /tmp/rust_mozprofileE1tbaj/search.json.mozlz4", (void 0)))
1631519510375	Marionette	INFO	Listening on port 45083
1631519510488	Marionette	WARN	TLS certificate errors will be ignored for this session
Gtk-Message: 10:51:50.514: Failed to load module "appmenu-gtk-module"
1631519513197	Marionette	INFO	Stopped listening on port 45083

###!!! [Parent][RunMessage] Error: Channel closing: too late to send/recv, messages will be lost

1631519533043	geckodriver	INFO	Listening on 127.0.0.1:49297
1631519533047	mozrunner::runner	INFO	Running command: "/usr/bin/firefox" "--marionette" "-foreground" "-no-remote" "-profile" "/tmp/rust_mozprofileo2LFj2"
Gtk-Message: 10:52:13.154: Failed to load module "appmenu-gtk-module"
1631519533527	Marionette	INFO	Marionette enabled
Gtk-Message: 10:52:14.173: Failed to load module "appmenu-gtk-module"
Gtk-Message: 10:52:14.270: Failed to load module "appmenu-gtk-module"
console.warn: SearchSettings: "get: No settings file exists, new profile?" (new NotFoundError("Could not open the file at /tmp/rust_mozprofileo2LFj2/search.json.mozlz4", (void 0)))
1631519535022	Marionette	INFO	Listening on port 46371
1631519535090	Marionette	WARN	TLS certificate errors will be ignored for this session
Gtk-Message: 10:52:15.170: Failed to load module "appmenu-gtk-module"
1631519538954	Marionette	INFO	Stopped listening on port 46371
1631519558997	geckodriver	INFO	Listening on 127.0.0.1:54345
1631519559002	mozrunner::runner	INFO	Running command: "/usr/bin/firefox" "--marionette" "-foreground" "-no-remote" "-profile" "/tmp/rust_mozprofileNZmdTm"
Gtk-Message: 10:52:39.114: Failed to load module "appmenu-gtk-module"
1631519559477	Marionette	INFO	Marionette enabled
Gtk-Message: 10:52:40.117: Failed to load module "appmenu-gtk-module"
Gtk-Message: 10:52:40.206: Failed to load module "appmenu-gtk-module"
console.warn: SearchSettings: "get: No settings file exists, new profile?" (new NotFoundError("Could not open the file at /tmp/rust_mozprofileNZmdTm/search.json.mozlz4", (void 0)))
1631519560941	Marionette	INFO	Listening on port 44985
1631519561032	Marionette	WARN	TLS certificate errors will be ignored for this session
Gtk-Message: 10:52:41.170: Failed to load module "appmenu-gtk-module"
1631519563889	Marionette	INFO	Stopped listening on port 44985
console.error: Region.jsm: "Error fetching region" (new TypeError("NetworkError when attempting to fetch resource.", ""))
console.error: Region.jsm: "Failed to fetch region" (new Error("NO_RESULT", "resource://gre/modules/Region.jsm", 419))
1631519648190	geckodriver	INFO	Listening on 127.0.0.1:58889
1631519648194	mozrunner::runner	INFO	Running command: "/usr/bin/firefox" "--marionette" "-foreground" "-no-remote" "-profile" "/tmp/rust_mozprofile9XLJJg"
Gtk-Message: 10:54:08.291: Failed to load module "appmenu-gtk-module"
1631519648664	Marionette	INFO	Marionette enabled
Gtk-Message: 10:54:09.303: Failed to load module "appmenu-gtk-module"
Gtk-Message: 10:54:09.431: Failed to load module "appmenu-gtk-module"
console.warn: SearchSettings: "get: No settings file exists, new profile?" (new NotFoundError("Could not open the file at /tmp/rust_mozprofile9XLJJg/search.json.mozlz4", (void 0)))
1631519650430	Marionette	INFO	Listening on port 45149
1631519650517	Marionette	WARN	TLS certificate errors will be ignored for this session
Gtk-Message: 10:54:11.557: Failed to load module "appmenu-gtk-module"
1631519654550	Marionette	INFO	Stopped listening on port 45149

###!!! [Parent][RunMessage] Error: Channel closing: too late to send/recv, messages will be lost

1631519811389	geckodriver	INFO	Listening on 127.0.0.1:52891
1631519811392	mozrunner::runner	INFO	Running command: "/usr/bin/firefox" "--marionette" "-foreground" "-no-remote" "-profile" "/tmp/rust_mozprofileZOwfZR"
Gtk-Message: 10:56:51.503: Failed to load module "appmenu-gtk-module"
1631519811913	Marionette	INFO	Marionette enabled
Gtk-Message: 10:56:52.603: Failed to load module "appmenu-gtk-module"
Gtk-Message: 10:56:52.705: Failed to load module "appmenu-gtk-module"
console.warn: SearchSettings: "get: No settings file exists, new profile?" (new NotFoundError("Could not open the file at /tmp/rust_mozprofileZOwfZR/search.json.mozlz4", (void 0)))
1631519813468	Marionette	INFO	Listening on port 41547
1631519813518	Marionette	WARN	TLS certificate errors will be ignored for this session
Gtk-Message: 10:56:53.611: Failed to load module "appmenu-gtk-module"
1631519816821	Marionette	INFO	Stopped listening on port 41547

###!!! [Parent][RunMessage] Error: Channel closing: too late to send/recv, messages will be lost

1631519837674	geckodriver	INFO	Listening on 127.0.0.1:41783
1631519837677	mozrunner::runner	INFO	Running command: "/usr/bin/firefox" "--marionette" "-foreground" "-no-remote" "-profile" "/tmp/rust_mozprofileJR5c7B"
Gtk-Message: 10:57:19.142: Failed to load module "appmenu-gtk-module"
1631519839671	Marionette	INFO	Marionette enabled
Gtk-Message: 10:57:20.336: Failed to load module "appmenu-gtk-module"
Gtk-Message: 10:57:20.427: Failed to load module "appmenu-gtk-module"
console.warn: SearchSettings: "get: No settings file exists, new profile?" (new NotFoundError("Could not open the file at /tmp/rust_mozprofileJR5c7B/search.json.mozlz4", (void 0)))
1631519841212	Marionette	INFO	Listening on port 32925
1631519841308	Marionette	WARN	TLS certificate errors will be ignored for this session
Gtk-Message: 10:57:21.383: Failed to load module "appmenu-gtk-module"
1631519844132	Marionette	INFO	Stopped listening on port 32925
JavaScript error: resource://gre/modules/AsyncShutdown.jsm, line 718: Error: Phase "Sqlite.jsm: wait until all connections are closed" is finished, it is too late to register completion condition "protections.sqlite#0: waiting for shutdown"

###!!! [Parent][RunMessage] Error: Channel closing: too late to send/recv, messages will be lost

