This is pdfTeX, Version 3.14159265-2.6-1.40.21 (TeX Live 2020/Arch Linux) (preloaded format=pdflatex 2021.3.18)  14 APR 2021 20:53
entering extended mode
 restricted \write18 enabled.
 %&-line parsing enabled.
**2_1.tex
(./2_1.tex
LaTeX2e <2020-10-01> patch level 2
L3 programming layer <2020-12-03> xparse <2020-03-03>
! Undefined control sequence.
l.1 \subsubsection
                  *{2.1}
The control sequence at the end of the top line
of your error message was never \def'ed. If you have
misspelled it (e.g., `\hobx'), type `I' and the correct
spelling (e.g., `I\hbox'). Otherwise just continue,
and I'll forget about whatever was undefined.


! LaTeX Error: Missing \begin{document}.

See the LaTeX manual or LaTeX Companion for explanation.
Type  H <return>  for immediate help.
 ...                                              
                                                  
l.1 \subsubsection*
                   {2.1}
You're in trouble here.  Try typing  <return>  to proceed.
If that doesn't work, type  X <return>  to quit.

Missing character: There is no * in font nullfont!
Missing character: There is no 2 in font nullfont!
Missing character: There is no . in font nullfont!
Missing character: There is no 1 in font nullfont!

! Package inputenc Error: Unicode character –ù (U+041D)
(inputenc)                not set up for use with LaTeX.

See the inputenc package documentation for explanation.
Type  H <return>  for immediate help.
 ...                                              
                                                  
l.2 –ù
      —É –¥–∞–≤–∞–π—Ç–µ –¥–æ–∫–∞–∂–µ–º, —Å–Ω–∞—á–∞–ª–∞ —Ä–∞–∑–±–µ—Ä–µ–º —Å–ª...

You may provide a definition with
\DeclareUnicodeCharacter 


! Package inputenc Error: Unicode character —É (U+0443)
(inputenc)                not set up for use with LaTeX.

See the inputenc package documentation for explanation.
Type  H <return>  for immediate help.
 ...                                              
                                                  
l.2 –ù—É
         –¥–∞–≤–∞–π—Ç–µ –¥–æ–∫–∞–∂–µ–º, —Å–Ω–∞—á–∞–ª–∞ —Ä–∞–∑–±–µ—Ä–µ–º —Å–ª...

You may provide a definition with
\DeclareUnicodeCharacter 


! Package inputenc Error: Unicode character –¥ (U+0434)
(inputenc)                not set up for use with LaTeX.

See the inputenc package documentation for explanation.
Type  H <return>  for immediate help.
 ...                                              
                                                  
l.2 –ù—É –¥
           –∞–≤–∞–π—Ç–µ –¥–æ–∫–∞–∂–µ–º, —Å–Ω–∞—á–∞–ª–∞ —Ä–∞–∑–±–µ—Ä–µ–º —Å–ª...

You may provide a definition with
\DeclareUnicodeCharacter 


! Package inputenc Error: Unicode character –∞ (U+0430)
(inputenc)                not set up for use with LaTeX.

See the inputenc package documentation for explanation.
Type  H <return>  for immediate help.
 ...                                              
                                                  
l.2 –ù—É –¥–∞
             –≤–∞–π—Ç–µ –¥–æ–∫–∞–∂–µ–º, —Å–Ω–∞—á–∞–ª–∞ —Ä–∞–∑–±–µ—Ä–µ–º —Å–ª...

You may provide a definition with
\DeclareUnicodeCharacter 


! Package inputenc Error: Unicode character –≤ (U+0432)
(inputenc)                not set up for use with LaTeX.

See the inputenc package documentation for explanation.
Type  H <return>  for immediate help.
 ...                                              
                                                  
l.2 –ù—É –¥–∞–≤
               –∞–π—Ç–µ –¥–æ–∫–∞–∂–µ–º, —Å–Ω–∞—á–∞–ª–∞ —Ä–∞–∑–±–µ—Ä–µ–º —Å–ª...

You may provide a definition with
\DeclareUnicodeCharacter 


! Package inputenc Error: Unicode character –∞ (U+0430)
(inputenc)                not set up for use with LaTeX.

See the inputenc package documentation for explanation.
Type  H <return>  for immediate help.
 ...                                              
                                                  
l.2 –ù—É –¥–∞–≤–∞
                 –π—Ç–µ –¥–æ–∫–∞–∂–µ–º, —Å–Ω–∞—á–∞–ª–∞ —Ä–∞–∑–±–µ—Ä–µ–º —Å–ª...

You may provide a definition with
\DeclareUnicodeCharacter 


! Package inputenc Error: Unicode character –π (U+0439)
(inputenc)                not set up for use with LaTeX.

See the inputenc package documentation for explanation.
Type  H <return>  for immediate help.
 ...                                              
                                                  
l.2 –ù—É –¥–∞–≤–∞–π
                   —Ç–µ –¥–æ–∫–∞–∂–µ–º, —Å–Ω–∞—á–∞–ª–∞ —Ä–∞–∑–±–µ—Ä–µ–º —Å–ª...

You may provide a definition with
\DeclareUnicodeCharacter 


! Package inputenc Error: Unicode character —Ç (U+0442)
(inputenc)                not set up for use with LaTeX.

See the inputenc package documentation for explanation.
Type  H <return>  for immediate help.
 ...                                              
                                                  
l.2 –ù—É –¥–∞–≤–∞–π—Ç
                     –µ –¥–æ–∫–∞–∂–µ–º, —Å–Ω–∞—á–∞–ª–∞ —Ä–∞–∑–±–µ—Ä–µ–º —Å–ª...

You may provide a definition with
\DeclareUnicodeCharacter 


! Package inputenc Error: Unicode character –µ (U+0435)
(inputenc)                not set up for use with LaTeX.

See the inputenc package documentation for explanation.
Type  H <return>  for immediate help.
 ...                                              
                                                  
l.2 –ù—É –¥–∞–≤–∞–π—Ç–µ
                        –¥–æ–∫–∞–∂–µ–º, —Å–Ω–∞—á–∞–ª–∞ —Ä–∞–∑–±–µ—Ä–µ–º —Å–ª...

You may provide a definition with
\DeclareUnicodeCharacter 


! Package inputenc Error: Unicode character –¥ (U+0434)
(inputenc)                not set up for use with LaTeX.

See the inputenc package documentation for explanation.
Type  H <return>  for immediate help.
 ...                                              
                                                  
l.2 –ù—É –¥–∞–≤–∞–π—Ç–µ –¥
                          –æ–∫–∞–∂–µ–º, —Å–Ω–∞—á–∞–ª–∞ —Ä–∞–∑–±–µ—Ä–µ–º —Å–ª...

You may provide a definition with
\DeclareUnicodeCharacter 


! Package inputenc Error: Unicode character –æ (U+043E)
(inputenc)                not set up for use with LaTeX.

See the inputenc package documentation for explanation.
Type  H <return>  for immediate help.
 ...                                              
                                                  
l.2 –ù—É –¥–∞–≤–∞–π—Ç–µ –¥–æ
                            –∫–∞–∂–µ–º, —Å–Ω–∞—á–∞–ª–∞ —Ä–∞–∑–±–µ—Ä–µ–º —Å–ª...

You may provide a definition with
\DeclareUnicodeCharacter 


! Package inputenc Error: Unicode character –∫ (U+043A)
(inputenc)                not set up for use with LaTeX.

See the inputenc package documentation for explanation.
Type  H <return>  for immediate help.
 ...                                              
                                                  
l.2 –ù—É –¥–∞–≤–∞–π—Ç–µ –¥–æ–∫
                              –∞–∂–µ–º, —Å–Ω–∞—á–∞–ª–∞ —Ä–∞–∑–±–µ—Ä–µ–º —Å–ª...

You may provide a definition with
\DeclareUnicodeCharacter 


! Package inputenc Error: Unicode character –∞ (U+0430)
(inputenc)                not set up for use with LaTeX.

See the inputenc package documentation for explanation.
Type  H <return>  for immediate help.
 ...                                              
                                                  
l.2 –ù—É –¥–∞–≤–∞–π—Ç–µ –¥–æ–∫–∞
                                –∂–µ–º, —Å–Ω–∞—á–∞–ª–∞ —Ä–∞–∑–±–µ—Ä–µ–º —Å–ª...

You may provide a definition with
\DeclareUnicodeCharacter 


! Package inputenc Error: Unicode character –∂ (U+0436)
(inputenc)                not set up for use with LaTeX.

See the inputenc package documentation for explanation.
Type  H <return>  for immediate help.
 ...                                              
                                                  
l.2 –ù—É –¥–∞–≤–∞–π—Ç–µ –¥–æ–∫–∞–∂
                                  –µ–º, —Å–Ω–∞—á–∞–ª–∞ —Ä–∞–∑–±–µ—Ä–µ–º —Å–ª...

You may provide a definition with
\DeclareUnicodeCharacter 


! Package inputenc Error: Unicode character –µ (U+0435)
(inputenc)                not set up for use with LaTeX.

See the inputenc package documentation for explanation.
Type  H <return>  for immediate help.
 ...                                              
                                                  
l.2 –ù—É –¥–∞–≤–∞–π—Ç–µ –¥–æ–∫–∞–∂–µ
                                    –º, —Å–Ω–∞—á–∞–ª–∞ —Ä–∞–∑–±–µ—Ä–µ–º —Å–ª...

You may provide a definition with
\DeclareUnicodeCharacter 


! Package inputenc Error: Unicode character –º (U+043C)
(inputenc)                not set up for use with LaTeX.

See the inputenc package documentation for explanation.
Type  H <return>  for immediate help.
 ...                                              
                                                  
l.2 –ù—É –¥–∞–≤–∞–π—Ç–µ –¥–æ–∫–∞–∂–µ–º
                                      , —Å–Ω–∞—á–∞–ª–∞ —Ä–∞–∑–±–µ—Ä–µ–º —Å–ª...

You may provide a definition with
\DeclareUnicodeCharacter 

Missing character: There is no , in font nullfont!

! Package inputenc Error: Unicode character —Å (U+0441)
(inputenc)                not set up for use with LaTeX.

See the inputenc package documentation for explanation.
Type  H <return>  for immediate help.
 ...                                              
                                                  
l.2 –ù—É –¥–∞–≤–∞–π—Ç–µ –¥–æ–∫–∞–∂–µ–º, —Å
                                          –Ω–∞—á–∞–ª–∞ —Ä–∞–∑–±–µ—Ä–µ–º —Å–ª...

You may provide a definition with
\DeclareUnicodeCharacter 


! Package inputenc Error: Unicode character –Ω (U+043D)
(inputenc)                not set up for use with LaTeX.

See the inputenc package documentation for explanation.
Type  H <return>  for immediate help.
 ...                                              
                                                  
l.2 –ù—É –¥–∞–≤–∞–π—Ç–µ –¥–æ–∫–∞–∂–µ–º, —Å–Ω
                                            –∞—á–∞–ª–∞ —Ä–∞–∑–±–µ—Ä–µ–º —Å–ª...

You may provide a definition with
\DeclareUnicodeCharacter 


! Package inputenc Error: Unicode character –∞ (U+0430)
(inputenc)                not set up for use with LaTeX.

See the inputenc package documentation for explanation.
Type  H <return>  for immediate help.
 ...                                              
                                                  
l.2 –ù—É –¥–∞–≤–∞–π—Ç–µ –¥–æ–∫–∞–∂–µ–º, —Å–Ω–∞
                                              —á–∞–ª–∞ —Ä–∞–∑–±–µ—Ä–µ–º —Å–ª...

You may provide a definition with
\DeclareUnicodeCharacter 


! Package inputenc Error: Unicode character —á (U+0447)
(inputenc)                not set up for use with LaTeX.

See the inputenc package documentation for explanation.
Type  H <return>  for immediate help.
 ...                                              
                                                  
l.2 –ù—É –¥–∞–≤–∞–π—Ç–µ –¥–æ–∫–∞–∂–µ–º, —Å–Ω–∞—á
                                                –∞–ª–∞ —Ä–∞–∑–±–µ—Ä–µ–º —Å–ª...

You may provide a definition with
\DeclareUnicodeCharacter 


! Package inputenc Error: Unicode character –∞ (U+0430)
(inputenc)                not set up for use with LaTeX.

See the inputenc package documentation for explanation.
Type  H <return>  for immediate help.
 ...                                              
                                                  
l.2 –ù—É –¥–∞–≤–∞–π—Ç–µ –¥–æ–∫–∞–∂–µ–º, —Å–Ω–∞—á–∞
                                                  –ª–∞ —Ä–∞–∑–±–µ—Ä–µ–º —Å–ª...

You may provide a definition with
\DeclareUnicodeCharacter 


! Package inputenc Error: Unicode character –ª (U+043B)
(inputenc)                not set up for use with LaTeX.

See the inputenc package documentation for explanation.
Type  H <return>  for immediate help.
 ...                                              
                                                  
l.2 ...–¥–∞–≤–∞–π—Ç–µ –¥–æ–∫–∞–∂–µ–º, —Å–Ω–∞—á–∞–ª
                                                  –∞ —Ä–∞–∑–±–µ—Ä–µ–º —Å–ª—É...

You may provide a definition with
\DeclareUnicodeCharacter 


! Package inputenc Error: Unicode character –∞ (U+0430)
(inputenc)                not set up for use with LaTeX.

See the inputenc package documentation for explanation.
Type  H <return>  for immediate help.
 ...                                              
                                                  
l.2 ...–∞–≤–∞–π—Ç–µ –¥–æ–∫–∞–∂–µ–º, —Å–Ω–∞—á–∞–ª–∞
                                                   —Ä–∞–∑–±–µ—Ä–µ–º —Å–ª—É—á...

You may provide a definition with
\DeclareUnicodeCharacter 


! Package inputenc Error: Unicode character —Ä (U+0440)
(inputenc)                not set up for use with LaTeX.

See the inputenc package documentation for explanation.
Type  H <return>  for immediate help.
 ...                                              
                                                  
l.2 ...≤–∞–π—Ç–µ –¥–æ–∫–∞–∂–µ–º, —Å–Ω–∞—á–∞–ª–∞ —Ä
                                                  –∞–∑–±–µ—Ä–µ–º —Å–ª—É—á–∞–...

You may provide a definition with
\DeclareUnicodeCharacter 


! Package inputenc Error: Unicode character –∞ (U+0430)
(inputenc)                not set up for use with LaTeX.

See the inputenc package documentation for explanation.
Type  H <return>  for immediate help.
 ...                                              
                                                  
l.2 ...∞–π—Ç–µ –¥–æ–∫–∞–∂–µ–º, —Å–Ω–∞—á–∞–ª–∞ —Ä–∞
                                                  –∑–±–µ—Ä–µ–º —Å–ª—É—á–∞–π ...

You may provide a definition with
\DeclareUnicodeCharacter 


! Package inputenc Error: Unicode character –∑ (U+0437)
(inputenc)                not set up for use with LaTeX.

See the inputenc package documentation for explanation.
Type  H <return>  for immediate help.
 ...                                              
                                                  
l.2 ...π—Ç–µ –¥–æ–∫–∞–∂–µ–º, —Å–Ω–∞—á–∞–ª–∞ —Ä–∞–∑
                                                  –±–µ—Ä–µ–º —Å–ª—É—á–∞–π –¥...

You may provide a definition with
\DeclareUnicodeCharacter 


! Package inputenc Error: Unicode character –± (U+0431)
(inputenc)                not set up for use with LaTeX.

See the inputenc package documentation for explanation.
Type  H <return>  for immediate help.
 ...                                              
                                                  
l.2 ...Ç–µ –¥–æ–∫–∞–∂–µ–º, —Å–Ω–∞—á–∞–ª–∞ —Ä–∞–∑–±
                                                  –µ—Ä–µ–º —Å–ª—É—á–∞–π –¥–ª...

You may provide a definition with
\DeclareUnicodeCharacter 


! Package inputenc Error: Unicode character –µ (U+0435)
(inputenc)                not set up for use with LaTeX.

See the inputenc package documentation for explanation.
Type  H <return>  for immediate help.
 ...                                              
                                                  
l.2 ...µ –¥–æ–∫–∞–∂–µ–º, —Å–Ω–∞—á–∞–ª–∞ —Ä–∞–∑–±–µ
                                                  —Ä–µ–º —Å–ª—É—á–∞–π –¥–ª—è...

You may provide a definition with
\DeclareUnicodeCharacter 


! Package inputenc Error: Unicode character —Ä (U+0440)
(inputenc)                not set up for use with LaTeX.

See the inputenc package documentation for explanation.
Type  H <return>  for immediate help.
 ...                                              
                                                  
l.2 ...–¥–æ–∫–∞–∂–µ–º, —Å–Ω–∞—á–∞–ª–∞ —Ä–∞–∑–±–µ—Ä
                                                  –µ–º —Å–ª—É—á–∞–π –¥–ª—è \...

You may provide a definition with
\DeclareUnicodeCharacter 


! Package inputenc Error: Unicode character –µ (U+0435)
(inputenc)                not set up for use with LaTeX.

See the inputenc package documentation for explanation.
Type  H <return>  for immediate help.
 ...                                              
                                                  
l.2 ...–æ–∫–∞–∂–µ–º, —Å–Ω–∞—á–∞–ª–∞ —Ä–∞–∑–±–µ—Ä–µ
                                                  –º —Å–ª—É—á–∞–π –¥–ª—è \te...

You may provide a definition with
\DeclareUnicodeCharacter 


! Package inputenc Error: Unicode character –º (U+043C)
(inputenc)                not set up for use with LaTeX.

See the inputenc package documentation for explanation.
Type  H <return>  for immediate help.
 ...                                              
                                                  
l.2 ...–∫–∞–∂–µ–º, —Å–Ω–∞—á–∞–ª–∞ —Ä–∞–∑–±–µ—Ä–µ–º
                                                   —Å–ª—É—á–∞–π –¥–ª—è \text...

You may provide a definition with
\DeclareUnicodeCharacter 


! Package inputenc Error: Unicode character —Å (U+0441)
(inputenc)                not set up for use with LaTeX.

See the inputenc package documentation for explanation.
Type  H <return>  for immediate help.
 ...                                              
                                                  
l.2 ...∞–∂–µ–º, —Å–Ω–∞—á–∞–ª–∞ —Ä–∞–∑–±–µ—Ä–µ–º —Å
                                                  –ª—É—á–∞–π –¥–ª—è \textbf{...

You may provide a definition with
\DeclareUnicodeCharacter 


! Package inputenc Error: Unicode character –ª (U+043B)
(inputenc)                not set up for use with LaTeX.

See the inputenc package documentation for explanation.
Type  H <return>  for immediate help.
 ...                                              
                                                  
l.2 ...∂–µ–º, —Å–Ω–∞—á–∞–ª–∞ —Ä–∞–∑–±–µ—Ä–µ–º —Å–ª
                                                  —É—á–∞–π –¥–ª—è \textbf{E}...

You may provide a definition with
\DeclareUnicodeCharacter 


! Package inputenc Error: Unicode character —É (U+0443)
(inputenc)                not set up for use with LaTeX.

See the inputenc package documentation for explanation.
Type  H <return>  for immediate help.
 ...                                              
                                                  
l.2 ...µ–º, —Å–Ω–∞—á–∞–ª–∞ —Ä–∞–∑–±–µ—Ä–µ–º —Å–ª—É
                                                  —á–∞–π –¥–ª—è \textbf{E}, ...

You may provide a definition with
\DeclareUnicodeCharacter 


! Package inputenc Error: Unicode character —á (U+0447)
(inputenc)                not set up for use with LaTeX.

See the inputenc package documentation for explanation.
Type  H <return>  for immediate help.
 ...                                              
                                                  
l.2 ...º, —Å–Ω–∞—á–∞–ª–∞ —Ä–∞–∑–±–µ—Ä–µ–º —Å–ª—É—á
                                                  –∞–π –¥–ª—è \textbf{E}, –ª...

You may provide a definition with
\DeclareUnicodeCharacter 


! Package inputenc Error: Unicode character –∞ (U+0430)
(inputenc)                not set up for use with LaTeX.

See the inputenc package documentation for explanation.
Type  H <return>  for immediate help.
 ...                                              
                                                  
l.2 ... —Å–Ω–∞—á–∞–ª–∞ —Ä–∞–∑–±–µ—Ä–µ–º —Å–ª—É—á–∞
                                                  –π –¥–ª—è \textbf{E}, –ª–µ...

You may provide a definition with
\DeclareUnicodeCharacter 


! Package inputenc Error: Unicode character –π (U+0439)
(inputenc)                not set up for use with LaTeX.

See the inputenc package documentation for explanation.
Type  H <return>  for immediate help.
 ...                                              
                                                  
l.2 ...Å–Ω–∞—á–∞–ª–∞ —Ä–∞–∑–±–µ—Ä–µ–º —Å–ª—É—á–∞–π
                                                   –¥–ª—è \textbf{E}, –ª–µ–∂...

You may provide a definition with
\DeclareUnicodeCharacter 


! Package inputenc Error: Unicode character –¥ (U+0434)
(inputenc)                not set up for use with LaTeX.

See the inputenc package documentation for explanation.
Type  H <return>  for immediate help.
 ...                                              
                                                  
l.2 ...–∞—á–∞–ª–∞ —Ä–∞–∑–±–µ—Ä–µ–º —Å–ª—É—á–∞–π –¥
                                                  –ª—è \textbf{E}, –ª–µ–∂–∞—...

You may provide a definition with
\DeclareUnicodeCharacter 


! Package inputenc Error: Unicode character –ª (U+043B)
(inputenc)                not set up for use with LaTeX.

See the inputenc package documentation for explanation.
Type  H <return>  for immediate help.
 ...                                              
                                                  
l.2 ...—á–∞–ª–∞ —Ä–∞–∑–±–µ—Ä–µ–º —Å–ª—É—á–∞–π –¥–ª
                                                  —è \textbf{E}, –ª–µ–∂–∞—â–...

You may provide a definition with
\DeclareUnicodeCharacter 


! Package inputenc Error: Unicode character —è (U+044F)
(inputenc)                not set up for use with LaTeX.

See the inputenc package documentation for explanation.
Type  H <return>  for immediate help.
 ...                                              
                                                  
l.2 ...–∞–ª–∞ —Ä–∞–∑–±–µ—Ä–µ–º —Å–ª—É—á–∞–π –¥–ª—è
                                                   \textbf{E}, –ª–µ–∂–∞—â–µ–...

You may provide a definition with
\DeclareUnicodeCharacter 

Missing character: There is no , in font nullfont!

! Package inputenc Error: Unicode character –ª (U+043B)
(inputenc)                not set up for use with LaTeX.

See the inputenc package documentation for explanation.
Type  H <return>  for immediate help.
 ...                                              
                                                  
l.2 ...–µ—Ä–µ–º —Å–ª—É—á–∞–π –¥–ª—è \textbf{E}, –ª
                                                  –µ–∂–∞—â–µ–≥–æ –≤ –ø–ª–æ—Å...

You may provide a definition with
\DeclareUnicodeCharacter 


! Package inputenc Error: Unicode character –µ (U+0435)
(inputenc)                not set up for use with LaTeX.

See the inputenc package documentation for explanation.
Type  H <return>  for immediate help.
 ...                                              
                                                  
l.2 ...—Ä–µ–º —Å–ª—É—á–∞–π –¥–ª—è \textbf{E}, –ª–µ
                                                  –∂–∞—â–µ–≥–æ –≤ –ø–ª–æ—Å–∫...

You may provide a definition with
\DeclareUnicodeCharacter 


! Package inputenc Error: Unicode character –∂ (U+0436)
(inputenc)                not set up for use with LaTeX.

See the inputenc package documentation for explanation.
Type  H <return>  for immediate help.
 ...                                              
                                                  
l.2 ...–µ–º —Å–ª—É—á–∞–π –¥–ª—è \textbf{E}, –ª–µ–∂
                                                  –∞—â–µ–≥–æ –≤ –ø–ª–æ—Å–∫–æ...

You may provide a definition with
\DeclareUnicodeCharacter 


! Package inputenc Error: Unicode character –∞ (U+0430)
(inputenc)                not set up for use with LaTeX.

See the inputenc package documentation for explanation.
Type  H <return>  for immediate help.
 ...                                              
                                                  
l.2 ...–º —Å–ª—É—á–∞–π –¥–ª—è \textbf{E}, –ª–µ–∂–∞
                                                  —â–µ–≥–æ –≤ –ø–ª–æ—Å–∫–æ—Å...

You may provide a definition with
\DeclareUnicodeCharacter 


! Package inputenc Error: Unicode character —â (U+0449)
(inputenc)                not set up for use with LaTeX.

See the inputenc package documentation for explanation.
Type  H <return>  for immediate help.
 ...                                              
                                                  
l.2 ... —Å–ª—É—á–∞–π –¥–ª—è \textbf{E}, –ª–µ–∂–∞—â
                                                  –µ–≥–æ –≤ –ø–ª–æ—Å–∫–æ—Å—Ç...

You may provide a definition with
\DeclareUnicodeCharacter 


! Package inputenc Error: Unicode character –µ (U+0435)
(inputenc)                not set up for use with LaTeX.

See the inputenc package documentation for explanation.
Type  H <return>  for immediate help.
 ...                                              
                                                  
l.2 ...Å–ª—É—á–∞–π –¥–ª—è \textbf{E}, –ª–µ–∂–∞—â–µ
                                                  –≥–æ –≤ –ø–ª–æ—Å–∫–æ—Å—Ç–∏...

You may provide a definition with
\DeclareUnicodeCharacter 


! Package inputenc Error: Unicode character –≥ (U+0433)
(inputenc)                not set up for use with LaTeX.

See the inputenc package documentation for explanation.
Type  H <return>  for immediate help.
 ...                                              
                                                  
l.2 ...ª—É—á–∞–π –¥–ª—è \textbf{E}, –ª–µ–∂–∞—â–µ–≥
                                                  –æ –≤ –ø–ª–æ—Å–∫–æ—Å—Ç–∏ –...

You may provide a definition with
\DeclareUnicodeCharacter 


! Package inputenc Error: Unicode character –æ (U+043E)
(inputenc)                not set up for use with LaTeX.

See the inputenc package documentation for explanation.
Type  H <return>  for immediate help.
 ...                                              
                                                  
l.2 ...É—á–∞–π –¥–ª—è \textbf{E}, –ª–µ–∂–∞—â–µ–≥–æ
                                                   –≤ –ø–ª–æ—Å–∫–æ—Å—Ç–∏ –ø–...

You may provide a definition with
\DeclareUnicodeCharacter 


! Package inputenc Error: Unicode character –≤ (U+0432)
(inputenc)                not set up for use with LaTeX.

See the inputenc package documentation for explanation.
Type  H <return>  for immediate help.
 ...                                              
                                                  
l.2 ...–∞–π –¥–ª—è \textbf{E}, –ª–µ–∂–∞—â–µ–≥–æ –≤
                                                   –ø–ª–æ—Å–∫–æ—Å—Ç–∏ –ø–∞–¥...

You may provide a definition with
\DeclareUnicodeCharacter 


! Package inputenc Error: Unicode character –ø (U+043F)
(inputenc)                not set up for use with LaTeX.

See the inputenc package documentation for explanation.
Type  H <return>  for immediate help.
 ...                                              
                                                  
l.2 ...π –¥–ª—è \textbf{E}, –ª–µ–∂–∞—â–µ–≥–æ –≤ –ø
                                                  –ª–æ—Å–∫–æ—Å—Ç–∏ –ø–∞–¥–µ–...

You may provide a definition with
\DeclareUnicodeCharacter 


! Package inputenc Error: Unicode character –ª (U+043B)
(inputenc)                not set up for use with LaTeX.

See the inputenc package documentation for explanation.
Type  H <return>  for immediate help.
 ...                                              
                                                  
l.2 ...–¥–ª—è \textbf{E}, –ª–µ–∂–∞—â–µ–≥–æ –≤ –ø–ª
                                                  –æ—Å–∫–æ—Å—Ç–∏ –ø–∞–¥–µ–Ω–...

You may provide a definition with
\DeclareUnicodeCharacter 


! Package inputenc Error: Unicode character –æ (U+043E)
(inputenc)                not set up for use with LaTeX.

See the inputenc package documentation for explanation.
Type  H <return>  for immediate help.
 ...                                              
                                                  
l.2 ...–ª—è \textbf{E}, –ª–µ–∂–∞—â–µ–≥–æ –≤ –ø–ª–æ
                                                  —Å–∫–æ—Å—Ç–∏ –ø–∞–¥–µ–Ω–∏—è.
You may provide a definition with
\DeclareUnicodeCharacter 


! Package inputenc Error: Unicode character —Å (U+0441)
(inputenc)                not set up for use with LaTeX.

See the inputenc package documentation for explanation.
Type  H <return>  for immediate help.
 ...                                              
                                                  
l.2 ...—è \textbf{E}, –ª–µ–∂–∞—â–µ–≥–æ –≤ –ø–ª–æ—Å
                                                  –∫–æ—Å—Ç–∏ –ø–∞–¥–µ–Ω–∏—è.
You may provide a definition with
\DeclareUnicodeCharacter 


! Package inputenc Error: Unicode character –∫ (U+043A)
(inputenc)                not set up for use with LaTeX.

See the inputenc package documentation for explanation.
Type  H <return>  for immediate help.
 ...                                              
                                                  
l.2 ... \textbf{E}, –ª–µ–∂–∞—â–µ–≥–æ –≤ –ø–ª–æ—Å–∫
                                                  –æ—Å—Ç–∏ –ø–∞–¥–µ–Ω–∏—è.
You may provide a definition with
\DeclareUnicodeCharacter 


! Package inputenc Error: Unicode character –æ (U+043E)
(inputenc)                not set up for use with LaTeX.

See the inputenc package documentation for explanation.
Type  H <return>  for immediate help.
 ...                                              
                                                  
l.2 ...textbf{E}, –ª–µ–∂–∞—â–µ–≥–æ –≤ –ø–ª–æ—Å–∫–æ
                                                  —Å—Ç–∏ –ø–∞–¥–µ–Ω–∏—è.
You may provide a definition with
\DeclareUnicodeCharacter 


! Package inputenc Error: Unicode character —Å (U+0441)
(inputenc)                not set up for use with LaTeX.

See the inputenc package documentation for explanation.
Type  H <return>  for immediate help.
 ...                                              
                                                  
l.2 ...xtbf{E}, –ª–µ–∂–∞—â–µ–≥–æ –≤ –ø–ª–æ—Å–∫–æ—Å
                                                  —Ç–∏ –ø–∞–¥–µ–Ω–∏—è.
You may provide a definition with
\DeclareUnicodeCharacter 


! Package inputenc Error: Unicode character —Ç (U+0442)
(inputenc)                not set up for use with LaTeX.

See the inputenc package documentation for explanation.
Type  H <return>  for immediate help.
 ...                                              
                                                  
l.2 ...bf{E}, –ª–µ–∂–∞—â–µ–≥–æ –≤ –ø–ª–æ—Å–∫–æ—Å—Ç
                                                  –∏ –ø–∞–¥–µ–Ω–∏—è.
You may provide a definition with
\DeclareUnicodeCharacter 


! Package inputenc Error: Unicode character –∏ (U+0438)
(inputenc)                not set up for use with LaTeX.

See the inputenc package documentation for explanation.
Type  H <return>  for immediate help.
 ...                                              
                                                  
l.2 ...{E}, –ª–µ–∂–∞—â–µ–≥–æ –≤ –ø–ª–æ—Å–∫–æ—Å—Ç–∏
                                                   –ø–∞–¥–µ–Ω–∏—è.
You may provide a definition with
\DeclareUnicodeCharacter 


! Package inputenc Error: Unicode character –ø (U+043F)
(inputenc)                not set up for use with LaTeX.

See the inputenc package documentation for explanation.
Type  H <return>  for immediate help.
 ...                                              
                                                  
l.2 ..., –ª–µ–∂–∞—â–µ–≥–æ –≤ –ø–ª–æ—Å–∫–æ—Å—Ç–∏ –ø
                                                  –∞–¥–µ–Ω–∏—è.
You may provide a definition with
\DeclareUnicodeCharacter 


! Package inputenc Error: Unicode character –∞ (U+0430)
(inputenc)                not set up for use with LaTeX.

See the inputenc package documentation for explanation.
Type  H <return>  for immediate help.
 ...                                              
                                                  
l.2 ...–ª–µ–∂–∞—â–µ–≥–æ –≤ –ø–ª–æ—Å–∫–æ—Å—Ç–∏ –ø–∞
                                                  –¥–µ–Ω–∏—è.
You may provide a definition with
\DeclareUnicodeCharacter 


! Package inputenc Error: Unicode character –¥ (U+0434)
(inputenc)                not set up for use with LaTeX.

See the inputenc package documentation for explanation.
Type  H <return>  for immediate help.
 ...                                              
                                                  
l.2 ...–µ–∂–∞—â–µ–≥–æ –≤ –ø–ª–æ—Å–∫–æ—Å—Ç–∏ –ø–∞–¥
                                                  –µ–Ω–∏—è.
You may provide a definition with
\DeclareUnicodeCharacter 


! Package inputenc Error: Unicode character –µ (U+0435)
(inputenc)                not set up for use with LaTeX.

See the inputenc package documentation for explanation.
Type  H <return>  for immediate help.
 ...                                              
                                                  
l.2 ...–∂–∞—â–µ–≥–æ –≤ –ø–ª–æ—Å–∫–æ—Å—Ç–∏ –ø–∞–¥–µ
                                                  –Ω–∏—è.
You may provide a definition with
\DeclareUnicodeCharacter 


! Package inputenc Error: Unicode character –Ω (U+043D)
(inputenc)                not set up for use with LaTeX.

See the inputenc package documentation for explanation.
Type  H <return>  for immediate help.
 ...                                              
                                                  
l.2 ...–∞—â–µ–≥–æ –≤ –ø–ª–æ—Å–∫–æ—Å—Ç–∏ –ø–∞–¥–µ–Ω
                                                  –∏—è.
You may provide a definition with
\DeclareUnicodeCharacter 


! Package inputenc Error: Unicode character –∏ (U+0438)
(inputenc)                not set up for use with LaTeX.

See the inputenc package documentation for explanation.
Type  H <return>  for immediate help.
 ...                                              
                                                  
l.2 ...—â–µ–≥–æ –≤ –ø–ª–æ—Å–∫–æ—Å—Ç–∏ –ø–∞–¥–µ–Ω–∏
                                                  —è.
You may provide a definition with
\DeclareUnicodeCharacter 


! Package inputenc Error: Unicode character —è (U+044F)
(inputenc)                not set up for use with LaTeX.

See the inputenc package documentation for explanation.
Type  H <return>  for immediate help.
 ...                                              
                                                  
l.2 ...–µ–≥–æ –≤ –ø–ª–æ—Å–∫–æ—Å—Ç–∏ –ø–∞–¥–µ–Ω–∏—è
                                                  .
You may provide a definition with
\DeclareUnicodeCharacter 

Missing character: There is no . in font nullfont!

! LaTeX Error: Environment equation* undefined.

See the LaTeX manual or LaTeX Companion for explanation.
Type  H <return>  for immediate help.
 ...                                              
                                                  
l.3 \begin{equation*}
                     
Your command was ignored.
Type  I <command> <return>  to replace it with another command,
or  <return>  to continue without it.

Missing character: There is no 1 in font nullfont!
Missing character: There is no - in font nullfont!
Missing character: There is no R in font nullfont!
! Missing $ inserted.
<inserted text> 
                $
l.4 	1 - R_
           {\|} = T_{\|} \cos{\psi} / \cos{\varphi}, \  1 + R_{\|} = nT_{\|}
I've inserted a begin-math/end-math symbol since I think
you left one out. Proceed, with fingers crossed.

LaTeX Font Info:    External font `cmex10' loaded for size
(Font)              <7> on input line 4.
LaTeX Font Info:    External font `cmex10' loaded for size
(Font)              <5> on input line 4.

! LaTeX Error: \begin{document} ended by \end{equation*}.

See the LaTeX manual or LaTeX Companion for explanation.
Type  H <return>  for immediate help.
 ...                                              
                                                  
l.5 \end{equation*}
                   
Your command was ignored.
Type  I <command> <return>  to replace it with another command,
or  <return>  to continue without it.

! Missing $ inserted.
<inserted text> 
                $
l.5 \end{equation*}
                   
I've inserted something that you may have forgotten.
(See the <inserted text> above.)
With luck, this will get me unwedged. But if you
really didn't forget anything, try typing `2' now; then
my insertion and my current dilemma will both disappear.


! LaTeX Error: Environment equation* undefined.

See the LaTeX manual or LaTeX Companion for explanation.
Type  H <return>  for immediate help.
 ...                                              
                                                  
l.6 \begin{equation*}
                     
Your command was ignored.
Type  I <command> <return>  to replace it with another command,
or  <return>  to continue without it.

Missing character: There is no 1 in font nullfont!
Missing character: There is no - in font nullfont!
Missing character: There is no R in font nullfont!
! Missing $ inserted.
<inserted text> 
                $
l.7 	1 - R_
           {\bot} = T_{\bot} \cos{\psi} / \cos{\varphi}, \  1 + R_{\bot} = n...
I've inserted a begin-math/end-math symbol since I think
you left one out. Proceed, with fingers crossed.


! LaTeX Error: \begin{document} ended by \end{equation*}.

See the LaTeX manual or LaTeX Companion for explanation.
Type  H <return>  for immediate help.
 ...                                              
                                                  
l.8 \end{equation*}
                   
Your command was ignored.
Type  I <command> <return>  to replace it with another command,
or  <return>  to continue without it.

! Missing $ inserted.
<inserted text> 
                $
l.8 \end{equation*}
                   
I've inserted something that you may have forgotten.
(See the <inserted text> above.)
With luck, this will get me unwedged. But if you
really didn't forget anything, try typing `2' now; then
my insertion and my current dilemma will both disappear.


Overfull \hbox (20.0pt too wide) in paragraph at lines 1--9
[]
 []


Overfull \hbox (7.55551pt too wide) in paragraph at lines 1--9
\OT1/cmr/bx/n/10 E
 []


Overfull \hbox (15.15274pt too wide) in paragraph at lines 1--9
[] \OT1/cmr/m/n/10 =
 []


Overfull \hbox (79.5219pt too wide) in paragraph at lines 1--9
\OML/cmm/m/it/10 T[] []  = [] ';  \OT1/cmr/m/n/10 1 +
 []


Overfull \hbox (22.74564pt too wide) in paragraph at lines 1--9
\OML/cmm/m/it/10 R[] \OT1/cmr/m/n/10 =
 []


Overfull \hbox (16.44333pt too wide) in paragraph at lines 1--9
\OML/cmm/m/it/10 nT[]$
 []


Overfull \hbox (17.30553pt too wide) in paragraph at lines 1--9
[] \OT1/cmr/m/n/10 =
 []


Overfull \hbox (81.67468pt too wide) in paragraph at lines 1--9
\OML/cmm/m/it/10 T[] []  = [] ';  \OT1/cmr/m/n/10 1 +
 []


Overfull \hbox (24.89842pt too wide) in paragraph at lines 1--9
\OML/cmm/m/it/10 R[] \OT1/cmr/m/n/10 =
 []


Overfull \hbox (18.59612pt too wide) in paragraph at lines 1--9
\OML/cmm/m/it/10 nT[]$ 
 []


! Package inputenc Error: Unicode character –î (U+0414)
(inputenc)                not set up for use with LaTeX.

See the inputenc package documentation for explanation.
Type  H <return>  for immediate help.
 ...                                              
                                                  
l.10 –î
       –∞–ª–µ–µ –≤—ã–≤–æ–¥–∏–º, —á—Ç–æ
You may provide a definition with
\DeclareUnicodeCharacter 


! Package inputenc Error: Unicode character –∞ (U+0430)
(inputenc)                not set up for use with LaTeX.

See the inputenc package documentation for explanation.
Type  H <return>  for immediate help.
 ...                                              
                                                  
l.10 –î–∞
         –ª–µ–µ –≤—ã–≤–æ–¥–∏–º, —á—Ç–æ
You may provide a definition with
\DeclareUnicodeCharacter 


! Package inputenc Error: Unicode character –ª (U+043B)
(inputenc)                not set up for use with LaTeX.

See the inputenc package documentation for explanation.
Type  H <return>  for immediate help.
 ...                                              
                                                  
l.10 –î–∞–ª
           –µ–µ –≤—ã–≤–æ–¥–∏–º, —á—Ç–æ
You may provide a definition with
\DeclareUnicodeCharacter 


! Package inputenc Error: Unicode character –µ (U+0435)
(inputenc)                not set up for use with LaTeX.

See the inputenc package documentation for explanation.
Type  H <return>  for immediate help.
 ...                                              
                                                  
l.10 –î–∞–ª–µ
             –µ –≤—ã–≤–æ–¥–∏–º, —á—Ç–æ
You may provide a definition with
\DeclareUnicodeCharacter 


! Package inputenc Error: Unicode character –µ (U+0435)
(inputenc)                not set up for use with LaTeX.

See the inputenc package documentation for explanation.
Type  H <return>  for immediate help.
 ...                                              
                                                  
l.10 –î–∞–ª–µ–µ
                –≤—ã–≤–æ–¥–∏–º, —á—Ç–æ
You may provide a definition with
\DeclareUnicodeCharacter 


! Package inputenc Error: Unicode character –≤ (U+0432)
(inputenc)                not set up for use with LaTeX.

See the inputenc package documentation for explanation.
Type  H <return>  for immediate help.
 ...                                              
                                                  
l.10 –î–∞–ª–µ–µ –≤
                  —ã–≤–æ–¥–∏–º, —á—Ç–æ
You may provide a definition with
\DeclareUnicodeCharacter 


! Package inputenc Error: Unicode character —ã (U+044B)
(inputenc)                not set up for use with LaTeX.

See the inputenc package documentation for explanation.
Type  H <return>  for immediate help.
 ...                                              
                                                  
l.10 –î–∞–ª–µ–µ –≤—ã
                    –≤–æ–¥–∏–º, —á—Ç–æ
You may provide a definition with
\DeclareUnicodeCharacter 


! Package inputenc Error: Unicode character –≤ (U+0432)
(inputenc)                not set up for use with LaTeX.

See the inputenc package documentation for explanation.
Type  H <return>  for immediate help.
 ...                                              
                                                  
l.10 –î–∞–ª–µ–µ –≤—ã–≤
                      –æ–¥–∏–º, —á—Ç–æ
You may provide a definition with
\DeclareUnicodeCharacter 


! Package inputenc Error: Unicode character –æ (U+043E)
(inputenc)                not set up for use with LaTeX.

See the inputenc package documentation for explanation.
Type  H <return>  for immediate help.
 ...                                              
                                                  
l.10 –î–∞–ª–µ–µ –≤—ã–≤–æ
                        –¥–∏–º, —á—Ç–æ
You may provide a definition with
\DeclareUnicodeCharacter 


! Package inputenc Error: Unicode character –¥ (U+0434)
(inputenc)                not set up for use with LaTeX.

See the inputenc package documentation for explanation.
Type  H <return>  for immediate help.
 ...                                              
                                                  
l.10 –î–∞–ª–µ–µ –≤—ã–≤–æ–¥
                          –∏–º, —á—Ç–æ
You may provide a definition with
\DeclareUnicodeCharacter 


! Package inputenc Error: Unicode character –∏ (U+0438)
(inputenc)                not set up for use with LaTeX.

See the inputenc package documentation for explanation.
Type  H <return>  for immediate help.
 ...                                              
                                                  
l.10 –î–∞–ª–µ–µ –≤—ã–≤–æ–¥–∏
                            –º, —á—Ç–æ
You may provide a definition with
\DeclareUnicodeCharacter 


! Package inputenc Error: Unicode character –º (U+043C)
(inputenc)                not set up for use with LaTeX.

See the inputenc package documentation for explanation.
Type  H <return>  for immediate help.
 ...                                              
                                                  
l.10 –î–∞–ª–µ–µ –≤—ã–≤–æ–¥–∏–º
                              , —á—Ç–æ
You may provide a definition with
\DeclareUnicodeCharacter 


! LaTeX Error: Missing \begin{document}.

See the LaTeX manual or LaTeX Companion for explanation.
Type  H <return>  for immediate help.
 ...                                              
                                                  
l.10 –î–∞–ª–µ–µ –≤—ã–≤–æ–¥–∏–º,
                                —á—Ç–æ
You're in trouble here.  Try typing  <return>  to proceed.
If that doesn't work, type  X <return>  to quit.

Missing character: There is no , in font nullfont!

! Package inputenc Error: Unicode character —á (U+0447)
(inputenc)                not set up for use with LaTeX.

See the inputenc package documentation for explanation.
Type  H <return>  for immediate help.
 ...                                              
                                                  
l.10 –î–∞–ª–µ–µ –≤—ã–≤–æ–¥–∏–º, —á
                                  —Ç–æ
You may provide a definition with
\DeclareUnicodeCharacter 


! Package inputenc Error: Unicode character —Ç (U+0442)
(inputenc)                not set up for use with LaTeX.

See the inputenc package documentation for explanation.
Type  H <return>  for immediate help.
 ...                                              
                                                  
l.10 –î–∞–ª–µ–µ –≤—ã–≤–æ–¥–∏–º, —á—Ç
                                    –æ
You may provide a definition with
\DeclareUnicodeCharacter 


! Package inputenc Error: Unicode character –æ (U+043E)
(inputenc)                not set up for use with LaTeX.

See the inputenc package documentation for explanation.
Type  H <return>  for immediate help.
 ...                                              
                                                  
l.10 –î–∞–ª–µ–µ –≤—ã–≤–æ–¥–∏–º, —á—Ç–æ
                                      
You may provide a definition with
\DeclareUnicodeCharacter 


Overfull \hbox (20.0pt too wide) in paragraph at lines 10--11
[]
 []


! LaTeX Error: Environment equation* undefined.

See the LaTeX manual or LaTeX Companion for explanation.
Type  H <return>  for immediate help.
 ...                                              
                                                  
l.12 \begin{equation*}
                      
Your command was ignored.
Type  I <command> <return>  to replace it with another command,
or  <return>  to continue without it.


! LaTeX Error: Missing \begin{document}.

See the LaTeX manual or LaTeX Companion for explanation.
Type  H <return>  for immediate help.
 ...                                              
                                                  
l.13 	1
        - R_{\|}^2 = T_{\|}^2 n\cos{\psi} / \cos{\varphi}
You're in trouble here.  Try typing  <return>  to proceed.
If that doesn't work, type  X <return>  to quit.

Missing character: There is no 1 in font nullfont!
Missing character: There is no - in font nullfont!
Missing character: There is no R in font nullfont!
! Missing $ inserted.
<inserted text> 
                $
l.13 	1 - R_
            {\|}^2 = T_{\|}^2 n\cos{\psi} / \cos{\varphi}
I've inserted a begin-math/end-math symbol since I think
you left one out. Proceed, with fingers crossed.


! LaTeX Error: \begin{document} ended by \end{equation*}.

See the LaTeX manual or LaTeX Companion for explanation.
Type  H <return>  for immediate help.
 ...                                              
                                                  
l.14 \end{equation*}
                    
Your command was ignored.
Type  I <command> <return>  to replace it with another command,
or  <return>  to continue without it.

! Missing $ inserted.
<inserted text> 
                $
l.14 \end{equation*}
                    
I've inserted something that you may have forgotten.
(See the <inserted text> above.)
With luck, this will get me unwedged. But if you
really didn't forget anything, try typing `2' now; then
my insertion and my current dilemma will both disappear.


Overfull \hbox (20.0pt too wide) in paragraph at lines 13--15
[]
 []


Overfull \hbox (15.15274pt too wide) in paragraph at lines 13--15
[] \OT1/cmr/m/n/10 =
 []


Overfull \hbox (69.57982pt too wide) in paragraph at lines 13--15
\OML/cmm/m/it/10 T[]n []  = [] '$ 
 []


! LaTeX Error: Environment equation* undefined.

See the LaTeX manual or LaTeX Companion for explanation.
Type  H <return>  for immediate help.
 ...                                              
                                                  
l.16 \begin{equation*}
                      
Your command was ignored.
Type  I <command> <return>  to replace it with another command,
or  <return>  to continue without it.


! LaTeX Error: Missing \begin{document}.

See the LaTeX manual or LaTeX Companion for explanation.
Type  H <return>  for immediate help.
 ...                                              
                                                  
l.17 	1
        - R_{\bot}^2 = T_{\bot}^2 n\cos{\psi} / \cos{\varphi}
You're in trouble here.  Try typing  <return>  to proceed.
If that doesn't work, type  X <return>  to quit.

Missing character: There is no 1 in font nullfont!
Missing character: There is no - in font nullfont!
Missing character: There is no R in font nullfont!
! Missing $ inserted.
<inserted text> 
                $
l.17 	1 - R_
            {\bot}^2 = T_{\bot}^2 n\cos{\psi} / \cos{\varphi}
I've inserted a begin-math/end-math symbol since I think
you left one out. Proceed, with fingers crossed.


! LaTeX Error: \begin{document} ended by \end{equation*}.

See the LaTeX manual or LaTeX Companion for explanation.
Type  H <return>  for immediate help.
 ...                                              
                                                  
l.18 \end{equation*}
                    
Your command was ignored.
Type  I <command> <return>  to replace it with another command,
or  <return>  to continue without it.

! Missing $ inserted.
<inserted text> 
                $
l.18 \end{equation*}
                    
I've inserted something that you may have forgotten.
(See the <inserted text> above.)
With luck, this will get me unwedged. But if you
really didn't forget anything, try typing `2' now; then
my insertion and my current dilemma will both disappear.

)
! Emergency stop.
<*> 2_1.tex
           
*** (job aborted, no legal \end found)

 
Here is how much of TeX's memory you used:
 48 strings out of 479383
 572 string characters out of 5875830
 268160 words of memory out of 5000000
 17260 multiletter control sequences out of 15000+600000
 403738 words of font info for 28 fonts, out of 8000000 for 9000
 1141 hyphenation exceptions out of 8191
 18i,2n,15p,203b,62s stack positions out of 5000i,500n,10000p,200000b,80000s
!  ==> Fatal error occurred, no output PDF file produced!
