This is pdfTeX, Version 3.14159265-2.6-1.40.21 (TeX Live 2020/Arch Linux) (preloaded format=pdflatex 2021.3.18)  14 APR 2021 19:41
entering extended mode
 restricted \write18 enabled.
 %&-line parsing enabled.
**1_15.tex
(./1_15.tex
LaTeX2e <2020-10-01> patch level 2
L3 programming layer <2020-12-03> xparse <2020-03-03>
! Undefined control sequence.
l.1 \subsubsection
                  *{11.45}
The control sequence at the end of the top line
of your error message was never \def'ed. If you have
misspelled it (e.g., `\hobx'), type `I' and the correct
spelling (e.g., `I\hbox'). Otherwise just continue,
and I'll forget about whatever was undefined.


! LaTeX Error: Missing \begin{document}.

See the LaTeX manual or LaTeX Companion for explanation.
Type  H <return>  for immediate help.
 ...                                              
                                                  
l.1 \subsubsection*
                   {11.45}
You're in trouble here.  Try typing  <return>  to proceed.
If that doesn't work, type  X <return>  to quit.

Missing character: There is no * in font nullfont!
Missing character: There is no 1 in font nullfont!
Missing character: There is no 1 in font nullfont!
Missing character: There is no . in font nullfont!
Missing character: There is no 4 in font nullfont!
Missing character: There is no 5 in font nullfont!

Overfull \hbox (20.0pt too wide) in paragraph at lines 1--2
[] 
 []


! LaTeX Error: Missing \begin{document}.

See the LaTeX manual or LaTeX Companion for explanation.
Type  H <return>  for immediate help.
 ...                                              
                                                  
l.3 \begin{equation}
                    \label{eq1}
You're in trouble here.  Try typing  <return>  to proceed.
If that doesn't work, type  X <return>  to quit.


Overfull \hbox (20.0pt too wide) in paragraph at lines 3--3
[] 
 []

LaTeX Font Info:    External font `cmex10' loaded for size
(Font)              <7> on input line 3.
LaTeX Font Info:    External font `cmex10' loaded for size
(Font)              <5> on input line 3.

! Package inputenc Error: Unicode character –∫ (U+043A)
(inputenc)                not set up for use with LaTeX.

See the inputenc package documentation for explanation.
Type  H <return>  for immediate help.
 ...                                              
                                                  
l.4 	\sin \alpha_{–∫
                    —Ä} = \frac{n_2}{n_1}
You may provide a definition with
\DeclareUnicodeCharacter 


! Package inputenc Error: Unicode character —Ä (U+0440)
(inputenc)                not set up for use with LaTeX.

See the inputenc package documentation for explanation.
Type  H <return>  for immediate help.
 ...                                              
                                                  
l.4 	\sin \alpha_{–∫—Ä
                      } = \frac{n_2}{n_1}
You may provide a definition with
\DeclareUnicodeCharacter 


Overfull \hbox (47.06314pt too wide) detected at line 5
[][] \OML/cmm/m/it/10 [] \OT1/cmr/m/n/10 = []
 []


! Package inputenc Error: Unicode character –ü (U+041F)
(inputenc)                not set up for use with LaTeX.

See the inputenc package documentation for explanation.
Type  H <return>  for immediate help.
 ...                                              
                                                  
l.7 –ü
      –æ —Å–≤–µ—Ç–æ–≤–æ–¥—É –ø–æ–π–¥—É—Ç –ª—É—á–∏, –æ–≥—Ä–∞–Ω–∏—á–µ–Ω–Ω—ã–µ ...

You may provide a definition with
\DeclareUnicodeCharacter 


! Package inputenc Error: Unicode character –æ (U+043E)
(inputenc)                not set up for use with LaTeX.

See the inputenc package documentation for explanation.
Type  H <return>  for immediate help.
 ...                                              
                                                  
l.7 –ü–æ
         —Å–≤–µ—Ç–æ–≤–æ–¥—É –ø–æ–π–¥—É—Ç –ª—É—á–∏, –æ–≥—Ä–∞–Ω–∏—á–µ–Ω–Ω—ã–µ ...

You may provide a definition with
\DeclareUnicodeCharacter 


! Package inputenc Error: Unicode character —Å (U+0441)
(inputenc)                not set up for use with LaTeX.

See the inputenc package documentation for explanation.
Type  H <return>  for immediate help.
 ...                                              
                                                  
l.7 –ü–æ —Å
           –≤–µ—Ç–æ–≤–æ–¥—É –ø–æ–π–¥—É—Ç –ª—É—á–∏, –æ–≥—Ä–∞–Ω–∏—á–µ–Ω–Ω—ã–µ ...

You may provide a definition with
\DeclareUnicodeCharacter 


! Package inputenc Error: Unicode character –≤ (U+0432)
(inputenc)                not set up for use with LaTeX.

See the inputenc package documentation for explanation.
Type  H <return>  for immediate help.
 ...                                              
                                                  
l.7 –ü–æ —Å–≤
             –µ—Ç–æ–≤–æ–¥—É –ø–æ–π–¥—É—Ç –ª—É—á–∏, –æ–≥—Ä–∞–Ω–∏—á–µ–Ω–Ω—ã–µ ...

You may provide a definition with
\DeclareUnicodeCharacter 


! Package inputenc Error: Unicode character –µ (U+0435)
(inputenc)                not set up for use with LaTeX.

See the inputenc package documentation for explanation.
Type  H <return>  for immediate help.
 ...                                              
                                                  
l.7 –ü–æ —Å–≤–µ
               —Ç–æ–≤–æ–¥—É –ø–æ–π–¥—É—Ç –ª—É—á–∏, –æ–≥—Ä–∞–Ω–∏—á–µ–Ω–Ω—ã–µ ...

You may provide a definition with
\DeclareUnicodeCharacter 


! Package inputenc Error: Unicode character —Ç (U+0442)
(inputenc)                not set up for use with LaTeX.

See the inputenc package documentation for explanation.
Type  H <return>  for immediate help.
 ...                                              
                                                  
l.7 –ü–æ —Å–≤–µ—Ç
                 –æ–≤–æ–¥—É –ø–æ–π–¥—É—Ç –ª—É—á–∏, –æ–≥—Ä–∞–Ω–∏—á–µ–Ω–Ω—ã–µ ...

You may provide a definition with
\DeclareUnicodeCharacter 


! Package inputenc Error: Unicode character –æ (U+043E)
(inputenc)                not set up for use with LaTeX.

See the inputenc package documentation for explanation.
Type  H <return>  for immediate help.
 ...                                              
                                                  
l.7 –ü–æ —Å–≤–µ—Ç–æ
                   –≤–æ–¥—É –ø–æ–π–¥—É—Ç –ª—É—á–∏, –æ–≥—Ä–∞–Ω–∏—á–µ–Ω–Ω—ã–µ ...

You may provide a definition with
\DeclareUnicodeCharacter 


! Package inputenc Error: Unicode character –≤ (U+0432)
(inputenc)                not set up for use with LaTeX.

See the inputenc package documentation for explanation.
Type  H <return>  for immediate help.
 ...                                              
                                                  
l.7 –ü–æ —Å–≤–µ—Ç–æ–≤
                     –æ–¥—É –ø–æ–π–¥—É—Ç –ª—É—á–∏, –æ–≥—Ä–∞–Ω–∏—á–µ–Ω–Ω—ã–µ ...

You may provide a definition with
\DeclareUnicodeCharacter 


! Package inputenc Error: Unicode character –æ (U+043E)
(inputenc)                not set up for use with LaTeX.

See the inputenc package documentation for explanation.
Type  H <return>  for immediate help.
 ...                                              
                                                  
l.7 –ü–æ —Å–≤–µ—Ç–æ–≤–æ
                       –¥—É –ø–æ–π–¥—É—Ç –ª—É—á–∏, –æ–≥—Ä–∞–Ω–∏—á–µ–Ω–Ω—ã–µ ...

You may provide a definition with
\DeclareUnicodeCharacter 


! Package inputenc Error: Unicode character –¥ (U+0434)
(inputenc)                not set up for use with LaTeX.

See the inputenc package documentation for explanation.
Type  H <return>  for immediate help.
 ...                                              
                                                  
l.7 –ü–æ —Å–≤–µ—Ç–æ–≤–æ–¥
                         —É –ø–æ–π–¥—É—Ç –ª—É—á–∏, –æ–≥—Ä–∞–Ω–∏—á–µ–Ω–Ω—ã–µ ...

You may provide a definition with
\DeclareUnicodeCharacter 


! Package inputenc Error: Unicode character —É (U+0443)
(inputenc)                not set up for use with LaTeX.

See the inputenc package documentation for explanation.
Type  H <return>  for immediate help.
 ...                                              
                                                  
l.7 –ü–æ —Å–≤–µ—Ç–æ–≤–æ–¥—É
                            –ø–æ–π–¥—É—Ç –ª—É—á–∏, –æ–≥—Ä–∞–Ω–∏—á–µ–Ω–Ω—ã–µ ...

You may provide a definition with
\DeclareUnicodeCharacter 


! Package inputenc Error: Unicode character –ø (U+043F)
(inputenc)                not set up for use with LaTeX.

See the inputenc package documentation for explanation.
Type  H <return>  for immediate help.
 ...                                              
                                                  
l.7 –ü–æ —Å–≤–µ—Ç–æ–≤–æ–¥—É –ø
                              –æ–π–¥—É—Ç –ª—É—á–∏, –æ–≥—Ä–∞–Ω–∏—á–µ–Ω–Ω—ã–µ ...

You may provide a definition with
\DeclareUnicodeCharacter 


! Package inputenc Error: Unicode character –æ (U+043E)
(inputenc)                not set up for use with LaTeX.

See the inputenc package documentation for explanation.
Type  H <return>  for immediate help.
 ...                                              
                                                  
l.7 –ü–æ —Å–≤–µ—Ç–æ–≤–æ–¥—É –ø–æ
                                –π–¥—É—Ç –ª—É—á–∏, –æ–≥—Ä–∞–Ω–∏—á–µ–Ω–Ω—ã–µ ...

You may provide a definition with
\DeclareUnicodeCharacter 


! Package inputenc Error: Unicode character –π (U+0439)
(inputenc)                not set up for use with LaTeX.

See the inputenc package documentation for explanation.
Type  H <return>  for immediate help.
 ...                                              
                                                  
l.7 –ü–æ —Å–≤–µ—Ç–æ–≤–æ–¥—É –ø–æ–π
                                  –¥—É—Ç –ª—É—á–∏, –æ–≥—Ä–∞–Ω–∏—á–µ–Ω–Ω—ã–µ ...

You may provide a definition with
\DeclareUnicodeCharacter 


! Package inputenc Error: Unicode character –¥ (U+0434)
(inputenc)                not set up for use with LaTeX.

See the inputenc package documentation for explanation.
Type  H <return>  for immediate help.
 ...                                              
                                                  
l.7 –ü–æ —Å–≤–µ—Ç–æ–≤–æ–¥—É –ø–æ–π–¥
                                    —É—Ç –ª—É—á–∏, –æ–≥—Ä–∞–Ω–∏—á–µ–Ω–Ω—ã–µ ...

You may provide a definition with
\DeclareUnicodeCharacter 


! Package inputenc Error: Unicode character —É (U+0443)
(inputenc)                not set up for use with LaTeX.

See the inputenc package documentation for explanation.
Type  H <return>  for immediate help.
 ...                                              
                                                  
l.7 –ü–æ —Å–≤–µ—Ç–æ–≤–æ–¥—É –ø–æ–π–¥—É
                                      —Ç –ª—É—á–∏, –æ–≥—Ä–∞–Ω–∏—á–µ–Ω–Ω—ã–µ ...

You may provide a definition with
\DeclareUnicodeCharacter 


! Package inputenc Error: Unicode character —Ç (U+0442)
(inputenc)                not set up for use with LaTeX.

See the inputenc package documentation for explanation.
Type  H <return>  for immediate help.
 ...                                              
                                                  
l.7 –ü–æ —Å–≤–µ—Ç–æ–≤–æ–¥—É –ø–æ–π–¥—É—Ç
                                         –ª—É—á–∏, –æ–≥—Ä–∞–Ω–∏—á–µ–Ω–Ω—ã–µ ...

You may provide a definition with
\DeclareUnicodeCharacter 


! Package inputenc Error: Unicode character –ª (U+043B)
(inputenc)                not set up for use with LaTeX.

See the inputenc package documentation for explanation.
Type  H <return>  for immediate help.
 ...                                              
                                                  
l.7 –ü–æ —Å–≤–µ—Ç–æ–≤–æ–¥—É –ø–æ–π–¥—É—Ç –ª
                                           —É—á–∏, –æ–≥—Ä–∞–Ω–∏—á–µ–Ω–Ω—ã–µ ...

You may provide a definition with
\DeclareUnicodeCharacter 


! Package inputenc Error: Unicode character —É (U+0443)
(inputenc)                not set up for use with LaTeX.

See the inputenc package documentation for explanation.
Type  H <return>  for immediate help.
 ...                                              
                                                  
l.7 –ü–æ —Å–≤–µ—Ç–æ–≤–æ–¥—É –ø–æ–π–¥—É—Ç –ª—É
                                             —á–∏, –æ–≥—Ä–∞–Ω–∏—á–µ–Ω–Ω—ã–µ ...

You may provide a definition with
\DeclareUnicodeCharacter 


! Package inputenc Error: Unicode character —á (U+0447)
(inputenc)                not set up for use with LaTeX.

See the inputenc package documentation for explanation.
Type  H <return>  for immediate help.
 ...                                              
                                                  
l.7 –ü–æ —Å–≤–µ—Ç–æ–≤–æ–¥—É –ø–æ–π–¥—É—Ç –ª—É—á
                                               –∏, –æ–≥—Ä–∞–Ω–∏—á–µ–Ω–Ω—ã–µ ...

You may provide a definition with
\DeclareUnicodeCharacter 


! Package inputenc Error: Unicode character –∏ (U+0438)
(inputenc)                not set up for use with LaTeX.

See the inputenc package documentation for explanation.
Type  H <return>  for immediate help.
 ...                                              
                                                  
l.7 –ü–æ —Å–≤–µ—Ç–æ–≤–æ–¥—É –ø–æ–π–¥—É—Ç –ª—É—á–∏
                                                 , –æ–≥—Ä–∞–Ω–∏—á–µ–Ω–Ω—ã–µ ...

You may provide a definition with
\DeclareUnicodeCharacter 


! LaTeX Error: Missing \begin{document}.

See the LaTeX manual or LaTeX Companion for explanation.
Type  H <return>  for immediate help.
 ...                                              
                                                  
l.7 –ü–æ —Å–≤–µ—Ç–æ–≤–æ–¥—É –ø–æ–π–¥—É—Ç –ª—É—á–∏,
                                                   –æ–≥—Ä–∞–Ω–∏—á–µ–Ω–Ω—ã–µ ...

You're in trouble here.  Try typing  <return>  to proceed.
If that doesn't work, type  X <return>  to quit.

Missing character: There is no , in font nullfont!

! Package inputenc Error: Unicode character –æ (U+043E)
(inputenc)                not set up for use with LaTeX.

See the inputenc package documentation for explanation.
Type  H <return>  for immediate help.
 ...                                              
                                                  
l.7 ...Å–≤–µ—Ç–æ–≤–æ–¥—É –ø–æ–π–¥—É—Ç –ª—É—á–∏, –æ
                                                  –≥—Ä–∞–Ω–∏—á–µ–Ω–Ω—ã–µ –ª—...

You may provide a definition with
\DeclareUnicodeCharacter 


! Package inputenc Error: Unicode character –≥ (U+0433)
(inputenc)                not set up for use with LaTeX.

See the inputenc package documentation for explanation.
Type  H <return>  for immediate help.
 ...                                              
                                                  
l.7 ...≤–µ—Ç–æ–≤–æ–¥—É –ø–æ–π–¥—É—Ç –ª—É—á–∏, –æ–≥
                                                  —Ä–∞–Ω–∏—á–µ–Ω–Ω—ã–µ –ª—É—...

You may provide a definition with
\DeclareUnicodeCharacter 


! Package inputenc Error: Unicode character —Ä (U+0440)
(inputenc)                not set up for use with LaTeX.

See the inputenc package documentation for explanation.
Type  H <return>  for immediate help.
 ...                                              
                                                  
l.7 ...µ—Ç–æ–≤–æ–¥—É –ø–æ–π–¥—É—Ç –ª—É—á–∏, –æ–≥—Ä
                                                  –∞–Ω–∏—á–µ–Ω–Ω—ã–µ –ª—É—á–...

You may provide a definition with
\DeclareUnicodeCharacter 


! Package inputenc Error: Unicode character –∞ (U+0430)
(inputenc)                not set up for use with LaTeX.

See the inputenc package documentation for explanation.
Type  H <return>  for immediate help.
 ...                                              
                                                  
l.7 ...Ç–æ–≤–æ–¥—É –ø–æ–π–¥—É—Ç –ª—É—á–∏, –æ–≥—Ä–∞
                                                  –Ω–∏—á–µ–Ω–Ω—ã–µ –ª—É—á–æ–...

You may provide a definition with
\DeclareUnicodeCharacter 


! Package inputenc Error: Unicode character –Ω (U+043D)
(inputenc)                not set up for use with LaTeX.

See the inputenc package documentation for explanation.
Type  H <return>  for immediate help.
 ...                                              
                                                  
l.7 ...æ–≤–æ–¥—É –ø–æ–π–¥—É—Ç –ª—É—á–∏, –æ–≥—Ä–∞–Ω
                                                  –∏—á–µ–Ω–Ω—ã–µ –ª—É—á–æ–º,...

You may provide a definition with
\DeclareUnicodeCharacter 


! Package inputenc Error: Unicode character –∏ (U+0438)
(inputenc)                not set up for use with LaTeX.

See the inputenc package documentation for explanation.
Type  H <return>  for immediate help.
 ...                                              
                                                  
l.7 ...≤–æ–¥—É –ø–æ–π–¥—É—Ç –ª—É—á–∏, –æ–≥—Ä–∞–Ω–∏
                                                  —á–µ–Ω–Ω—ã–µ –ª—É—á–æ–º, –...

You may provide a definition with
\DeclareUnicodeCharacter 


! Package inputenc Error: Unicode character —á (U+0447)
(inputenc)                not set up for use with LaTeX.

See the inputenc package documentation for explanation.
Type  H <return>  for immediate help.
 ...                                              
                                                  
l.7 ...æ–¥—É –ø–æ–π–¥—É—Ç –ª—É—á–∏, –æ–≥—Ä–∞–Ω–∏—á
                                                  –µ–Ω–Ω—ã–µ –ª—É—á–æ–º, –∏—...

You may provide a definition with
\DeclareUnicodeCharacter 


! Package inputenc Error: Unicode character –µ (U+0435)
(inputenc)                not set up for use with LaTeX.

See the inputenc package documentation for explanation.
Type  H <return>  for immediate help.
 ...                                              
                                                  
l.7 ...¥—É –ø–æ–π–¥—É—Ç –ª—É—á–∏, –æ–≥—Ä–∞–Ω–∏—á–µ
                                                  –Ω–Ω—ã–µ –ª—É—á–æ–º, –∏—Å–...

You may provide a definition with
\DeclareUnicodeCharacter 


! Package inputenc Error: Unicode character –Ω (U+043D)
(inputenc)                not set up for use with LaTeX.

See the inputenc package documentation for explanation.
Type  H <return>  for immediate help.
 ...                                              
                                                  
l.7 ...É –ø–æ–π–¥—É—Ç –ª—É—á–∏, –æ–≥—Ä–∞–Ω–∏—á–µ–Ω
                                                  –Ω—ã–µ –ª—É—á–æ–º, –∏—Å–ø—...

You may provide a definition with
\DeclareUnicodeCharacter 


! Package inputenc Error: Unicode character –Ω (U+043D)
(inputenc)                not set up for use with LaTeX.

See the inputenc package documentation for explanation.
Type  H <return>  for immediate help.
 ...                                              
                                                  
l.7 ...–ø–æ–π–¥—É—Ç –ª—É—á–∏, –æ–≥—Ä–∞–Ω–∏—á–µ–Ω–Ω
                                                  —ã–µ –ª—É—á–æ–º, –∏—Å–ø—ã—...

You may provide a definition with
\DeclareUnicodeCharacter 


! Package inputenc Error: Unicode character —ã (U+044B)
(inputenc)                not set up for use with LaTeX.

See the inputenc package documentation for explanation.
Type  H <return>  for immediate help.
 ...                                              
                                                  
l.7 ...–æ–π–¥—É—Ç –ª—É—á–∏, –æ–≥—Ä–∞–Ω–∏—á–µ–Ω–Ω—ã
                                                  –µ –ª—É—á–æ–º, –∏—Å–ø—ã—Ç—...

You may provide a definition with
\DeclareUnicodeCharacter 


! Package inputenc Error: Unicode character –µ (U+0435)
(inputenc)                not set up for use with LaTeX.

See the inputenc package documentation for explanation.
Type  H <return>  for immediate help.
 ...                                              
                                                  
l.7 ...–π–¥—É—Ç –ª—É—á–∏, –æ–≥—Ä–∞–Ω–∏—á–µ–Ω–Ω—ã–µ
                                                   –ª—É—á–æ–º, –∏—Å–ø—ã—Ç—ã–...

You may provide a definition with
\DeclareUnicodeCharacter 


! Package inputenc Error: Unicode character –ª (U+043B)
(inputenc)                not set up for use with LaTeX.

See the inputenc package documentation for explanation.
Type  H <return>  for immediate help.
 ...                                              
                                                  
l.7 ...¥—É—Ç –ª—É—á–∏, –æ–≥—Ä–∞–Ω–∏—á–µ–Ω–Ω—ã–µ –ª
                                                  —É—á–æ–º, –∏—Å–ø—ã—Ç—ã–≤–∞...

You may provide a definition with
\DeclareUnicodeCharacter 


! Package inputenc Error: Unicode character —É (U+0443)
(inputenc)                not set up for use with LaTeX.

See the inputenc package documentation for explanation.
Type  H <return>  for immediate help.
 ...                                              
                                                  
l.7 ...É—Ç –ª—É—á–∏, –æ–≥—Ä–∞–Ω–∏—á–µ–Ω–Ω—ã–µ –ª—É
                                                  —á–æ–º, –∏—Å–ø—ã—Ç—ã–≤–∞—é...

You may provide a definition with
\DeclareUnicodeCharacter 


! Package inputenc Error: Unicode character —á (U+0447)
(inputenc)                not set up for use with LaTeX.

See the inputenc package documentation for explanation.
Type  H <return>  for immediate help.
 ...                                              
                                                  
l.7 ...Ç –ª—É—á–∏, –æ–≥—Ä–∞–Ω–∏—á–µ–Ω–Ω—ã–µ –ª—É—á
                                                  –æ–º, –∏—Å–ø—ã—Ç—ã–≤–∞—é—â...

You may provide a definition with
\DeclareUnicodeCharacter 


! Package inputenc Error: Unicode character –æ (U+043E)
(inputenc)                not set up for use with LaTeX.

See the inputenc package documentation for explanation.
Type  H <return>  for immediate help.
 ...                                              
                                                  
l.7 ...–ª—É—á–∏, –æ–≥—Ä–∞–Ω–∏—á–µ–Ω–Ω—ã–µ –ª—É—á–æ
                                                  –º, –∏—Å–ø—ã—Ç—ã–≤–∞—é—â–µ...

You may provide a definition with
\DeclareUnicodeCharacter 


! Package inputenc Error: Unicode character –º (U+043C)
(inputenc)                not set up for use with LaTeX.

See the inputenc package documentation for explanation.
Type  H <return>  for immediate help.
 ...                                              
                                                  
l.7 ...—É—á–∏, –æ–≥—Ä–∞–Ω–∏—á–µ–Ω–Ω—ã–µ –ª—É—á–æ–º
                                                  , –∏—Å–ø—ã—Ç—ã–≤–∞—é—â–µ–º...

You may provide a definition with
\DeclareUnicodeCharacter 

Missing character: There is no , in font nullfont!

! Package inputenc Error: Unicode character –∏ (U+0438)
(inputenc)                not set up for use with LaTeX.

See the inputenc package documentation for explanation.
Type  H <return>  for immediate help.
 ...                                              
                                                  
l.7 ...–∏, –æ–≥—Ä–∞–Ω–∏—á–µ–Ω–Ω—ã–µ –ª—É—á–æ–º, –∏
                                                  —Å–ø—ã—Ç—ã–≤–∞—é—â–µ–º –Ω–...

You may provide a definition with
\DeclareUnicodeCharacter 


! Package inputenc Error: Unicode character —Å (U+0441)
(inputenc)                not set up for use with LaTeX.

See the inputenc package documentation for explanation.
Type  H <return>  for immediate help.
 ...                                              
                                                  
l.7 ..., –æ–≥—Ä–∞–Ω–∏—á–µ–Ω–Ω—ã–µ –ª—É—á–æ–º, –∏—Å
                                                  –ø—ã—Ç—ã–≤–∞—é—â–µ–º –Ω–∞ ...

You may provide a definition with
\DeclareUnicodeCharacter 


! Package inputenc Error: Unicode character –ø (U+043F)
(inputenc)                not set up for use with LaTeX.

See the inputenc package documentation for explanation.
Type  H <return>  for immediate help.
 ...                                              
                                                  
l.7 ...–æ–≥—Ä–∞–Ω–∏—á–µ–Ω–Ω—ã–µ –ª—É—á–æ–º, –∏—Å–ø
                                                  —ã—Ç—ã–≤–∞—é—â–µ–º –Ω–∞ –µ...

You may provide a definition with
\DeclareUnicodeCharacter 


! Package inputenc Error: Unicode character —ã (U+044B)
(inputenc)                not set up for use with LaTeX.

See the inputenc package documentation for explanation.
Type  H <return>  for immediate help.
 ...                                              
                                                  
l.7 ...–≥—Ä–∞–Ω–∏—á–µ–Ω–Ω—ã–µ –ª—É—á–æ–º, –∏—Å–ø—ã
                                                  —Ç—ã–≤–∞—é—â–µ–º –Ω–∞ –µ–≥...

You may provide a definition with
\DeclareUnicodeCharacter 


! Package inputenc Error: Unicode character —Ç (U+0442)
(inputenc)                not set up for use with LaTeX.

See the inputenc package documentation for explanation.
Type  H <return>  for immediate help.
 ...                                              
                                                  
l.7 ...—Ä–∞–Ω–∏—á–µ–Ω–Ω—ã–µ –ª—É—á–æ–º, –∏—Å–ø—ã—Ç
                                                  —ã–≤–∞—é—â–µ–º –Ω–∞ –µ–≥–æ...

You may provide a definition with
\DeclareUnicodeCharacter 


! Package inputenc Error: Unicode character —ã (U+044B)
(inputenc)                not set up for use with LaTeX.

See the inputenc package documentation for explanation.
Type  H <return>  for immediate help.
 ...                                              
                                                  
l.7 ...–∞–Ω–∏—á–µ–Ω–Ω—ã–µ –ª—É—á–æ–º, –∏—Å–ø—ã—Ç—ã
                                                  –≤–∞—é—â–µ–º –Ω–∞ –µ–≥–æ —...

You may provide a definition with
\DeclareUnicodeCharacter 


! Package inputenc Error: Unicode character –≤ (U+0432)
(inputenc)                not set up for use with LaTeX.

See the inputenc package documentation for explanation.
Type  H <return>  for immediate help.
 ...                                              
                                                  
l.7 ...–Ω–∏—á–µ–Ω–Ω—ã–µ –ª—É—á–æ–º, –∏—Å–ø—ã—Ç—ã–≤
                                                  –∞—é—â–µ–º –Ω–∞ –µ–≥–æ —Å—...

You may provide a definition with
\DeclareUnicodeCharacter 


! Package inputenc Error: Unicode character –∞ (U+0430)
(inputenc)                not set up for use with LaTeX.

See the inputenc package documentation for explanation.
Type  H <return>  for immediate help.
 ...                                              
                                                  
l.7 ...–∏—á–µ–Ω–Ω—ã–µ –ª—É—á–æ–º, –∏—Å–ø—ã—Ç—ã–≤–∞
                                                  —é—â–µ–º –Ω–∞ –µ–≥–æ —Å—Ç–...

You may provide a definition with
\DeclareUnicodeCharacter 


! Package inputenc Error: Unicode character —é (U+044E)
(inputenc)                not set up for use with LaTeX.

See the inputenc package documentation for explanation.
Type  H <return>  for immediate help.
 ...                                              
                                                  
l.7 ...—á–µ–Ω–Ω—ã–µ –ª—É—á–æ–º, –∏—Å–ø—ã—Ç—ã–≤–∞—é
                                                  —â–µ–º –Ω–∞ –µ–≥–æ —Å—Ç–µ–...

You may provide a definition with
\DeclareUnicodeCharacter 


! Package inputenc Error: Unicode character —â (U+0449)
(inputenc)                not set up for use with LaTeX.

See the inputenc package documentation for explanation.
Type  H <return>  for immediate help.
 ...                                              
                                                  
l.7 ...–µ–Ω–Ω—ã–µ –ª—É—á–æ–º, –∏—Å–ø—ã—Ç—ã–≤–∞—é—â
                                                  –µ–º –Ω–∞ –µ–≥–æ —Å—Ç–µ–Ω–...

You may provide a definition with
\DeclareUnicodeCharacter 


! Package inputenc Error: Unicode character –µ (U+0435)
(inputenc)                not set up for use with LaTeX.

See the inputenc package documentation for explanation.
Type  H <return>  for immediate help.
 ...                                              
                                                  
l.7 ...–Ω–Ω—ã–µ –ª—É—á–æ–º, –∏—Å–ø—ã—Ç—ã–≤–∞—é—â–µ
                                                  –º –Ω–∞ –µ–≥–æ —Å—Ç–µ–Ω–∫–...

You may provide a definition with
\DeclareUnicodeCharacter 


! Package inputenc Error: Unicode character –º (U+043C)
(inputenc)                not set up for use with LaTeX.

See the inputenc package documentation for explanation.
Type  H <return>  for immediate help.
 ...                                              
                                                  
l.7 ...–Ω—ã–µ –ª—É—á–æ–º, –∏—Å–ø—ã—Ç—ã–≤–∞—é—â–µ–º
                                                   –Ω–∞ –µ–≥–æ —Å—Ç–µ–Ω–∫–µ ...

You may provide a definition with
\DeclareUnicodeCharacter 


! Package inputenc Error: Unicode character –Ω (U+043D)
(inputenc)                not set up for use with LaTeX.

See the inputenc package documentation for explanation.
Type  H <return>  for immediate help.
 ...                                              
                                                  
l.7 ...ã–µ –ª—É—á–æ–º, –∏—Å–ø—ã—Ç—ã–≤–∞—é—â–µ–º –Ω
                                                  –∞ –µ–≥–æ —Å—Ç–µ–Ω–∫–µ –ø–...

You may provide a definition with
\DeclareUnicodeCharacter 


! Package inputenc Error: Unicode character –∞ (U+0430)
(inputenc)                not set up for use with LaTeX.

See the inputenc package documentation for explanation.
Type  H <return>  for immediate help.
 ...                                              
                                                  
l.7 ...µ –ª—É—á–æ–º, –∏—Å–ø—ã—Ç—ã–≤–∞—é—â–µ–º –Ω–∞
                                                   –µ–≥–æ —Å—Ç–µ–Ω–∫–µ –ø–æ–...

You may provide a definition with
\DeclareUnicodeCharacter 


! Package inputenc Error: Unicode character –µ (U+0435)
(inputenc)                not set up for use with LaTeX.

See the inputenc package documentation for explanation.
Type  H <return>  for immediate help.
 ...                                              
                                                  
l.7 ...ª—É—á–æ–º, –∏—Å–ø—ã—Ç—ã–≤–∞—é—â–µ–º –Ω–∞ –µ
                                                  –≥–æ —Å—Ç–µ–Ω–∫–µ –ø–æ–ª–Ω...

You may provide a definition with
\DeclareUnicodeCharacter 


! Package inputenc Error: Unicode character –≥ (U+0433)
(inputenc)                not set up for use with LaTeX.

See the inputenc package documentation for explanation.
Type  H <return>  for immediate help.
 ...                                              
                                                  
l.7 ...É—á–æ–º, –∏—Å–ø—ã—Ç—ã–≤–∞—é—â–µ–º –Ω–∞ –µ–≥
                                                  –æ —Å—Ç–µ–Ω–∫–µ –ø–æ–ª–Ω–æ...

You may provide a definition with
\DeclareUnicodeCharacter 


! Package inputenc Error: Unicode character –æ (U+043E)
(inputenc)                not set up for use with LaTeX.

See the inputenc package documentation for explanation.
Type  H <return>  for immediate help.
 ...                                              
                                                  
l.7 ...á–æ–º, –∏—Å–ø—ã—Ç—ã–≤–∞—é—â–µ–º –Ω–∞ –µ–≥–æ
                                                   —Å—Ç–µ–Ω–∫–µ –ø–æ–ª–Ω–æ–µ...

You may provide a definition with
\DeclareUnicodeCharacter 


! Package inputenc Error: Unicode character —Å (U+0441)
(inputenc)                not set up for use with LaTeX.

See the inputenc package documentation for explanation.
Type  H <return>  for immediate help.
 ...                                              
                                                  
l.7 ...–º, –∏—Å–ø—ã—Ç—ã–≤–∞—é—â–µ–º –Ω–∞ –µ–≥–æ —Å
                                                  —Ç–µ–Ω–∫–µ –ø–æ–ª–Ω–æ–µ –≤...

You may provide a definition with
\DeclareUnicodeCharacter 


! Package inputenc Error: Unicode character —Ç (U+0442)
(inputenc)                not set up for use with LaTeX.

See the inputenc package documentation for explanation.
Type  H <return>  for immediate help.
 ...                                              
                                                  
l.7 ..., –∏—Å–ø—ã—Ç—ã–≤–∞—é—â–µ–º –Ω–∞ –µ–≥–æ —Å—Ç
                                                  –µ–Ω–∫–µ –ø–æ–ª–Ω–æ–µ –≤–Ω...

You may provide a definition with
\DeclareUnicodeCharacter 


! Package inputenc Error: Unicode character –µ (U+0435)
(inputenc)                not set up for use with LaTeX.

See the inputenc package documentation for explanation.
Type  H <return>  for immediate help.
 ...                                              
                                                  
l.7 ...–∏—Å–ø—ã—Ç—ã–≤–∞—é—â–µ–º –Ω–∞ –µ–≥–æ —Å—Ç–µ
                                                  –Ω–∫–µ –ø–æ–ª–Ω–æ–µ –≤–Ω—É...

You may provide a definition with
\DeclareUnicodeCharacter 


! Package inputenc Error: Unicode character –Ω (U+043D)
(inputenc)                not set up for use with LaTeX.

See the inputenc package documentation for explanation.
Type  H <return>  for immediate help.
 ...                                              
                                                  
l.7 ...—Å–ø—ã—Ç—ã–≤–∞—é—â–µ–º –Ω–∞ –µ–≥–æ —Å—Ç–µ–Ω
                                                  –∫–µ –ø–æ–ª–Ω–æ–µ –≤–Ω—É—Ç...

You may provide a definition with
\DeclareUnicodeCharacter 


! Package inputenc Error: Unicode character –∫ (U+043A)
(inputenc)                not set up for use with LaTeX.

See the inputenc package documentation for explanation.
Type  H <return>  for immediate help.
 ...                                              
                                                  
l.7 ...–ø—ã—Ç—ã–≤–∞—é—â–µ–º –Ω–∞ –µ–≥–æ —Å—Ç–µ–Ω–∫
                                                  –µ –ø–æ–ª–Ω–æ–µ –≤–Ω—É—Ç—Ä...

You may provide a definition with
\DeclareUnicodeCharacter 


! Package inputenc Error: Unicode character –µ (U+0435)
(inputenc)                not set up for use with LaTeX.

See the inputenc package documentation for explanation.
Type  H <return>  for immediate help.
 ...                                              
                                                  
l.7 ...—ã—Ç—ã–≤–∞—é—â–µ–º –Ω–∞ –µ–≥–æ —Å—Ç–µ–Ω–∫–µ
                                                   –ø–æ–ª–Ω–æ–µ –≤–Ω—É—Ç—Ä–µ...

You may provide a definition with
\DeclareUnicodeCharacter 


! Package inputenc Error: Unicode character –ø (U+043F)
(inputenc)                not set up for use with LaTeX.

See the inputenc package documentation for explanation.
Type  H <return>  for immediate help.
 ...                                              
                                                  
l.7 ...Ç—ã–≤–∞—é—â–µ–º –Ω–∞ –µ–≥–æ —Å—Ç–µ–Ω–∫–µ –ø
                                                  –æ–ª–Ω–æ–µ –≤–Ω—É—Ç—Ä–µ–Ω–...

You may provide a definition with
\DeclareUnicodeCharacter 


! Package inputenc Error: Unicode character –æ (U+043E)
(inputenc)                not set up for use with LaTeX.

See the inputenc package documentation for explanation.
Type  H <return>  for immediate help.
 ...                                              
                                                  
l.7 ...ã–≤–∞—é—â–µ–º –Ω–∞ –µ–≥–æ —Å—Ç–µ–Ω–∫–µ –ø–æ
                                                  –ª–Ω–æ–µ –≤–Ω—É—Ç—Ä–µ–Ω–Ω–...

You may provide a definition with
\DeclareUnicodeCharacter 


! Package inputenc Error: Unicode character –ª (U+043B)
(inputenc)                not set up for use with LaTeX.

See the inputenc package documentation for explanation.
Type  H <return>  for immediate help.
 ...                                              
                                                  
l.7 ...≤–∞—é—â–µ–º –Ω–∞ –µ–≥–æ —Å—Ç–µ–Ω–∫–µ –ø–æ–ª
                                                  –Ω–æ–µ –≤–Ω—É—Ç—Ä–µ–Ω–Ω–µ–...

You may provide a definition with
\DeclareUnicodeCharacter 


! Package inputenc Error: Unicode character –Ω (U+043D)
(inputenc)                not set up for use with LaTeX.

See the inputenc package documentation for explanation.
Type  H <return>  for immediate help.
 ...                                              
                                                  
l.7 ...∞—é—â–µ–º –Ω–∞ –µ–≥–æ —Å—Ç–µ–Ω–∫–µ –ø–æ–ª–Ω
                                                  –æ–µ –≤–Ω—É—Ç—Ä–µ–Ω–Ω–µ–µ ...

You may provide a definition with
\DeclareUnicodeCharacter 


! Package inputenc Error: Unicode character –æ (U+043E)
(inputenc)                not set up for use with LaTeX.

See the inputenc package documentation for explanation.
Type  H <return>  for immediate help.
 ...                                              
                                                  
l.7 ...é—â–µ–º –Ω–∞ –µ–≥–æ —Å—Ç–µ–Ω–∫–µ –ø–æ–ª–Ω–æ
                                                  –µ –≤–Ω—É—Ç—Ä–µ–Ω–Ω–µ–µ –æ...

You may provide a definition with
\DeclareUnicodeCharacter 


! Package inputenc Error: Unicode character –µ (U+0435)
(inputenc)                not set up for use with LaTeX.

See the inputenc package documentation for explanation.
Type  H <return>  for immediate help.
 ...                                              
                                                  
l.7 ...â–µ–º –Ω–∞ –µ–≥–æ —Å—Ç–µ–Ω–∫–µ –ø–æ–ª–Ω–æ–µ
                                                   –≤–Ω—É—Ç—Ä–µ–Ω–Ω–µ–µ –æ—Ç...

You may provide a definition with
\DeclareUnicodeCharacter 


! Package inputenc Error: Unicode character –≤ (U+0432)
(inputenc)                not set up for use with LaTeX.

See the inputenc package documentation for explanation.
Type  H <return>  for immediate help.
 ...                                              
                                                  
l.7 ...–º –Ω–∞ –µ–≥–æ —Å—Ç–µ–Ω–∫–µ –ø–æ–ª–Ω–æ–µ –≤
                                                  –Ω—É—Ç—Ä–µ–Ω–Ω–µ–µ –æ—Ç—Ä–...

You may provide a definition with
\DeclareUnicodeCharacter 


! Package inputenc Error: Unicode character –Ω (U+043D)
(inputenc)                not set up for use with LaTeX.

See the inputenc package documentation for explanation.
Type  H <return>  for immediate help.
 ...                                              
                                                  
l.7 ... –Ω–∞ –µ–≥–æ —Å—Ç–µ–Ω–∫–µ –ø–æ–ª–Ω–æ–µ –≤–Ω
                                                  —É—Ç—Ä–µ–Ω–Ω–µ–µ –æ—Ç—Ä–∞–...

You may provide a definition with
\DeclareUnicodeCharacter 


! Package inputenc Error: Unicode character —É (U+0443)
(inputenc)                not set up for use with LaTeX.

See the inputenc package documentation for explanation.
Type  H <return>  for immediate help.
 ...                                              
                                                  
l.7 ...Ω–∞ –µ–≥–æ —Å—Ç–µ–Ω–∫–µ –ø–æ–ª–Ω–æ–µ –≤–Ω—É
                                                  —Ç—Ä–µ–Ω–Ω–µ–µ –æ—Ç—Ä–∞–∂–...

You may provide a definition with
\DeclareUnicodeCharacter 


! Package inputenc Error: Unicode character —Ç (U+0442)
(inputenc)                not set up for use with LaTeX.

See the inputenc package documentation for explanation.
Type  H <return>  for immediate help.
 ...                                              
                                                  
l.7 ...∞ –µ–≥–æ —Å—Ç–µ–Ω–∫–µ –ø–æ–ª–Ω–æ–µ –≤–Ω—É—Ç
                                                  —Ä–µ–Ω–Ω–µ–µ –æ—Ç—Ä–∞–∂–µ–...

You may provide a definition with
\DeclareUnicodeCharacter 


! Package inputenc Error: Unicode character —Ä (U+0440)
(inputenc)                not set up for use with LaTeX.

See the inputenc package documentation for explanation.
Type  H <return>  for immediate help.
 ...                                              
                                                  
l.7 ...–µ–≥–æ —Å—Ç–µ–Ω–∫–µ –ø–æ–ª–Ω–æ–µ –≤–Ω—É—Ç—Ä
                                                  –µ–Ω–Ω–µ–µ –æ—Ç—Ä–∞–∂–µ–Ω–...

You may provide a definition with
\DeclareUnicodeCharacter 


! Package inputenc Error: Unicode character –µ (U+0435)
(inputenc)                not set up for use with LaTeX.

See the inputenc package documentation for explanation.
Type  H <return>  for immediate help.
 ...                                              
                                                  
l.7 ...–≥–æ —Å—Ç–µ–Ω–∫–µ –ø–æ–ª–Ω–æ–µ –≤–Ω—É—Ç—Ä–µ
                                                  –Ω–Ω–µ–µ –æ—Ç—Ä–∞–∂–µ–Ω–∏–...

You may provide a definition with
\DeclareUnicodeCharacter 


! Package inputenc Error: Unicode character –Ω (U+043D)
(inputenc)                not set up for use with LaTeX.

See the inputenc package documentation for explanation.
Type  H <return>  for immediate help.
 ...                                              
                                                  
l.7 ...–æ —Å—Ç–µ–Ω–∫–µ –ø–æ–ª–Ω–æ–µ –≤–Ω—É—Ç—Ä–µ–Ω
                                                  –Ω–µ–µ –æ—Ç—Ä–∞–∂–µ–Ω–∏–µ....

You may provide a definition with
\DeclareUnicodeCharacter 


! Package inputenc Error: Unicode character –Ω (U+043D)
(inputenc)                not set up for use with LaTeX.

See the inputenc package documentation for explanation.
Type  H <return>  for immediate help.
 ...                                              
                                                  
l.7 ... —Å—Ç–µ–Ω–∫–µ –ø–æ–ª–Ω–æ–µ –≤–Ω—É—Ç—Ä–µ–Ω–Ω
                                                  –µ–µ –æ—Ç—Ä–∞–∂–µ–Ω–∏–µ. –...

You may provide a definition with
\DeclareUnicodeCharacter 


! Package inputenc Error: Unicode character –µ (U+0435)
(inputenc)                not set up for use with LaTeX.

See the inputenc package documentation for explanation.
Type  H <return>  for immediate help.
 ...                                              
                                                  
l.7 ...Å—Ç–µ–Ω–∫–µ –ø–æ–ª–Ω–æ–µ –≤–Ω—É—Ç—Ä–µ–Ω–Ω–µ
                                                  –µ –æ—Ç—Ä–∞–∂–µ–Ω–∏–µ. –ù–...

You may provide a definition with
\DeclareUnicodeCharacter 


! Package inputenc Error: Unicode character –µ (U+0435)
(inputenc)                not set up for use with LaTeX.

See the inputenc package documentation for explanation.
Type  H <return>  for immediate help.
 ...                                              
                                                  
l.7 ...Ç–µ–Ω–∫–µ –ø–æ–ª–Ω–æ–µ –≤–Ω—É—Ç—Ä–µ–Ω–Ω–µ–µ
                                                   –æ—Ç—Ä–∞–∂–µ–Ω–∏–µ. –ù–∞ ...

You may provide a definition with
\DeclareUnicodeCharacter 


! Package inputenc Error: Unicode character –æ (U+043E)
(inputenc)                not set up for use with LaTeX.

See the inputenc package documentation for explanation.
Type  H <return>  for immediate help.
 ...                                              
                                                  
l.7 ...–Ω–∫–µ –ø–æ–ª–Ω–æ–µ –≤–Ω—É—Ç—Ä–µ–Ω–Ω–µ–µ –æ
                                                  —Ç—Ä–∞–∂–µ–Ω–∏–µ. –ù–∞ —Ç–...

You may provide a definition with
\DeclareUnicodeCharacter 


! Package inputenc Error: Unicode character —Ç (U+0442)
(inputenc)                not set up for use with LaTeX.

See the inputenc package documentation for explanation.
Type  H <return>  for immediate help.
 ...                                              
                                                  
l.7 ...–∫–µ –ø–æ–ª–Ω–æ–µ –≤–Ω—É—Ç—Ä–µ–Ω–Ω–µ–µ –æ—Ç
                                                  —Ä–∞–∂–µ–Ω–∏–µ. –ù–∞ —Ç–æ—...

You may provide a definition with
\DeclareUnicodeCharacter 


! Package inputenc Error: Unicode character —Ä (U+0440)
(inputenc)                not set up for use with LaTeX.

See the inputenc package documentation for explanation.
Type  H <return>  for immediate help.
 ...                                              
                                                  
l.7 ...–µ –ø–æ–ª–Ω–æ–µ –≤–Ω—É—Ç—Ä–µ–Ω–Ω–µ–µ –æ—Ç—Ä
                                                  –∞–∂–µ–Ω–∏–µ. –ù–∞ —Ç–æ—Ä—...

You may provide a definition with
\DeclareUnicodeCharacter 


! Package inputenc Error: Unicode character –∞ (U+0430)
(inputenc)                not set up for use with LaTeX.

See the inputenc package documentation for explanation.
Type  H <return>  for immediate help.
 ...                                              
                                                  
l.7 ... –ø–æ–ª–Ω–æ–µ –≤–Ω—É—Ç—Ä–µ–Ω–Ω–µ–µ –æ—Ç—Ä–∞
                                                  –∂–µ–Ω–∏–µ. –ù–∞ —Ç–æ—Ä—Ü–...

You may provide a definition with
\DeclareUnicodeCharacter 


! Package inputenc Error: Unicode character –∂ (U+0436)
(inputenc)                not set up for use with LaTeX.

See the inputenc package documentation for explanation.
Type  H <return>  for immediate help.
 ...                                              
                                                  
l.7 ...ø–æ–ª–Ω–æ–µ –≤–Ω—É—Ç—Ä–µ–Ω–Ω–µ–µ –æ—Ç—Ä–∞–∂
                                                  –µ–Ω–∏–µ. –ù–∞ —Ç–æ—Ä—Ü–µ ...

You may provide a definition with
\DeclareUnicodeCharacter 


! Package inputenc Error: Unicode character –µ (U+0435)
(inputenc)                not set up for use with LaTeX.

See the inputenc package documentation for explanation.
Type  H <return>  for immediate help.
 ...                                              
                                                  
l.7 ...æ–ª–Ω–æ–µ –≤–Ω—É—Ç—Ä–µ–Ω–Ω–µ–µ –æ—Ç—Ä–∞–∂–µ
                                                  –Ω–∏–µ. –ù–∞ —Ç–æ—Ä—Ü–µ —Å...

You may provide a definition with
\DeclareUnicodeCharacter 


! Package inputenc Error: Unicode character –Ω (U+043D)
(inputenc)                not set up for use with LaTeX.

See the inputenc package documentation for explanation.
Type  H <return>  for immediate help.
 ...                                              
                                                  
l.7 ...ª–Ω–æ–µ –≤–Ω—É—Ç—Ä–µ–Ω–Ω–µ–µ –æ—Ç—Ä–∞–∂–µ–Ω
                                                  –∏–µ. –ù–∞ —Ç–æ—Ä—Ü–µ —Å–≤...

You may provide a definition with
\DeclareUnicodeCharacter 


! Package inputenc Error: Unicode character –∏ (U+0438)
(inputenc)                not set up for use with LaTeX.

See the inputenc package documentation for explanation.
Type  H <return>  for immediate help.
 ...                                              
                                                  
l.7 ...Ω–æ–µ –≤–Ω—É—Ç—Ä–µ–Ω–Ω–µ–µ –æ—Ç—Ä–∞–∂–µ–Ω–∏
                                                  –µ. –ù–∞ —Ç–æ—Ä—Ü–µ —Å–≤–µ...

You may provide a definition with
\DeclareUnicodeCharacter 


! Package inputenc Error: Unicode character –µ (U+0435)
(inputenc)                not set up for use with LaTeX.

See the inputenc package documentation for explanation.
Type  H <return>  for immediate help.
 ...                                              
                                                  
l.7 ...æ–µ –≤–Ω—É—Ç—Ä–µ–Ω–Ω–µ–µ –æ—Ç—Ä–∞–∂–µ–Ω–∏–µ
                                                  . –ù–∞ —Ç–æ—Ä—Ü–µ —Å–≤–µ—Ç...

You may provide a definition with
\DeclareUnicodeCharacter 

Missing character: There is no . in font nullfont!

! Package inputenc Error: Unicode character –ù (U+041D)
(inputenc)                not set up for use with LaTeX.

See the inputenc package documentation for explanation.
Type  H <return>  for immediate help.
 ...                                              
                                                  
l.7 ...–≤–Ω—É—Ç—Ä–µ–Ω–Ω–µ–µ –æ—Ç—Ä–∞–∂–µ–Ω–∏–µ. –ù
                                                  –∞ —Ç–æ—Ä—Ü–µ —Å–≤–µ—Ç–æ–≤...

You may provide a definition with
\DeclareUnicodeCharacter 


! Package inputenc Error: Unicode character –∞ (U+0430)
(inputenc)                not set up for use with LaTeX.

See the inputenc package documentation for explanation.
Type  H <return>  for immediate help.
 ...                                              
                                                  
l.7 ...–Ω—É—Ç—Ä–µ–Ω–Ω–µ–µ –æ—Ç—Ä–∞–∂–µ–Ω–∏–µ. –ù–∞
                                                   —Ç–æ—Ä—Ü–µ —Å–≤–µ—Ç–æ–≤–æ...

You may provide a definition with
\DeclareUnicodeCharacter 


! Package inputenc Error: Unicode character —Ç (U+0442)
(inputenc)                not set up for use with LaTeX.

See the inputenc package documentation for explanation.
Type  H <return>  for immediate help.
 ...                                              
                                                  
l.7 ...É—Ç—Ä–µ–Ω–Ω–µ–µ –æ—Ç—Ä–∞–∂–µ–Ω–∏–µ. –ù–∞ —Ç
                                                  –æ—Ä—Ü–µ —Å–≤–µ—Ç–æ–≤–æ–¥–...

You may provide a definition with
\DeclareUnicodeCharacter 


! Package inputenc Error: Unicode character –æ (U+043E)
(inputenc)                not set up for use with LaTeX.

See the inputenc package documentation for explanation.
Type  H <return>  for immediate help.
 ...                                              
                                                  
l.7 ...Ç—Ä–µ–Ω–Ω–µ–µ –æ—Ç—Ä–∞–∂–µ–Ω–∏–µ. –ù–∞ —Ç–æ
                                                  —Ä—Ü–µ —Å–≤–µ—Ç–æ–≤–æ–¥–∞ ...

You may provide a definition with
\DeclareUnicodeCharacter 


! Package inputenc Error: Unicode character —Ä (U+0440)
(inputenc)                not set up for use with LaTeX.

See the inputenc package documentation for explanation.
Type  H <return>  for immediate help.
 ...                                              
                                                  
l.7 ...Ä–µ–Ω–Ω–µ–µ –æ—Ç—Ä–∞–∂–µ–Ω–∏–µ. –ù–∞ —Ç–æ—Ä
                                                  —Ü–µ —Å–≤–µ—Ç–æ–≤–æ–¥–∞ $\...

You may provide a definition with
\DeclareUnicodeCharacter 


! Package inputenc Error: Unicode character —Ü (U+0446)
(inputenc)                not set up for use with LaTeX.

See the inputenc package documentation for explanation.
Type  H <return>  for immediate help.
 ...                                              
                                                  
l.7 ...µ–Ω–Ω–µ–µ –æ—Ç—Ä–∞–∂–µ–Ω–∏–µ. –ù–∞ —Ç–æ—Ä—Ü
                                                  –µ —Å–≤–µ—Ç–æ–≤–æ–¥–∞ $\si...

You may provide a definition with
\DeclareUnicodeCharacter 


! Package inputenc Error: Unicode character –µ (U+0435)
(inputenc)                not set up for use with LaTeX.

See the inputenc package documentation for explanation.
Type  H <return>  for immediate help.
 ...                                              
                                                  
l.7 ...Ω–Ω–µ–µ –æ—Ç—Ä–∞–∂–µ–Ω–∏–µ. –ù–∞ —Ç–æ—Ä—Ü–µ
                                                   —Å–≤–µ—Ç–æ–≤–æ–¥–∞ $\sin ...

You may provide a definition with
\DeclareUnicodeCharacter 


! Package inputenc Error: Unicode character —Å (U+0441)
(inputenc)                not set up for use with LaTeX.

See the inputenc package documentation for explanation.
Type  H <return>  for immediate help.
 ...                                              
                                                  
l.7 ...–µ–µ –æ—Ç—Ä–∞–∂–µ–Ω–∏–µ. –ù–∞ —Ç–æ—Ä—Ü–µ —Å
                                                  –≤–µ—Ç–æ–≤–æ–¥–∞ $\sin \al...

You may provide a definition with
\DeclareUnicodeCharacter 


! Package inputenc Error: Unicode character –≤ (U+0432)
(inputenc)                not set up for use with LaTeX.

See the inputenc package documentation for explanation.
Type  H <return>  for immediate help.
 ...                                              
                                                  
l.7 ...–µ –æ—Ç—Ä–∞–∂–µ–Ω–∏–µ. –ù–∞ —Ç–æ—Ä—Ü–µ —Å–≤
                                                  –µ—Ç–æ–≤–æ–¥–∞ $\sin \alph...

You may provide a definition with
\DeclareUnicodeCharacter 


! Package inputenc Error: Unicode character –µ (U+0435)
(inputenc)                not set up for use with LaTeX.

See the inputenc package documentation for explanation.
Type  H <return>  for immediate help.
 ...                                              
                                                  
l.7 ... –æ—Ç—Ä–∞–∂–µ–Ω–∏–µ. –ù–∞ —Ç–æ—Ä—Ü–µ —Å–≤–µ
                                                  —Ç–æ–≤–æ–¥–∞ $\sin \alpha ...

You may provide a definition with
\DeclareUnicodeCharacter 


! Package inputenc Error: Unicode character —Ç (U+0442)
(inputenc)                not set up for use with LaTeX.

See the inputenc package documentation for explanation.
Type  H <return>  for immediate help.
 ...                                              
                                                  
l.7 ...æ—Ç—Ä–∞–∂–µ–Ω–∏–µ. –ù–∞ —Ç–æ—Ä—Ü–µ —Å–≤–µ—Ç
                                                  –æ–≤–æ–¥–∞ $\sin \alpha = ...

You may provide a definition with
\DeclareUnicodeCharacter 


! Package inputenc Error: Unicode character –æ (U+043E)
(inputenc)                not set up for use with LaTeX.

See the inputenc package documentation for explanation.
Type  H <return>  for immediate help.
 ...                                              
                                                  
l.7 ...Ç—Ä–∞–∂–µ–Ω–∏–µ. –ù–∞ —Ç–æ—Ä—Ü–µ —Å–≤–µ—Ç–æ
                                                  –≤–æ–¥–∞ $\sin \alpha = n ...

You may provide a definition with
\DeclareUnicodeCharacter 


! Package inputenc Error: Unicode character –≤ (U+0432)
(inputenc)                not set up for use with LaTeX.

See the inputenc package documentation for explanation.
Type  H <return>  for immediate help.
 ...                                              
                                                  
l.7 ...Ä–∞–∂–µ–Ω–∏–µ. –ù–∞ —Ç–æ—Ä—Ü–µ —Å–≤–µ—Ç–æ–≤
                                                  –æ–¥–∞ $\sin \alpha = n \s...
(That makes 100 errors; please try again.) 
Here is how much of TeX's memory you used:
 45 strings out of 479383
 742 string characters out of 5875830
 267160 words of memory out of 5000000
 17257 multiletter control sequences out of 15000+600000
 403430 words of font info for 27 fonts, out of 8000000 for 9000
 1141 hyphenation exceptions out of 8191
 18i,3n,15p,629b,69s stack positions out of 5000i,500n,10000p,200000b,80000s

!  ==> Fatal error occurred, no output PDF file produced!
