This is pdfTeX, Version 3.14159265-2.6-1.40.21 (TeX Live 2020/Arch Linux) (preloaded format=pdflatex 2021.3.18)  15 APR 2021 12:22
entering extended mode
 restricted \write18 enabled.
 %&-line parsing enabled.
**7_33.tex
(./7_33.tex
LaTeX2e <2020-10-01> patch level 2
L3 programming layer <2020-12-03> xparse <2020-03-03>
! Undefined control sequence.
l.1 \subsubsection
                  *{7.33}
The control sequence at the end of the top line
of your error message was never \def'ed. If you have
misspelled it (e.g., `\hobx'), type `I' and the correct
spelling (e.g., `I\hbox'). Otherwise just continue,
and I'll forget about whatever was undefined.


! LaTeX Error: Missing \begin{document}.

See the LaTeX manual or LaTeX Companion for explanation.
Type  H <return>  for immediate help.
 ...                                              
                                                  
l.1 \subsubsection*
                   {7.33}
You're in trouble here.  Try typing  <return>  to proceed.
If that doesn't work, type  X <return>  to quit.

Missing character: There is no * in font nullfont!
Missing character: There is no 7 in font nullfont!
Missing character: There is no . in font nullfont!
Missing character: There is no 3 in font nullfont!
Missing character: There is no 3 in font nullfont!

! Package inputenc Error: Unicode character –ù (U+041D)
(inputenc)                not set up for use with LaTeX.

See the inputenc package documentation for explanation.
Type  H <return>  for immediate help.
 ...                                              
                                                  
l.2 –ù
      –∞ –≤–µ–∫—Ç–æ—Ä–Ω–æ–π –¥–∏–∞–≥—Ä–∞–º–º–µ –ø–æ–∫–∞–∑–∞–Ω—ã –∞–º–ø–ª–∏—Ç...

You may provide a definition with
\DeclareUnicodeCharacter 


! Package inputenc Error: Unicode character –∞ (U+0430)
(inputenc)                not set up for use with LaTeX.

See the inputenc package documentation for explanation.
Type  H <return>  for immediate help.
 ...                                              
                                                  
l.2 –ù–∞
         –≤–µ–∫—Ç–æ—Ä–Ω–æ–π –¥–∏–∞–≥—Ä–∞–º–º–µ –ø–æ–∫–∞–∑–∞–Ω—ã –∞–º–ø–ª–∏—Ç...

You may provide a definition with
\DeclareUnicodeCharacter 


! Package inputenc Error: Unicode character –≤ (U+0432)
(inputenc)                not set up for use with LaTeX.

See the inputenc package documentation for explanation.
Type  H <return>  for immediate help.
 ...                                              
                                                  
l.2 –ù–∞ –≤
           –µ–∫—Ç–æ—Ä–Ω–æ–π –¥–∏–∞–≥—Ä–∞–º–º–µ –ø–æ–∫–∞–∑–∞–Ω—ã –∞–º–ø–ª–∏—Ç...

You may provide a definition with
\DeclareUnicodeCharacter 


! Package inputenc Error: Unicode character –µ (U+0435)
(inputenc)                not set up for use with LaTeX.

See the inputenc package documentation for explanation.
Type  H <return>  for immediate help.
 ...                                              
                                                  
l.2 –ù–∞ –≤–µ
             –∫—Ç–æ—Ä–Ω–æ–π –¥–∏–∞–≥—Ä–∞–º–º–µ –ø–æ–∫–∞–∑–∞–Ω—ã –∞–º–ø–ª–∏—Ç...

You may provide a definition with
\DeclareUnicodeCharacter 


! Package inputenc Error: Unicode character –∫ (U+043A)
(inputenc)                not set up for use with LaTeX.

See the inputenc package documentation for explanation.
Type  H <return>  for immediate help.
 ...                                              
                                                  
l.2 –ù–∞ –≤–µ–∫
               —Ç–æ—Ä–Ω–æ–π –¥–∏–∞–≥—Ä–∞–º–º–µ –ø–æ–∫–∞–∑–∞–Ω—ã –∞–º–ø–ª–∏—Ç...

You may provide a definition with
\DeclareUnicodeCharacter 


! Package inputenc Error: Unicode character —Ç (U+0442)
(inputenc)                not set up for use with LaTeX.

See the inputenc package documentation for explanation.
Type  H <return>  for immediate help.
 ...                                              
                                                  
l.2 –ù–∞ –≤–µ–∫—Ç
                 –æ—Ä–Ω–æ–π –¥–∏–∞–≥—Ä–∞–º–º–µ –ø–æ–∫–∞–∑–∞–Ω—ã –∞–º–ø–ª–∏—Ç...

You may provide a definition with
\DeclareUnicodeCharacter 


! Package inputenc Error: Unicode character –æ (U+043E)
(inputenc)                not set up for use with LaTeX.

See the inputenc package documentation for explanation.
Type  H <return>  for immediate help.
 ...                                              
                                                  
l.2 –ù–∞ –≤–µ–∫—Ç–æ
                   —Ä–Ω–æ–π –¥–∏–∞–≥—Ä–∞–º–º–µ –ø–æ–∫–∞–∑–∞–Ω—ã –∞–º–ø–ª–∏—Ç...

You may provide a definition with
\DeclareUnicodeCharacter 


! Package inputenc Error: Unicode character —Ä (U+0440)
(inputenc)                not set up for use with LaTeX.

See the inputenc package documentation for explanation.
Type  H <return>  for immediate help.
 ...                                              
                                                  
l.2 –ù–∞ –≤–µ–∫—Ç–æ—Ä
                     –Ω–æ–π –¥–∏–∞–≥—Ä–∞–º–º–µ –ø–æ–∫–∞–∑–∞–Ω—ã –∞–º–ø–ª–∏—Ç...

You may provide a definition with
\DeclareUnicodeCharacter 


! Package inputenc Error: Unicode character –Ω (U+043D)
(inputenc)                not set up for use with LaTeX.

See the inputenc package documentation for explanation.
Type  H <return>  for immediate help.
 ...                                              
                                                  
l.2 –ù–∞ –≤–µ–∫—Ç–æ—Ä–Ω
                       –æ–π –¥–∏–∞–≥—Ä–∞–º–º–µ –ø–æ–∫–∞–∑–∞–Ω—ã –∞–º–ø–ª–∏—Ç...

You may provide a definition with
\DeclareUnicodeCharacter 


! Package inputenc Error: Unicode character –æ (U+043E)
(inputenc)                not set up for use with LaTeX.

See the inputenc package documentation for explanation.
Type  H <return>  for immediate help.
 ...                                              
                                                  
l.2 –ù–∞ –≤–µ–∫—Ç–æ—Ä–Ω–æ
                         –π –¥–∏–∞–≥—Ä–∞–º–º–µ –ø–æ–∫–∞–∑–∞–Ω—ã –∞–º–ø–ª–∏—Ç...

You may provide a definition with
\DeclareUnicodeCharacter 


! Package inputenc Error: Unicode character –π (U+0439)
(inputenc)                not set up for use with LaTeX.

See the inputenc package documentation for explanation.
Type  H <return>  for immediate help.
 ...                                              
                                                  
l.2 –ù–∞ –≤–µ–∫—Ç–æ—Ä–Ω–æ–π
                            –¥–∏–∞–≥—Ä–∞–º–º–µ –ø–æ–∫–∞–∑–∞–Ω—ã –∞–º–ø–ª–∏—Ç...

You may provide a definition with
\DeclareUnicodeCharacter 


! Package inputenc Error: Unicode character –¥ (U+0434)
(inputenc)                not set up for use with LaTeX.

See the inputenc package documentation for explanation.
Type  H <return>  for immediate help.
 ...                                              
                                                  
l.2 –ù–∞ –≤–µ–∫—Ç–æ—Ä–Ω–æ–π –¥
                              –∏–∞–≥—Ä–∞–º–º–µ –ø–æ–∫–∞–∑–∞–Ω—ã –∞–º–ø–ª–∏—Ç...

You may provide a definition with
\DeclareUnicodeCharacter 


! Package inputenc Error: Unicode character –∏ (U+0438)
(inputenc)                not set up for use with LaTeX.

See the inputenc package documentation for explanation.
Type  H <return>  for immediate help.
 ...                                              
                                                  
l.2 –ù–∞ –≤–µ–∫—Ç–æ—Ä–Ω–æ–π –¥–∏
                                –∞–≥—Ä–∞–º–º–µ –ø–æ–∫–∞–∑–∞–Ω—ã –∞–º–ø–ª–∏—Ç...

You may provide a definition with
\DeclareUnicodeCharacter 


! Package inputenc Error: Unicode character –∞ (U+0430)
(inputenc)                not set up for use with LaTeX.

See the inputenc package documentation for explanation.
Type  H <return>  for immediate help.
 ...                                              
                                                  
l.2 –ù–∞ –≤–µ–∫—Ç–æ—Ä–Ω–æ–π –¥–∏–∞
                                  –≥—Ä–∞–º–º–µ –ø–æ–∫–∞–∑–∞–Ω—ã –∞–º–ø–ª–∏—Ç...

You may provide a definition with
\DeclareUnicodeCharacter 


! Package inputenc Error: Unicode character –≥ (U+0433)
(inputenc)                not set up for use with LaTeX.

See the inputenc package documentation for explanation.
Type  H <return>  for immediate help.
 ...                                              
                                                  
l.2 –ù–∞ –≤–µ–∫—Ç–æ—Ä–Ω–æ–π –¥–∏–∞–≥
                                    —Ä–∞–º–º–µ –ø–æ–∫–∞–∑–∞–Ω—ã –∞–º–ø–ª–∏—Ç...

You may provide a definition with
\DeclareUnicodeCharacter 


! Package inputenc Error: Unicode character —Ä (U+0440)
(inputenc)                not set up for use with LaTeX.

See the inputenc package documentation for explanation.
Type  H <return>  for immediate help.
 ...                                              
                                                  
l.2 –ù–∞ –≤–µ–∫—Ç–æ—Ä–Ω–æ–π –¥–∏–∞–≥—Ä
                                      –∞–º–º–µ –ø–æ–∫–∞–∑–∞–Ω—ã –∞–º–ø–ª–∏—Ç...

You may provide a definition with
\DeclareUnicodeCharacter 


! Package inputenc Error: Unicode character –∞ (U+0430)
(inputenc)                not set up for use with LaTeX.

See the inputenc package documentation for explanation.
Type  H <return>  for immediate help.
 ...                                              
                                                  
l.2 –ù–∞ –≤–µ–∫—Ç–æ—Ä–Ω–æ–π –¥–∏–∞–≥—Ä–∞
                                        –º–º–µ –ø–æ–∫–∞–∑–∞–Ω—ã –∞–º–ø–ª–∏—Ç...

You may provide a definition with
\DeclareUnicodeCharacter 


! Package inputenc Error: Unicode character –º (U+043C)
(inputenc)                not set up for use with LaTeX.

See the inputenc package documentation for explanation.
Type  H <return>  for immediate help.
 ...                                              
                                                  
l.2 –ù–∞ –≤–µ–∫—Ç–æ—Ä–Ω–æ–π –¥–∏–∞–≥—Ä–∞–º
                                          –º–µ –ø–æ–∫–∞–∑–∞–Ω—ã –∞–º–ø–ª–∏—Ç...

You may provide a definition with
\DeclareUnicodeCharacter 


! Package inputenc Error: Unicode character –º (U+043C)
(inputenc)                not set up for use with LaTeX.

See the inputenc package documentation for explanation.
Type  H <return>  for immediate help.
 ...                                              
                                                  
l.2 –ù–∞ –≤–µ–∫—Ç–æ—Ä–Ω–æ–π –¥–∏–∞–≥—Ä–∞–º–º
                                            –µ –ø–æ–∫–∞–∑–∞–Ω—ã –∞–º–ø–ª–∏—Ç...

You may provide a definition with
\DeclareUnicodeCharacter 


! Package inputenc Error: Unicode character –µ (U+0435)
(inputenc)                not set up for use with LaTeX.

See the inputenc package documentation for explanation.
Type  H <return>  for immediate help.
 ...                                              
                                                  
l.2 –ù–∞ –≤–µ–∫—Ç–æ—Ä–Ω–æ–π –¥–∏–∞–≥—Ä–∞–º–º–µ
                                               –ø–æ–∫–∞–∑–∞–Ω—ã –∞–º–ø–ª–∏—Ç...

You may provide a definition with
\DeclareUnicodeCharacter 


! Package inputenc Error: Unicode character –ø (U+043F)
(inputenc)                not set up for use with LaTeX.

See the inputenc package documentation for explanation.
Type  H <return>  for immediate help.
 ...                                              
                                                  
l.2 –ù–∞ –≤–µ–∫—Ç–æ—Ä–Ω–æ–π –¥–∏–∞–≥—Ä–∞–º–º–µ –ø
                                                 –æ–∫–∞–∑–∞–Ω—ã –∞–º–ø–ª–∏—Ç...

You may provide a definition with
\DeclareUnicodeCharacter 


! Package inputenc Error: Unicode character –æ (U+043E)
(inputenc)                not set up for use with LaTeX.

See the inputenc package documentation for explanation.
Type  H <return>  for immediate help.
 ...                                              
                                                  
l.2 ... –≤–µ–∫—Ç–æ—Ä–Ω–æ–π –¥–∏–∞–≥—Ä–∞–º–º–µ –ø–æ
                                                  –∫–∞–∑–∞–Ω—ã –∞–º–ø–ª–∏—Ç—...

You may provide a definition with
\DeclareUnicodeCharacter 


! Package inputenc Error: Unicode character –∫ (U+043A)
(inputenc)                not set up for use with LaTeX.

See the inputenc package documentation for explanation.
Type  H <return>  for immediate help.
 ...                                              
                                                  
l.2 ...≤–µ–∫—Ç–æ—Ä–Ω–æ–π –¥–∏–∞–≥—Ä–∞–º–º–µ –ø–æ–∫
                                                  –∞–∑–∞–Ω—ã –∞–º–ø–ª–∏—Ç—É–...

You may provide a definition with
\DeclareUnicodeCharacter 


! Package inputenc Error: Unicode character –∞ (U+0430)
(inputenc)                not set up for use with LaTeX.

See the inputenc package documentation for explanation.
Type  H <return>  for immediate help.
 ...                                              
                                                  
l.2 ...µ–∫—Ç–æ—Ä–Ω–æ–π –¥–∏–∞–≥—Ä–∞–º–º–µ –ø–æ–∫–∞
                                                  –∑–∞–Ω—ã –∞–º–ø–ª–∏—Ç—É–¥—...

You may provide a definition with
\DeclareUnicodeCharacter 


! Package inputenc Error: Unicode character –∑ (U+0437)
(inputenc)                not set up for use with LaTeX.

See the inputenc package documentation for explanation.
Type  H <return>  for immediate help.
 ...                                              
                                                  
l.2 ...∫—Ç–æ—Ä–Ω–æ–π –¥–∏–∞–≥—Ä–∞–º–º–µ –ø–æ–∫–∞–∑
                                                  –∞–Ω—ã –∞–º–ø–ª–∏—Ç—É–¥—ã ...

You may provide a definition with
\DeclareUnicodeCharacter 


! Package inputenc Error: Unicode character –∞ (U+0430)
(inputenc)                not set up for use with LaTeX.

See the inputenc package documentation for explanation.
Type  H <return>  for immediate help.
 ...                                              
                                                  
l.2 ...Ç–æ—Ä–Ω–æ–π –¥–∏–∞–≥—Ä–∞–º–º–µ –ø–æ–∫–∞–∑–∞
                                                  –Ω—ã –∞–º–ø–ª–∏—Ç—É–¥—ã –≤...

You may provide a definition with
\DeclareUnicodeCharacter 


! Package inputenc Error: Unicode character –Ω (U+043D)
(inputenc)                not set up for use with LaTeX.

See the inputenc package documentation for explanation.
Type  H <return>  for immediate help.
 ...                                              
                                                  
l.2 ...æ—Ä–Ω–æ–π –¥–∏–∞–≥—Ä–∞–º–º–µ –ø–æ–∫–∞–∑–∞–Ω
                                                  —ã –∞–º–ø–ª–∏—Ç—É–¥—ã –≤–æ...

You may provide a definition with
\DeclareUnicodeCharacter 


! Package inputenc Error: Unicode character —ã (U+044B)
(inputenc)                not set up for use with LaTeX.

See the inputenc package documentation for explanation.
Type  H <return>  for immediate help.
 ...                                              
                                                  
l.2 ...Ä–Ω–æ–π –¥–∏–∞–≥—Ä–∞–º–º–µ –ø–æ–∫–∞–∑–∞–Ω—ã
                                                   –∞–º–ø–ª–∏—Ç—É–¥—ã –≤–æ–ª...

You may provide a definition with
\DeclareUnicodeCharacter 


! Package inputenc Error: Unicode character –∞ (U+0430)
(inputenc)                not set up for use with LaTeX.

See the inputenc package documentation for explanation.
Type  H <return>  for immediate help.
 ...                                              
                                                  
l.2 ...–æ–π –¥–∏–∞–≥—Ä–∞–º–º–µ –ø–æ–∫–∞–∑–∞–Ω—ã –∞
                                                  –º–ø–ª–∏—Ç—É–¥—ã –≤–æ–ª–Ω:...

You may provide a definition with
\DeclareUnicodeCharacter 


! Package inputenc Error: Unicode character –º (U+043C)
(inputenc)                not set up for use with LaTeX.

See the inputenc package documentation for explanation.
Type  H <return>  for immediate help.
 ...                                              
                                                  
l.2 ...–π –¥–∏–∞–≥—Ä–∞–º–º–µ –ø–æ–∫–∞–∑–∞–Ω—ã –∞–º
                                                  –ø–ª–∏—Ç—É–¥—ã –≤–æ–ª–Ω: –...

You may provide a definition with
\DeclareUnicodeCharacter 


! Package inputenc Error: Unicode character –ø (U+043F)
(inputenc)                not set up for use with LaTeX.

See the inputenc package documentation for explanation.
Type  H <return>  for immediate help.
 ...                                              
                                                  
l.2 ... –¥–∏–∞–≥—Ä–∞–º–º–µ –ø–æ–∫–∞–∑–∞–Ω—ã –∞–º–ø
                                                  –ª–∏—Ç—É–¥—ã –≤–æ–ª–Ω: –≤ ...

You may provide a definition with
\DeclareUnicodeCharacter 


! Package inputenc Error: Unicode character –ª (U+043B)
(inputenc)                not set up for use with LaTeX.

See the inputenc package documentation for explanation.
Type  H <return>  for immediate help.
 ...                                              
                                                  
l.2 ...¥–∏–∞–≥—Ä–∞–º–º–µ –ø–æ–∫–∞–∑–∞–Ω—ã –∞–º–ø–ª
                                                  –∏—Ç—É–¥—ã –≤–æ–ª–Ω: –≤ –æ...

You may provide a definition with
\DeclareUnicodeCharacter 


! Package inputenc Error: Unicode character –∏ (U+0438)
(inputenc)                not set up for use with LaTeX.

See the inputenc package documentation for explanation.
Type  H <return>  for immediate help.
 ...                                              
                                                  
l.2 ...∏–∞–≥—Ä–∞–º–º–µ –ø–æ–∫–∞–∑–∞–Ω—ã –∞–º–ø–ª–∏
                                                  —Ç—É–¥—ã –≤–æ–ª–Ω: –≤ –æ—Å...

You may provide a definition with
\DeclareUnicodeCharacter 


! Package inputenc Error: Unicode character —Ç (U+0442)
(inputenc)                not set up for use with LaTeX.

See the inputenc package documentation for explanation.
Type  H <return>  for immediate help.
 ...                                              
                                                  
l.2 ...∞–≥—Ä–∞–º–º–µ –ø–æ–∫–∞–∑–∞–Ω—ã –∞–º–ø–ª–∏—Ç
                                                  —É–¥—ã –≤–æ–ª–Ω: –≤ –æ—Å—Ç...

You may provide a definition with
\DeclareUnicodeCharacter 


! Package inputenc Error: Unicode character —É (U+0443)
(inputenc)                not set up for use with LaTeX.

See the inputenc package documentation for explanation.
Type  H <return>  for immediate help.
 ...                                              
                                                  
l.2 ...≥—Ä–∞–º–º–µ –ø–æ–∫–∞–∑–∞–Ω—ã –∞–º–ø–ª–∏—Ç—É
                                                  –¥—ã –≤–æ–ª–Ω: –≤ –æ—Å—Ç—É...

You may provide a definition with
\DeclareUnicodeCharacter 


! Package inputenc Error: Unicode character –¥ (U+0434)
(inputenc)                not set up for use with LaTeX.

See the inputenc package documentation for explanation.
Type  H <return>  for immediate help.
 ...                                              
                                                  
l.2 ...Ä–∞–º–º–µ –ø–æ–∫–∞–∑–∞–Ω—ã –∞–º–ø–ª–∏—Ç—É–¥
                                                  —ã –≤–æ–ª–Ω: –≤ –æ—Å—Ç—É—Ç...

You may provide a definition with
\DeclareUnicodeCharacter 


! Package inputenc Error: Unicode character —ã (U+044B)
(inputenc)                not set up for use with LaTeX.

See the inputenc package documentation for explanation.
Type  H <return>  for immediate help.
 ...                                              
                                                  
l.2 ...∞–º–º–µ –ø–æ–∫–∞–∑–∞–Ω—ã –∞–º–ø–ª–∏—Ç—É–¥—ã
                                                   –≤–æ–ª–Ω: –≤ –æ—Å—Ç—É—Ç—Å...

You may provide a definition with
\DeclareUnicodeCharacter 


! Package inputenc Error: Unicode character –≤ (U+0432)
(inputenc)                not set up for use with LaTeX.

See the inputenc package documentation for explanation.
Type  H <return>  for immediate help.
 ...                                              
                                                  
l.2 ...–º–µ –ø–æ–∫–∞–∑–∞–Ω—ã –∞–º–ø–ª–∏—Ç—É–¥—ã –≤
                                                  –æ–ª–Ω: –≤ –æ—Å—Ç—É—Ç—Å—Ç–...

You may provide a definition with
\DeclareUnicodeCharacter 


! Package inputenc Error: Unicode character –æ (U+043E)
(inputenc)                not set up for use with LaTeX.

See the inputenc package documentation for explanation.
Type  H <return>  for immediate help.
 ...                                              
                                                  
l.2 ...–µ –ø–æ–∫–∞–∑–∞–Ω—ã –∞–º–ø–ª–∏—Ç—É–¥—ã –≤–æ
                                                  –ª–Ω: –≤ –æ—Å—Ç—É—Ç—Å—Ç–≤–...

You may provide a definition with
\DeclareUnicodeCharacter 


! Package inputenc Error: Unicode character –ª (U+043B)
(inputenc)                not set up for use with LaTeX.

See the inputenc package documentation for explanation.
Type  H <return>  for immediate help.
 ...                                              
                                                  
l.2 ... –ø–æ–∫–∞–∑–∞–Ω—ã –∞–º–ø–ª–∏—Ç—É–¥—ã –≤–æ–ª
                                                  –Ω: –≤ –æ—Å—Ç—É—Ç—Å—Ç–≤–∏–...

You may provide a definition with
\DeclareUnicodeCharacter 


! Package inputenc Error: Unicode character –Ω (U+043D)
(inputenc)                not set up for use with LaTeX.

See the inputenc package documentation for explanation.
Type  H <return>  for immediate help.
 ...                                              
                                                  
l.2 ...ø–æ–∫–∞–∑–∞–Ω—ã –∞–º–ø–ª–∏—Ç—É–¥—ã –≤–æ–ª–Ω
                                                  : –≤ –æ—Å—Ç—É—Ç—Å—Ç–≤–∏–µ ...

You may provide a definition with
\DeclareUnicodeCharacter 

Missing character: There is no : in font nullfont!

! Package inputenc Error: Unicode character –≤ (U+0432)
(inputenc)                not set up for use with LaTeX.

See the inputenc package documentation for explanation.
Type  H <return>  for immediate help.
 ...                                              
                                                  
l.2 ...∫–∞–∑–∞–Ω—ã –∞–º–ø–ª–∏—Ç—É–¥—ã –≤–æ–ª–Ω: –≤
                                                   –æ—Å—Ç—É—Ç—Å—Ç–≤–∏–µ –¥–∏...

You may provide a definition with
\DeclareUnicodeCharacter 


! Package inputenc Error: Unicode character –æ (U+043E)
(inputenc)                not set up for use with LaTeX.

See the inputenc package documentation for explanation.
Type  H <return>  for immediate help.
 ...                                              
                                                  
l.2 ...–∑–∞–Ω—ã –∞–º–ø–ª–∏—Ç—É–¥—ã –≤–æ–ª–Ω: –≤ –æ
                                                  —Å—Ç—É—Ç—Å—Ç–≤–∏–µ –¥–∏—Å–...

You may provide a definition with
\DeclareUnicodeCharacter 


! Package inputenc Error: Unicode character —Å (U+0441)
(inputenc)                not set up for use with LaTeX.

See the inputenc package documentation for explanation.
Type  H <return>  for immediate help.
 ...                                              
                                                  
l.2 ...–∞–Ω—ã –∞–º–ø–ª–∏—Ç—É–¥—ã –≤–æ–ª–Ω: –≤ –æ—Å
                                                  —Ç—É—Ç—Å—Ç–≤–∏–µ –¥–∏—Å–∫–...

You may provide a definition with
\DeclareUnicodeCharacter 


! Package inputenc Error: Unicode character —Ç (U+0442)
(inputenc)                not set up for use with LaTeX.

See the inputenc package documentation for explanation.
Type  H <return>  for immediate help.
 ...                                              
                                                  
l.2 ...–Ω—ã –∞–º–ø–ª–∏—Ç—É–¥—ã –≤–æ–ª–Ω: –≤ –æ—Å—Ç
                                                  —É—Ç—Å—Ç–≤–∏–µ –¥–∏—Å–∫–∞ ...

You may provide a definition with
\DeclareUnicodeCharacter 


! Package inputenc Error: Unicode character —É (U+0443)
(inputenc)                not set up for use with LaTeX.

See the inputenc package documentation for explanation.
Type  H <return>  for immediate help.
 ...                                              
                                                  
l.2 ...—ã –∞–º–ø–ª–∏—Ç—É–¥—ã –≤–æ–ª–Ω: –≤ –æ—Å—Ç—É
                                                  —Ç—Å—Ç–≤–∏–µ –¥–∏—Å–∫–∞ $A...

You may provide a definition with
\DeclareUnicodeCharacter 


! Package inputenc Error: Unicode character —Ç (U+0442)
(inputenc)                not set up for use with LaTeX.

See the inputenc package documentation for explanation.
Type  H <return>  for immediate help.
 ...                                              
                                                  
l.2 ... –∞–º–ø–ª–∏—Ç—É–¥—ã –≤–æ–ª–Ω: –≤ –æ—Å—Ç—É—Ç
                                                  —Å—Ç–≤–∏–µ –¥–∏—Å–∫–∞ $A_0...

You may provide a definition with
\DeclareUnicodeCharacter 


! Package inputenc Error: Unicode character —Å (U+0441)
(inputenc)                not set up for use with LaTeX.

See the inputenc package documentation for explanation.
Type  H <return>  for immediate help.
 ...                                              
                                                  
l.2 ...∞–º–ø–ª–∏—Ç—É–¥—ã –≤–æ–ª–Ω: –≤ –æ—Å—Ç—É—Ç—Å
                                                  —Ç–≤–∏–µ –¥–∏—Å–∫–∞ $A_0$,...

You may provide a definition with
\DeclareUnicodeCharacter 


! Package inputenc Error: Unicode character —Ç (U+0442)
(inputenc)                not set up for use with LaTeX.

See the inputenc package documentation for explanation.
Type  H <return>  for immediate help.
 ...                                              
                                                  
l.2 ...º–ø–ª–∏—Ç—É–¥—ã –≤–æ–ª–Ω: –≤ –æ—Å—Ç—É—Ç—Å—Ç
                                                  –≤–∏–µ –¥–∏—Å–∫–∞ $A_0$, –...

You may provide a definition with
\DeclareUnicodeCharacter 


! Package inputenc Error: Unicode character –≤ (U+0432)
(inputenc)                not set up for use with LaTeX.

See the inputenc package documentation for explanation.
Type  H <return>  for immediate help.
 ...                                              
                                                  
l.2 ...ø–ª–∏—Ç—É–¥—ã –≤–æ–ª–Ω: –≤ –æ—Å—Ç—É—Ç—Å—Ç–≤
                                                  –∏–µ –¥–∏—Å–∫–∞ $A_0$, –æ—...

You may provide a definition with
\DeclareUnicodeCharacter 


! Package inputenc Error: Unicode character –∏ (U+0438)
(inputenc)                not set up for use with LaTeX.

See the inputenc package documentation for explanation.
Type  H <return>  for immediate help.
 ...                                              
                                                  
l.2 ...ª–∏—Ç—É–¥—ã –≤–æ–ª–Ω: –≤ –æ—Å—Ç—É—Ç—Å—Ç–≤–∏
                                                  –µ –¥–∏—Å–∫–∞ $A_0$, –æ—Ç ...

You may provide a definition with
\DeclareUnicodeCharacter 


! Package inputenc Error: Unicode character –µ (U+0435)
(inputenc)                not set up for use with LaTeX.

See the inputenc package documentation for explanation.
Type  H <return>  for immediate help.
 ...                                              
                                                  
l.2 ...∏—Ç—É–¥—ã –≤–æ–ª–Ω: –≤ –æ—Å—Ç—É—Ç—Å—Ç–≤–∏–µ
                                                   –¥–∏—Å–∫–∞ $A_0$, –æ—Ç –ø...

You may provide a definition with
\DeclareUnicodeCharacter 


! Package inputenc Error: Unicode character –¥ (U+0434)
(inputenc)                not set up for use with LaTeX.

See the inputenc package documentation for explanation.
Type  H <return>  for immediate help.
 ...                                              
                                                  
l.2 ...—É–¥—ã –≤–æ–ª–Ω: –≤ –æ—Å—Ç—É—Ç—Å—Ç–≤–∏–µ –¥
                                                  –∏—Å–∫–∞ $A_0$, –æ—Ç –ø–æ–...

You may provide a definition with
\DeclareUnicodeCharacter 


! Package inputenc Error: Unicode character –∏ (U+0438)
(inputenc)                not set up for use with LaTeX.

See the inputenc package documentation for explanation.
Type  H <return>  for immediate help.
 ...                                              
                                                  
l.2 ...–¥—ã –≤–æ–ª–Ω: –≤ –æ—Å—Ç—É—Ç—Å—Ç–≤–∏–µ –¥–∏
                                                  —Å–∫–∞ $A_0$, –æ—Ç –ø–æ–ª—...

You may provide a definition with
\DeclareUnicodeCharacter 


! Package inputenc Error: Unicode character —Å (U+0441)
(inputenc)                not set up for use with LaTeX.

See the inputenc package documentation for explanation.
Type  H <return>  for immediate help.
 ...                                              
                                                  
l.2 ...—ã –≤–æ–ª–Ω: –≤ –æ—Å—Ç—É—Ç—Å—Ç–≤–∏–µ –¥–∏—Å
                                                  –∫–∞ $A_0$, –æ—Ç –ø–æ–ª—É—...

You may provide a definition with
\DeclareUnicodeCharacter 


! Package inputenc Error: Unicode character –∫ (U+043A)
(inputenc)                not set up for use with LaTeX.

See the inputenc package documentation for explanation.
Type  H <return>  for immediate help.
 ...                                              
                                                  
l.2 ... –≤–æ–ª–Ω: –≤ –æ—Å—Ç—É—Ç—Å—Ç–≤–∏–µ –¥–∏—Å–∫
                                                  –∞ $A_0$, –æ—Ç –ø–æ–ª—É—Ç–...

You may provide a definition with
\DeclareUnicodeCharacter 


! Package inputenc Error: Unicode character –∞ (U+0430)
(inputenc)                not set up for use with LaTeX.

See the inputenc package documentation for explanation.
Type  H <return>  for immediate help.
 ...                                              
                                                  
l.2 ...≤–æ–ª–Ω: –≤ –æ—Å—Ç—É—Ç—Å—Ç–≤–∏–µ –¥–∏—Å–∫–∞
                                                   $A_0$, –æ—Ç –ø–æ–ª—É—Ç–æ—...

You may provide a definition with
\DeclareUnicodeCharacter 

LaTeX Font Info:    External font `cmex10' loaded for size
(Font)              <7> on input line 2.
LaTeX Font Info:    External font `cmex10' loaded for size
(Font)              <5> on input line 2.
Missing character: There is no , in font nullfont!

! Package inputenc Error: Unicode character –æ (U+043E)
(inputenc)                not set up for use with LaTeX.

See the inputenc package documentation for explanation.
Type  H <return>  for immediate help.
 ...                                              
                                                  
l.2 ...≤ –æ—Å—Ç—É—Ç—Å—Ç–≤–∏–µ –¥–∏—Å–∫–∞ $A_0$, –æ
                                                  —Ç –ø–æ–ª—É—Ç–æ—Ä–∞ –∑–æ–Ω...

You may provide a definition with
\DeclareUnicodeCharacter 


! Package inputenc Error: Unicode character —Ç (U+0442)
(inputenc)                not set up for use with LaTeX.

See the inputenc package documentation for explanation.
Type  H <return>  for immediate help.
 ...                                              
                                                  
l.2 ...–æ—Å—Ç—É—Ç—Å—Ç–≤–∏–µ –¥–∏—Å–∫–∞ $A_0$, –æ—Ç
                                                   –ø–æ–ª—É—Ç–æ—Ä–∞ –∑–æ–Ω –...

You may provide a definition with
\DeclareUnicodeCharacter 


! Package inputenc Error: Unicode character –ø (U+043F)
(inputenc)                not set up for use with LaTeX.

See the inputenc package documentation for explanation.
Type  H <return>  for immediate help.
 ...                                              
                                                  
l.2 ...Å—Ç—É—Ç—Å—Ç–≤–∏–µ –¥–∏—Å–∫–∞ $A_0$, –æ—Ç –ø
                                                  –æ–ª—É—Ç–æ—Ä–∞ –∑–æ–Ω –§—Ä...

You may provide a definition with
\DeclareUnicodeCharacter 


! Package inputenc Error: Unicode character –æ (U+043E)
(inputenc)                not set up for use with LaTeX.

See the inputenc package documentation for explanation.
Type  H <return>  for immediate help.
 ...                                              
                                                  
l.2 ...Ç—É—Ç—Å—Ç–≤–∏–µ –¥–∏—Å–∫–∞ $A_0$, –æ—Ç –ø–æ
                                                  –ª—É—Ç–æ—Ä–∞ –∑–æ–Ω –§—Ä–µ...

You may provide a definition with
\DeclareUnicodeCharacter 


! Package inputenc Error: Unicode character –ª (U+043B)
(inputenc)                not set up for use with LaTeX.

See the inputenc package documentation for explanation.
Type  H <return>  for immediate help.
 ...                                              
                                                  
l.2 ...É—Ç—Å—Ç–≤–∏–µ –¥–∏—Å–∫–∞ $A_0$, –æ—Ç –ø–æ–ª
                                                  —É—Ç–æ—Ä–∞ –∑–æ–Ω –§—Ä–µ–Ω...

You may provide a definition with
\DeclareUnicodeCharacter 


! Package inputenc Error: Unicode character —É (U+0443)
(inputenc)                not set up for use with LaTeX.

See the inputenc package documentation for explanation.
Type  H <return>  for immediate help.
 ...                                              
                                                  
l.2 ...Ç—Å—Ç–≤–∏–µ –¥–∏—Å–∫–∞ $A_0$, –æ—Ç –ø–æ–ª—É
                                                  —Ç–æ—Ä–∞ –∑–æ–Ω –§—Ä–µ–Ω–µ...

You may provide a definition with
\DeclareUnicodeCharacter 


! Package inputenc Error: Unicode character —Ç (U+0442)
(inputenc)                not set up for use with LaTeX.

See the inputenc package documentation for explanation.
Type  H <return>  for immediate help.
 ...                                              
                                                  
l.2 ...Å—Ç–≤–∏–µ –¥–∏—Å–∫–∞ $A_0$, –æ—Ç –ø–æ–ª—É—Ç
                                                  –æ—Ä–∞ –∑–æ–Ω –§—Ä–µ–Ω–µ–ª...

You may provide a definition with
\DeclareUnicodeCharacter 


! Package inputenc Error: Unicode character –æ (U+043E)
(inputenc)                not set up for use with LaTeX.

See the inputenc package documentation for explanation.
Type  H <return>  for immediate help.
 ...                                              
                                                  
l.2 ...Ç–≤–∏–µ –¥–∏—Å–∫–∞ $A_0$, –æ—Ç –ø–æ–ª—É—Ç–æ
                                                  —Ä–∞ –∑–æ–Ω –§—Ä–µ–Ω–µ–ª—è...

You may provide a definition with
\DeclareUnicodeCharacter 


! Package inputenc Error: Unicode character —Ä (U+0440)
(inputenc)                not set up for use with LaTeX.

See the inputenc package documentation for explanation.
Type  H <return>  for immediate help.
 ...                                              
                                                  
l.2 ...≤–∏–µ –¥–∏—Å–∫–∞ $A_0$, –æ—Ç –ø–æ–ª—É—Ç–æ—Ä
                                                  –∞ –∑–æ–Ω –§—Ä–µ–Ω–µ–ª—è $...

You may provide a definition with
\DeclareUnicodeCharacter 


! Package inputenc Error: Unicode character –∞ (U+0430)
(inputenc)                not set up for use with LaTeX.

See the inputenc package documentation for explanation.
Type  H <return>  for immediate help.
 ...                                              
                                                  
l.2 ...∏–µ –¥–∏—Å–∫–∞ $A_0$, –æ—Ç –ø–æ–ª—É—Ç–æ—Ä–∞
                                                   –∑–æ–Ω –§—Ä–µ–Ω–µ–ª—è $A_...

You may provide a definition with
\DeclareUnicodeCharacter 


! Package inputenc Error: Unicode character –∑ (U+0437)
(inputenc)                not set up for use with LaTeX.

See the inputenc package documentation for explanation.
Type  H <return>  for immediate help.
 ...                                              
                                                  
l.2 ... –¥–∏—Å–∫–∞ $A_0$, –æ—Ç –ø–æ–ª—É—Ç–æ—Ä–∞ –∑
                                                  –æ–Ω –§—Ä–µ–Ω–µ–ª—è $A_{3/...

You may provide a definition with
\DeclareUnicodeCharacter 


! Package inputenc Error: Unicode character –æ (U+043E)
(inputenc)                not set up for use with LaTeX.

See the inputenc package documentation for explanation.
Type  H <return>  for immediate help.
 ...                                              
                                                  
l.2 ...¥–∏—Å–∫–∞ $A_0$, –æ—Ç –ø–æ–ª—É—Ç–æ—Ä–∞ –∑–æ
                                                  –Ω –§—Ä–µ–Ω–µ–ª—è $A_{3/2}...

You may provide a definition with
\DeclareUnicodeCharacter 


! Package inputenc Error: Unicode character –Ω (U+043D)
(inputenc)                not set up for use with LaTeX.

See the inputenc package documentation for explanation.
Type  H <return>  for immediate help.
 ...                                              
                                                  
l.2 ...∏—Å–∫–∞ $A_0$, –æ—Ç –ø–æ–ª—É—Ç–æ—Ä–∞ –∑–æ–Ω
                                                   –§—Ä–µ–Ω–µ–ª—è $A_{3/2}$,...

You may provide a definition with
\DeclareUnicodeCharacter 


! Package inputenc Error: Unicode character –§ (U+0424)
(inputenc)                not set up for use with LaTeX.

See the inputenc package documentation for explanation.
Type  H <return>  for immediate help.
 ...                                              
                                                  
l.2 ...–∫–∞ $A_0$, –æ—Ç –ø–æ–ª—É—Ç–æ—Ä–∞ –∑–æ–Ω –§
                                                  —Ä–µ–Ω–µ–ª—è $A_{3/2}$, –æ...

You may provide a definition with
\DeclareUnicodeCharacter 


! Package inputenc Error: Unicode character —Ä (U+0440)
(inputenc)                not set up for use with LaTeX.

See the inputenc package documentation for explanation.
Type  H <return>  for immediate help.
 ...                                              
                                                  
l.2 ...–∞ $A_0$, –æ—Ç –ø–æ–ª—É—Ç–æ—Ä–∞ –∑–æ–Ω –§—Ä
                                                  –µ–Ω–µ–ª—è $A_{3/2}$, –æ—Ç...

You may provide a definition with
\DeclareUnicodeCharacter 


! Package inputenc Error: Unicode character –µ (U+0435)
(inputenc)                not set up for use with LaTeX.

See the inputenc package documentation for explanation.
Type  H <return>  for immediate help.
 ...                                              
                                                  
l.2 ... $A_0$, –æ—Ç –ø–æ–ª—É—Ç–æ—Ä–∞ –∑–æ–Ω –§—Ä–µ
                                                  –Ω–µ–ª—è $A_{3/2}$, –æ—Ç –...

You may provide a definition with
\DeclareUnicodeCharacter 


! Package inputenc Error: Unicode character –Ω (U+043D)
(inputenc)                not set up for use with LaTeX.

See the inputenc package documentation for explanation.
Type  H <return>  for immediate help.
 ...                                              
                                                  
l.2 ...A_0$, –æ—Ç –ø–æ–ª—É—Ç–æ—Ä–∞ –∑–æ–Ω –§—Ä–µ–Ω
                                                  –µ–ª—è $A_{3/2}$, –æ—Ç –∑–...

You may provide a definition with
\DeclareUnicodeCharacter 


! Package inputenc Error: Unicode character –µ (U+0435)
(inputenc)                not set up for use with LaTeX.

See the inputenc package documentation for explanation.
Type  H <return>  for immediate help.
 ...                                              
                                                  
l.2 ...0$, –æ—Ç –ø–æ–ª—É—Ç–æ—Ä–∞ –∑–æ–Ω –§—Ä–µ–Ω–µ
                                                  –ª—è $A_{3/2}$, –æ—Ç –∑–æ–...

You may provide a definition with
\DeclareUnicodeCharacter 


! Package inputenc Error: Unicode character –ª (U+043B)
(inputenc)                not set up for use with LaTeX.

See the inputenc package documentation for explanation.
Type  H <return>  for immediate help.
 ...                                              
                                                  
l.2 ..., –æ—Ç –ø–æ–ª—É—Ç–æ—Ä–∞ –∑–æ–Ω –§—Ä–µ–Ω–µ–ª
                                                  —è $A_{3/2}$, –æ—Ç –∑–æ–Ω ...

You may provide a definition with
\DeclareUnicodeCharacter 


! Package inputenc Error: Unicode character —è (U+044F)
(inputenc)                not set up for use with LaTeX.

See the inputenc package documentation for explanation.
Type  H <return>  for immediate help.
 ...                                              
                                                  
l.2 ...–æ—Ç –ø–æ–ª—É—Ç–æ—Ä–∞ –∑–æ–Ω –§—Ä–µ–Ω–µ–ª—è
                                                   $A_{3/2}$, –æ—Ç –∑–æ–Ω –≤...

You may provide a definition with
\DeclareUnicodeCharacter 

Missing character: There is no , in font nullfont!

! Package inputenc Error: Unicode character –æ (U+043E)
(inputenc)                not set up for use with LaTeX.

See the inputenc package documentation for explanation.
Type  H <return>  for immediate help.
 ...                                              
                                                  
l.2 ...Ç–æ—Ä–∞ –∑–æ–Ω –§—Ä–µ–Ω–µ–ª—è $A_{3/2}$, –æ
                                                  —Ç –∑–æ–Ω –≤–Ω–µ –¥–∏—Å–∫–...

You may provide a definition with
\DeclareUnicodeCharacter 


! Package inputenc Error: Unicode character —Ç (U+0442)
(inputenc)                not set up for use with LaTeX.

See the inputenc package documentation for explanation.
Type  H <return>  for immediate help.
 ...                                              
                                                  
l.2 ...æ—Ä–∞ –∑–æ–Ω –§—Ä–µ–Ω–µ–ª—è $A_{3/2}$, –æ—Ç
                                                   –∑–æ–Ω –≤–Ω–µ –¥–∏—Å–∫–∞ ...

You may provide a definition with
\DeclareUnicodeCharacter 


! Package inputenc Error: Unicode character –∑ (U+0437)
(inputenc)                not set up for use with LaTeX.

See the inputenc package documentation for explanation.
Type  H <return>  for immediate help.
 ...                                              
                                                  
l.2 ...–∞ –∑–æ–Ω –§—Ä–µ–Ω–µ–ª—è $A_{3/2}$, –æ—Ç –∑
                                                  –æ–Ω –≤–Ω–µ –¥–∏—Å–∫–∞ $A_...

You may provide a definition with
\DeclareUnicodeCharacter 


! Package inputenc Error: Unicode character –æ (U+043E)
(inputenc)                not set up for use with LaTeX.

See the inputenc package documentation for explanation.
Type  H <return>  for immediate help.
 ...                                              
                                                  
l.2 ... –∑–æ–Ω –§—Ä–µ–Ω–µ–ª—è $A_{3/2}$, –æ—Ç –∑–æ
                                                  –Ω –≤–Ω–µ –¥–∏—Å–∫–∞ $A_{–...

You may provide a definition with
\DeclareUnicodeCharacter 


! Package inputenc Error: Unicode character –Ω (U+043D)
(inputenc)                not set up for use with LaTeX.

See the inputenc package documentation for explanation.
Type  H <return>  for immediate help.
 ...                                              
                                                  
l.2 ...∑–æ–Ω –§—Ä–µ–Ω–µ–ª—è $A_{3/2}$, –æ—Ç –∑–æ–Ω
                                                   –≤–Ω–µ –¥–∏—Å–∫–∞ $A_{–æ—...

You may provide a definition with
\DeclareUnicodeCharacter 


! Package inputenc Error: Unicode character –≤ (U+0432)
(inputenc)                not set up for use with LaTeX.

See the inputenc package documentation for explanation.
Type  H <return>  for immediate help.
 ...                                              
                                                  
l.2 ...–Ω –§—Ä–µ–Ω–µ–ª—è $A_{3/2}$, –æ—Ç –∑–æ–Ω –≤
                                                  –Ω–µ –¥–∏—Å–∫–∞ $A_{–æ—Å—Ç...

You may provide a definition with
\DeclareUnicodeCharacter 


! Package inputenc Error: Unicode character –Ω (U+043D)
(inputenc)                not set up for use with LaTeX.

See the inputenc package documentation for explanation.
Type  H <return>  for immediate help.
 ...                                              
                                                  
l.2 ... –§—Ä–µ–Ω–µ–ª—è $A_{3/2}$, –æ—Ç –∑–æ–Ω –≤–Ω
                                                  –µ –¥–∏—Å–∫–∞ $A_{–æ—Å—Ç.}...

You may provide a definition with
\DeclareUnicodeCharacter 


! Package inputenc Error: Unicode character –µ (U+0435)
(inputenc)                not set up for use with LaTeX.

See the inputenc package documentation for explanation.
Type  H <return>  for immediate help.
 ...                                              
                                                  
l.2 ...§—Ä–µ–Ω–µ–ª—è $A_{3/2}$, –æ—Ç –∑–æ–Ω –≤–Ω–µ
                                                   –¥–∏—Å–∫–∞ $A_{–æ—Å—Ç.}$....

You may provide a definition with
\DeclareUnicodeCharacter 


! Package inputenc Error: Unicode character –¥ (U+0434)
(inputenc)                not set up for use with LaTeX.

See the inputenc package documentation for explanation.
Type  H <return>  for immediate help.
 ...                                              
                                                  
l.2 ...–µ–Ω–µ–ª—è $A_{3/2}$, –æ—Ç –∑–æ–Ω –≤–Ω–µ –¥
                                                  –∏—Å–∫–∞ $A_{–æ—Å—Ç.}$. –ü...

You may provide a definition with
\DeclareUnicodeCharacter 


! Package inputenc Error: Unicode character –∏ (U+0438)
(inputenc)                not set up for use with LaTeX.

See the inputenc package documentation for explanation.
Type  H <return>  for immediate help.
 ...                                              
                                                  
l.2 ...–Ω–µ–ª—è $A_{3/2}$, –æ—Ç –∑–æ–Ω –≤–Ω–µ –¥–∏
                                                  —Å–∫–∞ $A_{–æ—Å—Ç.}$. –ü–æ...

You may provide a definition with
\DeclareUnicodeCharacter 


! Package inputenc Error: Unicode character —Å (U+0441)
(inputenc)                not set up for use with LaTeX.

See the inputenc package documentation for explanation.
Type  H <return>  for immediate help.
 ...                                              
                                                  
l.2 ...–µ–ª—è $A_{3/2}$, –æ—Ç –∑–æ–Ω –≤–Ω–µ –¥–∏—Å
                                                  –∫–∞ $A_{–æ—Å—Ç.}$. –ü–æ–∫...

You may provide a definition with
\DeclareUnicodeCharacter 


! Package inputenc Error: Unicode character –∫ (U+043A)
(inputenc)                not set up for use with LaTeX.

See the inputenc package documentation for explanation.
Type  H <return>  for immediate help.
 ...                                              
                                                  
l.2 ...–ª—è $A_{3/2}$, –æ—Ç –∑–æ–Ω –≤–Ω–µ –¥–∏—Å–∫
                                                  –∞ $A_{–æ—Å—Ç.}$. –ü–æ–∫–∞...

You may provide a definition with
\DeclareUnicodeCharacter 


! Package inputenc Error: Unicode character –∞ (U+0430)
(inputenc)                not set up for use with LaTeX.

See the inputenc package documentation for explanation.
Type  H <return>  for immediate help.
 ...                                              
                                                  
l.2 ...—è $A_{3/2}$, –æ—Ç –∑–æ–Ω –≤–Ω–µ –¥–∏—Å–∫–∞
                                                   $A_{–æ—Å—Ç.}$. –ü–æ–∫–∞–∑...

You may provide a definition with
\DeclareUnicodeCharacter 


! Package inputenc Error: Unicode character –æ (U+043E)
(inputenc)                not set up for use with LaTeX.

See the inputenc package documentation for explanation.
Type  H <return>  for immediate help.
 ...                                              
                                                  
l.2 ...3/2}$, –æ—Ç –∑–æ–Ω –≤–Ω–µ –¥–∏—Å–∫–∞ $A_{–æ
                                                  —Å—Ç.}$. –ü–æ–∫–∞–∑–∞—Ç–µ–...

You may provide a definition with
\DeclareUnicodeCharacter 


! Package inputenc Error: Unicode character —Å (U+0441)
(inputenc)                not set up for use with LaTeX.

See the inputenc package documentation for explanation.
Type  H <return>  for immediate help.
 ...                                              
                                                  
l.2 ...2}$, –æ—Ç –∑–æ–Ω –≤–Ω–µ –¥–∏—Å–∫–∞ $A_{–æ—Å
                                                  —Ç.}$. –ü–æ–∫–∞–∑–∞—Ç–µ–ª—...

You may provide a definition with
\DeclareUnicodeCharacter 


! Package inputenc Error: Unicode character —Ç (U+0442)
(inputenc)                not set up for use with LaTeX.

See the inputenc package documentation for explanation.
Type  H <return>  for immediate help.
 ...                                              
                                                  
l.2 ...$, –æ—Ç –∑–æ–Ω –≤–Ω–µ –¥–∏—Å–∫–∞ $A_{–æ—Å—Ç
                                                  .}$. –ü–æ–∫–∞–∑–∞—Ç–µ–ª—å ...

You may provide a definition with
\DeclareUnicodeCharacter 

Missing character: There is no . in font nullfont!

! Package inputenc Error: Unicode character –ü (U+041F)
(inputenc)                not set up for use with LaTeX.

See the inputenc package documentation for explanation.
Type  H <return>  for immediate help.
 ...                                              
                                                  
l.2 ... –∑–æ–Ω –≤–Ω–µ –¥–∏—Å–∫–∞ $A_{–æ—Å—Ç.}$. –ü
                                                  –æ–∫–∞–∑–∞—Ç–µ–ª—å –ø—Ä–µ–...

You may provide a definition with
\DeclareUnicodeCharacter 


! Package inputenc Error: Unicode character –æ (U+043E)
(inputenc)                not set up for use with LaTeX.

See the inputenc package documentation for explanation.
Type  H <return>  for immediate help.
 ...                                              
                                                  
l.2 ...∑–æ–Ω –≤–Ω–µ –¥–∏—Å–∫–∞ $A_{–æ—Å—Ç.}$. –ü–æ
                                                  –∫–∞–∑–∞—Ç–µ–ª—å –ø—Ä–µ–ª–...

You may provide a definition with
\DeclareUnicodeCharacter 


! Package inputenc Error: Unicode character –∫ (U+043A)
(inputenc)                not set up for use with LaTeX.

See the inputenc package documentation for explanation.
Type  H <return>  for immediate help.
 ...                                              
                                                  
l.2 ...æ–Ω –≤–Ω–µ –¥–∏—Å–∫–∞ $A_{–æ—Å—Ç.}$. –ü–æ–∫
                                                  –∞–∑–∞—Ç–µ–ª—å –ø—Ä–µ–ª–æ–...

You may provide a definition with
\DeclareUnicodeCharacter 


! Package inputenc Error: Unicode character –∞ (U+0430)
(inputenc)                not set up for use with LaTeX.

See the inputenc package documentation for explanation.
Type  H <return>  for immediate help.
 ...                                              
                                                  
l.2 ...Ω –≤–Ω–µ –¥–∏—Å–∫–∞ $A_{–æ—Å—Ç.}$. –ü–æ–∫–∞
                                                  –∑–∞—Ç–µ–ª—å –ø—Ä–µ–ª–æ–º–...

You may provide a definition with
\DeclareUnicodeCharacter 


! Package inputenc Error: Unicode character –∑ (U+0437)
(inputenc)                not set up for use with LaTeX.

See the inputenc package documentation for explanation.
Type  H <return>  for immediate help.
 ...                                              
                                                  
l.2 ...–≤–Ω–µ –¥–∏—Å–∫–∞ $A_{–æ—Å—Ç.}$. –ü–æ–∫–∞–∑
                                                  –∞—Ç–µ–ª—å –ø—Ä–µ–ª–æ–º–ª–...
(That makes 100 errors; please try again.) 
Here is how much of TeX's memory you used:
 42 strings out of 479383
 728 string characters out of 5875830
 267160 words of memory out of 5000000
 17254 multiletter control sequences out of 15000+600000
 403430 words of font info for 27 fonts, out of 8000000 for 9000
 1141 hyphenation exceptions out of 8191
 18i,2n,15p,614b,56s stack positions out of 5000i,500n,10000p,200000b,80000s

!  ==> Fatal error occurred, no output PDF file produced!
