This is pdfTeX, Version 3.141592653-2.6-1.40.22 (TeX Live 2021/Arch Linux) (preloaded format=pdflatex 2021.5.27)  30 MAY 2021 16:47
entering extended mode
 restricted \write18 enabled.
 %&-line parsing enabled.
**p1.tex
(./p1.tex
LaTeX2e <2020-10-01> patch level 4
L3 programming layer <2021-02-18>
! Undefined control sequence.
l.1 \section
            {–ì–µ–æ–º–µ—Ç—Ä–∏—á–µ—Å–∫–∞—è –æ–ø—Ç–∏–∫–∞. –ü—Ä–∏–Ω—Ü–∏–ø –§–µ—...
The control sequence at the end of the top line
of your error message was never \def'ed. If you have
misspelled it (e.g., `\hobx'), type `I' and the correct
spelling (e.g., `I\hbox'). Otherwise just continue,
and I'll forget about whatever was undefined.


! Package inputenc Error: Unicode character –ì (U+0413)
(inputenc)                not set up for use with LaTeX.

See the inputenc package documentation for explanation.
Type  H <return>  for immediate help.
 ...                                              
                                                  
l.1 \section{–ì
               –µ–æ–º–µ—Ç—Ä–∏—á–µ—Å–∫–∞—è –æ–ø—Ç–∏–∫–∞. –ü—Ä–∏–Ω—Ü–∏–ø –§–µ—...

You may provide a definition with
\DeclareUnicodeCharacter 


! Package inputenc Error: Unicode character –µ (U+0435)
(inputenc)                not set up for use with LaTeX.

See the inputenc package documentation for explanation.
Type  H <return>  for immediate help.
 ...                                              
                                                  
l.1 \section{–ì–µ
                 –æ–º–µ—Ç—Ä–∏—á–µ—Å–∫–∞—è –æ–ø—Ç–∏–∫–∞. –ü—Ä–∏–Ω—Ü–∏–ø –§–µ—...

You may provide a definition with
\DeclareUnicodeCharacter 


! Package inputenc Error: Unicode character –æ (U+043E)
(inputenc)                not set up for use with LaTeX.

See the inputenc package documentation for explanation.
Type  H <return>  for immediate help.
 ...                                              
                                                  
l.1 \section{–ì–µ–æ
                   –º–µ—Ç—Ä–∏—á–µ—Å–∫–∞—è –æ–ø—Ç–∏–∫–∞. –ü—Ä–∏–Ω—Ü–∏–ø –§–µ—...

You may provide a definition with
\DeclareUnicodeCharacter 


! Package inputenc Error: Unicode character –º (U+043C)
(inputenc)                not set up for use with LaTeX.

See the inputenc package documentation for explanation.
Type  H <return>  for immediate help.
 ...                                              
                                                  
l.1 \section{–ì–µ–æ–º
                     –µ—Ç—Ä–∏—á–µ—Å–∫–∞—è –æ–ø—Ç–∏–∫–∞. –ü—Ä–∏–Ω—Ü–∏–ø –§–µ—...

You may provide a definition with
\DeclareUnicodeCharacter 


! Package inputenc Error: Unicode character –µ (U+0435)
(inputenc)                not set up for use with LaTeX.

See the inputenc package documentation for explanation.
Type  H <return>  for immediate help.
 ...                                              
                                                  
l.1 \section{–ì–µ–æ–º–µ
                       —Ç—Ä–∏—á–µ—Å–∫–∞—è –æ–ø—Ç–∏–∫–∞. –ü—Ä–∏–Ω—Ü–∏–ø –§–µ—...

You may provide a definition with
\DeclareUnicodeCharacter 


! Package inputenc Error: Unicode character —Ç (U+0442)
(inputenc)                not set up for use with LaTeX.

See the inputenc package documentation for explanation.
Type  H <return>  for immediate help.
 ...                                              
                                                  
l.1 \section{–ì–µ–æ–º–µ—Ç
                         —Ä–∏—á–µ—Å–∫–∞—è –æ–ø—Ç–∏–∫–∞. –ü—Ä–∏–Ω—Ü–∏–ø –§–µ—...

You may provide a definition with
\DeclareUnicodeCharacter 


! Package inputenc Error: Unicode character —Ä (U+0440)
(inputenc)                not set up for use with LaTeX.

See the inputenc package documentation for explanation.
Type  H <return>  for immediate help.
 ...                                              
                                                  
l.1 \section{–ì–µ–æ–º–µ—Ç—Ä
                           –∏—á–µ—Å–∫–∞—è –æ–ø—Ç–∏–∫–∞. –ü—Ä–∏–Ω—Ü–∏–ø –§–µ—...

You may provide a definition with
\DeclareUnicodeCharacter 


! Package inputenc Error: Unicode character –∏ (U+0438)
(inputenc)                not set up for use with LaTeX.

See the inputenc package documentation for explanation.
Type  H <return>  for immediate help.
 ...                                              
                                                  
l.1 \section{–ì–µ–æ–º–µ—Ç—Ä–∏
                             —á–µ—Å–∫–∞—è –æ–ø—Ç–∏–∫–∞. –ü—Ä–∏–Ω—Ü–∏–ø –§–µ—...

You may provide a definition with
\DeclareUnicodeCharacter 


! Package inputenc Error: Unicode character —á (U+0447)
(inputenc)                not set up for use with LaTeX.

See the inputenc package documentation for explanation.
Type  H <return>  for immediate help.
 ...                                              
                                                  
l.1 \section{–ì–µ–æ–º–µ—Ç—Ä–∏—á
                               –µ—Å–∫–∞—è –æ–ø—Ç–∏–∫–∞. –ü—Ä–∏–Ω—Ü–∏–ø –§–µ—...

You may provide a definition with
\DeclareUnicodeCharacter 


! Package inputenc Error: Unicode character –µ (U+0435)
(inputenc)                not set up for use with LaTeX.

See the inputenc package documentation for explanation.
Type  H <return>  for immediate help.
 ...                                              
                                                  
l.1 \section{–ì–µ–æ–º–µ—Ç—Ä–∏—á–µ
                                 —Å–∫–∞—è –æ–ø—Ç–∏–∫–∞. –ü—Ä–∏–Ω—Ü–∏–ø –§–µ—...

You may provide a definition with
\DeclareUnicodeCharacter 


! Package inputenc Error: Unicode character —Å (U+0441)
(inputenc)                not set up for use with LaTeX.

See the inputenc package documentation for explanation.
Type  H <return>  for immediate help.
 ...                                              
                                                  
l.1 \section{–ì–µ–æ–º–µ—Ç—Ä–∏—á–µ—Å
                                   –∫–∞—è –æ–ø—Ç–∏–∫–∞. –ü—Ä–∏–Ω—Ü–∏–ø –§–µ—...

You may provide a definition with
\DeclareUnicodeCharacter 


! Package inputenc Error: Unicode character –∫ (U+043A)
(inputenc)                not set up for use with LaTeX.

See the inputenc package documentation for explanation.
Type  H <return>  for immediate help.
 ...                                              
                                                  
l.1 \section{–ì–µ–æ–º–µ—Ç—Ä–∏—á–µ—Å–∫
                                     –∞—è –æ–ø—Ç–∏–∫–∞. –ü—Ä–∏–Ω—Ü–∏–ø –§–µ—...

You may provide a definition with
\DeclareUnicodeCharacter 


! Package inputenc Error: Unicode character –∞ (U+0430)
(inputenc)                not set up for use with LaTeX.

See the inputenc package documentation for explanation.
Type  H <return>  for immediate help.
 ...                                              
                                                  
l.1 \section{–ì–µ–æ–º–µ—Ç—Ä–∏—á–µ—Å–∫–∞
                                       —è –æ–ø—Ç–∏–∫–∞. –ü—Ä–∏–Ω—Ü–∏–ø –§–µ—...

You may provide a definition with
\DeclareUnicodeCharacter 


! Package inputenc Error: Unicode character —è (U+044F)
(inputenc)                not set up for use with LaTeX.

See the inputenc package documentation for explanation.
Type  H <return>  for immediate help.
 ...                                              
                                                  
l.1 \section{–ì–µ–æ–º–µ—Ç—Ä–∏—á–µ—Å–∫–∞—è
                                          –æ–ø—Ç–∏–∫–∞. –ü—Ä–∏–Ω—Ü–∏–ø –§–µ—...

You may provide a definition with
\DeclareUnicodeCharacter 


! Package inputenc Error: Unicode character –æ (U+043E)
(inputenc)                not set up for use with LaTeX.

See the inputenc package documentation for explanation.
Type  H <return>  for immediate help.
 ...                                              
                                                  
l.1 \section{–ì–µ–æ–º–µ—Ç—Ä–∏—á–µ—Å–∫–∞—è –æ
                                            –ø—Ç–∏–∫–∞. –ü—Ä–∏–Ω—Ü–∏–ø –§–µ—...

You may provide a definition with
\DeclareUnicodeCharacter 


! Package inputenc Error: Unicode character –ø (U+043F)
(inputenc)                not set up for use with LaTeX.

See the inputenc package documentation for explanation.
Type  H <return>  for immediate help.
 ...                                              
                                                  
l.1 \section{–ì–µ–æ–º–µ—Ç—Ä–∏—á–µ—Å–∫–∞—è –æ–ø
                                              —Ç–∏–∫–∞. –ü—Ä–∏–Ω—Ü–∏–ø –§–µ—...

You may provide a definition with
\DeclareUnicodeCharacter 


! Package inputenc Error: Unicode character —Ç (U+0442)
(inputenc)                not set up for use with LaTeX.

See the inputenc package documentation for explanation.
Type  H <return>  for immediate help.
 ...                                              
                                                  
l.1 \section{–ì–µ–æ–º–µ—Ç—Ä–∏—á–µ—Å–∫–∞—è –æ–ø—Ç
                                                –∏–∫–∞. –ü—Ä–∏–Ω—Ü–∏–ø –§–µ—...

You may provide a definition with
\DeclareUnicodeCharacter 


! Package inputenc Error: Unicode character –∏ (U+0438)
(inputenc)                not set up for use with LaTeX.

See the inputenc package documentation for explanation.
Type  H <return>  for immediate help.
 ...                                              
                                                  
l.1 \section{–ì–µ–æ–º–µ—Ç—Ä–∏—á–µ—Å–∫–∞—è –æ–ø—Ç–∏
                                                  –∫–∞. –ü—Ä–∏–Ω—Ü–∏–ø –§–µ—...

You may provide a definition with
\DeclareUnicodeCharacter 


! Package inputenc Error: Unicode character –∫ (U+043A)
(inputenc)                not set up for use with LaTeX.

See the inputenc package documentation for explanation.
Type  H <return>  for immediate help.
 ...                                              
                                                  
l.1 ...ion{–ì–µ–æ–º–µ—Ç—Ä–∏—á–µ—Å–∫–∞—è –æ–ø—Ç–∏–∫
                                                  –∞. –ü—Ä–∏–Ω—Ü–∏–ø –§–µ—Ä–...

You may provide a definition with
\DeclareUnicodeCharacter 


! Package inputenc Error: Unicode character –∞ (U+0430)
(inputenc)                not set up for use with LaTeX.

See the inputenc package documentation for explanation.
Type  H <return>  for immediate help.
 ...                                              
                                                  
l.1 ...n{–ì–µ–æ–º–µ—Ç—Ä–∏—á–µ—Å–∫–∞—è –æ–ø—Ç–∏–∫–∞
                                                  . –ü—Ä–∏–Ω—Ü–∏–ø –§–µ—Ä–º–...

You may provide a definition with
\DeclareUnicodeCharacter 


! LaTeX Error: Missing \begin{document}.

See the LaTeX manual or LaTeX Companion for explanation.
Type  H <return>  for immediate help.
 ...                                              
                                                  
l.1 ...{–ì–µ–æ–º–µ—Ç—Ä–∏—á–µ—Å–∫–∞—è –æ–ø—Ç–∏–∫–∞.
                                                   –ü—Ä–∏–Ω—Ü–∏–ø –§–µ—Ä–º–∞...

You're in trouble here.  Try typing  <return>  to proceed.
If that doesn't work, type  X <return>  to quit.

Missing character: There is no . in font nullfont!

! Package inputenc Error: Unicode character –ü (U+041F)
(inputenc)                not set up for use with LaTeX.

See the inputenc package documentation for explanation.
Type  H <return>  for immediate help.
 ...                                              
                                                  
l.1 ...–µ–æ–º–µ—Ç—Ä–∏—á–µ—Å–∫–∞—è –æ–ø—Ç–∏–∫–∞. –ü
                                                  —Ä–∏–Ω—Ü–∏–ø –§–µ—Ä–º–∞. –...

You may provide a definition with
\DeclareUnicodeCharacter 


! Package inputenc Error: Unicode character —Ä (U+0440)
(inputenc)                not set up for use with LaTeX.

See the inputenc package documentation for explanation.
Type  H <return>  for immediate help.
 ...                                              
                                                  
l.1 ...–æ–º–µ—Ç—Ä–∏—á–µ—Å–∫–∞—è –æ–ø—Ç–∏–∫–∞. –ü—Ä
                                                  –∏–Ω—Ü–∏–ø –§–µ—Ä–º–∞. –ó–...

You may provide a definition with
\DeclareUnicodeCharacter 


! Package inputenc Error: Unicode character –∏ (U+0438)
(inputenc)                not set up for use with LaTeX.

See the inputenc package documentation for explanation.
Type  H <return>  for immediate help.
 ...                                              
                                                  
l.1 ...–º–µ—Ç—Ä–∏—á–µ—Å–∫–∞—è –æ–ø—Ç–∏–∫–∞. –ü—Ä–∏
                                                  –Ω—Ü–∏–ø –§–µ—Ä–º–∞. –ó–∞–...

You may provide a definition with
\DeclareUnicodeCharacter 


! Package inputenc Error: Unicode character –Ω (U+043D)
(inputenc)                not set up for use with LaTeX.

See the inputenc package documentation for explanation.
Type  H <return>  for immediate help.
 ...                                              
                                                  
l.1 ...–µ—Ç—Ä–∏—á–µ—Å–∫–∞—è –æ–ø—Ç–∏–∫–∞. –ü—Ä–∏–Ω
                                                  —Ü–∏–ø –§–µ—Ä–º–∞. –ó–∞–∫–...

You may provide a definition with
\DeclareUnicodeCharacter 


! Package inputenc Error: Unicode character —Ü (U+0446)
(inputenc)                not set up for use with LaTeX.

See the inputenc package documentation for explanation.
Type  H <return>  for immediate help.
 ...                                              
                                                  
l.1 ...—Ç—Ä–∏—á–µ—Å–∫–∞—è –æ–ø—Ç–∏–∫–∞. –ü—Ä–∏–Ω—Ü
                                                  –∏–ø –§–µ—Ä–º–∞. –ó–∞–∫–æ–...

You may provide a definition with
\DeclareUnicodeCharacter 


! Package inputenc Error: Unicode character –∏ (U+0438)
(inputenc)                not set up for use with LaTeX.

See the inputenc package documentation for explanation.
Type  H <return>  for immediate help.
 ...                                              
                                                  
l.1 ...—Ä–∏—á–µ—Å–∫–∞—è –æ–ø—Ç–∏–∫–∞. –ü—Ä–∏–Ω—Ü–∏
                                                  –ø –§–µ—Ä–º–∞. –ó–∞–∫–æ–Ω—...

You may provide a definition with
\DeclareUnicodeCharacter 


! Package inputenc Error: Unicode character –ø (U+043F)
(inputenc)                not set up for use with LaTeX.

See the inputenc package documentation for explanation.
Type  H <return>  for immediate help.
 ...                                              
                                                  
l.1 ...–∏—á–µ—Å–∫–∞—è –æ–ø—Ç–∏–∫–∞. –ü—Ä–∏–Ω—Ü–∏–ø
                                                   –§–µ—Ä–º–∞. –ó–∞–∫–æ–Ω—ã ...

You may provide a definition with
\DeclareUnicodeCharacter 


! Package inputenc Error: Unicode character –§ (U+0424)
(inputenc)                not set up for use with LaTeX.

See the inputenc package documentation for explanation.
Type  H <return>  for immediate help.
 ...                                              
                                                  
l.1 ...á–µ—Å–∫–∞—è –æ–ø—Ç–∏–∫–∞. –ü—Ä–∏–Ω—Ü–∏–ø –§
                                                  –µ—Ä–º–∞. –ó–∞–∫–æ–Ω—ã –ø—...

You may provide a definition with
\DeclareUnicodeCharacter 


! Package inputenc Error: Unicode character –µ (U+0435)
(inputenc)                not set up for use with LaTeX.

See the inputenc package documentation for explanation.
Type  H <return>  for immediate help.
 ...                                              
                                                  
l.1 ...µ—Å–∫–∞—è –æ–ø—Ç–∏–∫–∞. –ü—Ä–∏–Ω—Ü–∏–ø –§–µ
                                                  —Ä–º–∞. –ó–∞–∫–æ–Ω—ã –ø—Ä–...

You may provide a definition with
\DeclareUnicodeCharacter 


! Package inputenc Error: Unicode character —Ä (U+0440)
(inputenc)                not set up for use with LaTeX.

See the inputenc package documentation for explanation.
Type  H <return>  for immediate help.
 ...                                              
                                                  
l.1 ...Å–∫–∞—è –æ–ø—Ç–∏–∫–∞. –ü—Ä–∏–Ω—Ü–∏–ø –§–µ—Ä
                                                  –º–∞. –ó–∞–∫–æ–Ω—ã –ø—Ä–µ–...

You may provide a definition with
\DeclareUnicodeCharacter 


! Package inputenc Error: Unicode character –º (U+043C)
(inputenc)                not set up for use with LaTeX.

See the inputenc package documentation for explanation.
Type  H <return>  for immediate help.
 ...                                              
                                                  
l.1 ...∫–∞—è –æ–ø—Ç–∏–∫–∞. –ü—Ä–∏–Ω—Ü–∏–ø –§–µ—Ä–º
                                                  –∞. –ó–∞–∫–æ–Ω—ã –ø—Ä–µ–ª–...

You may provide a definition with
\DeclareUnicodeCharacter 


! Package inputenc Error: Unicode character –∞ (U+0430)
(inputenc)                not set up for use with LaTeX.

See the inputenc package documentation for explanation.
Type  H <return>  for immediate help.
 ...                                              
                                                  
l.1 ...∞—è –æ–ø—Ç–∏–∫–∞. –ü—Ä–∏–Ω—Ü–∏–ø –§–µ—Ä–º–∞
                                                  . –ó–∞–∫–æ–Ω—ã –ø—Ä–µ–ª–æ–...

You may provide a definition with
\DeclareUnicodeCharacter 

Missing character: There is no . in font nullfont!

! Package inputenc Error: Unicode character –ó (U+0417)
(inputenc)                not set up for use with LaTeX.

See the inputenc package documentation for explanation.
Type  H <return>  for immediate help.
 ...                                              
                                                  
l.1 ...–æ–ø—Ç–∏–∫–∞. –ü—Ä–∏–Ω—Ü–∏–ø –§–µ—Ä–º–∞. –ó
                                                  –∞–∫–æ–Ω—ã –ø—Ä–µ–ª–æ–º–ª–...

You may provide a definition with
\DeclareUnicodeCharacter 


! Package inputenc Error: Unicode character –∞ (U+0430)
(inputenc)                not set up for use with LaTeX.

See the inputenc package documentation for explanation.
Type  H <return>  for immediate help.
 ...                                              
                                                  
l.1 ...–ø—Ç–∏–∫–∞. –ü—Ä–∏–Ω—Ü–∏–ø –§–µ—Ä–º–∞. –ó–∞
                                                  –∫–æ–Ω—ã –ø—Ä–µ–ª–æ–º–ª–µ–...

You may provide a definition with
\DeclareUnicodeCharacter 


! Package inputenc Error: Unicode character –∫ (U+043A)
(inputenc)                not set up for use with LaTeX.

See the inputenc package documentation for explanation.
Type  H <return>  for immediate help.
 ...                                              
                                                  
l.1 ...—Ç–∏–∫–∞. –ü—Ä–∏–Ω—Ü–∏–ø –§–µ—Ä–º–∞. –ó–∞–∫
                                                  –æ–Ω—ã –ø—Ä–µ–ª–æ–º–ª–µ–Ω–...

You may provide a definition with
\DeclareUnicodeCharacter 


! Package inputenc Error: Unicode character –æ (U+043E)
(inputenc)                not set up for use with LaTeX.

See the inputenc package documentation for explanation.
Type  H <return>  for immediate help.
 ...                                              
                                                  
l.1 ...–∏–∫–∞. –ü—Ä–∏–Ω—Ü–∏–ø –§–µ—Ä–º–∞. –ó–∞–∫–æ
                                                  –Ω—ã –ø—Ä–µ–ª–æ–º–ª–µ–Ω–∏—...

You may provide a definition with
\DeclareUnicodeCharacter 


! Package inputenc Error: Unicode character –Ω (U+043D)
(inputenc)                not set up for use with LaTeX.

See the inputenc package documentation for explanation.
Type  H <return>  for immediate help.
 ...                                              
                                                  
l.1 ...–∫–∞. –ü—Ä–∏–Ω—Ü–∏–ø –§–µ—Ä–º–∞. –ó–∞–∫–æ–Ω
                                                  —ã –ø—Ä–µ–ª–æ–º–ª–µ–Ω–∏—è ...

You may provide a definition with
\DeclareUnicodeCharacter 


! Package inputenc Error: Unicode character —ã (U+044B)
(inputenc)                not set up for use with LaTeX.

See the inputenc package documentation for explanation.
Type  H <return>  for immediate help.
 ...                                              
                                                  
l.1 ...–∞. –ü—Ä–∏–Ω—Ü–∏–ø –§–µ—Ä–º–∞. –ó–∞–∫–æ–Ω—ã
                                                   –ø—Ä–µ–ª–æ–º–ª–µ–Ω–∏—è –∏...

You may provide a definition with
\DeclareUnicodeCharacter 


! Package inputenc Error: Unicode character –ø (U+043F)
(inputenc)                not set up for use with LaTeX.

See the inputenc package documentation for explanation.
Type  H <return>  for immediate help.
 ...                                              
                                                  
l.1 ... –ü—Ä–∏–Ω—Ü–∏–ø –§–µ—Ä–º–∞. –ó–∞–∫–æ–Ω—ã –ø
                                                  —Ä–µ–ª–æ–º–ª–µ–Ω–∏—è –∏ –æ...

You may provide a definition with
\DeclareUnicodeCharacter 


! Package inputenc Error: Unicode character —Ä (U+0440)
(inputenc)                not set up for use with LaTeX.

See the inputenc package documentation for explanation.
Type  H <return>  for immediate help.
 ...                                              
                                                  
l.1 ...ü—Ä–∏–Ω—Ü–∏–ø –§–µ—Ä–º–∞. –ó–∞–∫–æ–Ω—ã –ø—Ä
                                                  –µ–ª–æ–º–ª–µ–Ω–∏—è –∏ –æ—Ç...

You may provide a definition with
\DeclareUnicodeCharacter 


! Package inputenc Error: Unicode character –µ (U+0435)
(inputenc)                not set up for use with LaTeX.

See the inputenc package documentation for explanation.
Type  H <return>  for immediate help.
 ...                                              
                                                  
l.1 ...Ä–∏–Ω—Ü–∏–ø –§–µ—Ä–º–∞. –ó–∞–∫–æ–Ω—ã –ø—Ä–µ
                                                  –ª–æ–º–ª–µ–Ω–∏—è –∏ –æ—Ç—Ä...

You may provide a definition with
\DeclareUnicodeCharacter 


! Package inputenc Error: Unicode character –ª (U+043B)
(inputenc)                not set up for use with LaTeX.

See the inputenc package documentation for explanation.
Type  H <return>  for immediate help.
 ...                                              
                                                  
l.1 ...∏–Ω—Ü–∏–ø –§–µ—Ä–º–∞. –ó–∞–∫–æ–Ω—ã –ø—Ä–µ–ª
                                                  –æ–º–ª–µ–Ω–∏—è –∏ –æ—Ç—Ä–∞...

You may provide a definition with
\DeclareUnicodeCharacter 


! Package inputenc Error: Unicode character –æ (U+043E)
(inputenc)                not set up for use with LaTeX.

See the inputenc package documentation for explanation.
Type  H <return>  for immediate help.
 ...                                              
                                                  
l.1 ...Ω—Ü–∏–ø –§–µ—Ä–º–∞. –ó–∞–∫–æ–Ω—ã –ø—Ä–µ–ª–æ
                                                  –º–ª–µ–Ω–∏—è –∏ –æ—Ç—Ä–∞–∂...

You may provide a definition with
\DeclareUnicodeCharacter 


! Package inputenc Error: Unicode character –º (U+043C)
(inputenc)                not set up for use with LaTeX.

See the inputenc package documentation for explanation.
Type  H <return>  for immediate help.
 ...                                              
                                                  
l.1 ...Ü–∏–ø –§–µ—Ä–º–∞. –ó–∞–∫–æ–Ω—ã –ø—Ä–µ–ª–æ–º
                                                  –ª–µ–Ω–∏—è –∏ –æ—Ç—Ä–∞–∂–µ...

You may provide a definition with
\DeclareUnicodeCharacter 


! Package inputenc Error: Unicode character –ª (U+043B)
(inputenc)                not set up for use with LaTeX.

See the inputenc package documentation for explanation.
Type  H <return>  for immediate help.
 ...                                              
                                                  
l.1 ...∏–ø –§–µ—Ä–º–∞. –ó–∞–∫–æ–Ω—ã –ø—Ä–µ–ª–æ–º–ª
                                                  –µ–Ω–∏—è –∏ –æ—Ç—Ä–∞–∂–µ–Ω...

You may provide a definition with
\DeclareUnicodeCharacter 


! Package inputenc Error: Unicode character –µ (U+0435)
(inputenc)                not set up for use with LaTeX.

See the inputenc package documentation for explanation.
Type  H <return>  for immediate help.
 ...                                              
                                                  
l.1 ...ø –§–µ—Ä–º–∞. –ó–∞–∫–æ–Ω—ã –ø—Ä–µ–ª–æ–º–ª–µ
                                                  –Ω–∏—è –∏ –æ—Ç—Ä–∞–∂–µ–Ω–∏...

You may provide a definition with
\DeclareUnicodeCharacter 


! Package inputenc Error: Unicode character –Ω (U+043D)
(inputenc)                not set up for use with LaTeX.

See the inputenc package documentation for explanation.
Type  H <return>  for immediate help.
 ...                                              
                                                  
l.1 ...–§–µ—Ä–º–∞. –ó–∞–∫–æ–Ω—ã –ø—Ä–µ–ª–æ–º–ª–µ–Ω
                                                  –∏—è –∏ –æ—Ç—Ä–∞–∂–µ–Ω–∏—è...

You may provide a definition with
\DeclareUnicodeCharacter 


! Package inputenc Error: Unicode character –∏ (U+0438)
(inputenc)                not set up for use with LaTeX.

See the inputenc package documentation for explanation.
Type  H <return>  for immediate help.
 ...                                              
                                                  
l.1 ...–µ—Ä–º–∞. –ó–∞–∫–æ–Ω—ã –ø—Ä–µ–ª–æ–º–ª–µ–Ω–∏
                                                  —è –∏ –æ—Ç—Ä–∞–∂–µ–Ω–∏—è. ...

You may provide a definition with
\DeclareUnicodeCharacter 


! Package inputenc Error: Unicode character —è (U+044F)
(inputenc)                not set up for use with LaTeX.

See the inputenc package documentation for explanation.
Type  H <return>  for immediate help.
 ...                                              
                                                  
l.1 ...—Ä–º–∞. –ó–∞–∫–æ–Ω—ã –ø—Ä–µ–ª–æ–º–ª–µ–Ω–∏—è
                                                   –∏ –æ—Ç—Ä–∞–∂–µ–Ω–∏—è. –ü...

You may provide a definition with
\DeclareUnicodeCharacter 


! Package inputenc Error: Unicode character –∏ (U+0438)
(inputenc)                not set up for use with LaTeX.

See the inputenc package documentation for explanation.
Type  H <return>  for immediate help.
 ...                                              
                                                  
l.1 ...º–∞. –ó–∞–∫–æ–Ω—ã –ø—Ä–µ–ª–æ–º–ª–µ–Ω–∏—è –∏
                                                   –æ—Ç—Ä–∞–∂–µ–Ω–∏—è. –ü–æ–...

You may provide a definition with
\DeclareUnicodeCharacter 


! Package inputenc Error: Unicode character –æ (U+043E)
(inputenc)                not set up for use with LaTeX.

See the inputenc package documentation for explanation.
Type  H <return>  for immediate help.
 ...                                              
                                                  
l.1 .... –ó–∞–∫–æ–Ω—ã –ø—Ä–µ–ª–æ–º–ª–µ–Ω–∏—è –∏ –æ
                                                  —Ç—Ä–∞–∂–µ–Ω–∏—è. –ü–æ–ª–Ω...

You may provide a definition with
\DeclareUnicodeCharacter 


! Package inputenc Error: Unicode character —Ç (U+0442)
(inputenc)                not set up for use with LaTeX.

See the inputenc package documentation for explanation.
Type  H <return>  for immediate help.
 ...                                              
                                                  
l.1 ...–ó–∞–∫–æ–Ω—ã –ø—Ä–µ–ª–æ–º–ª–µ–Ω–∏—è –∏ –æ—Ç
                                                  —Ä–∞–∂–µ–Ω–∏—è. –ü–æ–ª–Ω–æ...

You may provide a definition with
\DeclareUnicodeCharacter 


! Package inputenc Error: Unicode character —Ä (U+0440)
(inputenc)                not set up for use with LaTeX.

See the inputenc package documentation for explanation.
Type  H <return>  for immediate help.
 ...                                              
                                                  
l.1 ...–∞–∫–æ–Ω—ã –ø—Ä–µ–ª–æ–º–ª–µ–Ω–∏—è –∏ –æ—Ç—Ä
                                                  –∞–∂–µ–Ω–∏—è. –ü–æ–ª–Ω–æ–µ...

You may provide a definition with
\DeclareUnicodeCharacter 


! Package inputenc Error: Unicode character –∞ (U+0430)
(inputenc)                not set up for use with LaTeX.

See the inputenc package documentation for explanation.
Type  H <return>  for immediate help.
 ...                                              
                                                  
l.1 ...–∫–æ–Ω—ã –ø—Ä–µ–ª–æ–º–ª–µ–Ω–∏—è –∏ –æ—Ç—Ä–∞
                                                  –∂–µ–Ω–∏—è. –ü–æ–ª–Ω–æ–µ –...

You may provide a definition with
\DeclareUnicodeCharacter 


! Package inputenc Error: Unicode character –∂ (U+0436)
(inputenc)                not set up for use with LaTeX.

See the inputenc package documentation for explanation.
Type  H <return>  for immediate help.
 ...                                              
                                                  
l.1 ...–æ–Ω—ã –ø—Ä–µ–ª–æ–º–ª–µ–Ω–∏—è –∏ –æ—Ç—Ä–∞–∂
                                                  –µ–Ω–∏—è. –ü–æ–ª–Ω–æ–µ –≤–...

You may provide a definition with
\DeclareUnicodeCharacter 


! Package inputenc Error: Unicode character –µ (U+0435)
(inputenc)                not set up for use with LaTeX.

See the inputenc package documentation for explanation.
Type  H <return>  for immediate help.
 ...                                              
                                                  
l.1 ...–Ω—ã –ø—Ä–µ–ª–æ–º–ª–µ–Ω–∏—è –∏ –æ—Ç—Ä–∞–∂–µ
                                                  –Ω–∏—è. –ü–æ–ª–Ω–æ–µ –≤–Ω—...

You may provide a definition with
\DeclareUnicodeCharacter 


! Package inputenc Error: Unicode character –Ω (U+043D)
(inputenc)                not set up for use with LaTeX.

See the inputenc package documentation for explanation.
Type  H <return>  for immediate help.
 ...                                              
                                                  
l.1 ...—ã –ø—Ä–µ–ª–æ–º–ª–µ–Ω–∏—è –∏ –æ—Ç—Ä–∞–∂–µ–Ω
                                                  –∏—è. –ü–æ–ª–Ω–æ–µ –≤–Ω—É—...

You may provide a definition with
\DeclareUnicodeCharacter 


! Package inputenc Error: Unicode character –∏ (U+0438)
(inputenc)                not set up for use with LaTeX.

See the inputenc package documentation for explanation.
Type  H <return>  for immediate help.
 ...                                              
                                                  
l.1 ... –ø—Ä–µ–ª–æ–º–ª–µ–Ω–∏—è –∏ –æ—Ç—Ä–∞–∂–µ–Ω–∏
                                                  —è. –ü–æ–ª–Ω–æ–µ –≤–Ω—É—Ç—...

You may provide a definition with
\DeclareUnicodeCharacter 


! Package inputenc Error: Unicode character —è (U+044F)
(inputenc)                not set up for use with LaTeX.

See the inputenc package documentation for explanation.
Type  H <return>  for immediate help.
 ...                                              
                                                  
l.1 ...ø—Ä–µ–ª–æ–º–ª–µ–Ω–∏—è –∏ –æ—Ç—Ä–∞–∂–µ–Ω–∏—è
                                                  . –ü–æ–ª–Ω–æ–µ –≤–Ω—É—Ç—Ä–...

You may provide a definition with
\DeclareUnicodeCharacter 

Missing character: There is no . in font nullfont!

! Package inputenc Error: Unicode character –ü (U+041F)
(inputenc)                not set up for use with LaTeX.

See the inputenc package documentation for explanation.
Type  H <return>  for immediate help.
 ...                                              
                                                  
l.1 ...µ–ª–æ–º–ª–µ–Ω–∏—è –∏ –æ—Ç—Ä–∞–∂–µ–Ω–∏—è. –ü
                                                  –æ–ª–Ω–æ–µ –≤–Ω—É—Ç—Ä–µ–Ω–...

You may provide a definition with
\DeclareUnicodeCharacter 


! Package inputenc Error: Unicode character –æ (U+043E)
(inputenc)                not set up for use with LaTeX.

See the inputenc package documentation for explanation.
Type  H <return>  for immediate help.
 ...                                              
                                                  
l.1 ...ª–æ–º–ª–µ–Ω–∏—è –∏ –æ—Ç—Ä–∞–∂–µ–Ω–∏—è. –ü–æ
                                                  –ª–Ω–æ–µ –≤–Ω—É—Ç—Ä–µ–Ω–Ω–...

You may provide a definition with
\DeclareUnicodeCharacter 


! Package inputenc Error: Unicode character –ª (U+043B)
(inputenc)                not set up for use with LaTeX.

See the inputenc package documentation for explanation.
Type  H <return>  for immediate help.
 ...                                              
                                                  
l.1 ...æ–º–ª–µ–Ω–∏—è –∏ –æ—Ç—Ä–∞–∂–µ–Ω–∏—è. –ü–æ–ª
                                                  –Ω–æ–µ –≤–Ω—É—Ç—Ä–µ–Ω–Ω–µ–...

You may provide a definition with
\DeclareUnicodeCharacter 


! Package inputenc Error: Unicode character –Ω (U+043D)
(inputenc)                not set up for use with LaTeX.

See the inputenc package documentation for explanation.
Type  H <return>  for immediate help.
 ...                                              
                                                  
l.1 ...º–ª–µ–Ω–∏—è –∏ –æ—Ç—Ä–∞–∂–µ–Ω–∏—è. –ü–æ–ª–Ω
                                                  –æ–µ –≤–Ω—É—Ç—Ä–µ–Ω–Ω–µ–µ ...

You may provide a definition with
\DeclareUnicodeCharacter 


! Package inputenc Error: Unicode character –æ (U+043E)
(inputenc)                not set up for use with LaTeX.

See the inputenc package documentation for explanation.
Type  H <return>  for immediate help.
 ...                                              
                                                  
l.1 ...ª–µ–Ω–∏—è –∏ –æ—Ç—Ä–∞–∂–µ–Ω–∏—è. –ü–æ–ª–Ω–æ
                                                  –µ –≤–Ω—É—Ç—Ä–µ–Ω–Ω–µ–µ –æ...

You may provide a definition with
\DeclareUnicodeCharacter 


! Package inputenc Error: Unicode character –µ (U+0435)
(inputenc)                not set up for use with LaTeX.

See the inputenc package documentation for explanation.
Type  H <return>  for immediate help.
 ...                                              
                                                  
l.1 ...µ–Ω–∏—è –∏ –æ—Ç—Ä–∞–∂–µ–Ω–∏—è. –ü–æ–ª–Ω–æ–µ
                                                   –≤–Ω—É—Ç—Ä–µ–Ω–Ω–µ–µ –æ—Ç...

You may provide a definition with
\DeclareUnicodeCharacter 


! Package inputenc Error: Unicode character –≤ (U+0432)
(inputenc)                not set up for use with LaTeX.

See the inputenc package documentation for explanation.
Type  H <return>  for immediate help.
 ...                                              
                                                  
l.1 ...–∏—è –∏ –æ—Ç—Ä–∞–∂–µ–Ω–∏—è. –ü–æ–ª–Ω–æ–µ –≤
                                                  –Ω—É—Ç—Ä–µ–Ω–Ω–µ–µ –æ—Ç—Ä–...

You may provide a definition with
\DeclareUnicodeCharacter 


! Package inputenc Error: Unicode character –Ω (U+043D)
(inputenc)                not set up for use with LaTeX.

See the inputenc package documentation for explanation.
Type  H <return>  for immediate help.
 ...                                              
                                                  
l.1 ...—è –∏ –æ—Ç—Ä–∞–∂–µ–Ω–∏—è. –ü–æ–ª–Ω–æ–µ –≤–Ω
                                                  —É—Ç—Ä–µ–Ω–Ω–µ–µ –æ—Ç—Ä–∞–...

You may provide a definition with
\DeclareUnicodeCharacter 


! Package inputenc Error: Unicode character —É (U+0443)
(inputenc)                not set up for use with LaTeX.

See the inputenc package documentation for explanation.
Type  H <return>  for immediate help.
 ...                                              
                                                  
l.1 ... –∏ –æ—Ç—Ä–∞–∂–µ–Ω–∏—è. –ü–æ–ª–Ω–æ–µ –≤–Ω—É
                                                  —Ç—Ä–µ–Ω–Ω–µ–µ –æ—Ç—Ä–∞–∂–...

You may provide a definition with
\DeclareUnicodeCharacter 


! Package inputenc Error: Unicode character —Ç (U+0442)
(inputenc)                not set up for use with LaTeX.

See the inputenc package documentation for explanation.
Type  H <return>  for immediate help.
 ...                                              
                                                  
l.1 ...∏ –æ—Ç—Ä–∞–∂–µ–Ω–∏—è. –ü–æ–ª–Ω–æ–µ –≤–Ω—É—Ç
                                                  —Ä–µ–Ω–Ω–µ–µ –æ—Ç—Ä–∞–∂–µ–...

You may provide a definition with
\DeclareUnicodeCharacter 


! Package inputenc Error: Unicode character —Ä (U+0440)
(inputenc)                not set up for use with LaTeX.

See the inputenc package documentation for explanation.
Type  H <return>  for immediate help.
 ...                                              
                                                  
l.1 ...–æ—Ç—Ä–∞–∂–µ–Ω–∏—è. –ü–æ–ª–Ω–æ–µ –≤–Ω—É—Ç—Ä
                                                  –µ–Ω–Ω–µ–µ –æ—Ç—Ä–∞–∂–µ–Ω–...

You may provide a definition with
\DeclareUnicodeCharacter 


! Package inputenc Error: Unicode character –µ (U+0435)
(inputenc)                not set up for use with LaTeX.

See the inputenc package documentation for explanation.
Type  H <return>  for immediate help.
 ...                                              
                                                  
l.1 ...—Ç—Ä–∞–∂–µ–Ω–∏—è. –ü–æ–ª–Ω–æ–µ –≤–Ω—É—Ç—Ä–µ
                                                  –Ω–Ω–µ–µ –æ—Ç—Ä–∞–∂–µ–Ω–∏–µ.}

You may provide a definition with
\DeclareUnicodeCharacter 


! Package inputenc Error: Unicode character –Ω (U+043D)
(inputenc)                not set up for use with LaTeX.

See the inputenc package documentation for explanation.
Type  H <return>  for immediate help.
 ...                                              
                                                  
l.1 ...—Ä–∞–∂–µ–Ω–∏—è. –ü–æ–ª–Ω–æ–µ –≤–Ω—É—Ç—Ä–µ–Ω
                                                  –Ω–µ–µ –æ—Ç—Ä–∞–∂–µ–Ω–∏–µ.}
You may provide a definition with
\DeclareUnicodeCharacter 


! Package inputenc Error: Unicode character –Ω (U+043D)
(inputenc)                not set up for use with LaTeX.

See the inputenc package documentation for explanation.
Type  H <return>  for immediate help.
 ...                                              
                                                  
l.1 ...–∞–∂–µ–Ω–∏—è. –ü–æ–ª–Ω–æ–µ –≤–Ω—É—Ç—Ä–µ–Ω–Ω
                                                  –µ–µ –æ—Ç—Ä–∞–∂–µ–Ω–∏–µ.}
You may provide a definition with
\DeclareUnicodeCharacter 


! Package inputenc Error: Unicode character –µ (U+0435)
(inputenc)                not set up for use with LaTeX.

See the inputenc package documentation for explanation.
Type  H <return>  for immediate help.
 ...                                              
                                                  
l.1 ...–∂–µ–Ω–∏—è. –ü–æ–ª–Ω–æ–µ –≤–Ω—É—Ç—Ä–µ–Ω–Ω–µ
                                                  –µ –æ—Ç—Ä–∞–∂–µ–Ω–∏–µ.}
You may provide a definition with
\DeclareUnicodeCharacter 


! Package inputenc Error: Unicode character –µ (U+0435)
(inputenc)                not set up for use with LaTeX.

See the inputenc package documentation for explanation.
Type  H <return>  for immediate help.
 ...                                              
                                                  
l.1 ...–µ–Ω–∏—è. –ü–æ–ª–Ω–æ–µ –≤–Ω—É—Ç—Ä–µ–Ω–Ω–µ–µ
                                                   –æ—Ç—Ä–∞–∂–µ–Ω–∏–µ.}
You may provide a definition with
\DeclareUnicodeCharacter 


! Package inputenc Error: Unicode character –æ (U+043E)
(inputenc)                not set up for use with LaTeX.

See the inputenc package documentation for explanation.
Type  H <return>  for immediate help.
 ...                                              
                                                  
l.1 ...Ω–∏—è. –ü–æ–ª–Ω–æ–µ –≤–Ω—É—Ç—Ä–µ–Ω–Ω–µ–µ –æ
                                                  —Ç—Ä–∞–∂–µ–Ω–∏–µ.}
You may provide a definition with
\DeclareUnicodeCharacter 


! Package inputenc Error: Unicode character —Ç (U+0442)
(inputenc)                not set up for use with LaTeX.

See the inputenc package documentation for explanation.
Type  H <return>  for immediate help.
 ...                                              
                                                  
l.1 ...∏—è. –ü–æ–ª–Ω–æ–µ –≤–Ω—É—Ç—Ä–µ–Ω–Ω–µ–µ –æ—Ç
                                                  —Ä–∞–∂–µ–Ω–∏–µ.}
You may provide a definition with
\DeclareUnicodeCharacter 


! Package inputenc Error: Unicode character —Ä (U+0440)
(inputenc)                not set up for use with LaTeX.

See the inputenc package documentation for explanation.
Type  H <return>  for immediate help.
 ...                                              
                                                  
l.1 ...è. –ü–æ–ª–Ω–æ–µ –≤–Ω—É—Ç—Ä–µ–Ω–Ω–µ–µ –æ—Ç—Ä
                                                  –∞–∂–µ–Ω–∏–µ.}
You may provide a definition with
\DeclareUnicodeCharacter 


! Package inputenc Error: Unicode character –∞ (U+0430)
(inputenc)                not set up for use with LaTeX.

See the inputenc package documentation for explanation.
Type  H <return>  for immediate help.
 ...                                              
                                                  
l.1 ... –ü–æ–ª–Ω–æ–µ –≤–Ω—É—Ç—Ä–µ–Ω–Ω–µ–µ –æ—Ç—Ä–∞
                                                  –∂–µ–Ω–∏–µ.}
You may provide a definition with
\DeclareUnicodeCharacter 


! Package inputenc Error: Unicode character –∂ (U+0436)
(inputenc)                not set up for use with LaTeX.

See the inputenc package documentation for explanation.
Type  H <return>  for immediate help.
 ...                                              
                                                  
l.1 ...ü–æ–ª–Ω–æ–µ –≤–Ω—É—Ç—Ä–µ–Ω–Ω–µ–µ –æ—Ç—Ä–∞–∂
                                                  –µ–Ω–∏–µ.}
You may provide a definition with
\DeclareUnicodeCharacter 


! Package inputenc Error: Unicode character –µ (U+0435)
(inputenc)                not set up for use with LaTeX.

See the inputenc package documentation for explanation.
Type  H <return>  for immediate help.
 ...                                              
                                                  
l.1 ...æ–ª–Ω–æ–µ –≤–Ω—É—Ç—Ä–µ–Ω–Ω–µ–µ –æ—Ç—Ä–∞–∂–µ
                                                  –Ω–∏–µ.}
You may provide a definition with
\DeclareUnicodeCharacter 


! Package inputenc Error: Unicode character –Ω (U+043D)
(inputenc)                not set up for use with LaTeX.

See the inputenc package documentation for explanation.
Type  H <return>  for immediate help.
 ...                                              
                                                  
l.1 ...ª–Ω–æ–µ –≤–Ω—É—Ç—Ä–µ–Ω–Ω–µ–µ –æ—Ç—Ä–∞–∂–µ–Ω
                                                  –∏–µ.}
You may provide a definition with
\DeclareUnicodeCharacter 


! Package inputenc Error: Unicode character –∏ (U+0438)
(inputenc)                not set up for use with LaTeX.

See the inputenc package documentation for explanation.
Type  H <return>  for immediate help.
 ...                                              
                                                  
l.1 ...Ω–æ–µ –≤–Ω—É—Ç—Ä–µ–Ω–Ω–µ–µ –æ—Ç—Ä–∞–∂–µ–Ω–∏
                                                  –µ.}
You may provide a definition with
\DeclareUnicodeCharacter 


! Package inputenc Error: Unicode character –µ (U+0435)
(inputenc)                not set up for use with LaTeX.

See the inputenc package documentation for explanation.
Type  H <return>  for immediate help.
 ...                                              
                                                  
l.1 ...æ–µ –≤–Ω—É—Ç—Ä–µ–Ω–Ω–µ–µ –æ—Ç—Ä–∞–∂–µ–Ω–∏–µ
                                                  .}
You may provide a definition with
\DeclareUnicodeCharacter 

Missing character: There is no . in font nullfont!
! Undefined control sequence.
l.2 \subsection
               *{–û–±–ª–∞—Å—Ç—å –ø—Ä–∏–º–µ–Ω–µ–Ω–∏—è}
The control sequence at the end of the top line
of your error message was never \def'ed. If you have
misspelled it (e.g., `\hobx'), type `I' and the correct
spelling (e.g., `I\hbox'). Otherwise just continue,
and I'll forget about whatever was undefined.

Missing character: There is no * in font nullfont!

! Package inputenc Error: Unicode character –û (U+041E)
(inputenc)                not set up for use with LaTeX.

See the inputenc package documentation for explanation.
Type  H <return>  for immediate help.
 ...                                              
                                                  
l.2 \subsection*{–û
                   –±–ª–∞—Å—Ç—å –ø—Ä–∏–º–µ–Ω–µ–Ω–∏—è}
You may provide a definition with
\DeclareUnicodeCharacter 


! Package inputenc Error: Unicode character –± (U+0431)
(inputenc)                not set up for use with LaTeX.

See the inputenc package documentation for explanation.
Type  H <return>  for immediate help.
 ...                                              
                                                  
l.2 \subsection*{–û–±
                     –ª–∞—Å—Ç—å –ø—Ä–∏–º–µ–Ω–µ–Ω–∏—è}
You may provide a definition with
\DeclareUnicodeCharacter 


! Package inputenc Error: Unicode character –ª (U+043B)
(inputenc)                not set up for use with LaTeX.

See the inputenc package documentation for explanation.
Type  H <return>  for immediate help.
 ...                                              
                                                  
l.2 \subsection*{–û–±–ª
                       –∞—Å—Ç—å –ø—Ä–∏–º–µ–Ω–µ–Ω–∏—è}
You may provide a definition with
\DeclareUnicodeCharacter 


! Package inputenc Error: Unicode character –∞ (U+0430)
(inputenc)                not set up for use with LaTeX.

See the inputenc package documentation for explanation.
Type  H <return>  for immediate help.
 ...                                              
                                                  
l.2 \subsection*{–û–±–ª–∞
                         —Å—Ç—å –ø—Ä–∏–º–µ–Ω–µ–Ω–∏—è}
You may provide a definition with
\DeclareUnicodeCharacter 


! Package inputenc Error: Unicode character —Å (U+0441)
(inputenc)                not set up for use with LaTeX.

See the inputenc package documentation for explanation.
Type  H <return>  for immediate help.
 ...                                              
                                                  
l.2 \subsection*{–û–±–ª–∞—Å
                           —Ç—å –ø—Ä–∏–º–µ–Ω–µ–Ω–∏—è}
You may provide a definition with
\DeclareUnicodeCharacter 


! Package inputenc Error: Unicode character —Ç (U+0442)
(inputenc)                not set up for use with LaTeX.

See the inputenc package documentation for explanation.
Type  H <return>  for immediate help.
 ...                                              
                                                  
l.2 \subsection*{–û–±–ª–∞—Å—Ç
                             —å –ø—Ä–∏–º–µ–Ω–µ–Ω–∏—è}
You may provide a definition with
\DeclareUnicodeCharacter 


! Package inputenc Error: Unicode character —å (U+044C)
(inputenc)                not set up for use with LaTeX.

See the inputenc package documentation for explanation.
Type  H <return>  for immediate help.
 ...                                              
                                                  
l.2 \subsection*{–û–±–ª–∞—Å—Ç—å
                                –ø—Ä–∏–º–µ–Ω–µ–Ω–∏—è}
You may provide a definition with
\DeclareUnicodeCharacter 


! Package inputenc Error: Unicode character –ø (U+043F)
(inputenc)                not set up for use with LaTeX.

See the inputenc package documentation for explanation.
Type  H <return>  for immediate help.
 ...                                              
                                                  
l.2 \subsection*{–û–±–ª–∞—Å—Ç—å –ø
                                  —Ä–∏–º–µ–Ω–µ–Ω–∏—è}
You may provide a definition with
\DeclareUnicodeCharacter 


! Package inputenc Error: Unicode character —Ä (U+0440)
(inputenc)                not set up for use with LaTeX.

See the inputenc package documentation for explanation.
Type  H <return>  for immediate help.
 ...                                              
                                                  
l.2 \subsection*{–û–±–ª–∞—Å—Ç—å –ø—Ä
                                    –∏–º–µ–Ω–µ–Ω–∏—è}
You may provide a definition with
\DeclareUnicodeCharacter 


! Package inputenc Error: Unicode character –∏ (U+0438)
(inputenc)                not set up for use with LaTeX.

See the inputenc package documentation for explanation.
Type  H <return>  for immediate help.
 ...                                              
                                                  
l.2 \subsection*{–û–±–ª–∞—Å—Ç—å –ø—Ä–∏
                                      –º–µ–Ω–µ–Ω–∏—è}
You may provide a definition with
\DeclareUnicodeCharacter 


! Package inputenc Error: Unicode character –º (U+043C)
(inputenc)                not set up for use with LaTeX.

See the inputenc package documentation for explanation.
Type  H <return>  for immediate help.
 ...                                              
                                                  
l.2 \subsection*{–û–±–ª–∞—Å—Ç—å –ø—Ä–∏–º
                                        –µ–Ω–µ–Ω–∏—è}
You may provide a definition with
\DeclareUnicodeCharacter 


! Package inputenc Error: Unicode character –µ (U+0435)
(inputenc)                not set up for use with LaTeX.

See the inputenc package documentation for explanation.
Type  H <return>  for immediate help.
 ...                                              
                                                  
l.2 \subsection*{–û–±–ª–∞—Å—Ç—å –ø—Ä–∏–º–µ
                                          –Ω–µ–Ω–∏—è}
You may provide a definition with
\DeclareUnicodeCharacter 


! Package inputenc Error: Unicode character –Ω (U+043D)
(inputenc)                not set up for use with LaTeX.

See the inputenc package documentation for explanation.
Type  H <return>  for immediate help.
 ...                                              
                                                  
l.2 \subsection*{–û–±–ª–∞—Å—Ç—å –ø—Ä–∏–º–µ–Ω
                                            –µ–Ω–∏—è}
(That makes 100 errors; please try again.) 
Here is how much of TeX's memory you used:
 43 strings out of 478994
 708 string characters out of 5864751
 283044 words of memory out of 5000000
 17628 multiletter control sequences out of 15000+600000
 403430 words of font info for 27 fonts, out of 8000000 for 9000
 1141 hyphenation exceptions out of 8191
 13i,0n,15p,230b,39s stack positions out of 5000i,500n,10000p,200000b,80000s

!  ==> Fatal error occurred, no output PDF file produced!
