This is pdfTeX, Version 3.141592653-2.6-1.40.22 (TeX Live 2021/Arch Linux) (preloaded format=pdflatex 2021.5.27)  30 MAY 2021 17:25
entering extended mode
 restricted \write18 enabled.
 %&-line parsing enabled.
**p2.tex
(./p2.tex
LaTeX2e <2020-10-01> patch level 4
L3 programming layer <2021-02-18>
! Undefined control sequence.
l.1 \section
            {–¶–µ–Ω—Ç—Ä–∏—Ä–æ–≤–∞–Ω–Ω—ã–µ –æ–ø—Ç–∏—á–µ—Å–∫–∏–µ —Å–∏—Å—Ç–µ–º—...
The control sequence at the end of the top line
of your error message was never \def'ed. If you have
misspelled it (e.g., `\hobx'), type `I' and the correct
spelling (e.g., `I\hbox'). Otherwise just continue,
and I'll forget about whatever was undefined.


! Package inputenc Error: Unicode character –¶ (U+0426)
(inputenc)                not set up for use with LaTeX.

See the inputenc package documentation for explanation.
Type  H <return>  for immediate help.
 ...                                              
                                                  
l.1 \section{–¶
               –µ–Ω—Ç—Ä–∏—Ä–æ–≤–∞–Ω–Ω—ã–µ –æ–ø—Ç–∏—á–µ—Å–∫–∏–µ —Å–∏—Å—Ç–µ–º—...

You may provide a definition with
\DeclareUnicodeCharacter 


! Package inputenc Error: Unicode character –µ (U+0435)
(inputenc)                not set up for use with LaTeX.

See the inputenc package documentation for explanation.
Type  H <return>  for immediate help.
 ...                                              
                                                  
l.1 \section{–¶–µ
                 –Ω—Ç—Ä–∏—Ä–æ–≤–∞–Ω–Ω—ã–µ –æ–ø—Ç–∏—á–µ—Å–∫–∏–µ —Å–∏—Å—Ç–µ–º—...

You may provide a definition with
\DeclareUnicodeCharacter 


! Package inputenc Error: Unicode character –Ω (U+043D)
(inputenc)                not set up for use with LaTeX.

See the inputenc package documentation for explanation.
Type  H <return>  for immediate help.
 ...                                              
                                                  
l.1 \section{–¶–µ–Ω
                   —Ç—Ä–∏—Ä–æ–≤–∞–Ω–Ω—ã–µ –æ–ø—Ç–∏—á–µ—Å–∫–∏–µ —Å–∏—Å—Ç–µ–º—...

You may provide a definition with
\DeclareUnicodeCharacter 


! Package inputenc Error: Unicode character —Ç (U+0442)
(inputenc)                not set up for use with LaTeX.

See the inputenc package documentation for explanation.
Type  H <return>  for immediate help.
 ...                                              
                                                  
l.1 \section{–¶–µ–Ω—Ç
                     —Ä–∏—Ä–æ–≤–∞–Ω–Ω—ã–µ –æ–ø—Ç–∏—á–µ—Å–∫–∏–µ —Å–∏—Å—Ç–µ–º—...

You may provide a definition with
\DeclareUnicodeCharacter 


! Package inputenc Error: Unicode character —Ä (U+0440)
(inputenc)                not set up for use with LaTeX.

See the inputenc package documentation for explanation.
Type  H <return>  for immediate help.
 ...                                              
                                                  
l.1 \section{–¶–µ–Ω—Ç—Ä
                       –∏—Ä–æ–≤–∞–Ω–Ω—ã–µ –æ–ø—Ç–∏—á–µ—Å–∫–∏–µ —Å–∏—Å—Ç–µ–º—...

You may provide a definition with
\DeclareUnicodeCharacter 


! Package inputenc Error: Unicode character –∏ (U+0438)
(inputenc)                not set up for use with LaTeX.

See the inputenc package documentation for explanation.
Type  H <return>  for immediate help.
 ...                                              
                                                  
l.1 \section{–¶–µ–Ω—Ç—Ä–∏
                         —Ä–æ–≤–∞–Ω–Ω—ã–µ –æ–ø—Ç–∏—á–µ—Å–∫–∏–µ —Å–∏—Å—Ç–µ–º—...

You may provide a definition with
\DeclareUnicodeCharacter 


! Package inputenc Error: Unicode character —Ä (U+0440)
(inputenc)                not set up for use with LaTeX.

See the inputenc package documentation for explanation.
Type  H <return>  for immediate help.
 ...                                              
                                                  
l.1 \section{–¶–µ–Ω—Ç—Ä–∏—Ä
                           –æ–≤–∞–Ω–Ω—ã–µ –æ–ø—Ç–∏—á–µ—Å–∫–∏–µ —Å–∏—Å—Ç–µ–º—...

You may provide a definition with
\DeclareUnicodeCharacter 


! Package inputenc Error: Unicode character –æ (U+043E)
(inputenc)                not set up for use with LaTeX.

See the inputenc package documentation for explanation.
Type  H <return>  for immediate help.
 ...                                              
                                                  
l.1 \section{–¶–µ–Ω—Ç—Ä–∏—Ä–æ
                             –≤–∞–Ω–Ω—ã–µ –æ–ø—Ç–∏—á–µ—Å–∫–∏–µ —Å–∏—Å—Ç–µ–º—...

You may provide a definition with
\DeclareUnicodeCharacter 


! Package inputenc Error: Unicode character –≤ (U+0432)
(inputenc)                not set up for use with LaTeX.

See the inputenc package documentation for explanation.
Type  H <return>  for immediate help.
 ...                                              
                                                  
l.1 \section{–¶–µ–Ω—Ç—Ä–∏—Ä–æ–≤
                               –∞–Ω–Ω—ã–µ –æ–ø—Ç–∏—á–µ—Å–∫–∏–µ —Å–∏—Å—Ç–µ–º—...

You may provide a definition with
\DeclareUnicodeCharacter 


! Package inputenc Error: Unicode character –∞ (U+0430)
(inputenc)                not set up for use with LaTeX.

See the inputenc package documentation for explanation.
Type  H <return>  for immediate help.
 ...                                              
                                                  
l.1 \section{–¶–µ–Ω—Ç—Ä–∏—Ä–æ–≤–∞
                                 –Ω–Ω—ã–µ –æ–ø—Ç–∏—á–µ—Å–∫–∏–µ —Å–∏—Å—Ç–µ–º—...

You may provide a definition with
\DeclareUnicodeCharacter 


! Package inputenc Error: Unicode character –Ω (U+043D)
(inputenc)                not set up for use with LaTeX.

See the inputenc package documentation for explanation.
Type  H <return>  for immediate help.
 ...                                              
                                                  
l.1 \section{–¶–µ–Ω—Ç—Ä–∏—Ä–æ–≤–∞–Ω
                                   –Ω—ã–µ –æ–ø—Ç–∏—á–µ—Å–∫–∏–µ —Å–∏—Å—Ç–µ–º—...

You may provide a definition with
\DeclareUnicodeCharacter 


! Package inputenc Error: Unicode character –Ω (U+043D)
(inputenc)                not set up for use with LaTeX.

See the inputenc package documentation for explanation.
Type  H <return>  for immediate help.
 ...                                              
                                                  
l.1 \section{–¶–µ–Ω—Ç—Ä–∏—Ä–æ–≤–∞–Ω–Ω
                                     —ã–µ –æ–ø—Ç–∏—á–µ—Å–∫–∏–µ —Å–∏—Å—Ç–µ–º—...

You may provide a definition with
\DeclareUnicodeCharacter 


! Package inputenc Error: Unicode character —ã (U+044B)
(inputenc)                not set up for use with LaTeX.

See the inputenc package documentation for explanation.
Type  H <return>  for immediate help.
 ...                                              
                                                  
l.1 \section{–¶–µ–Ω—Ç—Ä–∏—Ä–æ–≤–∞–Ω–Ω—ã
                                       –µ –æ–ø—Ç–∏—á–µ—Å–∫–∏–µ —Å–∏—Å—Ç–µ–º—...

You may provide a definition with
\DeclareUnicodeCharacter 


! Package inputenc Error: Unicode character –µ (U+0435)
(inputenc)                not set up for use with LaTeX.

See the inputenc package documentation for explanation.
Type  H <return>  for immediate help.
 ...                                              
                                                  
l.1 \section{–¶–µ–Ω—Ç—Ä–∏—Ä–æ–≤–∞–Ω–Ω—ã–µ
                                          –æ–ø—Ç–∏—á–µ—Å–∫–∏–µ —Å–∏—Å—Ç–µ–º—...

You may provide a definition with
\DeclareUnicodeCharacter 


! Package inputenc Error: Unicode character –æ (U+043E)
(inputenc)                not set up for use with LaTeX.

See the inputenc package documentation for explanation.
Type  H <return>  for immediate help.
 ...                                              
                                                  
l.1 \section{–¶–µ–Ω—Ç—Ä–∏—Ä–æ–≤–∞–Ω–Ω—ã–µ –æ
                                            –ø—Ç–∏—á–µ—Å–∫–∏–µ —Å–∏—Å—Ç–µ–º—...

You may provide a definition with
\DeclareUnicodeCharacter 


! Package inputenc Error: Unicode character –ø (U+043F)
(inputenc)                not set up for use with LaTeX.

See the inputenc package documentation for explanation.
Type  H <return>  for immediate help.
 ...                                              
                                                  
l.1 \section{–¶–µ–Ω—Ç—Ä–∏—Ä–æ–≤–∞–Ω–Ω—ã–µ –æ–ø
                                              —Ç–∏—á–µ—Å–∫–∏–µ —Å–∏—Å—Ç–µ–º—...

You may provide a definition with
\DeclareUnicodeCharacter 


! Package inputenc Error: Unicode character —Ç (U+0442)
(inputenc)                not set up for use with LaTeX.

See the inputenc package documentation for explanation.
Type  H <return>  for immediate help.
 ...                                              
                                                  
l.1 \section{–¶–µ–Ω—Ç—Ä–∏—Ä–æ–≤–∞–Ω–Ω—ã–µ –æ–ø—Ç
                                                –∏—á–µ—Å–∫–∏–µ —Å–∏—Å—Ç–µ–º—...

You may provide a definition with
\DeclareUnicodeCharacter 


! Package inputenc Error: Unicode character –∏ (U+0438)
(inputenc)                not set up for use with LaTeX.

See the inputenc package documentation for explanation.
Type  H <return>  for immediate help.
 ...                                              
                                                  
l.1 \section{–¶–µ–Ω—Ç—Ä–∏—Ä–æ–≤–∞–Ω–Ω—ã–µ –æ–ø—Ç–∏
                                                  —á–µ—Å–∫–∏–µ —Å–∏—Å—Ç–µ–º—...

You may provide a definition with
\DeclareUnicodeCharacter 


! Package inputenc Error: Unicode character —á (U+0447)
(inputenc)                not set up for use with LaTeX.

See the inputenc package documentation for explanation.
Type  H <return>  for immediate help.
 ...                                              
                                                  
l.1 ...ion{–¶–µ–Ω—Ç—Ä–∏—Ä–æ–≤–∞–Ω–Ω—ã–µ –æ–ø—Ç–∏—á
                                                  –µ—Å–∫–∏–µ —Å–∏—Å—Ç–µ–º—ã....

You may provide a definition with
\DeclareUnicodeCharacter 


! Package inputenc Error: Unicode character –µ (U+0435)
(inputenc)                not set up for use with LaTeX.

See the inputenc package documentation for explanation.
Type  H <return>  for immediate help.
 ...                                              
                                                  
l.1 ...n{–¶–µ–Ω—Ç—Ä–∏—Ä–æ–≤–∞–Ω–Ω—ã–µ –æ–ø—Ç–∏—á–µ
                                                  —Å–∫–∏–µ —Å–∏—Å—Ç–µ–º—ã. –...

You may provide a definition with
\DeclareUnicodeCharacter 


! Package inputenc Error: Unicode character —Å (U+0441)
(inputenc)                not set up for use with LaTeX.

See the inputenc package documentation for explanation.
Type  H <return>  for immediate help.
 ...                                              
                                                  
l.1 ...–¶–µ–Ω—Ç—Ä–∏—Ä–æ–≤–∞–Ω–Ω—ã–µ –æ–ø—Ç–∏—á–µ—Å
                                                  –∫–∏–µ —Å–∏—Å—Ç–µ–º—ã. –¢–...

You may provide a definition with
\DeclareUnicodeCharacter 


! Package inputenc Error: Unicode character –∫ (U+043A)
(inputenc)                not set up for use with LaTeX.

See the inputenc package documentation for explanation.
Type  H <return>  for immediate help.
 ...                                              
                                                  
l.1 ...–µ–Ω—Ç—Ä–∏—Ä–æ–≤–∞–Ω–Ω—ã–µ –æ–ø—Ç–∏—á–µ—Å–∫
                                                  –∏–µ —Å–∏—Å—Ç–µ–º—ã. –¢–æ–...

You may provide a definition with
\DeclareUnicodeCharacter 


! Package inputenc Error: Unicode character –∏ (U+0438)
(inputenc)                not set up for use with LaTeX.

See the inputenc package documentation for explanation.
Type  H <return>  for immediate help.
 ...                                              
                                                  
l.1 ...–Ω—Ç—Ä–∏—Ä–æ–≤–∞–Ω–Ω—ã–µ –æ–ø—Ç–∏—á–µ—Å–∫–∏
                                                  –µ —Å–∏—Å—Ç–µ–º—ã. –¢–æ–Ω–...

You may provide a definition with
\DeclareUnicodeCharacter 


! Package inputenc Error: Unicode character –µ (U+0435)
(inputenc)                not set up for use with LaTeX.

See the inputenc package documentation for explanation.
Type  H <return>  for immediate help.
 ...                                              
                                                  
l.1 ...—Ç—Ä–∏—Ä–æ–≤–∞–Ω–Ω—ã–µ –æ–ø—Ç–∏—á–µ—Å–∫–∏–µ
                                                   —Å–∏—Å—Ç–µ–º—ã. –¢–æ–Ω–∫–...

You may provide a definition with
\DeclareUnicodeCharacter 


! Package inputenc Error: Unicode character —Å (U+0441)
(inputenc)                not set up for use with LaTeX.

See the inputenc package documentation for explanation.
Type  H <return>  for immediate help.
 ...                                              
                                                  
l.1 ...Ä–∏—Ä–æ–≤–∞–Ω–Ω—ã–µ –æ–ø—Ç–∏—á–µ—Å–∫–∏–µ —Å
                                                  –∏—Å—Ç–µ–º—ã. –¢–æ–Ω–∫–∞—è...

You may provide a definition with
\DeclareUnicodeCharacter 


! Package inputenc Error: Unicode character –∏ (U+0438)
(inputenc)                not set up for use with LaTeX.

See the inputenc package documentation for explanation.
Type  H <return>  for immediate help.
 ...                                              
                                                  
l.1 ...∏—Ä–æ–≤–∞–Ω–Ω—ã–µ –æ–ø—Ç–∏—á–µ—Å–∫–∏–µ —Å–∏
                                                  —Å—Ç–µ–º—ã. –¢–æ–Ω–∫–∞—è –...

You may provide a definition with
\DeclareUnicodeCharacter 


! Package inputenc Error: Unicode character —Å (U+0441)
(inputenc)                not set up for use with LaTeX.

See the inputenc package documentation for explanation.
Type  H <return>  for immediate help.
 ...                                              
                                                  
l.1 ...Ä–æ–≤–∞–Ω–Ω—ã–µ –æ–ø—Ç–∏—á–µ—Å–∫–∏–µ —Å–∏—Å
                                                  —Ç–µ–º—ã. –¢–æ–Ω–∫–∞—è –ª–...

You may provide a definition with
\DeclareUnicodeCharacter 


! Package inputenc Error: Unicode character —Ç (U+0442)
(inputenc)                not set up for use with LaTeX.

See the inputenc package documentation for explanation.
Type  H <return>  for immediate help.
 ...                                              
                                                  
l.1 ...æ–≤–∞–Ω–Ω—ã–µ –æ–ø—Ç–∏—á–µ—Å–∫–∏–µ —Å–∏—Å—Ç
                                                  –µ–º—ã. –¢–æ–Ω–∫–∞—è –ª–∏–...

You may provide a definition with
\DeclareUnicodeCharacter 


! Package inputenc Error: Unicode character –µ (U+0435)
(inputenc)                not set up for use with LaTeX.

See the inputenc package documentation for explanation.
Type  H <return>  for immediate help.
 ...                                              
                                                  
l.1 ...≤–∞–Ω–Ω—ã–µ –æ–ø—Ç–∏—á–µ—Å–∫–∏–µ —Å–∏—Å—Ç–µ
                                                  –º—ã. –¢–æ–Ω–∫–∞—è –ª–∏–Ω–...

You may provide a definition with
\DeclareUnicodeCharacter 


! Package inputenc Error: Unicode character –º (U+043C)
(inputenc)                not set up for use with LaTeX.

See the inputenc package documentation for explanation.
Type  H <return>  for immediate help.
 ...                                              
                                                  
l.1 ...∞–Ω–Ω—ã–µ –æ–ø—Ç–∏—á–µ—Å–∫–∏–µ —Å–∏—Å—Ç–µ–º
                                                  —ã. –¢–æ–Ω–∫–∞—è –ª–∏–Ω–∑–...

You may provide a definition with
\DeclareUnicodeCharacter 


! Package inputenc Error: Unicode character —ã (U+044B)
(inputenc)                not set up for use with LaTeX.

See the inputenc package documentation for explanation.
Type  H <return>  for immediate help.
 ...                                              
                                                  
l.1 ...Ω–Ω—ã–µ –æ–ø—Ç–∏—á–µ—Å–∫–∏–µ —Å–∏—Å—Ç–µ–º—ã
                                                  . –¢–æ–Ω–∫–∞—è –ª–∏–Ω–∑–∞....

You may provide a definition with
\DeclareUnicodeCharacter 


! LaTeX Error: Missing \begin{document}.

See the LaTeX manual or LaTeX Companion for explanation.
Type  H <return>  for immediate help.
 ...                                              
                                                  
l.1 ...–Ω—ã–µ –æ–ø—Ç–∏—á–µ—Å–∫–∏–µ —Å–∏—Å—Ç–µ–º—ã.
                                                   –¢–æ–Ω–∫–∞—è –ª–∏–Ω–∑–∞. ...

You're in trouble here.  Try typing  <return>  to proceed.
If that doesn't work, type  X <return>  to quit.

Missing character: There is no . in font nullfont!

! Package inputenc Error: Unicode character –¢ (U+0422)
(inputenc)                not set up for use with LaTeX.

See the inputenc package documentation for explanation.
Type  H <return>  for immediate help.
 ...                                              
                                                  
l.1 ...ã–µ –æ–ø—Ç–∏—á–µ—Å–∫–∏–µ —Å–∏—Å—Ç–µ–º—ã. –¢
                                                  –æ–Ω–∫–∞—è –ª–∏–Ω–∑–∞. –§–...

You may provide a definition with
\DeclareUnicodeCharacter 


! Package inputenc Error: Unicode character –æ (U+043E)
(inputenc)                not set up for use with LaTeX.

See the inputenc package documentation for explanation.
Type  H <return>  for immediate help.
 ...                                              
                                                  
l.1 ...µ –æ–ø—Ç–∏—á–µ—Å–∫–∏–µ —Å–∏—Å—Ç–µ–º—ã. –¢–æ
                                                  –Ω–∫–∞—è –ª–∏–Ω–∑–∞. –§–æ–...

You may provide a definition with
\DeclareUnicodeCharacter 


! Package inputenc Error: Unicode character –Ω (U+043D)
(inputenc)                not set up for use with LaTeX.

See the inputenc package documentation for explanation.
Type  H <return>  for immediate help.
 ...                                              
                                                  
l.1 ...–æ–ø—Ç–∏—á–µ—Å–∫–∏–µ —Å–∏—Å—Ç–µ–º—ã. –¢–æ–Ω
                                                  –∫–∞—è –ª–∏–Ω–∑–∞. –§–æ–∫—...

You may provide a definition with
\DeclareUnicodeCharacter 


! Package inputenc Error: Unicode character –∫ (U+043A)
(inputenc)                not set up for use with LaTeX.

See the inputenc package documentation for explanation.
Type  H <return>  for immediate help.
 ...                                              
                                                  
l.1 ...–ø—Ç–∏—á–µ—Å–∫–∏–µ —Å–∏—Å—Ç–µ–º—ã. –¢–æ–Ω–∫
                                                  –∞—è –ª–∏–Ω–∑–∞. –§–æ–∫—É—...

You may provide a definition with
\DeclareUnicodeCharacter 


! Package inputenc Error: Unicode character –∞ (U+0430)
(inputenc)                not set up for use with LaTeX.

See the inputenc package documentation for explanation.
Type  H <return>  for immediate help.
 ...                                              
                                                  
l.1 ...—Ç–∏—á–µ—Å–∫–∏–µ —Å–∏—Å—Ç–µ–º—ã. –¢–æ–Ω–∫–∞
                                                  —è –ª–∏–Ω–∑–∞. –§–æ–∫—É—Å—...

You may provide a definition with
\DeclareUnicodeCharacter 


! Package inputenc Error: Unicode character —è (U+044F)
(inputenc)                not set up for use with LaTeX.

See the inputenc package documentation for explanation.
Type  H <return>  for immediate help.
 ...                                              
                                                  
l.1 ...–∏—á–µ—Å–∫–∏–µ —Å–∏—Å—Ç–µ–º—ã. –¢–æ–Ω–∫–∞—è
                                                   –ª–∏–Ω–∑–∞. –§–æ–∫—É—Å—ã ...

You may provide a definition with
\DeclareUnicodeCharacter 


! Package inputenc Error: Unicode character –ª (U+043B)
(inputenc)                not set up for use with LaTeX.

See the inputenc package documentation for explanation.
Type  H <return>  for immediate help.
 ...                                              
                                                  
l.1 ...á–µ—Å–∫–∏–µ —Å–∏—Å—Ç–µ–º—ã. –¢–æ–Ω–∫–∞—è –ª
                                                  –∏–Ω–∑–∞. –§–æ–∫—É—Å—ã –∏ ...

You may provide a definition with
\DeclareUnicodeCharacter 


! Package inputenc Error: Unicode character –∏ (U+0438)
(inputenc)                not set up for use with LaTeX.

See the inputenc package documentation for explanation.
Type  H <return>  for immediate help.
 ...                                              
                                                  
l.1 ...µ—Å–∫–∏–µ —Å–∏—Å—Ç–µ–º—ã. –¢–æ–Ω–∫–∞—è –ª–∏
                                                  –Ω–∑–∞. –§–æ–∫—É—Å—ã –∏ –≥...

You may provide a definition with
\DeclareUnicodeCharacter 


! Package inputenc Error: Unicode character –Ω (U+043D)
(inputenc)                not set up for use with LaTeX.

See the inputenc package documentation for explanation.
Type  H <return>  for immediate help.
 ...                                              
                                                  
l.1 ...Å–∫–∏–µ —Å–∏—Å—Ç–µ–º—ã. –¢–æ–Ω–∫–∞—è –ª–∏–Ω
                                                  –∑–∞. –§–æ–∫—É—Å—ã –∏ –≥–ª...

You may provide a definition with
\DeclareUnicodeCharacter 


! Package inputenc Error: Unicode character –∑ (U+0437)
(inputenc)                not set up for use with LaTeX.

See the inputenc package documentation for explanation.
Type  H <return>  for immediate help.
 ...                                              
                                                  
l.1 ...∫–∏–µ —Å–∏—Å—Ç–µ–º—ã. –¢–æ–Ω–∫–∞—è –ª–∏–Ω–∑
                                                  –∞. –§–æ–∫—É—Å—ã –∏ –≥–ª–∞...

You may provide a definition with
\DeclareUnicodeCharacter 


! Package inputenc Error: Unicode character –∞ (U+0430)
(inputenc)                not set up for use with LaTeX.

See the inputenc package documentation for explanation.
Type  H <return>  for immediate help.
 ...                                              
                                                  
l.1 ...∏–µ —Å–∏—Å—Ç–µ–º—ã. –¢–æ–Ω–∫–∞—è –ª–∏–Ω–∑–∞
                                                  . –§–æ–∫—É—Å—ã –∏ –≥–ª–∞–≤...

You may provide a definition with
\DeclareUnicodeCharacter 

Missing character: There is no . in font nullfont!

! Package inputenc Error: Unicode character –§ (U+0424)
(inputenc)                not set up for use with LaTeX.

See the inputenc package documentation for explanation.
Type  H <return>  for immediate help.
 ...                                              
                                                  
l.1 ...—Å–∏—Å—Ç–µ–º—ã. –¢–æ–Ω–∫–∞—è –ª–∏–Ω–∑–∞. –§
                                                  –æ–∫—É—Å—ã –∏ –≥–ª–∞–≤–Ω—ã...

You may provide a definition with
\DeclareUnicodeCharacter 


! Package inputenc Error: Unicode character –æ (U+043E)
(inputenc)                not set up for use with LaTeX.

See the inputenc package documentation for explanation.
Type  H <return>  for immediate help.
 ...                                              
                                                  
l.1 ...–∏—Å—Ç–µ–º—ã. –¢–æ–Ω–∫–∞—è –ª–∏–Ω–∑–∞. –§–æ
                                                  –∫—É—Å—ã –∏ –≥–ª–∞–≤–Ω—ã–µ...

You may provide a definition with
\DeclareUnicodeCharacter 


! Package inputenc Error: Unicode character –∫ (U+043A)
(inputenc)                not set up for use with LaTeX.

See the inputenc package documentation for explanation.
Type  H <return>  for immediate help.
 ...                                              
                                                  
l.1 ...—Å—Ç–µ–º—ã. –¢–æ–Ω–∫–∞—è –ª–∏–Ω–∑–∞. –§–æ–∫
                                                  —É—Å—ã –∏ –≥–ª–∞–≤–Ω—ã–µ –...

You may provide a definition with
\DeclareUnicodeCharacter 


! Package inputenc Error: Unicode character —É (U+0443)
(inputenc)                not set up for use with LaTeX.

See the inputenc package documentation for explanation.
Type  H <return>  for immediate help.
 ...                                              
                                                  
l.1 ...—Ç–µ–º—ã. –¢–æ–Ω–∫–∞—è –ª–∏–Ω–∑–∞. –§–æ–∫—É
                                                  —Å—ã –∏ –≥–ª–∞–≤–Ω—ã–µ –ø–...

You may provide a definition with
\DeclareUnicodeCharacter 


! Package inputenc Error: Unicode character —Å (U+0441)
(inputenc)                not set up for use with LaTeX.

See the inputenc package documentation for explanation.
Type  H <return>  for immediate help.
 ...                                              
                                                  
l.1 ...–µ–º—ã. –¢–æ–Ω–∫–∞—è –ª–∏–Ω–∑–∞. –§–æ–∫—É—Å
                                                  —ã –∏ –≥–ª–∞–≤–Ω—ã–µ –ø–ª–...

You may provide a definition with
\DeclareUnicodeCharacter 


! Package inputenc Error: Unicode character —ã (U+044B)
(inputenc)                not set up for use with LaTeX.

See the inputenc package documentation for explanation.
Type  H <return>  for immediate help.
 ...                                              
                                                  
l.1 ...–º—ã. –¢–æ–Ω–∫–∞—è –ª–∏–Ω–∑–∞. –§–æ–∫—É—Å—ã
                                                   –∏ –≥–ª–∞–≤–Ω—ã–µ –ø–ª–æ—...

You may provide a definition with
\DeclareUnicodeCharacter 


! Package inputenc Error: Unicode character –∏ (U+0438)
(inputenc)                not set up for use with LaTeX.

See the inputenc package documentation for explanation.
Type  H <return>  for immediate help.
 ...                                              
                                                  
l.1 ...ã. –¢–æ–Ω–∫–∞—è –ª–∏–Ω–∑–∞. –§–æ–∫—É—Å—ã –∏
                                                   –≥–ª–∞–≤–Ω—ã–µ –ø–ª–æ—Å–∫...

You may provide a definition with
\DeclareUnicodeCharacter 


! Package inputenc Error: Unicode character –≥ (U+0433)
(inputenc)                not set up for use with LaTeX.

See the inputenc package documentation for explanation.
Type  H <return>  for immediate help.
 ...                                              
                                                  
l.1 ...–¢–æ–Ω–∫–∞—è –ª–∏–Ω–∑–∞. –§–æ–∫—É—Å—ã –∏ –≥
                                                  –ª–∞–≤–Ω—ã–µ –ø–ª–æ—Å–∫–æ—...

You may provide a definition with
\DeclareUnicodeCharacter 


! Package inputenc Error: Unicode character –ª (U+043B)
(inputenc)                not set up for use with LaTeX.

See the inputenc package documentation for explanation.
Type  H <return>  for immediate help.
 ...                                              
                                                  
l.1 ...–æ–Ω–∫–∞—è –ª–∏–Ω–∑–∞. –§–æ–∫—É—Å—ã –∏ –≥–ª
                                                  –∞–≤–Ω—ã–µ –ø–ª–æ—Å–∫–æ—Å—...

You may provide a definition with
\DeclareUnicodeCharacter 


! Package inputenc Error: Unicode character –∞ (U+0430)
(inputenc)                not set up for use with LaTeX.

See the inputenc package documentation for explanation.
Type  H <return>  for immediate help.
 ...                                              
                                                  
l.1 ...–Ω–∫–∞—è –ª–∏–Ω–∑–∞. –§–æ–∫—É—Å—ã –∏ –≥–ª–∞
                                                  –≤–Ω—ã–µ –ø–ª–æ—Å–∫–æ—Å—Ç–...

You may provide a definition with
\DeclareUnicodeCharacter 


! Package inputenc Error: Unicode character –≤ (U+0432)
(inputenc)                not set up for use with LaTeX.

See the inputenc package documentation for explanation.
Type  H <return>  for immediate help.
 ...                                              
                                                  
l.1 ...–∫–∞—è –ª–∏–Ω–∑–∞. –§–æ–∫—É—Å—ã –∏ –≥–ª–∞–≤
                                                  –Ω—ã–µ –ø–ª–æ—Å–∫–æ—Å—Ç–∏ ...

You may provide a definition with
\DeclareUnicodeCharacter 


! Package inputenc Error: Unicode character –Ω (U+043D)
(inputenc)                not set up for use with LaTeX.

See the inputenc package documentation for explanation.
Type  H <return>  for immediate help.
 ...                                              
                                                  
l.1 ...–∞—è –ª–∏–Ω–∑–∞. –§–æ–∫—É—Å—ã –∏ –≥–ª–∞–≤–Ω
                                                  —ã–µ –ø–ª–æ—Å–∫–æ—Å—Ç–∏ –æ...

You may provide a definition with
\DeclareUnicodeCharacter 


! Package inputenc Error: Unicode character —ã (U+044B)
(inputenc)                not set up for use with LaTeX.

See the inputenc package documentation for explanation.
Type  H <return>  for immediate help.
 ...                                              
                                                  
l.1 ...—è –ª–∏–Ω–∑–∞. –§–æ–∫—É—Å—ã –∏ –≥–ª–∞–≤–Ω—ã
                                                  –µ –ø–ª–æ—Å–∫–æ—Å—Ç–∏ –æ–ø...

You may provide a definition with
\DeclareUnicodeCharacter 


! Package inputenc Error: Unicode character –µ (U+0435)
(inputenc)                not set up for use with LaTeX.

See the inputenc package documentation for explanation.
Type  H <return>  for immediate help.
 ...                                              
                                                  
l.1 ... –ª–∏–Ω–∑–∞. –§–æ–∫—É—Å—ã –∏ –≥–ª–∞–≤–Ω—ã–µ
                                                   –ø–ª–æ—Å–∫–æ—Å—Ç–∏ –æ–ø—Ç...

You may provide a definition with
\DeclareUnicodeCharacter 


! Package inputenc Error: Unicode character –ø (U+043F)
(inputenc)                not set up for use with LaTeX.

See the inputenc package documentation for explanation.
Type  H <return>  for immediate help.
 ...                                              
                                                  
l.1 ...–∏–Ω–∑–∞. –§–æ–∫—É—Å—ã –∏ –≥–ª–∞–≤–Ω—ã–µ –ø
                                                  –ª–æ—Å–∫–æ—Å—Ç–∏ –æ–ø—Ç–∏—...

You may provide a definition with
\DeclareUnicodeCharacter 


! Package inputenc Error: Unicode character –ª (U+043B)
(inputenc)                not set up for use with LaTeX.

See the inputenc package documentation for explanation.
Type  H <return>  for immediate help.
 ...                                              
                                                  
l.1 ...–Ω–∑–∞. –§–æ–∫—É—Å—ã –∏ –≥–ª–∞–≤–Ω—ã–µ –ø–ª
                                                  –æ—Å–∫–æ—Å—Ç–∏ –æ–ø—Ç–∏—á–...

You may provide a definition with
\DeclareUnicodeCharacter 


! Package inputenc Error: Unicode character –æ (U+043E)
(inputenc)                not set up for use with LaTeX.

See the inputenc package documentation for explanation.
Type  H <return>  for immediate help.
 ...                                              
                                                  
l.1 ...–∑–∞. –§–æ–∫—É—Å—ã –∏ –≥–ª–∞–≤–Ω—ã–µ –ø–ª–æ
                                                  —Å–∫–æ—Å—Ç–∏ –æ–ø—Ç–∏—á–µ—...

You may provide a definition with
\DeclareUnicodeCharacter 


! Package inputenc Error: Unicode character —Å (U+0441)
(inputenc)                not set up for use with LaTeX.

See the inputenc package documentation for explanation.
Type  H <return>  for immediate help.
 ...                                              
                                                  
l.1 ...–∞. –§–æ–∫—É—Å—ã –∏ –≥–ª–∞–≤–Ω—ã–µ –ø–ª–æ—Å
                                                  –∫–æ—Å—Ç–∏ –æ–ø—Ç–∏—á–µ—Å–...

You may provide a definition with
\DeclareUnicodeCharacter 


! Package inputenc Error: Unicode character –∫ (U+043A)
(inputenc)                not set up for use with LaTeX.

See the inputenc package documentation for explanation.
Type  H <return>  for immediate help.
 ...                                              
                                                  
l.1 .... –§–æ–∫—É—Å—ã –∏ –≥–ª–∞–≤–Ω—ã–µ –ø–ª–æ—Å–∫
                                                  –æ—Å—Ç–∏ –æ–ø—Ç–∏—á–µ—Å–∫–...

You may provide a definition with
\DeclareUnicodeCharacter 


! Package inputenc Error: Unicode character –æ (U+043E)
(inputenc)                not set up for use with LaTeX.

See the inputenc package documentation for explanation.
Type  H <return>  for immediate help.
 ...                                              
                                                  
l.1 ...–§–æ–∫—É—Å—ã –∏ –≥–ª–∞–≤–Ω—ã–µ –ø–ª–æ—Å–∫–æ
                                                  —Å—Ç–∏ –æ–ø—Ç–∏—á–µ—Å–∫–æ–...

You may provide a definition with
\DeclareUnicodeCharacter 


! Package inputenc Error: Unicode character —Å (U+0441)
(inputenc)                not set up for use with LaTeX.

See the inputenc package documentation for explanation.
Type  H <return>  for immediate help.
 ...                                              
                                                  
l.1 ...–æ–∫—É—Å—ã –∏ –≥–ª–∞–≤–Ω—ã–µ –ø–ª–æ—Å–∫–æ—Å
                                                  —Ç–∏ –æ–ø—Ç–∏—á–µ—Å–∫–æ–π ...

You may provide a definition with
\DeclareUnicodeCharacter 


! Package inputenc Error: Unicode character —Ç (U+0442)
(inputenc)                not set up for use with LaTeX.

See the inputenc package documentation for explanation.
Type  H <return>  for immediate help.
 ...                                              
                                                  
l.1 ...–∫—É—Å—ã –∏ –≥–ª–∞–≤–Ω—ã–µ –ø–ª–æ—Å–∫–æ—Å—Ç
                                                  –∏ –æ–ø—Ç–∏—á–µ—Å–∫–æ–π —Å...

You may provide a definition with
\DeclareUnicodeCharacter 


! Package inputenc Error: Unicode character –∏ (U+0438)
(inputenc)                not set up for use with LaTeX.

See the inputenc package documentation for explanation.
Type  H <return>  for immediate help.
 ...                                              
                                                  
l.1 ...—É—Å—ã –∏ –≥–ª–∞–≤–Ω—ã–µ –ø–ª–æ—Å–∫–æ—Å—Ç–∏
                                                   –æ–ø—Ç–∏—á–µ—Å–∫–æ–π —Å–∏...

You may provide a definition with
\DeclareUnicodeCharacter 


! Package inputenc Error: Unicode character –æ (U+043E)
(inputenc)                not set up for use with LaTeX.

See the inputenc package documentation for explanation.
Type  H <return>  for immediate help.
 ...                                              
                                                  
l.1 ...Å—ã –∏ –≥–ª–∞–≤–Ω—ã–µ –ø–ª–æ—Å–∫–æ—Å—Ç–∏ –æ
                                                  –ø—Ç–∏—á–µ—Å–∫–æ–π —Å–∏—Å—...

You may provide a definition with
\DeclareUnicodeCharacter 


! Package inputenc Error: Unicode character –ø (U+043F)
(inputenc)                not set up for use with LaTeX.

See the inputenc package documentation for explanation.
Type  H <return>  for immediate help.
 ...                                              
                                                  
l.1 ...ã –∏ –≥–ª–∞–≤–Ω—ã–µ –ø–ª–æ—Å–∫–æ—Å—Ç–∏ –æ–ø
                                                  —Ç–∏—á–µ—Å–∫–æ–π —Å–∏—Å—Ç–...

You may provide a definition with
\DeclareUnicodeCharacter 


! Package inputenc Error: Unicode character —Ç (U+0442)
(inputenc)                not set up for use with LaTeX.

See the inputenc package documentation for explanation.
Type  H <return>  for immediate help.
 ...                                              
                                                  
l.1 ...–∏ –≥–ª–∞–≤–Ω—ã–µ –ø–ª–æ—Å–∫–æ—Å—Ç–∏ –æ–ø—Ç
                                                  –∏—á–µ—Å–∫–æ–π —Å–∏—Å—Ç–µ–...

You may provide a definition with
\DeclareUnicodeCharacter 


! Package inputenc Error: Unicode character –∏ (U+0438)
(inputenc)                not set up for use with LaTeX.

See the inputenc package documentation for explanation.
Type  H <return>  for immediate help.
 ...                                              
                                                  
l.1 ... –≥–ª–∞–≤–Ω—ã–µ –ø–ª–æ—Å–∫–æ—Å—Ç–∏ –æ–ø—Ç–∏
                                                  —á–µ—Å–∫–æ–π —Å–∏—Å—Ç–µ–º—...

You may provide a definition with
\DeclareUnicodeCharacter 


! Package inputenc Error: Unicode character —á (U+0447)
(inputenc)                not set up for use with LaTeX.

See the inputenc package documentation for explanation.
Type  H <return>  for immediate help.
 ...                                              
                                                  
l.1 ...≥–ª–∞–≤–Ω—ã–µ –ø–ª–æ—Å–∫–æ—Å—Ç–∏ –æ–ø—Ç–∏—á
                                                  –µ—Å–∫–æ–π —Å–∏—Å—Ç–µ–º—ã....

You may provide a definition with
\DeclareUnicodeCharacter 


! Package inputenc Error: Unicode character –µ (U+0435)
(inputenc)                not set up for use with LaTeX.

See the inputenc package documentation for explanation.
Type  H <return>  for immediate help.
 ...                                              
                                                  
l.1 ...ª–∞–≤–Ω—ã–µ –ø–ª–æ—Å–∫–æ—Å—Ç–∏ –æ–ø—Ç–∏—á–µ
                                                  —Å–∫–æ–π —Å–∏—Å—Ç–µ–º—ã. –...

You may provide a definition with
\DeclareUnicodeCharacter 


! Package inputenc Error: Unicode character —Å (U+0441)
(inputenc)                not set up for use with LaTeX.

See the inputenc package documentation for explanation.
Type  H <return>  for immediate help.
 ...                                              
                                                  
l.1 ...∞–≤–Ω—ã–µ –ø–ª–æ—Å–∫–æ—Å—Ç–∏ –æ–ø—Ç–∏—á–µ—Å
                                                  –∫–æ–π —Å–∏—Å—Ç–µ–º—ã. –û–...

You may provide a definition with
\DeclareUnicodeCharacter 


! Package inputenc Error: Unicode character –∫ (U+043A)
(inputenc)                not set up for use with LaTeX.

See the inputenc package documentation for explanation.
Type  H <return>  for immediate help.
 ...                                              
                                                  
l.1 ...≤–Ω—ã–µ –ø–ª–æ—Å–∫–æ—Å—Ç–∏ –æ–ø—Ç–∏—á–µ—Å–∫
                                                  –æ–π —Å–∏—Å—Ç–µ–º—ã. –û–ø—...

You may provide a definition with
\DeclareUnicodeCharacter 


! Package inputenc Error: Unicode character –æ (U+043E)
(inputenc)                not set up for use with LaTeX.

See the inputenc package documentation for explanation.
Type  H <return>  for immediate help.
 ...                                              
                                                  
l.1 ...Ω—ã–µ –ø–ª–æ—Å–∫–æ—Å—Ç–∏ –æ–ø—Ç–∏—á–µ—Å–∫–æ
                                                  –π —Å–∏—Å—Ç–µ–º—ã. –û–ø—Ç–...

You may provide a definition with
\DeclareUnicodeCharacter 


! Package inputenc Error: Unicode character –π (U+0439)
(inputenc)                not set up for use with LaTeX.

See the inputenc package documentation for explanation.
Type  H <return>  for immediate help.
 ...                                              
                                                  
l.1 ...ã–µ –ø–ª–æ—Å–∫–æ—Å—Ç–∏ –æ–ø—Ç–∏—á–µ—Å–∫–æ–π
                                                   —Å–∏—Å—Ç–µ–º—ã. –û–ø—Ç–∏—...

You may provide a definition with
\DeclareUnicodeCharacter 


! Package inputenc Error: Unicode character —Å (U+0441)
(inputenc)                not set up for use with LaTeX.

See the inputenc package documentation for explanation.
Type  H <return>  for immediate help.
 ...                                              
                                                  
l.1 ... –ø–ª–æ—Å–∫–æ—Å—Ç–∏ –æ–ø—Ç–∏—á–µ—Å–∫–æ–π —Å
                                                  –∏—Å—Ç–µ–º—ã. –û–ø—Ç–∏—á–µ...

You may provide a definition with
\DeclareUnicodeCharacter 


! Package inputenc Error: Unicode character –∏ (U+0438)
(inputenc)                not set up for use with LaTeX.

See the inputenc package documentation for explanation.
Type  H <return>  for immediate help.
 ...                                              
                                                  
l.1 ...ø–ª–æ—Å–∫–æ—Å—Ç–∏ –æ–ø—Ç–∏—á–µ—Å–∫–æ–π —Å–∏
                                                  —Å—Ç–µ–º—ã. –û–ø—Ç–∏—á–µ—Å...

You may provide a definition with
\DeclareUnicodeCharacter 


! Package inputenc Error: Unicode character —Å (U+0441)
(inputenc)                not set up for use with LaTeX.

See the inputenc package documentation for explanation.
Type  H <return>  for immediate help.
 ...                                              
                                                  
l.1 ...ª–æ—Å–∫–æ—Å—Ç–∏ –æ–ø—Ç–∏—á–µ—Å–∫–æ–π —Å–∏—Å
                                                  —Ç–µ–º—ã. –û–ø—Ç–∏—á–µ—Å–∫...

You may provide a definition with
\DeclareUnicodeCharacter 


! Package inputenc Error: Unicode character —Ç (U+0442)
(inputenc)                not set up for use with LaTeX.

See the inputenc package documentation for explanation.
Type  H <return>  for immediate help.
 ...                                              
                                                  
l.1 ...æ—Å–∫–æ—Å—Ç–∏ –æ–ø—Ç–∏—á–µ—Å–∫–æ–π —Å–∏—Å—Ç
                                                  –µ–º—ã. –û–ø—Ç–∏—á–µ—Å–∫–∏...

You may provide a definition with
\DeclareUnicodeCharacter 


! Package inputenc Error: Unicode character –µ (U+0435)
(inputenc)                not set up for use with LaTeX.

See the inputenc package documentation for explanation.
Type  H <return>  for immediate help.
 ...                                              
                                                  
l.1 ...Å–∫–æ—Å—Ç–∏ –æ–ø—Ç–∏—á–µ—Å–∫–æ–π —Å–∏—Å—Ç–µ
                                                  –º—ã. –û–ø—Ç–∏—á–µ—Å–∫–∏–µ...

You may provide a definition with
\DeclareUnicodeCharacter 


! Package inputenc Error: Unicode character –º (U+043C)
(inputenc)                not set up for use with LaTeX.

See the inputenc package documentation for explanation.
Type  H <return>  for immediate help.
 ...                                              
                                                  
l.1 ...∫–æ—Å—Ç–∏ –æ–ø—Ç–∏—á–µ—Å–∫–æ–π —Å–∏—Å—Ç–µ–º
                                                  —ã. –û–ø—Ç–∏—á–µ—Å–∫–∏–µ –...

You may provide a definition with
\DeclareUnicodeCharacter 


! Package inputenc Error: Unicode character —ã (U+044B)
(inputenc)                not set up for use with LaTeX.

See the inputenc package documentation for explanation.
Type  H <return>  for immediate help.
 ...                                              
                                                  
l.1 ...æ—Å—Ç–∏ –æ–ø—Ç–∏—á–µ—Å–∫–æ–π —Å–∏—Å—Ç–µ–º—ã
                                                  . –û–ø—Ç–∏—á–µ—Å–∫–∏–µ –∏–...

You may provide a definition with
\DeclareUnicodeCharacter 

Missing character: There is no . in font nullfont!

! Package inputenc Error: Unicode character –û (U+041E)
(inputenc)                not set up for use with LaTeX.

See the inputenc package documentation for explanation.
Type  H <return>  for immediate help.
 ...                                              
                                                  
l.1 ...Ç–∏ –æ–ø—Ç–∏—á–µ—Å–∫–æ–π —Å–∏—Å—Ç–µ–º—ã. –û
                                                  –ø—Ç–∏—á–µ—Å–∫–∏–µ –∏–Ω—Å—...

You may provide a definition with
\DeclareUnicodeCharacter 


! Package inputenc Error: Unicode character –ø (U+043F)
(inputenc)                not set up for use with LaTeX.

See the inputenc package documentation for explanation.
Type  H <return>  for immediate help.
 ...                                              
                                                  
l.1 ...∏ –æ–ø—Ç–∏—á–µ—Å–∫–æ–π —Å–∏—Å—Ç–µ–º—ã. –û–ø
                                                  —Ç–∏—á–µ—Å–∫–∏–µ –∏–Ω—Å—Ç—...

You may provide a definition with
\DeclareUnicodeCharacter 


! Package inputenc Error: Unicode character —Ç (U+0442)
(inputenc)                not set up for use with LaTeX.

See the inputenc package documentation for explanation.
Type  H <return>  for immediate help.
 ...                                              
                                                  
l.1 ...–æ–ø—Ç–∏—á–µ—Å–∫–æ–π —Å–∏—Å—Ç–µ–º—ã. –û–ø—Ç
                                                  –∏—á–µ—Å–∫–∏–µ –∏–Ω—Å—Ç—Ä—...

You may provide a definition with
\DeclareUnicodeCharacter 


! Package inputenc Error: Unicode character –∏ (U+0438)
(inputenc)                not set up for use with LaTeX.

See the inputenc package documentation for explanation.
Type  H <return>  for immediate help.
 ...                                              
                                                  
l.1 ...–ø—Ç–∏—á–µ—Å–∫–æ–π —Å–∏—Å—Ç–µ–º—ã. –û–ø—Ç–∏
                                                  —á–µ—Å–∫–∏–µ –∏–Ω—Å—Ç—Ä—É–...

You may provide a definition with
\DeclareUnicodeCharacter 


! Package inputenc Error: Unicode character —á (U+0447)
(inputenc)                not set up for use with LaTeX.

See the inputenc package documentation for explanation.
Type  H <return>  for immediate help.
 ...                                              
                                                  
l.1 ...—Ç–∏—á–µ—Å–∫–æ–π —Å–∏—Å—Ç–µ–º—ã. –û–ø—Ç–∏—á
                                                  –µ—Å–∫–∏–µ –∏–Ω—Å—Ç—Ä—É–º–...

You may provide a definition with
\DeclareUnicodeCharacter 


! Package inputenc Error: Unicode character –µ (U+0435)
(inputenc)                not set up for use with LaTeX.

See the inputenc package documentation for explanation.
Type  H <return>  for immediate help.
 ...                                              
                                                  
l.1 ...–∏—á–µ—Å–∫–æ–π —Å–∏—Å—Ç–µ–º—ã. –û–ø—Ç–∏—á–µ
                                                  —Å–∫–∏–µ –∏–Ω—Å—Ç—Ä—É–º–µ–...

You may provide a definition with
\DeclareUnicodeCharacter 


! Package inputenc Error: Unicode character —Å (U+0441)
(inputenc)                not set up for use with LaTeX.

See the inputenc package documentation for explanation.
Type  H <return>  for immediate help.
 ...                                              
                                                  
l.1 ...—á–µ—Å–∫–æ–π —Å–∏—Å—Ç–µ–º—ã. –û–ø—Ç–∏—á–µ—Å
                                                  –∫–∏–µ –∏–Ω—Å—Ç—Ä—É–º–µ–Ω—...

You may provide a definition with
\DeclareUnicodeCharacter 


! Package inputenc Error: Unicode character –∫ (U+043A)
(inputenc)                not set up for use with LaTeX.

See the inputenc package documentation for explanation.
Type  H <return>  for immediate help.
 ...                                              
                                                  
l.1 ...–µ—Å–∫–æ–π —Å–∏—Å—Ç–µ–º—ã. –û–ø—Ç–∏—á–µ—Å–∫
                                                  –∏–µ –∏–Ω—Å—Ç—Ä—É–º–µ–Ω—Ç—...

You may provide a definition with
\DeclareUnicodeCharacter 


! Package inputenc Error: Unicode character –∏ (U+0438)
(inputenc)                not set up for use with LaTeX.

See the inputenc package documentation for explanation.
Type  H <return>  for immediate help.
 ...                                              
                                                  
l.1 ...—Å–∫–æ–π —Å–∏—Å—Ç–µ–º—ã. –û–ø—Ç–∏—á–µ—Å–∫–∏
                                                  –µ –∏–Ω—Å—Ç—Ä—É–º–µ–Ω—Ç—ã:...

You may provide a definition with
\DeclareUnicodeCharacter 


! Package inputenc Error: Unicode character –µ (U+0435)
(inputenc)                not set up for use with LaTeX.

See the inputenc package documentation for explanation.
Type  H <return>  for immediate help.
 ...                                              
                                                  
l.1 ...–∫–æ–π —Å–∏—Å—Ç–µ–º—ã. –û–ø—Ç–∏—á–µ—Å–∫–∏–µ
                                                   –∏–Ω—Å—Ç—Ä—É–º–µ–Ω—Ç—ã: –...

You may provide a definition with
\DeclareUnicodeCharacter 


! Package inputenc Error: Unicode character –∏ (U+0438)
(inputenc)                not set up for use with LaTeX.

See the inputenc package documentation for explanation.
Type  H <return>  for immediate help.
 ...                                              
                                                  
l.1 ...æ–π —Å–∏—Å—Ç–µ–º—ã. –û–ø—Ç–∏—á–µ—Å–∫–∏–µ –∏
                                                  –Ω—Å—Ç—Ä—É–º–µ–Ω—Ç—ã: –ª—É...

You may provide a definition with
\DeclareUnicodeCharacter 


! Package inputenc Error: Unicode character –Ω (U+043D)
(inputenc)                not set up for use with LaTeX.

See the inputenc package documentation for explanation.
Type  H <return>  for immediate help.
 ...                                              
                                                  
l.1 ...π —Å–∏—Å—Ç–µ–º—ã. –û–ø—Ç–∏—á–µ—Å–∫–∏–µ –∏–Ω
                                                  —Å—Ç—Ä—É–º–µ–Ω—Ç—ã: –ª—É–ø...

You may provide a definition with
\DeclareUnicodeCharacter 


! Package inputenc Error: Unicode character —Å (U+0441)
(inputenc)                not set up for use with LaTeX.

See the inputenc package documentation for explanation.
Type  H <return>  for immediate help.
 ...                                              
                                                  
l.1 ...—Å–∏—Å—Ç–µ–º—ã. –û–ø—Ç–∏—á–µ—Å–∫–∏–µ –∏–Ω—Å
                                                  —Ç—Ä—É–º–µ–Ω—Ç—ã: –ª—É–ø–∞...

You may provide a definition with
\DeclareUnicodeCharacter 


! Package inputenc Error: Unicode character —Ç (U+0442)
(inputenc)                not set up for use with LaTeX.

See the inputenc package documentation for explanation.
Type  H <return>  for immediate help.
 ...                                              
                                                  
l.1 ...–∏—Å—Ç–µ–º—ã. –û–ø—Ç–∏—á–µ—Å–∫–∏–µ –∏–Ω—Å—Ç
                                                  —Ä—É–º–µ–Ω—Ç—ã: –ª—É–ø–∞, ...

You may provide a definition with
\DeclareUnicodeCharacter 


! Package inputenc Error: Unicode character —Ä (U+0440)
(inputenc)                not set up for use with LaTeX.

See the inputenc package documentation for explanation.
Type  H <return>  for immediate help.
 ...                                              
                                                  
l.1 ...—Å—Ç–µ–º—ã. –û–ø—Ç–∏—á–µ—Å–∫–∏–µ –∏–Ω—Å—Ç—Ä
                                                  —É–º–µ–Ω—Ç—ã: –ª—É–ø–∞, —Ç...

You may provide a definition with
\DeclareUnicodeCharacter 


! Package inputenc Error: Unicode character —É (U+0443)
(inputenc)                not set up for use with LaTeX.

See the inputenc package documentation for explanation.
Type  H <return>  for immediate help.
 ...                                              
                                                  
l.1 ...—Ç–µ–º—ã. –û–ø—Ç–∏—á–µ—Å–∫–∏–µ –∏–Ω—Å—Ç—Ä—É
                                                  –º–µ–Ω—Ç—ã: –ª—É–ø–∞, —Ç–µ...
(That makes 100 errors; please try again.) 
Here is how much of TeX's memory you used:
 41 strings out of 478994
 698 string characters out of 5864751
 283044 words of memory out of 5000000
 17626 multiletter control sequences out of 15000+600000
 403430 words of font info for 27 fonts, out of 8000000 for 9000
 1141 hyphenation exceptions out of 8191
 13i,0n,15p,320b,40s stack positions out of 5000i,500n,10000p,200000b,80000s

!  ==> Fatal error occurred, no output PDF file produced!
