This is pdfTeX, Version 3.14159265-2.6-1.40.21 (TeX Live 2020/Arch Linux) (preloaded format=pdflatex 2021.4.19)  25 MAY 2021 15:07
entering extended mode
 restricted \write18 enabled.
 %&-line parsing enabled.
**inputs.tex
(./inputs.tex
LaTeX2e <2020-10-01> patch level 2
L3 programming layer <2020-12-03> xparse <2020-03-03>
! Undefined control sequence.
l.1 \maketitle
              
The control sequence at the end of the top line
of your error message was never \def'ed. If you have
misspelled it (e.g., `\hobx'), type `I' and the correct
spelling (e.g., `I\hbox'). Otherwise just continue,
and I'll forget about whatever was undefined.

! Undefined control sequence.
l.4 \section
            {Геометрическая оптика}
The control sequence at the end of the top line
of your error message was never \def'ed. If you have
misspelled it (e.g., `\hobx'), type `I' and the correct
spelling (e.g., `I\hbox'). Otherwise just continue,
and I'll forget about whatever was undefined.


! Package inputenc Error: Unicode character Г (U+0413)
(inputenc)                not set up for use with LaTeX.

See the inputenc package documentation for explanation.
Type  H <return>  for immediate help.
 ...                                              
                                                  
l.4 \section{Г
               еометрическая оптика}
You may provide a definition with
\DeclareUnicodeCharacter 


! Package inputenc Error: Unicode character е (U+0435)
(inputenc)                not set up for use with LaTeX.

See the inputenc package documentation for explanation.
Type  H <return>  for immediate help.
 ...                                              
                                                  
l.4 \section{Ге
                 ометрическая оптика}
You may provide a definition with
\DeclareUnicodeCharacter 


! Package inputenc Error: Unicode character о (U+043E)
(inputenc)                not set up for use with LaTeX.

See the inputenc package documentation for explanation.
Type  H <return>  for immediate help.
 ...                                              
                                                  
l.4 \section{Гео
                   метрическая оптика}
You may provide a definition with
\DeclareUnicodeCharacter 


! Package inputenc Error: Unicode character м (U+043C)
(inputenc)                not set up for use with LaTeX.

See the inputenc package documentation for explanation.
Type  H <return>  for immediate help.
 ...                                              
                                                  
l.4 \section{Геом
                     етрическая оптика}
You may provide a definition with
\DeclareUnicodeCharacter 


! Package inputenc Error: Unicode character е (U+0435)
(inputenc)                not set up for use with LaTeX.

See the inputenc package documentation for explanation.
Type  H <return>  for immediate help.
 ...                                              
                                                  
l.4 \section{Геоме
                       трическая оптика}
You may provide a definition with
\DeclareUnicodeCharacter 


! Package inputenc Error: Unicode character т (U+0442)
(inputenc)                not set up for use with LaTeX.

See the inputenc package documentation for explanation.
Type  H <return>  for immediate help.
 ...                                              
                                                  
l.4 \section{Геомет
                         рическая оптика}
You may provide a definition with
\DeclareUnicodeCharacter 


! Package inputenc Error: Unicode character р (U+0440)
(inputenc)                not set up for use with LaTeX.

See the inputenc package documentation for explanation.
Type  H <return>  for immediate help.
 ...                                              
                                                  
l.4 \section{Геометр
                           ическая оптика}
You may provide a definition with
\DeclareUnicodeCharacter 


! Package inputenc Error: Unicode character и (U+0438)
(inputenc)                not set up for use with LaTeX.

See the inputenc package documentation for explanation.
Type  H <return>  for immediate help.
 ...                                              
                                                  
l.4 \section{Геометри
                             ческая оптика}
You may provide a definition with
\DeclareUnicodeCharacter 


! Package inputenc Error: Unicode character ч (U+0447)
(inputenc)                not set up for use with LaTeX.

See the inputenc package documentation for explanation.
Type  H <return>  for immediate help.
 ...                                              
                                                  
l.4 \section{Геометрич
                               еская оптика}
You may provide a definition with
\DeclareUnicodeCharacter 


! Package inputenc Error: Unicode character е (U+0435)
(inputenc)                not set up for use with LaTeX.

See the inputenc package documentation for explanation.
Type  H <return>  for immediate help.
 ...                                              
                                                  
l.4 \section{Геометриче
                                 ская оптика}
You may provide a definition with
\DeclareUnicodeCharacter 


! Package inputenc Error: Unicode character с (U+0441)
(inputenc)                not set up for use with LaTeX.

See the inputenc package documentation for explanation.
Type  H <return>  for immediate help.
 ...                                              
                                                  
l.4 \section{Геометричес
                                   кая оптика}
You may provide a definition with
\DeclareUnicodeCharacter 


! Package inputenc Error: Unicode character к (U+043A)
(inputenc)                not set up for use with LaTeX.

See the inputenc package documentation for explanation.
Type  H <return>  for immediate help.
 ...                                              
                                                  
l.4 \section{Геометрическ
                                     ая оптика}
You may provide a definition with
\DeclareUnicodeCharacter 


! Package inputenc Error: Unicode character а (U+0430)
(inputenc)                not set up for use with LaTeX.

See the inputenc package documentation for explanation.
Type  H <return>  for immediate help.
 ...                                              
                                                  
l.4 \section{Геометрическа
                                       я оптика}
You may provide a definition with
\DeclareUnicodeCharacter 


! Package inputenc Error: Unicode character я (U+044F)
(inputenc)                not set up for use with LaTeX.

See the inputenc package documentation for explanation.
Type  H <return>  for immediate help.
 ...                                              
                                                  
l.4 \section{Геометрическая
                                          оптика}
You may provide a definition with
\DeclareUnicodeCharacter 


! Package inputenc Error: Unicode character о (U+043E)
(inputenc)                not set up for use with LaTeX.

See the inputenc package documentation for explanation.
Type  H <return>  for immediate help.
 ...                                              
                                                  
l.4 \section{Геометрическая о
                                            птика}
You may provide a definition with
\DeclareUnicodeCharacter 


! Package inputenc Error: Unicode character п (U+043F)
(inputenc)                not set up for use with LaTeX.

See the inputenc package documentation for explanation.
Type  H <return>  for immediate help.
 ...                                              
                                                  
l.4 \section{Геометрическая оп
                                              тика}
You may provide a definition with
\DeclareUnicodeCharacter 


! Package inputenc Error: Unicode character т (U+0442)
(inputenc)                not set up for use with LaTeX.

See the inputenc package documentation for explanation.
Type  H <return>  for immediate help.
 ...                                              
                                                  
l.4 \section{Геометрическая опт
                                                ика}
You may provide a definition with
\DeclareUnicodeCharacter 


! Package inputenc Error: Unicode character и (U+0438)
(inputenc)                not set up for use with LaTeX.

See the inputenc package documentation for explanation.
Type  H <return>  for immediate help.
 ...                                              
                                                  
l.4 \section{Геометрическая опти
                                                  ка}
You may provide a definition with
\DeclareUnicodeCharacter 


! Package inputenc Error: Unicode character к (U+043A)
(inputenc)                not set up for use with LaTeX.

See the inputenc package documentation for explanation.
Type  H <return>  for immediate help.
 ...                                              
                                                  
l.4 ...ion{Геометрическая оптик
                                                  а}
You may provide a definition with
\DeclareUnicodeCharacter 


! Package inputenc Error: Unicode character а (U+0430)
(inputenc)                not set up for use with LaTeX.

See the inputenc package documentation for explanation.
Type  H <return>  for immediate help.
 ...                                              
                                                  
l.4 ...n{Геометрическая оптика
                                                  }
You may provide a definition with
\DeclareUnicodeCharacter 


! LaTeX Error: File `parts/1_15.tex' not found.

Type X to quit or <RETURN> to proceed,
or enter new name. (Default extension: tex)

Enter file name: 
! Emergency stop.
<read *> 
         
l.5 \input{parts/1_15}
                      ^^M
*** (cannot \read from terminal in nonstop modes)

 
Here is how much of TeX's memory you used:
 32 strings out of 479383
 474 string characters out of 5875830
 267160 words of memory out of 5000000
 17243 multiletter control sequences out of 15000+600000
 403430 words of font info for 27 fonts, out of 8000000 for 9000
 1141 hyphenation exceptions out of 8191
 23i,0n,28p,70b,29s stack positions out of 5000i,500n,10000p,200000b,80000s
!  ==> Fatal error occurred, no output PDF file produced!
